[2024-12-18T09:53:49.912+0000] {processor.py:186} INFO - Started process (PID=114) to work on /home/airflow/.local/lib/python3.12/site-packages/airflow/example_dags/example_xcomargs.py
[2024-12-18T09:53:49.913+0000] {processor.py:914} INFO - Processing file /home/airflow/.local/lib/python3.12/site-packages/airflow/example_dags/example_xcomargs.py for tasks to queue
[2024-12-18T09:53:49.915+0000] {logging_mixin.py:190} INFO - [2024-12-18T09:53:49.914+0000] {dagbag.py:588} INFO - Filling up the DagBag from /home/airflow/.local/lib/python3.12/site-packages/airflow/example_dags/example_xcomargs.py
[2024-12-18T09:53:49.924+0000] {processor.py:925} INFO - DAG(s) 'example_xcom_args', 'example_xcom_args_with_operators' retrieved from /home/airflow/.local/lib/python3.12/site-packages/airflow/example_dags/example_xcomargs.py
[2024-12-18T09:53:49.946+0000] {logging_mixin.py:190} INFO - [2024-12-18T09:53:49.945+0000] {dag.py:3239} INFO - Sync 2 DAGs
[2024-12-18T09:53:49.958+0000] {logging_mixin.py:190} INFO - [2024-12-18T09:53:49.958+0000] {dag.py:4180} INFO - Setting next_dagrun for example_xcom_args to None, run_after=None
[2024-12-18T09:53:49.962+0000] {logging_mixin.py:190} INFO - [2024-12-18T09:53:49.962+0000] {dag.py:4180} INFO - Setting next_dagrun for example_xcom_args_with_operators to None, run_after=None
[2024-12-18T09:53:49.975+0000] {processor.py:208} INFO - Processing /home/airflow/.local/lib/python3.12/site-packages/airflow/example_dags/example_xcomargs.py took 0.068 seconds
[2024-12-18T09:54:20.566+0000] {processor.py:186} INFO - Started process (PID=177) to work on /home/airflow/.local/lib/python3.12/site-packages/airflow/example_dags/example_xcomargs.py
[2024-12-18T09:54:20.567+0000] {processor.py:914} INFO - Processing file /home/airflow/.local/lib/python3.12/site-packages/airflow/example_dags/example_xcomargs.py for tasks to queue
[2024-12-18T09:54:20.569+0000] {logging_mixin.py:190} INFO - [2024-12-18T09:54:20.568+0000] {dagbag.py:588} INFO - Filling up the DagBag from /home/airflow/.local/lib/python3.12/site-packages/airflow/example_dags/example_xcomargs.py
[2024-12-18T09:54:20.578+0000] {processor.py:925} INFO - DAG(s) 'example_xcom_args', 'example_xcom_args_with_operators' retrieved from /home/airflow/.local/lib/python3.12/site-packages/airflow/example_dags/example_xcomargs.py
[2024-12-18T09:54:20.599+0000] {logging_mixin.py:190} INFO - [2024-12-18T09:54:20.599+0000] {dag.py:3239} INFO - Sync 2 DAGs
[2024-12-18T09:54:20.614+0000] {logging_mixin.py:190} INFO - [2024-12-18T09:54:20.613+0000] {dag.py:4180} INFO - Setting next_dagrun for example_xcom_args to None, run_after=None
[2024-12-18T09:54:20.617+0000] {logging_mixin.py:190} INFO - [2024-12-18T09:54:20.616+0000] {dag.py:4180} INFO - Setting next_dagrun for example_xcom_args_with_operators to None, run_after=None
[2024-12-18T09:54:20.630+0000] {processor.py:208} INFO - Processing /home/airflow/.local/lib/python3.12/site-packages/airflow/example_dags/example_xcomargs.py took 0.069 seconds
[2024-12-18T09:54:51.404+0000] {processor.py:186} INFO - Started process (PID=241) to work on /home/airflow/.local/lib/python3.12/site-packages/airflow/example_dags/example_xcomargs.py
[2024-12-18T09:54:51.405+0000] {processor.py:914} INFO - Processing file /home/airflow/.local/lib/python3.12/site-packages/airflow/example_dags/example_xcomargs.py for tasks to queue
[2024-12-18T09:54:51.407+0000] {logging_mixin.py:190} INFO - [2024-12-18T09:54:51.406+0000] {dagbag.py:588} INFO - Filling up the DagBag from /home/airflow/.local/lib/python3.12/site-packages/airflow/example_dags/example_xcomargs.py
[2024-12-18T09:54:51.416+0000] {processor.py:925} INFO - DAG(s) 'example_xcom_args', 'example_xcom_args_with_operators' retrieved from /home/airflow/.local/lib/python3.12/site-packages/airflow/example_dags/example_xcomargs.py
[2024-12-18T09:54:51.444+0000] {logging_mixin.py:190} INFO - [2024-12-18T09:54:51.444+0000] {dag.py:3239} INFO - Sync 2 DAGs
[2024-12-18T09:54:51.461+0000] {logging_mixin.py:190} INFO - [2024-12-18T09:54:51.460+0000] {dag.py:4180} INFO - Setting next_dagrun for example_xcom_args to None, run_after=None
[2024-12-18T09:54:51.464+0000] {logging_mixin.py:190} INFO - [2024-12-18T09:54:51.464+0000] {dag.py:4180} INFO - Setting next_dagrun for example_xcom_args_with_operators to None, run_after=None
[2024-12-18T09:54:51.479+0000] {processor.py:208} INFO - Processing /home/airflow/.local/lib/python3.12/site-packages/airflow/example_dags/example_xcomargs.py took 0.081 seconds
[2024-12-18T09:55:22.868+0000] {processor.py:186} INFO - Started process (PID=310) to work on /home/airflow/.local/lib/python3.12/site-packages/airflow/example_dags/example_xcomargs.py
[2024-12-18T09:55:22.869+0000] {processor.py:914} INFO - Processing file /home/airflow/.local/lib/python3.12/site-packages/airflow/example_dags/example_xcomargs.py for tasks to queue
[2024-12-18T09:55:22.871+0000] {logging_mixin.py:190} INFO - [2024-12-18T09:55:22.871+0000] {dagbag.py:588} INFO - Filling up the DagBag from /home/airflow/.local/lib/python3.12/site-packages/airflow/example_dags/example_xcomargs.py
[2024-12-18T09:55:22.883+0000] {processor.py:925} INFO - DAG(s) 'example_xcom_args_with_operators', 'example_xcom_args' retrieved from /home/airflow/.local/lib/python3.12/site-packages/airflow/example_dags/example_xcomargs.py
[2024-12-18T09:55:22.909+0000] {logging_mixin.py:190} INFO - [2024-12-18T09:55:22.909+0000] {dag.py:3239} INFO - Sync 2 DAGs
[2024-12-18T09:55:22.929+0000] {logging_mixin.py:190} INFO - [2024-12-18T09:55:22.928+0000] {dag.py:4180} INFO - Setting next_dagrun for example_xcom_args to None, run_after=None
[2024-12-18T09:55:22.934+0000] {logging_mixin.py:190} INFO - [2024-12-18T09:55:22.934+0000] {dag.py:4180} INFO - Setting next_dagrun for example_xcom_args_with_operators to None, run_after=None
[2024-12-18T09:55:22.955+0000] {processor.py:208} INFO - Processing /home/airflow/.local/lib/python3.12/site-packages/airflow/example_dags/example_xcomargs.py took 0.094 seconds
[2024-12-18T09:55:54.165+0000] {processor.py:186} INFO - Started process (PID=372) to work on /home/airflow/.local/lib/python3.12/site-packages/airflow/example_dags/example_xcomargs.py
[2024-12-18T09:55:54.166+0000] {processor.py:914} INFO - Processing file /home/airflow/.local/lib/python3.12/site-packages/airflow/example_dags/example_xcomargs.py for tasks to queue
[2024-12-18T09:55:54.168+0000] {logging_mixin.py:190} INFO - [2024-12-18T09:55:54.168+0000] {dagbag.py:588} INFO - Filling up the DagBag from /home/airflow/.local/lib/python3.12/site-packages/airflow/example_dags/example_xcomargs.py
[2024-12-18T09:55:54.179+0000] {processor.py:925} INFO - DAG(s) 'example_xcom_args_with_operators', 'example_xcom_args' retrieved from /home/airflow/.local/lib/python3.12/site-packages/airflow/example_dags/example_xcomargs.py
[2024-12-18T09:55:54.208+0000] {logging_mixin.py:190} INFO - [2024-12-18T09:55:54.208+0000] {dag.py:3239} INFO - Sync 2 DAGs
[2024-12-18T09:55:54.230+0000] {logging_mixin.py:190} INFO - [2024-12-18T09:55:54.229+0000] {dag.py:4180} INFO - Setting next_dagrun for example_xcom_args to None, run_after=None
[2024-12-18T09:55:54.237+0000] {logging_mixin.py:190} INFO - [2024-12-18T09:55:54.236+0000] {dag.py:4180} INFO - Setting next_dagrun for example_xcom_args_with_operators to None, run_after=None
[2024-12-18T09:55:54.274+0000] {processor.py:208} INFO - Processing /home/airflow/.local/lib/python3.12/site-packages/airflow/example_dags/example_xcomargs.py took 0.114 seconds
[2024-12-18T09:56:25.162+0000] {processor.py:186} INFO - Started process (PID=436) to work on /home/airflow/.local/lib/python3.12/site-packages/airflow/example_dags/example_xcomargs.py
[2024-12-18T09:56:25.163+0000] {processor.py:914} INFO - Processing file /home/airflow/.local/lib/python3.12/site-packages/airflow/example_dags/example_xcomargs.py for tasks to queue
[2024-12-18T09:56:25.165+0000] {logging_mixin.py:190} INFO - [2024-12-18T09:56:25.165+0000] {dagbag.py:588} INFO - Filling up the DagBag from /home/airflow/.local/lib/python3.12/site-packages/airflow/example_dags/example_xcomargs.py
[2024-12-18T09:56:25.176+0000] {processor.py:925} INFO - DAG(s) 'example_xcom_args', 'example_xcom_args_with_operators' retrieved from /home/airflow/.local/lib/python3.12/site-packages/airflow/example_dags/example_xcomargs.py
[2024-12-18T09:56:25.200+0000] {logging_mixin.py:190} INFO - [2024-12-18T09:56:25.199+0000] {dag.py:3239} INFO - Sync 2 DAGs
[2024-12-18T09:56:25.215+0000] {logging_mixin.py:190} INFO - [2024-12-18T09:56:25.215+0000] {dag.py:4180} INFO - Setting next_dagrun for example_xcom_args to None, run_after=None
[2024-12-18T09:56:25.219+0000] {logging_mixin.py:190} INFO - [2024-12-18T09:56:25.219+0000] {dag.py:4180} INFO - Setting next_dagrun for example_xcom_args_with_operators to None, run_after=None
[2024-12-18T09:56:25.236+0000] {processor.py:208} INFO - Processing /home/airflow/.local/lib/python3.12/site-packages/airflow/example_dags/example_xcomargs.py took 0.080 seconds
[2024-12-18T09:56:56.135+0000] {processor.py:186} INFO - Started process (PID=514) to work on /home/airflow/.local/lib/python3.12/site-packages/airflow/example_dags/example_xcomargs.py
[2024-12-18T09:56:56.136+0000] {processor.py:914} INFO - Processing file /home/airflow/.local/lib/python3.12/site-packages/airflow/example_dags/example_xcomargs.py for tasks to queue
[2024-12-18T09:56:56.139+0000] {logging_mixin.py:190} INFO - [2024-12-18T09:56:56.138+0000] {dagbag.py:588} INFO - Filling up the DagBag from /home/airflow/.local/lib/python3.12/site-packages/airflow/example_dags/example_xcomargs.py
[2024-12-18T09:56:56.153+0000] {processor.py:925} INFO - DAG(s) 'example_xcom_args_with_operators', 'example_xcom_args' retrieved from /home/airflow/.local/lib/python3.12/site-packages/airflow/example_dags/example_xcomargs.py
[2024-12-18T09:56:56.184+0000] {logging_mixin.py:190} INFO - [2024-12-18T09:56:56.184+0000] {dag.py:3239} INFO - Sync 2 DAGs
[2024-12-18T09:56:56.206+0000] {logging_mixin.py:190} INFO - [2024-12-18T09:56:56.205+0000] {dag.py:4180} INFO - Setting next_dagrun for example_xcom_args to None, run_after=None
[2024-12-18T09:56:56.211+0000] {logging_mixin.py:190} INFO - [2024-12-18T09:56:56.211+0000] {dag.py:4180} INFO - Setting next_dagrun for example_xcom_args_with_operators to None, run_after=None
[2024-12-18T09:56:56.227+0000] {processor.py:208} INFO - Processing /home/airflow/.local/lib/python3.12/site-packages/airflow/example_dags/example_xcomargs.py took 0.099 seconds
[2024-12-18T09:57:27.662+0000] {processor.py:186} INFO - Started process (PID=578) to work on /home/airflow/.local/lib/python3.12/site-packages/airflow/example_dags/example_xcomargs.py
[2024-12-18T09:57:27.663+0000] {processor.py:914} INFO - Processing file /home/airflow/.local/lib/python3.12/site-packages/airflow/example_dags/example_xcomargs.py for tasks to queue
[2024-12-18T09:57:27.665+0000] {logging_mixin.py:190} INFO - [2024-12-18T09:57:27.665+0000] {dagbag.py:588} INFO - Filling up the DagBag from /home/airflow/.local/lib/python3.12/site-packages/airflow/example_dags/example_xcomargs.py
[2024-12-18T09:57:27.675+0000] {processor.py:925} INFO - DAG(s) 'example_xcom_args', 'example_xcom_args_with_operators' retrieved from /home/airflow/.local/lib/python3.12/site-packages/airflow/example_dags/example_xcomargs.py
[2024-12-18T09:57:27.703+0000] {logging_mixin.py:190} INFO - [2024-12-18T09:57:27.702+0000] {dag.py:3239} INFO - Sync 2 DAGs
[2024-12-18T09:57:27.723+0000] {logging_mixin.py:190} INFO - [2024-12-18T09:57:27.723+0000] {dag.py:4180} INFO - Setting next_dagrun for example_xcom_args to None, run_after=None
[2024-12-18T09:57:27.728+0000] {logging_mixin.py:190} INFO - [2024-12-18T09:57:27.727+0000] {dag.py:4180} INFO - Setting next_dagrun for example_xcom_args_with_operators to None, run_after=None
[2024-12-18T09:57:27.744+0000] {processor.py:208} INFO - Processing /home/airflow/.local/lib/python3.12/site-packages/airflow/example_dags/example_xcomargs.py took 0.088 seconds
[2024-12-18T09:57:59.263+0000] {processor.py:186} INFO - Started process (PID=642) to work on /home/airflow/.local/lib/python3.12/site-packages/airflow/example_dags/example_xcomargs.py
[2024-12-18T09:57:59.264+0000] {processor.py:914} INFO - Processing file /home/airflow/.local/lib/python3.12/site-packages/airflow/example_dags/example_xcomargs.py for tasks to queue
[2024-12-18T09:57:59.266+0000] {logging_mixin.py:190} INFO - [2024-12-18T09:57:59.266+0000] {dagbag.py:588} INFO - Filling up the DagBag from /home/airflow/.local/lib/python3.12/site-packages/airflow/example_dags/example_xcomargs.py
[2024-12-18T09:57:59.278+0000] {processor.py:925} INFO - DAG(s) 'example_xcom_args', 'example_xcom_args_with_operators' retrieved from /home/airflow/.local/lib/python3.12/site-packages/airflow/example_dags/example_xcomargs.py
[2024-12-18T09:57:59.303+0000] {logging_mixin.py:190} INFO - [2024-12-18T09:57:59.303+0000] {dag.py:3239} INFO - Sync 2 DAGs
[2024-12-18T09:57:59.318+0000] {logging_mixin.py:190} INFO - [2024-12-18T09:57:59.317+0000] {dag.py:4180} INFO - Setting next_dagrun for example_xcom_args to None, run_after=None
[2024-12-18T09:57:59.321+0000] {logging_mixin.py:190} INFO - [2024-12-18T09:57:59.321+0000] {dag.py:4180} INFO - Setting next_dagrun for example_xcom_args_with_operators to None, run_after=None
[2024-12-18T09:57:59.336+0000] {processor.py:208} INFO - Processing /home/airflow/.local/lib/python3.12/site-packages/airflow/example_dags/example_xcomargs.py took 0.081 seconds
[2024-12-18T09:58:30.465+0000] {processor.py:186} INFO - Started process (PID=706) to work on /home/airflow/.local/lib/python3.12/site-packages/airflow/example_dags/example_xcomargs.py
[2024-12-18T09:58:30.466+0000] {processor.py:914} INFO - Processing file /home/airflow/.local/lib/python3.12/site-packages/airflow/example_dags/example_xcomargs.py for tasks to queue
[2024-12-18T09:58:30.468+0000] {logging_mixin.py:190} INFO - [2024-12-18T09:58:30.468+0000] {dagbag.py:588} INFO - Filling up the DagBag from /home/airflow/.local/lib/python3.12/site-packages/airflow/example_dags/example_xcomargs.py
[2024-12-18T09:58:30.478+0000] {processor.py:925} INFO - DAG(s) 'example_xcom_args_with_operators', 'example_xcom_args' retrieved from /home/airflow/.local/lib/python3.12/site-packages/airflow/example_dags/example_xcomargs.py
[2024-12-18T09:58:30.500+0000] {logging_mixin.py:190} INFO - [2024-12-18T09:58:30.500+0000] {dag.py:3239} INFO - Sync 2 DAGs
[2024-12-18T09:58:30.515+0000] {logging_mixin.py:190} INFO - [2024-12-18T09:58:30.515+0000] {dag.py:4180} INFO - Setting next_dagrun for example_xcom_args to None, run_after=None
[2024-12-18T09:58:30.518+0000] {logging_mixin.py:190} INFO - [2024-12-18T09:58:30.518+0000] {dag.py:4180} INFO - Setting next_dagrun for example_xcom_args_with_operators to None, run_after=None
[2024-12-18T09:58:30.532+0000] {processor.py:208} INFO - Processing /home/airflow/.local/lib/python3.12/site-packages/airflow/example_dags/example_xcomargs.py took 0.073 seconds
[2024-12-18T09:59:01.265+0000] {processor.py:186} INFO - Started process (PID=770) to work on /home/airflow/.local/lib/python3.12/site-packages/airflow/example_dags/example_xcomargs.py
[2024-12-18T09:59:01.266+0000] {processor.py:914} INFO - Processing file /home/airflow/.local/lib/python3.12/site-packages/airflow/example_dags/example_xcomargs.py for tasks to queue
[2024-12-18T09:59:01.268+0000] {logging_mixin.py:190} INFO - [2024-12-18T09:59:01.268+0000] {dagbag.py:588} INFO - Filling up the DagBag from /home/airflow/.local/lib/python3.12/site-packages/airflow/example_dags/example_xcomargs.py
[2024-12-18T09:59:01.278+0000] {processor.py:925} INFO - DAG(s) 'example_xcom_args_with_operators', 'example_xcom_args' retrieved from /home/airflow/.local/lib/python3.12/site-packages/airflow/example_dags/example_xcomargs.py
[2024-12-18T09:59:01.301+0000] {logging_mixin.py:190} INFO - [2024-12-18T09:59:01.301+0000] {dag.py:3239} INFO - Sync 2 DAGs
[2024-12-18T09:59:01.316+0000] {logging_mixin.py:190} INFO - [2024-12-18T09:59:01.316+0000] {dag.py:4180} INFO - Setting next_dagrun for example_xcom_args to None, run_after=None
[2024-12-18T09:59:01.319+0000] {logging_mixin.py:190} INFO - [2024-12-18T09:59:01.319+0000] {dag.py:4180} INFO - Setting next_dagrun for example_xcom_args_with_operators to None, run_after=None
[2024-12-18T09:59:01.332+0000] {processor.py:208} INFO - Processing /home/airflow/.local/lib/python3.12/site-packages/airflow/example_dags/example_xcomargs.py took 0.075 seconds
[2024-12-18T09:59:32.393+0000] {processor.py:186} INFO - Started process (PID=834) to work on /home/airflow/.local/lib/python3.12/site-packages/airflow/example_dags/example_xcomargs.py
[2024-12-18T09:59:32.393+0000] {processor.py:914} INFO - Processing file /home/airflow/.local/lib/python3.12/site-packages/airflow/example_dags/example_xcomargs.py for tasks to queue
[2024-12-18T09:59:32.395+0000] {logging_mixin.py:190} INFO - [2024-12-18T09:59:32.395+0000] {dagbag.py:588} INFO - Filling up the DagBag from /home/airflow/.local/lib/python3.12/site-packages/airflow/example_dags/example_xcomargs.py
[2024-12-18T09:59:32.405+0000] {processor.py:925} INFO - DAG(s) 'example_xcom_args_with_operators', 'example_xcom_args' retrieved from /home/airflow/.local/lib/python3.12/site-packages/airflow/example_dags/example_xcomargs.py
[2024-12-18T09:59:32.427+0000] {logging_mixin.py:190} INFO - [2024-12-18T09:59:32.426+0000] {dag.py:3239} INFO - Sync 2 DAGs
[2024-12-18T09:59:32.441+0000] {logging_mixin.py:190} INFO - [2024-12-18T09:59:32.441+0000] {dag.py:4180} INFO - Setting next_dagrun for example_xcom_args to None, run_after=None
[2024-12-18T09:59:32.444+0000] {logging_mixin.py:190} INFO - [2024-12-18T09:59:32.444+0000] {dag.py:4180} INFO - Setting next_dagrun for example_xcom_args_with_operators to None, run_after=None
[2024-12-18T09:59:32.458+0000] {processor.py:208} INFO - Processing /home/airflow/.local/lib/python3.12/site-packages/airflow/example_dags/example_xcomargs.py took 0.071 seconds
[2024-12-18T10:00:04.290+0000] {processor.py:186} INFO - Started process (PID=898) to work on /home/airflow/.local/lib/python3.12/site-packages/airflow/example_dags/example_xcomargs.py
[2024-12-18T10:00:04.291+0000] {processor.py:914} INFO - Processing file /home/airflow/.local/lib/python3.12/site-packages/airflow/example_dags/example_xcomargs.py for tasks to queue
[2024-12-18T10:00:04.293+0000] {logging_mixin.py:190} INFO - [2024-12-18T10:00:04.293+0000] {dagbag.py:588} INFO - Filling up the DagBag from /home/airflow/.local/lib/python3.12/site-packages/airflow/example_dags/example_xcomargs.py
[2024-12-18T10:00:04.303+0000] {processor.py:925} INFO - DAG(s) 'example_xcom_args_with_operators', 'example_xcom_args' retrieved from /home/airflow/.local/lib/python3.12/site-packages/airflow/example_dags/example_xcomargs.py
[2024-12-18T10:00:04.326+0000] {logging_mixin.py:190} INFO - [2024-12-18T10:00:04.325+0000] {dag.py:3239} INFO - Sync 2 DAGs
[2024-12-18T10:00:04.342+0000] {logging_mixin.py:190} INFO - [2024-12-18T10:00:04.341+0000] {dag.py:4180} INFO - Setting next_dagrun for example_xcom_args to None, run_after=None
[2024-12-18T10:00:04.345+0000] {logging_mixin.py:190} INFO - [2024-12-18T10:00:04.345+0000] {dag.py:4180} INFO - Setting next_dagrun for example_xcom_args_with_operators to None, run_after=None
[2024-12-18T10:00:04.361+0000] {processor.py:208} INFO - Processing /home/airflow/.local/lib/python3.12/site-packages/airflow/example_dags/example_xcomargs.py took 0.076 seconds
[2024-12-18T10:00:35.930+0000] {processor.py:186} INFO - Started process (PID=962) to work on /home/airflow/.local/lib/python3.12/site-packages/airflow/example_dags/example_xcomargs.py
[2024-12-18T10:00:35.931+0000] {processor.py:914} INFO - Processing file /home/airflow/.local/lib/python3.12/site-packages/airflow/example_dags/example_xcomargs.py for tasks to queue
[2024-12-18T10:00:35.933+0000] {logging_mixin.py:190} INFO - [2024-12-18T10:00:35.933+0000] {dagbag.py:588} INFO - Filling up the DagBag from /home/airflow/.local/lib/python3.12/site-packages/airflow/example_dags/example_xcomargs.py
[2024-12-18T10:00:35.943+0000] {processor.py:925} INFO - DAG(s) 'example_xcom_args_with_operators', 'example_xcom_args' retrieved from /home/airflow/.local/lib/python3.12/site-packages/airflow/example_dags/example_xcomargs.py
[2024-12-18T10:00:35.964+0000] {logging_mixin.py:190} INFO - [2024-12-18T10:00:35.964+0000] {dag.py:3239} INFO - Sync 2 DAGs
[2024-12-18T10:00:35.977+0000] {logging_mixin.py:190} INFO - [2024-12-18T10:00:35.977+0000] {dag.py:4180} INFO - Setting next_dagrun for example_xcom_args to None, run_after=None
[2024-12-18T10:00:35.981+0000] {logging_mixin.py:190} INFO - [2024-12-18T10:00:35.980+0000] {dag.py:4180} INFO - Setting next_dagrun for example_xcom_args_with_operators to None, run_after=None
[2024-12-18T10:00:35.994+0000] {processor.py:208} INFO - Processing /home/airflow/.local/lib/python3.12/site-packages/airflow/example_dags/example_xcomargs.py took 0.069 seconds
[2024-12-18T10:05:25.099+0000] {processor.py:186} INFO - Started process (PID=117) to work on /home/airflow/.local/lib/python3.12/site-packages/airflow/example_dags/example_xcomargs.py
[2024-12-18T10:05:25.100+0000] {processor.py:914} INFO - Processing file /home/airflow/.local/lib/python3.12/site-packages/airflow/example_dags/example_xcomargs.py for tasks to queue
[2024-12-18T10:05:25.102+0000] {logging_mixin.py:190} INFO - [2024-12-18T10:05:25.102+0000] {dagbag.py:588} INFO - Filling up the DagBag from /home/airflow/.local/lib/python3.12/site-packages/airflow/example_dags/example_xcomargs.py
[2024-12-18T10:05:25.116+0000] {processor.py:925} INFO - DAG(s) 'example_xcom_args_with_operators', 'example_xcom_args' retrieved from /home/airflow/.local/lib/python3.12/site-packages/airflow/example_dags/example_xcomargs.py
[2024-12-18T10:05:25.143+0000] {logging_mixin.py:190} INFO - [2024-12-18T10:05:25.143+0000] {dag.py:3239} INFO - Sync 2 DAGs
[2024-12-18T10:05:25.159+0000] {logging_mixin.py:190} INFO - [2024-12-18T10:05:25.159+0000] {dag.py:4180} INFO - Setting next_dagrun for example_xcom_args to None, run_after=None
[2024-12-18T10:05:25.163+0000] {logging_mixin.py:190} INFO - [2024-12-18T10:05:25.163+0000] {dag.py:4180} INFO - Setting next_dagrun for example_xcom_args_with_operators to None, run_after=None
[2024-12-18T10:05:25.182+0000] {processor.py:208} INFO - Processing /home/airflow/.local/lib/python3.12/site-packages/airflow/example_dags/example_xcomargs.py took 0.089 seconds
[2024-12-18T10:05:58.509+0000] {processor.py:186} INFO - Started process (PID=183) to work on /home/airflow/.local/lib/python3.12/site-packages/airflow/example_dags/example_xcomargs.py
[2024-12-18T10:05:58.510+0000] {processor.py:914} INFO - Processing file /home/airflow/.local/lib/python3.12/site-packages/airflow/example_dags/example_xcomargs.py for tasks to queue
[2024-12-18T10:05:58.512+0000] {logging_mixin.py:190} INFO - [2024-12-18T10:05:58.512+0000] {dagbag.py:588} INFO - Filling up the DagBag from /home/airflow/.local/lib/python3.12/site-packages/airflow/example_dags/example_xcomargs.py
[2024-12-18T10:05:58.523+0000] {processor.py:925} INFO - DAG(s) 'example_xcom_args_with_operators', 'example_xcom_args' retrieved from /home/airflow/.local/lib/python3.12/site-packages/airflow/example_dags/example_xcomargs.py
[2024-12-18T10:05:58.548+0000] {logging_mixin.py:190} INFO - [2024-12-18T10:05:58.547+0000] {dag.py:3239} INFO - Sync 2 DAGs
[2024-12-18T10:05:58.564+0000] {logging_mixin.py:190} INFO - [2024-12-18T10:05:58.564+0000] {dag.py:4180} INFO - Setting next_dagrun for example_xcom_args to None, run_after=None
[2024-12-18T10:05:58.568+0000] {logging_mixin.py:190} INFO - [2024-12-18T10:05:58.568+0000] {dag.py:4180} INFO - Setting next_dagrun for example_xcom_args_with_operators to None, run_after=None
[2024-12-18T10:05:58.585+0000] {processor.py:208} INFO - Processing /home/airflow/.local/lib/python3.12/site-packages/airflow/example_dags/example_xcomargs.py took 0.082 seconds
[2024-12-18T10:06:29.318+0000] {processor.py:186} INFO - Started process (PID=246) to work on /home/airflow/.local/lib/python3.12/site-packages/airflow/example_dags/example_xcomargs.py
[2024-12-18T10:06:29.319+0000] {processor.py:914} INFO - Processing file /home/airflow/.local/lib/python3.12/site-packages/airflow/example_dags/example_xcomargs.py for tasks to queue
[2024-12-18T10:06:29.320+0000] {logging_mixin.py:190} INFO - [2024-12-18T10:06:29.320+0000] {dagbag.py:588} INFO - Filling up the DagBag from /home/airflow/.local/lib/python3.12/site-packages/airflow/example_dags/example_xcomargs.py
[2024-12-18T10:06:29.329+0000] {processor.py:925} INFO - DAG(s) 'example_xcom_args', 'example_xcom_args_with_operators' retrieved from /home/airflow/.local/lib/python3.12/site-packages/airflow/example_dags/example_xcomargs.py
[2024-12-18T10:06:29.350+0000] {logging_mixin.py:190} INFO - [2024-12-18T10:06:29.350+0000] {dag.py:3239} INFO - Sync 2 DAGs
[2024-12-18T10:06:29.364+0000] {logging_mixin.py:190} INFO - [2024-12-18T10:06:29.363+0000] {dag.py:4180} INFO - Setting next_dagrun for example_xcom_args to None, run_after=None
[2024-12-18T10:06:29.367+0000] {logging_mixin.py:190} INFO - [2024-12-18T10:06:29.367+0000] {dag.py:4180} INFO - Setting next_dagrun for example_xcom_args_with_operators to None, run_after=None
[2024-12-18T10:06:29.378+0000] {processor.py:208} INFO - Processing /home/airflow/.local/lib/python3.12/site-packages/airflow/example_dags/example_xcomargs.py took 0.065 seconds
[2024-12-18T10:07:00.936+0000] {processor.py:186} INFO - Started process (PID=312) to work on /home/airflow/.local/lib/python3.12/site-packages/airflow/example_dags/example_xcomargs.py
[2024-12-18T10:07:00.937+0000] {processor.py:914} INFO - Processing file /home/airflow/.local/lib/python3.12/site-packages/airflow/example_dags/example_xcomargs.py for tasks to queue
[2024-12-18T10:07:00.938+0000] {logging_mixin.py:190} INFO - [2024-12-18T10:07:00.938+0000] {dagbag.py:588} INFO - Filling up the DagBag from /home/airflow/.local/lib/python3.12/site-packages/airflow/example_dags/example_xcomargs.py
[2024-12-18T10:07:00.947+0000] {processor.py:925} INFO - DAG(s) 'example_xcom_args', 'example_xcom_args_with_operators' retrieved from /home/airflow/.local/lib/python3.12/site-packages/airflow/example_dags/example_xcomargs.py
[2024-12-18T10:07:00.967+0000] {logging_mixin.py:190} INFO - [2024-12-18T10:07:00.967+0000] {dag.py:3239} INFO - Sync 2 DAGs
[2024-12-18T10:07:00.981+0000] {logging_mixin.py:190} INFO - [2024-12-18T10:07:00.981+0000] {dag.py:4180} INFO - Setting next_dagrun for example_xcom_args to None, run_after=None
[2024-12-18T10:07:00.985+0000] {logging_mixin.py:190} INFO - [2024-12-18T10:07:00.984+0000] {dag.py:4180} INFO - Setting next_dagrun for example_xcom_args_with_operators to None, run_after=None
[2024-12-18T10:07:00.998+0000] {processor.py:208} INFO - Processing /home/airflow/.local/lib/python3.12/site-packages/airflow/example_dags/example_xcomargs.py took 0.068 seconds
[2024-12-18T10:07:31.735+0000] {processor.py:186} INFO - Started process (PID=375) to work on /home/airflow/.local/lib/python3.12/site-packages/airflow/example_dags/example_xcomargs.py
[2024-12-18T10:07:31.736+0000] {processor.py:914} INFO - Processing file /home/airflow/.local/lib/python3.12/site-packages/airflow/example_dags/example_xcomargs.py for tasks to queue
[2024-12-18T10:07:31.736+0000] {logging_mixin.py:190} INFO - [2024-12-18T10:07:31.736+0000] {dagbag.py:588} INFO - Filling up the DagBag from /home/airflow/.local/lib/python3.12/site-packages/airflow/example_dags/example_xcomargs.py
[2024-12-18T10:07:31.746+0000] {processor.py:925} INFO - DAG(s) 'example_xcom_args', 'example_xcom_args_with_operators' retrieved from /home/airflow/.local/lib/python3.12/site-packages/airflow/example_dags/example_xcomargs.py
[2024-12-18T10:07:31.776+0000] {logging_mixin.py:190} INFO - [2024-12-18T10:07:31.776+0000] {dag.py:3239} INFO - Sync 2 DAGs
[2024-12-18T10:07:31.790+0000] {logging_mixin.py:190} INFO - [2024-12-18T10:07:31.790+0000] {dag.py:4180} INFO - Setting next_dagrun for example_xcom_args to None, run_after=None
[2024-12-18T10:07:31.793+0000] {logging_mixin.py:190} INFO - [2024-12-18T10:07:31.793+0000] {dag.py:4180} INFO - Setting next_dagrun for example_xcom_args_with_operators to None, run_after=None
[2024-12-18T10:07:31.807+0000] {processor.py:208} INFO - Processing /home/airflow/.local/lib/python3.12/site-packages/airflow/example_dags/example_xcomargs.py took 0.077 seconds
[2024-12-18T10:08:02.109+0000] {processor.py:186} INFO - Started process (PID=440) to work on /home/airflow/.local/lib/python3.12/site-packages/airflow/example_dags/example_xcomargs.py
[2024-12-18T10:08:02.110+0000] {processor.py:914} INFO - Processing file /home/airflow/.local/lib/python3.12/site-packages/airflow/example_dags/example_xcomargs.py for tasks to queue
[2024-12-18T10:08:02.111+0000] {logging_mixin.py:190} INFO - [2024-12-18T10:08:02.111+0000] {dagbag.py:588} INFO - Filling up the DagBag from /home/airflow/.local/lib/python3.12/site-packages/airflow/example_dags/example_xcomargs.py
[2024-12-18T10:08:02.120+0000] {processor.py:925} INFO - DAG(s) 'example_xcom_args', 'example_xcom_args_with_operators' retrieved from /home/airflow/.local/lib/python3.12/site-packages/airflow/example_dags/example_xcomargs.py
[2024-12-18T10:08:02.140+0000] {logging_mixin.py:190} INFO - [2024-12-18T10:08:02.140+0000] {dag.py:3239} INFO - Sync 2 DAGs
[2024-12-18T10:08:02.152+0000] {logging_mixin.py:190} INFO - [2024-12-18T10:08:02.152+0000] {dag.py:4180} INFO - Setting next_dagrun for example_xcom_args to None, run_after=None
[2024-12-18T10:08:02.155+0000] {logging_mixin.py:190} INFO - [2024-12-18T10:08:02.155+0000] {dag.py:4180} INFO - Setting next_dagrun for example_xcom_args_with_operators to None, run_after=None
[2024-12-18T10:08:02.168+0000] {processor.py:208} INFO - Processing /home/airflow/.local/lib/python3.12/site-packages/airflow/example_dags/example_xcomargs.py took 0.064 seconds
[2024-12-18T10:08:33.140+0000] {processor.py:186} INFO - Started process (PID=504) to work on /home/airflow/.local/lib/python3.12/site-packages/airflow/example_dags/example_xcomargs.py
[2024-12-18T10:08:33.141+0000] {processor.py:914} INFO - Processing file /home/airflow/.local/lib/python3.12/site-packages/airflow/example_dags/example_xcomargs.py for tasks to queue
[2024-12-18T10:08:33.141+0000] {logging_mixin.py:190} INFO - [2024-12-18T10:08:33.141+0000] {dagbag.py:588} INFO - Filling up the DagBag from /home/airflow/.local/lib/python3.12/site-packages/airflow/example_dags/example_xcomargs.py
[2024-12-18T10:08:33.151+0000] {processor.py:925} INFO - DAG(s) 'example_xcom_args', 'example_xcom_args_with_operators' retrieved from /home/airflow/.local/lib/python3.12/site-packages/airflow/example_dags/example_xcomargs.py
[2024-12-18T10:08:33.171+0000] {logging_mixin.py:190} INFO - [2024-12-18T10:08:33.171+0000] {dag.py:3239} INFO - Sync 2 DAGs
[2024-12-18T10:08:33.184+0000] {logging_mixin.py:190} INFO - [2024-12-18T10:08:33.184+0000] {dag.py:4180} INFO - Setting next_dagrun for example_xcom_args to None, run_after=None
[2024-12-18T10:08:33.187+0000] {logging_mixin.py:190} INFO - [2024-12-18T10:08:33.187+0000] {dag.py:4180} INFO - Setting next_dagrun for example_xcom_args_with_operators to None, run_after=None
[2024-12-18T10:08:33.200+0000] {processor.py:208} INFO - Processing /home/airflow/.local/lib/python3.12/site-packages/airflow/example_dags/example_xcomargs.py took 0.066 seconds
[2024-12-18T10:09:04.881+0000] {processor.py:186} INFO - Started process (PID=569) to work on /home/airflow/.local/lib/python3.12/site-packages/airflow/example_dags/example_xcomargs.py
[2024-12-18T10:09:04.882+0000] {processor.py:914} INFO - Processing file /home/airflow/.local/lib/python3.12/site-packages/airflow/example_dags/example_xcomargs.py for tasks to queue
[2024-12-18T10:09:04.883+0000] {logging_mixin.py:190} INFO - [2024-12-18T10:09:04.882+0000] {dagbag.py:588} INFO - Filling up the DagBag from /home/airflow/.local/lib/python3.12/site-packages/airflow/example_dags/example_xcomargs.py
[2024-12-18T10:09:04.893+0000] {processor.py:925} INFO - DAG(s) 'example_xcom_args', 'example_xcom_args_with_operators' retrieved from /home/airflow/.local/lib/python3.12/site-packages/airflow/example_dags/example_xcomargs.py
[2024-12-18T10:09:04.920+0000] {logging_mixin.py:190} INFO - [2024-12-18T10:09:04.920+0000] {dag.py:3239} INFO - Sync 2 DAGs
[2024-12-18T10:09:04.940+0000] {logging_mixin.py:190} INFO - [2024-12-18T10:09:04.940+0000] {dag.py:4180} INFO - Setting next_dagrun for example_xcom_args to None, run_after=None
[2024-12-18T10:09:04.945+0000] {logging_mixin.py:190} INFO - [2024-12-18T10:09:04.945+0000] {dag.py:4180} INFO - Setting next_dagrun for example_xcom_args_with_operators to None, run_after=None
[2024-12-18T10:09:04.961+0000] {processor.py:208} INFO - Processing /home/airflow/.local/lib/python3.12/site-packages/airflow/example_dags/example_xcomargs.py took 0.086 seconds
[2024-12-18T10:09:35.071+0000] {processor.py:186} INFO - Started process (PID=631) to work on /home/airflow/.local/lib/python3.12/site-packages/airflow/example_dags/example_xcomargs.py
[2024-12-18T10:09:35.071+0000] {processor.py:914} INFO - Processing file /home/airflow/.local/lib/python3.12/site-packages/airflow/example_dags/example_xcomargs.py for tasks to queue
[2024-12-18T10:09:35.073+0000] {logging_mixin.py:190} INFO - [2024-12-18T10:09:35.073+0000] {dagbag.py:588} INFO - Filling up the DagBag from /home/airflow/.local/lib/python3.12/site-packages/airflow/example_dags/example_xcomargs.py
[2024-12-18T10:09:35.084+0000] {processor.py:925} INFO - DAG(s) 'example_xcom_args_with_operators', 'example_xcom_args' retrieved from /home/airflow/.local/lib/python3.12/site-packages/airflow/example_dags/example_xcomargs.py
[2024-12-18T10:09:35.106+0000] {logging_mixin.py:190} INFO - [2024-12-18T10:09:35.106+0000] {dag.py:3239} INFO - Sync 2 DAGs
[2024-12-18T10:09:35.122+0000] {logging_mixin.py:190} INFO - [2024-12-18T10:09:35.121+0000] {dag.py:4180} INFO - Setting next_dagrun for example_xcom_args to None, run_after=None
[2024-12-18T10:09:35.126+0000] {logging_mixin.py:190} INFO - [2024-12-18T10:09:35.126+0000] {dag.py:4180} INFO - Setting next_dagrun for example_xcom_args_with_operators to None, run_after=None
[2024-12-18T10:09:35.140+0000] {processor.py:208} INFO - Processing /home/airflow/.local/lib/python3.12/site-packages/airflow/example_dags/example_xcomargs.py took 0.076 seconds
[2024-12-18T10:10:06.951+0000] {processor.py:186} INFO - Started process (PID=697) to work on /home/airflow/.local/lib/python3.12/site-packages/airflow/example_dags/example_xcomargs.py
[2024-12-18T10:10:06.952+0000] {processor.py:914} INFO - Processing file /home/airflow/.local/lib/python3.12/site-packages/airflow/example_dags/example_xcomargs.py for tasks to queue
[2024-12-18T10:10:06.953+0000] {logging_mixin.py:190} INFO - [2024-12-18T10:10:06.952+0000] {dagbag.py:588} INFO - Filling up the DagBag from /home/airflow/.local/lib/python3.12/site-packages/airflow/example_dags/example_xcomargs.py
[2024-12-18T10:10:06.962+0000] {processor.py:925} INFO - DAG(s) 'example_xcom_args_with_operators', 'example_xcom_args' retrieved from /home/airflow/.local/lib/python3.12/site-packages/airflow/example_dags/example_xcomargs.py
[2024-12-18T10:10:06.982+0000] {logging_mixin.py:190} INFO - [2024-12-18T10:10:06.982+0000] {dag.py:3239} INFO - Sync 2 DAGs
[2024-12-18T10:10:06.995+0000] {logging_mixin.py:190} INFO - [2024-12-18T10:10:06.994+0000] {dag.py:4180} INFO - Setting next_dagrun for example_xcom_args to None, run_after=None
[2024-12-18T10:10:06.998+0000] {logging_mixin.py:190} INFO - [2024-12-18T10:10:06.998+0000] {dag.py:4180} INFO - Setting next_dagrun for example_xcom_args_with_operators to None, run_after=None
[2024-12-18T10:10:07.011+0000] {processor.py:208} INFO - Processing /home/airflow/.local/lib/python3.12/site-packages/airflow/example_dags/example_xcomargs.py took 0.066 seconds
[2024-12-18T10:10:37.183+0000] {processor.py:186} INFO - Started process (PID=760) to work on /home/airflow/.local/lib/python3.12/site-packages/airflow/example_dags/example_xcomargs.py
[2024-12-18T10:10:37.184+0000] {processor.py:914} INFO - Processing file /home/airflow/.local/lib/python3.12/site-packages/airflow/example_dags/example_xcomargs.py for tasks to queue
[2024-12-18T10:10:37.185+0000] {logging_mixin.py:190} INFO - [2024-12-18T10:10:37.185+0000] {dagbag.py:588} INFO - Filling up the DagBag from /home/airflow/.local/lib/python3.12/site-packages/airflow/example_dags/example_xcomargs.py
[2024-12-18T10:10:37.195+0000] {processor.py:925} INFO - DAG(s) 'example_xcom_args_with_operators', 'example_xcom_args' retrieved from /home/airflow/.local/lib/python3.12/site-packages/airflow/example_dags/example_xcomargs.py
[2024-12-18T10:10:37.216+0000] {logging_mixin.py:190} INFO - [2024-12-18T10:10:37.216+0000] {dag.py:3239} INFO - Sync 2 DAGs
[2024-12-18T10:10:37.231+0000] {logging_mixin.py:190} INFO - [2024-12-18T10:10:37.230+0000] {dag.py:4180} INFO - Setting next_dagrun for example_xcom_args to None, run_after=None
[2024-12-18T10:10:37.235+0000] {logging_mixin.py:190} INFO - [2024-12-18T10:10:37.235+0000] {dag.py:4180} INFO - Setting next_dagrun for example_xcom_args_with_operators to None, run_after=None
[2024-12-18T10:10:37.250+0000] {processor.py:208} INFO - Processing /home/airflow/.local/lib/python3.12/site-packages/airflow/example_dags/example_xcomargs.py took 0.073 seconds
[2024-12-18T10:11:09.819+0000] {processor.py:186} INFO - Started process (PID=826) to work on /home/airflow/.local/lib/python3.12/site-packages/airflow/example_dags/example_xcomargs.py
[2024-12-18T10:11:09.820+0000] {processor.py:914} INFO - Processing file /home/airflow/.local/lib/python3.12/site-packages/airflow/example_dags/example_xcomargs.py for tasks to queue
[2024-12-18T10:11:09.821+0000] {logging_mixin.py:190} INFO - [2024-12-18T10:11:09.821+0000] {dagbag.py:588} INFO - Filling up the DagBag from /home/airflow/.local/lib/python3.12/site-packages/airflow/example_dags/example_xcomargs.py
[2024-12-18T10:11:09.830+0000] {processor.py:925} INFO - DAG(s) 'example_xcom_args', 'example_xcom_args_with_operators' retrieved from /home/airflow/.local/lib/python3.12/site-packages/airflow/example_dags/example_xcomargs.py
[2024-12-18T10:11:09.854+0000] {logging_mixin.py:190} INFO - [2024-12-18T10:11:09.853+0000] {dag.py:3239} INFO - Sync 2 DAGs
[2024-12-18T10:11:09.868+0000] {logging_mixin.py:190} INFO - [2024-12-18T10:11:09.868+0000] {dag.py:4180} INFO - Setting next_dagrun for example_xcom_args to None, run_after=None
[2024-12-18T10:11:09.872+0000] {logging_mixin.py:190} INFO - [2024-12-18T10:11:09.871+0000] {dag.py:4180} INFO - Setting next_dagrun for example_xcom_args_with_operators to None, run_after=None
[2024-12-18T10:11:09.885+0000] {processor.py:208} INFO - Processing /home/airflow/.local/lib/python3.12/site-packages/airflow/example_dags/example_xcomargs.py took 0.071 seconds
[2024-12-18T10:11:39.924+0000] {processor.py:186} INFO - Started process (PID=889) to work on /home/airflow/.local/lib/python3.12/site-packages/airflow/example_dags/example_xcomargs.py
[2024-12-18T10:11:39.925+0000] {processor.py:914} INFO - Processing file /home/airflow/.local/lib/python3.12/site-packages/airflow/example_dags/example_xcomargs.py for tasks to queue
[2024-12-18T10:11:39.926+0000] {logging_mixin.py:190} INFO - [2024-12-18T10:11:39.925+0000] {dagbag.py:588} INFO - Filling up the DagBag from /home/airflow/.local/lib/python3.12/site-packages/airflow/example_dags/example_xcomargs.py
[2024-12-18T10:11:39.936+0000] {processor.py:925} INFO - DAG(s) 'example_xcom_args_with_operators', 'example_xcom_args' retrieved from /home/airflow/.local/lib/python3.12/site-packages/airflow/example_dags/example_xcomargs.py
[2024-12-18T10:11:39.956+0000] {logging_mixin.py:190} INFO - [2024-12-18T10:11:39.956+0000] {dag.py:3239} INFO - Sync 2 DAGs
[2024-12-18T10:11:39.971+0000] {logging_mixin.py:190} INFO - [2024-12-18T10:11:39.970+0000] {dag.py:4180} INFO - Setting next_dagrun for example_xcom_args to None, run_after=None
[2024-12-18T10:11:39.974+0000] {logging_mixin.py:190} INFO - [2024-12-18T10:11:39.974+0000] {dag.py:4180} INFO - Setting next_dagrun for example_xcom_args_with_operators to None, run_after=None
[2024-12-18T10:11:39.987+0000] {processor.py:208} INFO - Processing /home/airflow/.local/lib/python3.12/site-packages/airflow/example_dags/example_xcomargs.py took 0.069 seconds
[2024-12-18T10:12:13.021+0000] {processor.py:186} INFO - Started process (PID=956) to work on /home/airflow/.local/lib/python3.12/site-packages/airflow/example_dags/example_xcomargs.py
[2024-12-18T10:12:13.022+0000] {processor.py:914} INFO - Processing file /home/airflow/.local/lib/python3.12/site-packages/airflow/example_dags/example_xcomargs.py for tasks to queue
[2024-12-18T10:12:13.023+0000] {logging_mixin.py:190} INFO - [2024-12-18T10:12:13.023+0000] {dagbag.py:588} INFO - Filling up the DagBag from /home/airflow/.local/lib/python3.12/site-packages/airflow/example_dags/example_xcomargs.py
[2024-12-18T10:12:13.037+0000] {processor.py:925} INFO - DAG(s) 'example_xcom_args', 'example_xcom_args_with_operators' retrieved from /home/airflow/.local/lib/python3.12/site-packages/airflow/example_dags/example_xcomargs.py
[2024-12-18T10:12:13.066+0000] {logging_mixin.py:190} INFO - [2024-12-18T10:12:13.066+0000] {dag.py:3239} INFO - Sync 2 DAGs
[2024-12-18T10:12:13.084+0000] {logging_mixin.py:190} INFO - [2024-12-18T10:12:13.083+0000] {dag.py:4180} INFO - Setting next_dagrun for example_xcom_args to None, run_after=None
[2024-12-18T10:12:13.087+0000] {logging_mixin.py:190} INFO - [2024-12-18T10:12:13.087+0000] {dag.py:4180} INFO - Setting next_dagrun for example_xcom_args_with_operators to None, run_after=None
[2024-12-18T10:12:13.103+0000] {processor.py:208} INFO - Processing /home/airflow/.local/lib/python3.12/site-packages/airflow/example_dags/example_xcomargs.py took 0.089 seconds
[2024-12-18T10:12:43.459+0000] {processor.py:186} INFO - Started process (PID=1019) to work on /home/airflow/.local/lib/python3.12/site-packages/airflow/example_dags/example_xcomargs.py
[2024-12-18T10:12:43.460+0000] {processor.py:914} INFO - Processing file /home/airflow/.local/lib/python3.12/site-packages/airflow/example_dags/example_xcomargs.py for tasks to queue
[2024-12-18T10:12:43.461+0000] {logging_mixin.py:190} INFO - [2024-12-18T10:12:43.461+0000] {dagbag.py:588} INFO - Filling up the DagBag from /home/airflow/.local/lib/python3.12/site-packages/airflow/example_dags/example_xcomargs.py
[2024-12-18T10:12:43.472+0000] {processor.py:925} INFO - DAG(s) 'example_xcom_args', 'example_xcom_args_with_operators' retrieved from /home/airflow/.local/lib/python3.12/site-packages/airflow/example_dags/example_xcomargs.py
[2024-12-18T10:12:43.494+0000] {logging_mixin.py:190} INFO - [2024-12-18T10:12:43.494+0000] {dag.py:3239} INFO - Sync 2 DAGs
[2024-12-18T10:12:43.510+0000] {logging_mixin.py:190} INFO - [2024-12-18T10:12:43.510+0000] {dag.py:4180} INFO - Setting next_dagrun for example_xcom_args to None, run_after=None
[2024-12-18T10:12:43.514+0000] {logging_mixin.py:190} INFO - [2024-12-18T10:12:43.514+0000] {dag.py:4180} INFO - Setting next_dagrun for example_xcom_args_with_operators to None, run_after=None
[2024-12-18T10:12:43.529+0000] {processor.py:208} INFO - Processing /home/airflow/.local/lib/python3.12/site-packages/airflow/example_dags/example_xcomargs.py took 0.075 seconds
[2024-12-18T10:13:14.332+0000] {processor.py:186} INFO - Started process (PID=1082) to work on /home/airflow/.local/lib/python3.12/site-packages/airflow/example_dags/example_xcomargs.py
[2024-12-18T10:13:14.333+0000] {processor.py:914} INFO - Processing file /home/airflow/.local/lib/python3.12/site-packages/airflow/example_dags/example_xcomargs.py for tasks to queue
[2024-12-18T10:13:14.334+0000] {logging_mixin.py:190} INFO - [2024-12-18T10:13:14.333+0000] {dagbag.py:588} INFO - Filling up the DagBag from /home/airflow/.local/lib/python3.12/site-packages/airflow/example_dags/example_xcomargs.py
[2024-12-18T10:13:14.343+0000] {processor.py:925} INFO - DAG(s) 'example_xcom_args', 'example_xcom_args_with_operators' retrieved from /home/airflow/.local/lib/python3.12/site-packages/airflow/example_dags/example_xcomargs.py
[2024-12-18T10:13:14.365+0000] {logging_mixin.py:190} INFO - [2024-12-18T10:13:14.364+0000] {dag.py:3239} INFO - Sync 2 DAGs
[2024-12-18T10:13:14.379+0000] {logging_mixin.py:190} INFO - [2024-12-18T10:13:14.379+0000] {dag.py:4180} INFO - Setting next_dagrun for example_xcom_args to None, run_after=None
[2024-12-18T10:13:14.383+0000] {logging_mixin.py:190} INFO - [2024-12-18T10:13:14.383+0000] {dag.py:4180} INFO - Setting next_dagrun for example_xcom_args_with_operators to None, run_after=None
[2024-12-18T10:13:14.396+0000] {processor.py:208} INFO - Processing /home/airflow/.local/lib/python3.12/site-packages/airflow/example_dags/example_xcomargs.py took 0.070 seconds
[2024-12-18T10:13:45.307+0000] {processor.py:186} INFO - Started process (PID=1146) to work on /home/airflow/.local/lib/python3.12/site-packages/airflow/example_dags/example_xcomargs.py
[2024-12-18T10:13:45.308+0000] {processor.py:914} INFO - Processing file /home/airflow/.local/lib/python3.12/site-packages/airflow/example_dags/example_xcomargs.py for tasks to queue
[2024-12-18T10:13:45.309+0000] {logging_mixin.py:190} INFO - [2024-12-18T10:13:45.309+0000] {dagbag.py:588} INFO - Filling up the DagBag from /home/airflow/.local/lib/python3.12/site-packages/airflow/example_dags/example_xcomargs.py
[2024-12-18T10:13:45.324+0000] {processor.py:925} INFO - DAG(s) 'example_xcom_args_with_operators', 'example_xcom_args' retrieved from /home/airflow/.local/lib/python3.12/site-packages/airflow/example_dags/example_xcomargs.py
[2024-12-18T10:13:45.354+0000] {logging_mixin.py:190} INFO - [2024-12-18T10:13:45.354+0000] {dag.py:3239} INFO - Sync 2 DAGs
[2024-12-18T10:13:45.377+0000] {logging_mixin.py:190} INFO - [2024-12-18T10:13:45.376+0000] {dag.py:4180} INFO - Setting next_dagrun for example_xcom_args to None, run_after=None
[2024-12-18T10:13:45.384+0000] {logging_mixin.py:190} INFO - [2024-12-18T10:13:45.384+0000] {dag.py:4180} INFO - Setting next_dagrun for example_xcom_args_with_operators to None, run_after=None
[2024-12-18T10:13:45.407+0000] {processor.py:208} INFO - Processing /home/airflow/.local/lib/python3.12/site-packages/airflow/example_dags/example_xcomargs.py took 0.109 seconds
[2024-12-18T10:15:27.046+0000] {processor.py:186} INFO - Started process (PID=114) to work on /home/airflow/.local/lib/python3.12/site-packages/airflow/example_dags/example_xcomargs.py
[2024-12-18T10:15:27.047+0000] {processor.py:914} INFO - Processing file /home/airflow/.local/lib/python3.12/site-packages/airflow/example_dags/example_xcomargs.py for tasks to queue
[2024-12-18T10:15:27.049+0000] {logging_mixin.py:190} INFO - [2024-12-18T10:15:27.049+0000] {dagbag.py:588} INFO - Filling up the DagBag from /home/airflow/.local/lib/python3.12/site-packages/airflow/example_dags/example_xcomargs.py
[2024-12-18T10:15:27.060+0000] {processor.py:925} INFO - DAG(s) 'example_xcom_args_with_operators', 'example_xcom_args' retrieved from /home/airflow/.local/lib/python3.12/site-packages/airflow/example_dags/example_xcomargs.py
[2024-12-18T10:15:27.081+0000] {logging_mixin.py:190} INFO - [2024-12-18T10:15:27.081+0000] {dag.py:3239} INFO - Sync 2 DAGs
[2024-12-18T10:15:27.094+0000] {logging_mixin.py:190} INFO - [2024-12-18T10:15:27.094+0000] {dag.py:4180} INFO - Setting next_dagrun for example_xcom_args to None, run_after=None
[2024-12-18T10:15:27.098+0000] {logging_mixin.py:190} INFO - [2024-12-18T10:15:27.098+0000] {dag.py:4180} INFO - Setting next_dagrun for example_xcom_args_with_operators to None, run_after=None
[2024-12-18T10:15:27.115+0000] {processor.py:208} INFO - Processing /home/airflow/.local/lib/python3.12/site-packages/airflow/example_dags/example_xcomargs.py took 0.074 seconds
[2024-12-18T10:15:57.459+0000] {processor.py:186} INFO - Started process (PID=178) to work on /home/airflow/.local/lib/python3.12/site-packages/airflow/example_dags/example_xcomargs.py
[2024-12-18T10:15:57.460+0000] {processor.py:914} INFO - Processing file /home/airflow/.local/lib/python3.12/site-packages/airflow/example_dags/example_xcomargs.py for tasks to queue
[2024-12-18T10:15:57.462+0000] {logging_mixin.py:190} INFO - [2024-12-18T10:15:57.462+0000] {dagbag.py:588} INFO - Filling up the DagBag from /home/airflow/.local/lib/python3.12/site-packages/airflow/example_dags/example_xcomargs.py
[2024-12-18T10:15:57.473+0000] {processor.py:925} INFO - DAG(s) 'example_xcom_args', 'example_xcom_args_with_operators' retrieved from /home/airflow/.local/lib/python3.12/site-packages/airflow/example_dags/example_xcomargs.py
[2024-12-18T10:15:57.495+0000] {logging_mixin.py:190} INFO - [2024-12-18T10:15:57.495+0000] {dag.py:3239} INFO - Sync 2 DAGs
[2024-12-18T10:15:57.510+0000] {logging_mixin.py:190} INFO - [2024-12-18T10:15:57.510+0000] {dag.py:4180} INFO - Setting next_dagrun for example_xcom_args to None, run_after=None
[2024-12-18T10:15:57.513+0000] {logging_mixin.py:190} INFO - [2024-12-18T10:15:57.513+0000] {dag.py:4180} INFO - Setting next_dagrun for example_xcom_args_with_operators to None, run_after=None
[2024-12-18T10:15:57.529+0000] {processor.py:208} INFO - Processing /home/airflow/.local/lib/python3.12/site-packages/airflow/example_dags/example_xcomargs.py took 0.076 seconds
[2024-12-18T10:16:27.823+0000] {processor.py:186} INFO - Started process (PID=246) to work on /home/airflow/.local/lib/python3.12/site-packages/airflow/example_dags/example_xcomargs.py
[2024-12-18T10:16:27.824+0000] {processor.py:914} INFO - Processing file /home/airflow/.local/lib/python3.12/site-packages/airflow/example_dags/example_xcomargs.py for tasks to queue
[2024-12-18T10:16:27.827+0000] {logging_mixin.py:190} INFO - [2024-12-18T10:16:27.827+0000] {dagbag.py:588} INFO - Filling up the DagBag from /home/airflow/.local/lib/python3.12/site-packages/airflow/example_dags/example_xcomargs.py
[2024-12-18T10:16:27.841+0000] {processor.py:925} INFO - DAG(s) 'example_xcom_args', 'example_xcom_args_with_operators' retrieved from /home/airflow/.local/lib/python3.12/site-packages/airflow/example_dags/example_xcomargs.py
[2024-12-18T10:16:27.870+0000] {logging_mixin.py:190} INFO - [2024-12-18T10:16:27.870+0000] {dag.py:3239} INFO - Sync 2 DAGs
[2024-12-18T10:16:27.891+0000] {logging_mixin.py:190} INFO - [2024-12-18T10:16:27.890+0000] {dag.py:4180} INFO - Setting next_dagrun for example_xcom_args to None, run_after=None
[2024-12-18T10:16:27.895+0000] {logging_mixin.py:190} INFO - [2024-12-18T10:16:27.895+0000] {dag.py:4180} INFO - Setting next_dagrun for example_xcom_args_with_operators to None, run_after=None
[2024-12-18T10:16:27.914+0000] {processor.py:208} INFO - Processing /home/airflow/.local/lib/python3.12/site-packages/airflow/example_dags/example_xcomargs.py took 0.097 seconds
[2024-12-18T10:16:58.595+0000] {processor.py:186} INFO - Started process (PID=310) to work on /home/airflow/.local/lib/python3.12/site-packages/airflow/example_dags/example_xcomargs.py
[2024-12-18T10:16:58.596+0000] {processor.py:914} INFO - Processing file /home/airflow/.local/lib/python3.12/site-packages/airflow/example_dags/example_xcomargs.py for tasks to queue
[2024-12-18T10:16:58.598+0000] {logging_mixin.py:190} INFO - [2024-12-18T10:16:58.598+0000] {dagbag.py:588} INFO - Filling up the DagBag from /home/airflow/.local/lib/python3.12/site-packages/airflow/example_dags/example_xcomargs.py
[2024-12-18T10:16:58.608+0000] {processor.py:925} INFO - DAG(s) 'example_xcom_args_with_operators', 'example_xcom_args' retrieved from /home/airflow/.local/lib/python3.12/site-packages/airflow/example_dags/example_xcomargs.py
[2024-12-18T10:16:58.630+0000] {logging_mixin.py:190} INFO - [2024-12-18T10:16:58.630+0000] {dag.py:3239} INFO - Sync 2 DAGs
[2024-12-18T10:16:58.650+0000] {logging_mixin.py:190} INFO - [2024-12-18T10:16:58.650+0000] {dag.py:4180} INFO - Setting next_dagrun for example_xcom_args to None, run_after=None
[2024-12-18T10:16:58.654+0000] {logging_mixin.py:190} INFO - [2024-12-18T10:16:58.654+0000] {dag.py:4180} INFO - Setting next_dagrun for example_xcom_args_with_operators to None, run_after=None
[2024-12-18T10:16:58.669+0000] {processor.py:208} INFO - Processing /home/airflow/.local/lib/python3.12/site-packages/airflow/example_dags/example_xcomargs.py took 0.080 seconds
[2024-12-18T10:17:29.639+0000] {processor.py:186} INFO - Started process (PID=374) to work on /home/airflow/.local/lib/python3.12/site-packages/airflow/example_dags/example_xcomargs.py
[2024-12-18T10:17:29.640+0000] {processor.py:914} INFO - Processing file /home/airflow/.local/lib/python3.12/site-packages/airflow/example_dags/example_xcomargs.py for tasks to queue
[2024-12-18T10:17:29.644+0000] {logging_mixin.py:190} INFO - [2024-12-18T10:17:29.643+0000] {dagbag.py:588} INFO - Filling up the DagBag from /home/airflow/.local/lib/python3.12/site-packages/airflow/example_dags/example_xcomargs.py
[2024-12-18T10:17:29.674+0000] {processor.py:925} INFO - DAG(s) 'example_xcom_args', 'example_xcom_args_with_operators' retrieved from /home/airflow/.local/lib/python3.12/site-packages/airflow/example_dags/example_xcomargs.py
[2024-12-18T10:17:29.722+0000] {logging_mixin.py:190} INFO - [2024-12-18T10:17:29.722+0000] {dag.py:3239} INFO - Sync 2 DAGs
[2024-12-18T10:17:29.750+0000] {logging_mixin.py:190} INFO - [2024-12-18T10:17:29.749+0000] {dag.py:4180} INFO - Setting next_dagrun for example_xcom_args to None, run_after=None
[2024-12-18T10:17:29.755+0000] {logging_mixin.py:190} INFO - [2024-12-18T10:17:29.754+0000] {dag.py:4180} INFO - Setting next_dagrun for example_xcom_args_with_operators to None, run_after=None
[2024-12-18T10:17:29.778+0000] {processor.py:208} INFO - Processing /home/airflow/.local/lib/python3.12/site-packages/airflow/example_dags/example_xcomargs.py took 0.152 seconds
