[2024-12-18T09:53:48.038+0000] {processor.py:186} INFO - Started process (PID=83) to work on /home/airflow/.local/lib/python3.12/site-packages/airflow/example_dags/example_branch_labels.py
[2024-12-18T09:53:48.039+0000] {processor.py:914} INFO - Processing file /home/airflow/.local/lib/python3.12/site-packages/airflow/example_dags/example_branch_labels.py for tasks to queue
[2024-12-18T09:53:48.041+0000] {logging_mixin.py:190} INFO - [2024-12-18T09:53:48.041+0000] {dagbag.py:588} INFO - Filling up the DagBag from /home/airflow/.local/lib/python3.12/site-packages/airflow/example_dags/example_branch_labels.py
[2024-12-18T09:53:48.053+0000] {processor.py:925} INFO - DAG(s) 'example_branch_labels' retrieved from /home/airflow/.local/lib/python3.12/site-packages/airflow/example_dags/example_branch_labels.py
[2024-12-18T09:53:48.079+0000] {logging_mixin.py:190} INFO - [2024-12-18T09:53:48.079+0000] {dag.py:3239} INFO - Sync 1 DAGs
[2024-12-18T09:53:48.109+0000] {logging_mixin.py:190} INFO - [2024-12-18T09:53:48.109+0000] {dag.py:4180} INFO - Setting next_dagrun for example_branch_labels to 2024-12-17 00:00:00+00:00, run_after=2024-12-18 00:00:00+00:00
[2024-12-18T09:53:48.127+0000] {processor.py:208} INFO - Processing /home/airflow/.local/lib/python3.12/site-packages/airflow/example_dags/example_branch_labels.py took 0.094 seconds
[2024-12-18T09:54:19.251+0000] {processor.py:186} INFO - Started process (PID=153) to work on /home/airflow/.local/lib/python3.12/site-packages/airflow/example_dags/example_branch_labels.py
[2024-12-18T09:54:19.251+0000] {processor.py:914} INFO - Processing file /home/airflow/.local/lib/python3.12/site-packages/airflow/example_dags/example_branch_labels.py for tasks to queue
[2024-12-18T09:54:19.253+0000] {logging_mixin.py:190} INFO - [2024-12-18T09:54:19.253+0000] {dagbag.py:588} INFO - Filling up the DagBag from /home/airflow/.local/lib/python3.12/site-packages/airflow/example_dags/example_branch_labels.py
[2024-12-18T09:54:19.264+0000] {processor.py:925} INFO - DAG(s) 'example_branch_labels' retrieved from /home/airflow/.local/lib/python3.12/site-packages/airflow/example_dags/example_branch_labels.py
[2024-12-18T09:54:19.285+0000] {logging_mixin.py:190} INFO - [2024-12-18T09:54:19.285+0000] {dag.py:3239} INFO - Sync 1 DAGs
[2024-12-18T09:54:19.310+0000] {logging_mixin.py:190} INFO - [2024-12-18T09:54:19.310+0000] {dag.py:4180} INFO - Setting next_dagrun for example_branch_labels to 2024-12-17 00:00:00+00:00, run_after=2024-12-18 00:00:00+00:00
[2024-12-18T09:54:19.327+0000] {processor.py:208} INFO - Processing /home/airflow/.local/lib/python3.12/site-packages/airflow/example_dags/example_branch_labels.py took 0.082 seconds
[2024-12-18T09:54:50.046+0000] {processor.py:186} INFO - Started process (PID=217) to work on /home/airflow/.local/lib/python3.12/site-packages/airflow/example_dags/example_branch_labels.py
[2024-12-18T09:54:50.047+0000] {processor.py:914} INFO - Processing file /home/airflow/.local/lib/python3.12/site-packages/airflow/example_dags/example_branch_labels.py for tasks to queue
[2024-12-18T09:54:50.049+0000] {logging_mixin.py:190} INFO - [2024-12-18T09:54:50.049+0000] {dagbag.py:588} INFO - Filling up the DagBag from /home/airflow/.local/lib/python3.12/site-packages/airflow/example_dags/example_branch_labels.py
[2024-12-18T09:54:50.059+0000] {processor.py:925} INFO - DAG(s) 'example_branch_labels' retrieved from /home/airflow/.local/lib/python3.12/site-packages/airflow/example_dags/example_branch_labels.py
[2024-12-18T09:54:50.087+0000] {logging_mixin.py:190} INFO - [2024-12-18T09:54:50.087+0000] {dag.py:3239} INFO - Sync 1 DAGs
[2024-12-18T09:54:50.114+0000] {logging_mixin.py:190} INFO - [2024-12-18T09:54:50.114+0000] {dag.py:4180} INFO - Setting next_dagrun for example_branch_labels to 2024-12-17 00:00:00+00:00, run_after=2024-12-18 00:00:00+00:00
[2024-12-18T09:54:50.131+0000] {processor.py:208} INFO - Processing /home/airflow/.local/lib/python3.12/site-packages/airflow/example_dags/example_branch_labels.py took 0.091 seconds
[2024-12-18T09:55:20.877+0000] {processor.py:186} INFO - Started process (PID=281) to work on /home/airflow/.local/lib/python3.12/site-packages/airflow/example_dags/example_branch_labels.py
[2024-12-18T09:55:20.878+0000] {processor.py:914} INFO - Processing file /home/airflow/.local/lib/python3.12/site-packages/airflow/example_dags/example_branch_labels.py for tasks to queue
[2024-12-18T09:55:20.881+0000] {logging_mixin.py:190} INFO - [2024-12-18T09:55:20.880+0000] {dagbag.py:588} INFO - Filling up the DagBag from /home/airflow/.local/lib/python3.12/site-packages/airflow/example_dags/example_branch_labels.py
[2024-12-18T09:55:20.894+0000] {processor.py:925} INFO - DAG(s) 'example_branch_labels' retrieved from /home/airflow/.local/lib/python3.12/site-packages/airflow/example_dags/example_branch_labels.py
[2024-12-18T09:55:20.920+0000] {logging_mixin.py:190} INFO - [2024-12-18T09:55:20.920+0000] {dag.py:3239} INFO - Sync 1 DAGs
[2024-12-18T09:55:20.953+0000] {logging_mixin.py:190} INFO - [2024-12-18T09:55:20.953+0000] {dag.py:4180} INFO - Setting next_dagrun for example_branch_labels to 2024-12-17 00:00:00+00:00, run_after=2024-12-18 00:00:00+00:00
[2024-12-18T09:55:20.974+0000] {processor.py:208} INFO - Processing /home/airflow/.local/lib/python3.12/site-packages/airflow/example_dags/example_branch_labels.py took 0.103 seconds
[2024-12-18T09:55:52.581+0000] {processor.py:186} INFO - Started process (PID=348) to work on /home/airflow/.local/lib/python3.12/site-packages/airflow/example_dags/example_branch_labels.py
[2024-12-18T09:55:52.582+0000] {processor.py:914} INFO - Processing file /home/airflow/.local/lib/python3.12/site-packages/airflow/example_dags/example_branch_labels.py for tasks to queue
[2024-12-18T09:55:52.584+0000] {logging_mixin.py:190} INFO - [2024-12-18T09:55:52.584+0000] {dagbag.py:588} INFO - Filling up the DagBag from /home/airflow/.local/lib/python3.12/site-packages/airflow/example_dags/example_branch_labels.py
[2024-12-18T09:55:52.593+0000] {processor.py:925} INFO - DAG(s) 'example_branch_labels' retrieved from /home/airflow/.local/lib/python3.12/site-packages/airflow/example_dags/example_branch_labels.py
[2024-12-18T09:55:52.618+0000] {logging_mixin.py:190} INFO - [2024-12-18T09:55:52.618+0000] {dag.py:3239} INFO - Sync 1 DAGs
[2024-12-18T09:55:52.652+0000] {logging_mixin.py:190} INFO - [2024-12-18T09:55:52.651+0000] {dag.py:4180} INFO - Setting next_dagrun for example_branch_labels to 2024-12-17 00:00:00+00:00, run_after=2024-12-18 00:00:00+00:00
[2024-12-18T09:55:52.672+0000] {processor.py:208} INFO - Processing /home/airflow/.local/lib/python3.12/site-packages/airflow/example_dags/example_branch_labels.py took 0.097 seconds
[2024-12-18T09:56:23.679+0000] {processor.py:186} INFO - Started process (PID=412) to work on /home/airflow/.local/lib/python3.12/site-packages/airflow/example_dags/example_branch_labels.py
[2024-12-18T09:56:23.680+0000] {processor.py:914} INFO - Processing file /home/airflow/.local/lib/python3.12/site-packages/airflow/example_dags/example_branch_labels.py for tasks to queue
[2024-12-18T09:56:23.683+0000] {logging_mixin.py:190} INFO - [2024-12-18T09:56:23.682+0000] {dagbag.py:588} INFO - Filling up the DagBag from /home/airflow/.local/lib/python3.12/site-packages/airflow/example_dags/example_branch_labels.py
[2024-12-18T09:56:23.693+0000] {processor.py:925} INFO - DAG(s) 'example_branch_labels' retrieved from /home/airflow/.local/lib/python3.12/site-packages/airflow/example_dags/example_branch_labels.py
[2024-12-18T09:56:23.716+0000] {logging_mixin.py:190} INFO - [2024-12-18T09:56:23.716+0000] {dag.py:3239} INFO - Sync 1 DAGs
[2024-12-18T09:56:23.744+0000] {logging_mixin.py:190} INFO - [2024-12-18T09:56:23.744+0000] {dag.py:4180} INFO - Setting next_dagrun for example_branch_labels to 2024-12-17 00:00:00+00:00, run_after=2024-12-18 00:00:00+00:00
[2024-12-18T09:56:23.761+0000] {processor.py:208} INFO - Processing /home/airflow/.local/lib/python3.12/site-packages/airflow/example_dags/example_branch_labels.py took 0.090 seconds
[2024-12-18T09:56:54.776+0000] {processor.py:186} INFO - Started process (PID=490) to work on /home/airflow/.local/lib/python3.12/site-packages/airflow/example_dags/example_branch_labels.py
[2024-12-18T09:56:54.777+0000] {processor.py:914} INFO - Processing file /home/airflow/.local/lib/python3.12/site-packages/airflow/example_dags/example_branch_labels.py for tasks to queue
[2024-12-18T09:56:54.779+0000] {logging_mixin.py:190} INFO - [2024-12-18T09:56:54.779+0000] {dagbag.py:588} INFO - Filling up the DagBag from /home/airflow/.local/lib/python3.12/site-packages/airflow/example_dags/example_branch_labels.py
[2024-12-18T09:56:54.788+0000] {processor.py:925} INFO - DAG(s) 'example_branch_labels' retrieved from /home/airflow/.local/lib/python3.12/site-packages/airflow/example_dags/example_branch_labels.py
[2024-12-18T09:56:54.807+0000] {logging_mixin.py:190} INFO - [2024-12-18T09:56:54.807+0000] {dag.py:3239} INFO - Sync 1 DAGs
[2024-12-18T09:56:54.829+0000] {logging_mixin.py:190} INFO - [2024-12-18T09:56:54.828+0000] {dag.py:4180} INFO - Setting next_dagrun for example_branch_labels to 2024-12-17 00:00:00+00:00, run_after=2024-12-18 00:00:00+00:00
[2024-12-18T09:56:54.845+0000] {processor.py:208} INFO - Processing /home/airflow/.local/lib/python3.12/site-packages/airflow/example_dags/example_branch_labels.py took 0.075 seconds
[2024-12-18T09:57:26.194+0000] {processor.py:186} INFO - Started process (PID=554) to work on /home/airflow/.local/lib/python3.12/site-packages/airflow/example_dags/example_branch_labels.py
[2024-12-18T09:57:26.198+0000] {processor.py:914} INFO - Processing file /home/airflow/.local/lib/python3.12/site-packages/airflow/example_dags/example_branch_labels.py for tasks to queue
[2024-12-18T09:57:26.202+0000] {logging_mixin.py:190} INFO - [2024-12-18T09:57:26.202+0000] {dagbag.py:588} INFO - Filling up the DagBag from /home/airflow/.local/lib/python3.12/site-packages/airflow/example_dags/example_branch_labels.py
[2024-12-18T09:57:26.216+0000] {processor.py:925} INFO - DAG(s) 'example_branch_labels' retrieved from /home/airflow/.local/lib/python3.12/site-packages/airflow/example_dags/example_branch_labels.py
[2024-12-18T09:57:26.245+0000] {logging_mixin.py:190} INFO - [2024-12-18T09:57:26.245+0000] {dag.py:3239} INFO - Sync 1 DAGs
[2024-12-18T09:57:26.273+0000] {logging_mixin.py:190} INFO - [2024-12-18T09:57:26.273+0000] {dag.py:4180} INFO - Setting next_dagrun for example_branch_labels to 2024-12-17 00:00:00+00:00, run_after=2024-12-18 00:00:00+00:00
[2024-12-18T09:57:26.291+0000] {processor.py:208} INFO - Processing /home/airflow/.local/lib/python3.12/site-packages/airflow/example_dags/example_branch_labels.py took 0.104 seconds
[2024-12-18T09:57:57.699+0000] {processor.py:186} INFO - Started process (PID=618) to work on /home/airflow/.local/lib/python3.12/site-packages/airflow/example_dags/example_branch_labels.py
[2024-12-18T09:57:57.700+0000] {processor.py:914} INFO - Processing file /home/airflow/.local/lib/python3.12/site-packages/airflow/example_dags/example_branch_labels.py for tasks to queue
[2024-12-18T09:57:57.703+0000] {logging_mixin.py:190} INFO - [2024-12-18T09:57:57.702+0000] {dagbag.py:588} INFO - Filling up the DagBag from /home/airflow/.local/lib/python3.12/site-packages/airflow/example_dags/example_branch_labels.py
[2024-12-18T09:57:57.713+0000] {processor.py:925} INFO - DAG(s) 'example_branch_labels' retrieved from /home/airflow/.local/lib/python3.12/site-packages/airflow/example_dags/example_branch_labels.py
[2024-12-18T09:57:57.733+0000] {logging_mixin.py:190} INFO - [2024-12-18T09:57:57.733+0000] {dag.py:3239} INFO - Sync 1 DAGs
[2024-12-18T09:57:57.756+0000] {logging_mixin.py:190} INFO - [2024-12-18T09:57:57.756+0000] {dag.py:4180} INFO - Setting next_dagrun for example_branch_labels to 2024-12-17 00:00:00+00:00, run_after=2024-12-18 00:00:00+00:00
[2024-12-18T09:57:57.771+0000] {processor.py:208} INFO - Processing /home/airflow/.local/lib/python3.12/site-packages/airflow/example_dags/example_branch_labels.py took 0.078 seconds
[2024-12-18T09:58:28.941+0000] {processor.py:186} INFO - Started process (PID=682) to work on /home/airflow/.local/lib/python3.12/site-packages/airflow/example_dags/example_branch_labels.py
[2024-12-18T09:58:28.941+0000] {processor.py:914} INFO - Processing file /home/airflow/.local/lib/python3.12/site-packages/airflow/example_dags/example_branch_labels.py for tasks to queue
[2024-12-18T09:58:28.944+0000] {logging_mixin.py:190} INFO - [2024-12-18T09:58:28.944+0000] {dagbag.py:588} INFO - Filling up the DagBag from /home/airflow/.local/lib/python3.12/site-packages/airflow/example_dags/example_branch_labels.py
[2024-12-18T09:58:28.954+0000] {processor.py:925} INFO - DAG(s) 'example_branch_labels' retrieved from /home/airflow/.local/lib/python3.12/site-packages/airflow/example_dags/example_branch_labels.py
[2024-12-18T09:58:28.980+0000] {logging_mixin.py:190} INFO - [2024-12-18T09:58:28.979+0000] {dag.py:3239} INFO - Sync 1 DAGs
[2024-12-18T09:58:29.012+0000] {logging_mixin.py:190} INFO - [2024-12-18T09:58:29.012+0000] {dag.py:4180} INFO - Setting next_dagrun for example_branch_labels to 2024-12-17 00:00:00+00:00, run_after=2024-12-18 00:00:00+00:00
[2024-12-18T09:58:29.030+0000] {processor.py:208} INFO - Processing /home/airflow/.local/lib/python3.12/site-packages/airflow/example_dags/example_branch_labels.py took 0.098 seconds
[2024-12-18T09:58:59.787+0000] {processor.py:186} INFO - Started process (PID=746) to work on /home/airflow/.local/lib/python3.12/site-packages/airflow/example_dags/example_branch_labels.py
[2024-12-18T09:58:59.788+0000] {processor.py:914} INFO - Processing file /home/airflow/.local/lib/python3.12/site-packages/airflow/example_dags/example_branch_labels.py for tasks to queue
[2024-12-18T09:58:59.791+0000] {logging_mixin.py:190} INFO - [2024-12-18T09:58:59.790+0000] {dagbag.py:588} INFO - Filling up the DagBag from /home/airflow/.local/lib/python3.12/site-packages/airflow/example_dags/example_branch_labels.py
[2024-12-18T09:58:59.800+0000] {processor.py:925} INFO - DAG(s) 'example_branch_labels' retrieved from /home/airflow/.local/lib/python3.12/site-packages/airflow/example_dags/example_branch_labels.py
[2024-12-18T09:58:59.820+0000] {logging_mixin.py:190} INFO - [2024-12-18T09:58:59.819+0000] {dag.py:3239} INFO - Sync 1 DAGs
[2024-12-18T09:58:59.843+0000] {logging_mixin.py:190} INFO - [2024-12-18T09:58:59.843+0000] {dag.py:4180} INFO - Setting next_dagrun for example_branch_labels to 2024-12-17 00:00:00+00:00, run_after=2024-12-18 00:00:00+00:00
[2024-12-18T09:58:59.859+0000] {processor.py:208} INFO - Processing /home/airflow/.local/lib/python3.12/site-packages/airflow/example_dags/example_branch_labels.py took 0.078 seconds
[2024-12-18T09:59:30.993+0000] {processor.py:186} INFO - Started process (PID=810) to work on /home/airflow/.local/lib/python3.12/site-packages/airflow/example_dags/example_branch_labels.py
[2024-12-18T09:59:30.993+0000] {processor.py:914} INFO - Processing file /home/airflow/.local/lib/python3.12/site-packages/airflow/example_dags/example_branch_labels.py for tasks to queue
[2024-12-18T09:59:30.995+0000] {logging_mixin.py:190} INFO - [2024-12-18T09:59:30.995+0000] {dagbag.py:588} INFO - Filling up the DagBag from /home/airflow/.local/lib/python3.12/site-packages/airflow/example_dags/example_branch_labels.py
[2024-12-18T09:59:31.007+0000] {processor.py:925} INFO - DAG(s) 'example_branch_labels' retrieved from /home/airflow/.local/lib/python3.12/site-packages/airflow/example_dags/example_branch_labels.py
[2024-12-18T09:59:31.026+0000] {logging_mixin.py:190} INFO - [2024-12-18T09:59:31.026+0000] {dag.py:3239} INFO - Sync 1 DAGs
[2024-12-18T09:59:31.049+0000] {logging_mixin.py:190} INFO - [2024-12-18T09:59:31.049+0000] {dag.py:4180} INFO - Setting next_dagrun for example_branch_labels to 2024-12-17 00:00:00+00:00, run_after=2024-12-18 00:00:00+00:00
[2024-12-18T09:59:31.066+0000] {processor.py:208} INFO - Processing /home/airflow/.local/lib/python3.12/site-packages/airflow/example_dags/example_branch_labels.py took 0.080 seconds
[2024-12-18T10:00:02.729+0000] {processor.py:186} INFO - Started process (PID=874) to work on /home/airflow/.local/lib/python3.12/site-packages/airflow/example_dags/example_branch_labels.py
[2024-12-18T10:00:02.730+0000] {processor.py:914} INFO - Processing file /home/airflow/.local/lib/python3.12/site-packages/airflow/example_dags/example_branch_labels.py for tasks to queue
[2024-12-18T10:00:02.733+0000] {logging_mixin.py:190} INFO - [2024-12-18T10:00:02.733+0000] {dagbag.py:588} INFO - Filling up the DagBag from /home/airflow/.local/lib/python3.12/site-packages/airflow/example_dags/example_branch_labels.py
[2024-12-18T10:00:02.746+0000] {processor.py:925} INFO - DAG(s) 'example_branch_labels' retrieved from /home/airflow/.local/lib/python3.12/site-packages/airflow/example_dags/example_branch_labels.py
[2024-12-18T10:00:02.767+0000] {logging_mixin.py:190} INFO - [2024-12-18T10:00:02.767+0000] {dag.py:3239} INFO - Sync 1 DAGs
[2024-12-18T10:00:02.795+0000] {logging_mixin.py:190} INFO - [2024-12-18T10:00:02.794+0000] {dag.py:4180} INFO - Setting next_dagrun for example_branch_labels to 2024-12-17 00:00:00+00:00, run_after=2024-12-18 00:00:00+00:00
[2024-12-18T10:00:02.813+0000] {processor.py:208} INFO - Processing /home/airflow/.local/lib/python3.12/site-packages/airflow/example_dags/example_branch_labels.py took 0.091 seconds
[2024-12-18T10:00:34.467+0000] {processor.py:186} INFO - Started process (PID=938) to work on /home/airflow/.local/lib/python3.12/site-packages/airflow/example_dags/example_branch_labels.py
[2024-12-18T10:00:34.469+0000] {processor.py:914} INFO - Processing file /home/airflow/.local/lib/python3.12/site-packages/airflow/example_dags/example_branch_labels.py for tasks to queue
[2024-12-18T10:00:34.473+0000] {logging_mixin.py:190} INFO - [2024-12-18T10:00:34.472+0000] {dagbag.py:588} INFO - Filling up the DagBag from /home/airflow/.local/lib/python3.12/site-packages/airflow/example_dags/example_branch_labels.py
[2024-12-18T10:00:34.487+0000] {processor.py:925} INFO - DAG(s) 'example_branch_labels' retrieved from /home/airflow/.local/lib/python3.12/site-packages/airflow/example_dags/example_branch_labels.py
[2024-12-18T10:00:34.513+0000] {logging_mixin.py:190} INFO - [2024-12-18T10:00:34.512+0000] {dag.py:3239} INFO - Sync 1 DAGs
[2024-12-18T10:00:34.547+0000] {logging_mixin.py:190} INFO - [2024-12-18T10:00:34.546+0000] {dag.py:4180} INFO - Setting next_dagrun for example_branch_labels to 2024-12-17 00:00:00+00:00, run_after=2024-12-18 00:00:00+00:00
[2024-12-18T10:00:34.568+0000] {processor.py:208} INFO - Processing /home/airflow/.local/lib/python3.12/site-packages/airflow/example_dags/example_branch_labels.py took 0.109 seconds
[2024-12-18T10:01:05.599+0000] {processor.py:186} INFO - Started process (PID=1002) to work on /home/airflow/.local/lib/python3.12/site-packages/airflow/example_dags/example_branch_labels.py
[2024-12-18T10:01:05.600+0000] {processor.py:914} INFO - Processing file /home/airflow/.local/lib/python3.12/site-packages/airflow/example_dags/example_branch_labels.py for tasks to queue
[2024-12-18T10:01:05.603+0000] {logging_mixin.py:190} INFO - [2024-12-18T10:01:05.602+0000] {dagbag.py:588} INFO - Filling up the DagBag from /home/airflow/.local/lib/python3.12/site-packages/airflow/example_dags/example_branch_labels.py
[2024-12-18T10:01:05.614+0000] {processor.py:925} INFO - DAG(s) 'example_branch_labels' retrieved from /home/airflow/.local/lib/python3.12/site-packages/airflow/example_dags/example_branch_labels.py
[2024-12-18T10:01:05.634+0000] {logging_mixin.py:190} INFO - [2024-12-18T10:01:05.634+0000] {dag.py:3239} INFO - Sync 1 DAGs
[2024-12-18T10:01:05.656+0000] {logging_mixin.py:190} INFO - [2024-12-18T10:01:05.656+0000] {dag.py:4180} INFO - Setting next_dagrun for example_branch_labels to 2024-12-17 00:00:00+00:00, run_after=2024-12-18 00:00:00+00:00
[2024-12-18T10:01:05.671+0000] {processor.py:208} INFO - Processing /home/airflow/.local/lib/python3.12/site-packages/airflow/example_dags/example_branch_labels.py took 0.078 seconds
[2024-12-18T10:05:23.153+0000] {processor.py:186} INFO - Started process (PID=86) to work on /home/airflow/.local/lib/python3.12/site-packages/airflow/example_dags/example_branch_labels.py
[2024-12-18T10:05:23.154+0000] {processor.py:914} INFO - Processing file /home/airflow/.local/lib/python3.12/site-packages/airflow/example_dags/example_branch_labels.py for tasks to queue
[2024-12-18T10:05:23.156+0000] {logging_mixin.py:190} INFO - [2024-12-18T10:05:23.156+0000] {dagbag.py:588} INFO - Filling up the DagBag from /home/airflow/.local/lib/python3.12/site-packages/airflow/example_dags/example_branch_labels.py
[2024-12-18T10:05:23.166+0000] {processor.py:925} INFO - DAG(s) 'example_branch_labels' retrieved from /home/airflow/.local/lib/python3.12/site-packages/airflow/example_dags/example_branch_labels.py
[2024-12-18T10:05:23.193+0000] {logging_mixin.py:190} INFO - [2024-12-18T10:05:23.193+0000] {dag.py:3239} INFO - Sync 1 DAGs
[2024-12-18T10:05:23.216+0000] {logging_mixin.py:190} INFO - [2024-12-18T10:05:23.215+0000] {dag.py:4180} INFO - Setting next_dagrun for example_branch_labels to 2024-12-17 00:00:00+00:00, run_after=2024-12-18 00:00:00+00:00
[2024-12-18T10:05:23.232+0000] {processor.py:208} INFO - Processing /home/airflow/.local/lib/python3.12/site-packages/airflow/example_dags/example_branch_labels.py took 0.084 seconds
[2024-12-18T10:05:55.164+0000] {processor.py:186} INFO - Started process (PID=158) to work on /home/airflow/.local/lib/python3.12/site-packages/airflow/example_dags/example_branch_labels.py
[2024-12-18T10:05:55.165+0000] {processor.py:914} INFO - Processing file /home/airflow/.local/lib/python3.12/site-packages/airflow/example_dags/example_branch_labels.py for tasks to queue
[2024-12-18T10:05:55.167+0000] {logging_mixin.py:190} INFO - [2024-12-18T10:05:55.166+0000] {dagbag.py:588} INFO - Filling up the DagBag from /home/airflow/.local/lib/python3.12/site-packages/airflow/example_dags/example_branch_labels.py
[2024-12-18T10:05:55.176+0000] {processor.py:925} INFO - DAG(s) 'example_branch_labels' retrieved from /home/airflow/.local/lib/python3.12/site-packages/airflow/example_dags/example_branch_labels.py
[2024-12-18T10:05:55.196+0000] {logging_mixin.py:190} INFO - [2024-12-18T10:05:55.196+0000] {dag.py:3239} INFO - Sync 1 DAGs
[2024-12-18T10:05:55.224+0000] {logging_mixin.py:190} INFO - [2024-12-18T10:05:55.223+0000] {dag.py:4180} INFO - Setting next_dagrun for example_branch_labels to 2024-12-17 00:00:00+00:00, run_after=2024-12-18 00:00:00+00:00
[2024-12-18T10:05:55.237+0000] {processor.py:208} INFO - Processing /home/airflow/.local/lib/python3.12/site-packages/airflow/example_dags/example_branch_labels.py took 0.078 seconds
[2024-12-18T10:06:25.577+0000] {processor.py:186} INFO - Started process (PID=221) to work on /home/airflow/.local/lib/python3.12/site-packages/airflow/example_dags/example_branch_labels.py
[2024-12-18T10:06:25.578+0000] {processor.py:914} INFO - Processing file /home/airflow/.local/lib/python3.12/site-packages/airflow/example_dags/example_branch_labels.py for tasks to queue
[2024-12-18T10:06:25.579+0000] {logging_mixin.py:190} INFO - [2024-12-18T10:06:25.579+0000] {dagbag.py:588} INFO - Filling up the DagBag from /home/airflow/.local/lib/python3.12/site-packages/airflow/example_dags/example_branch_labels.py
[2024-12-18T10:06:25.589+0000] {processor.py:925} INFO - DAG(s) 'example_branch_labels' retrieved from /home/airflow/.local/lib/python3.12/site-packages/airflow/example_dags/example_branch_labels.py
[2024-12-18T10:06:25.607+0000] {logging_mixin.py:190} INFO - [2024-12-18T10:06:25.607+0000] {dag.py:3239} INFO - Sync 1 DAGs
[2024-12-18T10:06:25.632+0000] {logging_mixin.py:190} INFO - [2024-12-18T10:06:25.631+0000] {dag.py:4180} INFO - Setting next_dagrun for example_branch_labels to 2024-12-17 00:00:00+00:00, run_after=2024-12-18 00:00:00+00:00
[2024-12-18T10:06:25.647+0000] {processor.py:208} INFO - Processing /home/airflow/.local/lib/python3.12/site-packages/airflow/example_dags/example_branch_labels.py took 0.075 seconds
[2024-12-18T10:06:57.744+0000] {processor.py:186} INFO - Started process (PID=287) to work on /home/airflow/.local/lib/python3.12/site-packages/airflow/example_dags/example_branch_labels.py
[2024-12-18T10:06:57.745+0000] {processor.py:914} INFO - Processing file /home/airflow/.local/lib/python3.12/site-packages/airflow/example_dags/example_branch_labels.py for tasks to queue
[2024-12-18T10:06:57.746+0000] {logging_mixin.py:190} INFO - [2024-12-18T10:06:57.745+0000] {dagbag.py:588} INFO - Filling up the DagBag from /home/airflow/.local/lib/python3.12/site-packages/airflow/example_dags/example_branch_labels.py
[2024-12-18T10:06:57.756+0000] {processor.py:925} INFO - DAG(s) 'example_branch_labels' retrieved from /home/airflow/.local/lib/python3.12/site-packages/airflow/example_dags/example_branch_labels.py
[2024-12-18T10:06:57.778+0000] {logging_mixin.py:190} INFO - [2024-12-18T10:06:57.778+0000] {dag.py:3239} INFO - Sync 1 DAGs
[2024-12-18T10:06:57.806+0000] {logging_mixin.py:190} INFO - [2024-12-18T10:06:57.805+0000] {dag.py:4180} INFO - Setting next_dagrun for example_branch_labels to 2024-12-17 00:00:00+00:00, run_after=2024-12-18 00:00:00+00:00
[2024-12-18T10:06:57.824+0000] {processor.py:208} INFO - Processing /home/airflow/.local/lib/python3.12/site-packages/airflow/example_dags/example_branch_labels.py took 0.086 seconds
[2024-12-18T10:07:28.137+0000] {processor.py:186} INFO - Started process (PID=350) to work on /home/airflow/.local/lib/python3.12/site-packages/airflow/example_dags/example_branch_labels.py
[2024-12-18T10:07:28.138+0000] {processor.py:914} INFO - Processing file /home/airflow/.local/lib/python3.12/site-packages/airflow/example_dags/example_branch_labels.py for tasks to queue
[2024-12-18T10:07:28.139+0000] {logging_mixin.py:190} INFO - [2024-12-18T10:07:28.139+0000] {dagbag.py:588} INFO - Filling up the DagBag from /home/airflow/.local/lib/python3.12/site-packages/airflow/example_dags/example_branch_labels.py
[2024-12-18T10:07:28.148+0000] {processor.py:925} INFO - DAG(s) 'example_branch_labels' retrieved from /home/airflow/.local/lib/python3.12/site-packages/airflow/example_dags/example_branch_labels.py
[2024-12-18T10:07:28.166+0000] {logging_mixin.py:190} INFO - [2024-12-18T10:07:28.166+0000] {dag.py:3239} INFO - Sync 1 DAGs
[2024-12-18T10:07:28.190+0000] {logging_mixin.py:190} INFO - [2024-12-18T10:07:28.190+0000] {dag.py:4180} INFO - Setting next_dagrun for example_branch_labels to 2024-12-17 00:00:00+00:00, run_after=2024-12-18 00:00:00+00:00
[2024-12-18T10:07:28.206+0000] {processor.py:208} INFO - Processing /home/airflow/.local/lib/python3.12/site-packages/airflow/example_dags/example_branch_labels.py took 0.074 seconds
[2024-12-18T10:07:59.341+0000] {processor.py:186} INFO - Started process (PID=415) to work on /home/airflow/.local/lib/python3.12/site-packages/airflow/example_dags/example_branch_labels.py
[2024-12-18T10:07:59.341+0000] {processor.py:914} INFO - Processing file /home/airflow/.local/lib/python3.12/site-packages/airflow/example_dags/example_branch_labels.py for tasks to queue
[2024-12-18T10:07:59.342+0000] {logging_mixin.py:190} INFO - [2024-12-18T10:07:59.342+0000] {dagbag.py:588} INFO - Filling up the DagBag from /home/airflow/.local/lib/python3.12/site-packages/airflow/example_dags/example_branch_labels.py
[2024-12-18T10:07:59.351+0000] {processor.py:925} INFO - DAG(s) 'example_branch_labels' retrieved from /home/airflow/.local/lib/python3.12/site-packages/airflow/example_dags/example_branch_labels.py
[2024-12-18T10:07:59.368+0000] {logging_mixin.py:190} INFO - [2024-12-18T10:07:59.367+0000] {dag.py:3239} INFO - Sync 1 DAGs
[2024-12-18T10:07:59.388+0000] {logging_mixin.py:190} INFO - [2024-12-18T10:07:59.387+0000] {dag.py:4180} INFO - Setting next_dagrun for example_branch_labels to 2024-12-17 00:00:00+00:00, run_after=2024-12-18 00:00:00+00:00
[2024-12-18T10:07:59.400+0000] {processor.py:208} INFO - Processing /home/airflow/.local/lib/python3.12/site-packages/airflow/example_dags/example_branch_labels.py took 0.065 seconds
[2024-12-18T10:08:29.894+0000] {processor.py:186} INFO - Started process (PID=478) to work on /home/airflow/.local/lib/python3.12/site-packages/airflow/example_dags/example_branch_labels.py
[2024-12-18T10:08:29.894+0000] {processor.py:914} INFO - Processing file /home/airflow/.local/lib/python3.12/site-packages/airflow/example_dags/example_branch_labels.py for tasks to queue
[2024-12-18T10:08:29.895+0000] {logging_mixin.py:190} INFO - [2024-12-18T10:08:29.895+0000] {dagbag.py:588} INFO - Filling up the DagBag from /home/airflow/.local/lib/python3.12/site-packages/airflow/example_dags/example_branch_labels.py
[2024-12-18T10:08:29.905+0000] {processor.py:925} INFO - DAG(s) 'example_branch_labels' retrieved from /home/airflow/.local/lib/python3.12/site-packages/airflow/example_dags/example_branch_labels.py
[2024-12-18T10:08:29.923+0000] {logging_mixin.py:190} INFO - [2024-12-18T10:08:29.923+0000] {dag.py:3239} INFO - Sync 1 DAGs
[2024-12-18T10:08:29.946+0000] {logging_mixin.py:190} INFO - [2024-12-18T10:08:29.945+0000] {dag.py:4180} INFO - Setting next_dagrun for example_branch_labels to 2024-12-17 00:00:00+00:00, run_after=2024-12-18 00:00:00+00:00
[2024-12-18T10:08:29.961+0000] {processor.py:208} INFO - Processing /home/airflow/.local/lib/python3.12/site-packages/airflow/example_dags/example_branch_labels.py took 0.072 seconds
[2024-12-18T10:09:00.053+0000] {processor.py:186} INFO - Started process (PID=543) to work on /home/airflow/.local/lib/python3.12/site-packages/airflow/example_dags/example_branch_labels.py
[2024-12-18T10:09:00.054+0000] {processor.py:914} INFO - Processing file /home/airflow/.local/lib/python3.12/site-packages/airflow/example_dags/example_branch_labels.py for tasks to queue
[2024-12-18T10:09:00.056+0000] {logging_mixin.py:190} INFO - [2024-12-18T10:09:00.055+0000] {dagbag.py:588} INFO - Filling up the DagBag from /home/airflow/.local/lib/python3.12/site-packages/airflow/example_dags/example_branch_labels.py
[2024-12-18T10:09:00.066+0000] {processor.py:925} INFO - DAG(s) 'example_branch_labels' retrieved from /home/airflow/.local/lib/python3.12/site-packages/airflow/example_dags/example_branch_labels.py
[2024-12-18T10:09:00.086+0000] {logging_mixin.py:190} INFO - [2024-12-18T10:09:00.085+0000] {dag.py:3239} INFO - Sync 1 DAGs
[2024-12-18T10:09:00.110+0000] {logging_mixin.py:190} INFO - [2024-12-18T10:09:00.110+0000] {dag.py:4180} INFO - Setting next_dagrun for example_branch_labels to 2024-12-17 00:00:00+00:00, run_after=2024-12-18 00:00:00+00:00
[2024-12-18T10:09:00.127+0000] {processor.py:208} INFO - Processing /home/airflow/.local/lib/python3.12/site-packages/airflow/example_dags/example_branch_labels.py took 0.080 seconds
[2024-12-18T10:09:30.378+0000] {processor.py:186} INFO - Started process (PID=605) to work on /home/airflow/.local/lib/python3.12/site-packages/airflow/example_dags/example_branch_labels.py
[2024-12-18T10:09:30.379+0000] {processor.py:914} INFO - Processing file /home/airflow/.local/lib/python3.12/site-packages/airflow/example_dags/example_branch_labels.py for tasks to queue
[2024-12-18T10:09:30.380+0000] {logging_mixin.py:190} INFO - [2024-12-18T10:09:30.379+0000] {dagbag.py:588} INFO - Filling up the DagBag from /home/airflow/.local/lib/python3.12/site-packages/airflow/example_dags/example_branch_labels.py
[2024-12-18T10:09:30.390+0000] {processor.py:925} INFO - DAG(s) 'example_branch_labels' retrieved from /home/airflow/.local/lib/python3.12/site-packages/airflow/example_dags/example_branch_labels.py
[2024-12-18T10:09:30.412+0000] {logging_mixin.py:190} INFO - [2024-12-18T10:09:30.412+0000] {dag.py:3239} INFO - Sync 1 DAGs
[2024-12-18T10:09:30.443+0000] {logging_mixin.py:190} INFO - [2024-12-18T10:09:30.443+0000] {dag.py:4180} INFO - Setting next_dagrun for example_branch_labels to 2024-12-17 00:00:00+00:00, run_after=2024-12-18 00:00:00+00:00
[2024-12-18T10:09:30.461+0000] {processor.py:208} INFO - Processing /home/airflow/.local/lib/python3.12/site-packages/airflow/example_dags/example_branch_labels.py took 0.088 seconds
[2024-12-18T10:10:01.533+0000] {processor.py:186} INFO - Started process (PID=671) to work on /home/airflow/.local/lib/python3.12/site-packages/airflow/example_dags/example_branch_labels.py
[2024-12-18T10:10:01.534+0000] {processor.py:914} INFO - Processing file /home/airflow/.local/lib/python3.12/site-packages/airflow/example_dags/example_branch_labels.py for tasks to queue
[2024-12-18T10:10:01.535+0000] {logging_mixin.py:190} INFO - [2024-12-18T10:10:01.535+0000] {dagbag.py:588} INFO - Filling up the DagBag from /home/airflow/.local/lib/python3.12/site-packages/airflow/example_dags/example_branch_labels.py
[2024-12-18T10:10:01.544+0000] {processor.py:925} INFO - DAG(s) 'example_branch_labels' retrieved from /home/airflow/.local/lib/python3.12/site-packages/airflow/example_dags/example_branch_labels.py
[2024-12-18T10:10:01.562+0000] {logging_mixin.py:190} INFO - [2024-12-18T10:10:01.562+0000] {dag.py:3239} INFO - Sync 1 DAGs
[2024-12-18T10:10:01.584+0000] {logging_mixin.py:190} INFO - [2024-12-18T10:10:01.584+0000] {dag.py:4180} INFO - Setting next_dagrun for example_branch_labels to 2024-12-17 00:00:00+00:00, run_after=2024-12-18 00:00:00+00:00
[2024-12-18T10:10:01.599+0000] {processor.py:208} INFO - Processing /home/airflow/.local/lib/python3.12/site-packages/airflow/example_dags/example_branch_labels.py took 0.072 seconds
[2024-12-18T10:10:31.978+0000] {processor.py:186} INFO - Started process (PID=734) to work on /home/airflow/.local/lib/python3.12/site-packages/airflow/example_dags/example_branch_labels.py
[2024-12-18T10:10:31.979+0000] {processor.py:914} INFO - Processing file /home/airflow/.local/lib/python3.12/site-packages/airflow/example_dags/example_branch_labels.py for tasks to queue
[2024-12-18T10:10:31.980+0000] {logging_mixin.py:190} INFO - [2024-12-18T10:10:31.980+0000] {dagbag.py:588} INFO - Filling up the DagBag from /home/airflow/.local/lib/python3.12/site-packages/airflow/example_dags/example_branch_labels.py
[2024-12-18T10:10:31.994+0000] {processor.py:925} INFO - DAG(s) 'example_branch_labels' retrieved from /home/airflow/.local/lib/python3.12/site-packages/airflow/example_dags/example_branch_labels.py
[2024-12-18T10:10:32.023+0000] {logging_mixin.py:190} INFO - [2024-12-18T10:10:32.022+0000] {dag.py:3239} INFO - Sync 1 DAGs
[2024-12-18T10:10:32.053+0000] {logging_mixin.py:190} INFO - [2024-12-18T10:10:32.053+0000] {dag.py:4180} INFO - Setting next_dagrun for example_branch_labels to 2024-12-17 00:00:00+00:00, run_after=2024-12-18 00:00:00+00:00
[2024-12-18T10:10:32.076+0000] {processor.py:208} INFO - Processing /home/airflow/.local/lib/python3.12/site-packages/airflow/example_dags/example_branch_labels.py took 0.108 seconds
[2024-12-18T10:11:03.057+0000] {processor.py:186} INFO - Started process (PID=800) to work on /home/airflow/.local/lib/python3.12/site-packages/airflow/example_dags/example_branch_labels.py
[2024-12-18T10:11:03.058+0000] {processor.py:914} INFO - Processing file /home/airflow/.local/lib/python3.12/site-packages/airflow/example_dags/example_branch_labels.py for tasks to queue
[2024-12-18T10:11:03.059+0000] {logging_mixin.py:190} INFO - [2024-12-18T10:11:03.059+0000] {dagbag.py:588} INFO - Filling up the DagBag from /home/airflow/.local/lib/python3.12/site-packages/airflow/example_dags/example_branch_labels.py
[2024-12-18T10:11:03.068+0000] {processor.py:925} INFO - DAG(s) 'example_branch_labels' retrieved from /home/airflow/.local/lib/python3.12/site-packages/airflow/example_dags/example_branch_labels.py
[2024-12-18T10:11:03.088+0000] {logging_mixin.py:190} INFO - [2024-12-18T10:11:03.088+0000] {dag.py:3239} INFO - Sync 1 DAGs
[2024-12-18T10:11:03.114+0000] {logging_mixin.py:190} INFO - [2024-12-18T10:11:03.114+0000] {dag.py:4180} INFO - Setting next_dagrun for example_branch_labels to 2024-12-17 00:00:00+00:00, run_after=2024-12-18 00:00:00+00:00
[2024-12-18T10:11:03.131+0000] {processor.py:208} INFO - Processing /home/airflow/.local/lib/python3.12/site-packages/airflow/example_dags/example_branch_labels.py took 0.079 seconds
[2024-12-18T10:11:33.346+0000] {processor.py:186} INFO - Started process (PID=863) to work on /home/airflow/.local/lib/python3.12/site-packages/airflow/example_dags/example_branch_labels.py
[2024-12-18T10:11:33.347+0000] {processor.py:914} INFO - Processing file /home/airflow/.local/lib/python3.12/site-packages/airflow/example_dags/example_branch_labels.py for tasks to queue
[2024-12-18T10:11:33.349+0000] {logging_mixin.py:190} INFO - [2024-12-18T10:11:33.348+0000] {dagbag.py:588} INFO - Filling up the DagBag from /home/airflow/.local/lib/python3.12/site-packages/airflow/example_dags/example_branch_labels.py
[2024-12-18T10:11:33.360+0000] {processor.py:925} INFO - DAG(s) 'example_branch_labels' retrieved from /home/airflow/.local/lib/python3.12/site-packages/airflow/example_dags/example_branch_labels.py
[2024-12-18T10:11:33.386+0000] {logging_mixin.py:190} INFO - [2024-12-18T10:11:33.385+0000] {dag.py:3239} INFO - Sync 1 DAGs
[2024-12-18T10:11:33.418+0000] {logging_mixin.py:190} INFO - [2024-12-18T10:11:33.418+0000] {dag.py:4180} INFO - Setting next_dagrun for example_branch_labels to 2024-12-17 00:00:00+00:00, run_after=2024-12-18 00:00:00+00:00
[2024-12-18T10:11:33.439+0000] {processor.py:208} INFO - Processing /home/airflow/.local/lib/python3.12/site-packages/airflow/example_dags/example_branch_labels.py took 0.102 seconds
[2024-12-18T10:12:04.261+0000] {processor.py:186} INFO - Started process (PID=929) to work on /home/airflow/.local/lib/python3.12/site-packages/airflow/example_dags/example_branch_labels.py
[2024-12-18T10:12:04.262+0000] {processor.py:914} INFO - Processing file /home/airflow/.local/lib/python3.12/site-packages/airflow/example_dags/example_branch_labels.py for tasks to queue
[2024-12-18T10:12:04.264+0000] {logging_mixin.py:190} INFO - [2024-12-18T10:12:04.263+0000] {dagbag.py:588} INFO - Filling up the DagBag from /home/airflow/.local/lib/python3.12/site-packages/airflow/example_dags/example_branch_labels.py
[2024-12-18T10:12:04.278+0000] {processor.py:925} INFO - DAG(s) 'example_branch_labels' retrieved from /home/airflow/.local/lib/python3.12/site-packages/airflow/example_dags/example_branch_labels.py
[2024-12-18T10:12:04.302+0000] {logging_mixin.py:190} INFO - [2024-12-18T10:12:04.301+0000] {dag.py:3239} INFO - Sync 1 DAGs
[2024-12-18T10:12:04.326+0000] {logging_mixin.py:190} INFO - [2024-12-18T10:12:04.326+0000] {dag.py:4180} INFO - Setting next_dagrun for example_branch_labels to 2024-12-17 00:00:00+00:00, run_after=2024-12-18 00:00:00+00:00
[2024-12-18T10:12:04.341+0000] {processor.py:208} INFO - Processing /home/airflow/.local/lib/python3.12/site-packages/airflow/example_dags/example_branch_labels.py took 0.089 seconds
[2024-12-18T10:12:34.731+0000] {processor.py:186} INFO - Started process (PID=992) to work on /home/airflow/.local/lib/python3.12/site-packages/airflow/example_dags/example_branch_labels.py
[2024-12-18T10:12:34.732+0000] {processor.py:914} INFO - Processing file /home/airflow/.local/lib/python3.12/site-packages/airflow/example_dags/example_branch_labels.py for tasks to queue
[2024-12-18T10:12:34.733+0000] {logging_mixin.py:190} INFO - [2024-12-18T10:12:34.733+0000] {dagbag.py:588} INFO - Filling up the DagBag from /home/airflow/.local/lib/python3.12/site-packages/airflow/example_dags/example_branch_labels.py
[2024-12-18T10:12:34.743+0000] {processor.py:925} INFO - DAG(s) 'example_branch_labels' retrieved from /home/airflow/.local/lib/python3.12/site-packages/airflow/example_dags/example_branch_labels.py
[2024-12-18T10:12:34.762+0000] {logging_mixin.py:190} INFO - [2024-12-18T10:12:34.762+0000] {dag.py:3239} INFO - Sync 1 DAGs
[2024-12-18T10:12:34.785+0000] {logging_mixin.py:190} INFO - [2024-12-18T10:12:34.785+0000] {dag.py:4180} INFO - Setting next_dagrun for example_branch_labels to 2024-12-17 00:00:00+00:00, run_after=2024-12-18 00:00:00+00:00
[2024-12-18T10:12:34.801+0000] {processor.py:208} INFO - Processing /home/airflow/.local/lib/python3.12/site-packages/airflow/example_dags/example_branch_labels.py took 0.075 seconds
[2024-12-18T10:13:05.019+0000] {processor.py:186} INFO - Started process (PID=1055) to work on /home/airflow/.local/lib/python3.12/site-packages/airflow/example_dags/example_branch_labels.py
[2024-12-18T10:13:05.020+0000] {processor.py:914} INFO - Processing file /home/airflow/.local/lib/python3.12/site-packages/airflow/example_dags/example_branch_labels.py for tasks to queue
[2024-12-18T10:13:05.021+0000] {logging_mixin.py:190} INFO - [2024-12-18T10:13:05.021+0000] {dagbag.py:588} INFO - Filling up the DagBag from /home/airflow/.local/lib/python3.12/site-packages/airflow/example_dags/example_branch_labels.py
[2024-12-18T10:13:05.030+0000] {processor.py:925} INFO - DAG(s) 'example_branch_labels' retrieved from /home/airflow/.local/lib/python3.12/site-packages/airflow/example_dags/example_branch_labels.py
[2024-12-18T10:13:05.050+0000] {logging_mixin.py:190} INFO - [2024-12-18T10:13:05.050+0000] {dag.py:3239} INFO - Sync 1 DAGs
[2024-12-18T10:13:05.076+0000] {logging_mixin.py:190} INFO - [2024-12-18T10:13:05.075+0000] {dag.py:4180} INFO - Setting next_dagrun for example_branch_labels to 2024-12-17 00:00:00+00:00, run_after=2024-12-18 00:00:00+00:00
[2024-12-18T10:13:05.093+0000] {processor.py:208} INFO - Processing /home/airflow/.local/lib/python3.12/site-packages/airflow/example_dags/example_branch_labels.py took 0.080 seconds
[2024-12-18T10:13:35.728+0000] {processor.py:186} INFO - Started process (PID=1119) to work on /home/airflow/.local/lib/python3.12/site-packages/airflow/example_dags/example_branch_labels.py
[2024-12-18T10:13:35.729+0000] {processor.py:914} INFO - Processing file /home/airflow/.local/lib/python3.12/site-packages/airflow/example_dags/example_branch_labels.py for tasks to queue
[2024-12-18T10:13:35.730+0000] {logging_mixin.py:190} INFO - [2024-12-18T10:13:35.730+0000] {dagbag.py:588} INFO - Filling up the DagBag from /home/airflow/.local/lib/python3.12/site-packages/airflow/example_dags/example_branch_labels.py
[2024-12-18T10:13:35.741+0000] {processor.py:925} INFO - DAG(s) 'example_branch_labels' retrieved from /home/airflow/.local/lib/python3.12/site-packages/airflow/example_dags/example_branch_labels.py
[2024-12-18T10:13:35.761+0000] {logging_mixin.py:190} INFO - [2024-12-18T10:13:35.761+0000] {dag.py:3239} INFO - Sync 1 DAGs
[2024-12-18T10:13:35.791+0000] {logging_mixin.py:190} INFO - [2024-12-18T10:13:35.791+0000] {dag.py:4180} INFO - Setting next_dagrun for example_branch_labels to 2024-12-17 00:00:00+00:00, run_after=2024-12-18 00:00:00+00:00
[2024-12-18T10:13:35.810+0000] {processor.py:208} INFO - Processing /home/airflow/.local/lib/python3.12/site-packages/airflow/example_dags/example_branch_labels.py took 0.088 seconds
[2024-12-18T10:15:25.000+0000] {processor.py:186} INFO - Started process (PID=83) to work on /home/airflow/.local/lib/python3.12/site-packages/airflow/example_dags/example_branch_labels.py
[2024-12-18T10:15:25.001+0000] {processor.py:914} INFO - Processing file /home/airflow/.local/lib/python3.12/site-packages/airflow/example_dags/example_branch_labels.py for tasks to queue
[2024-12-18T10:15:25.004+0000] {logging_mixin.py:190} INFO - [2024-12-18T10:15:25.004+0000] {dagbag.py:588} INFO - Filling up the DagBag from /home/airflow/.local/lib/python3.12/site-packages/airflow/example_dags/example_branch_labels.py
[2024-12-18T10:15:25.016+0000] {processor.py:925} INFO - DAG(s) 'example_branch_labels' retrieved from /home/airflow/.local/lib/python3.12/site-packages/airflow/example_dags/example_branch_labels.py
[2024-12-18T10:15:25.046+0000] {logging_mixin.py:190} INFO - [2024-12-18T10:15:25.046+0000] {dag.py:3239} INFO - Sync 1 DAGs
[2024-12-18T10:15:25.069+0000] {logging_mixin.py:190} INFO - [2024-12-18T10:15:25.069+0000] {dag.py:4180} INFO - Setting next_dagrun for example_branch_labels to 2024-12-17 00:00:00+00:00, run_after=2024-12-18 00:00:00+00:00
[2024-12-18T10:15:25.085+0000] {processor.py:208} INFO - Processing /home/airflow/.local/lib/python3.12/site-packages/airflow/example_dags/example_branch_labels.py took 0.092 seconds
[2024-12-18T10:15:55.760+0000] {processor.py:186} INFO - Started process (PID=147) to work on /home/airflow/.local/lib/python3.12/site-packages/airflow/example_dags/example_branch_labels.py
[2024-12-18T10:15:55.761+0000] {processor.py:914} INFO - Processing file /home/airflow/.local/lib/python3.12/site-packages/airflow/example_dags/example_branch_labels.py for tasks to queue
[2024-12-18T10:15:55.764+0000] {logging_mixin.py:190} INFO - [2024-12-18T10:15:55.763+0000] {dagbag.py:588} INFO - Filling up the DagBag from /home/airflow/.local/lib/python3.12/site-packages/airflow/example_dags/example_branch_labels.py
[2024-12-18T10:15:55.778+0000] {processor.py:925} INFO - DAG(s) 'example_branch_labels' retrieved from /home/airflow/.local/lib/python3.12/site-packages/airflow/example_dags/example_branch_labels.py
[2024-12-18T10:15:55.801+0000] {logging_mixin.py:190} INFO - [2024-12-18T10:15:55.800+0000] {dag.py:3239} INFO - Sync 1 DAGs
[2024-12-18T10:15:55.834+0000] {logging_mixin.py:190} INFO - [2024-12-18T10:15:55.833+0000] {dag.py:4180} INFO - Setting next_dagrun for example_branch_labels to 2024-12-17 00:00:00+00:00, run_after=2024-12-18 00:00:00+00:00
[2024-12-18T10:15:55.863+0000] {processor.py:208} INFO - Processing /home/airflow/.local/lib/python3.12/site-packages/airflow/example_dags/example_branch_labels.py took 0.109 seconds
[2024-12-18T10:16:25.918+0000] {processor.py:186} INFO - Started process (PID=215) to work on /home/airflow/.local/lib/python3.12/site-packages/airflow/example_dags/example_branch_labels.py
[2024-12-18T10:16:25.919+0000] {processor.py:914} INFO - Processing file /home/airflow/.local/lib/python3.12/site-packages/airflow/example_dags/example_branch_labels.py for tasks to queue
[2024-12-18T10:16:25.920+0000] {logging_mixin.py:190} INFO - [2024-12-18T10:16:25.920+0000] {dagbag.py:588} INFO - Filling up the DagBag from /home/airflow/.local/lib/python3.12/site-packages/airflow/example_dags/example_branch_labels.py
[2024-12-18T10:16:25.930+0000] {processor.py:925} INFO - DAG(s) 'example_branch_labels' retrieved from /home/airflow/.local/lib/python3.12/site-packages/airflow/example_dags/example_branch_labels.py
[2024-12-18T10:16:25.948+0000] {logging_mixin.py:190} INFO - [2024-12-18T10:16:25.948+0000] {dag.py:3239} INFO - Sync 1 DAGs
[2024-12-18T10:16:25.971+0000] {logging_mixin.py:190} INFO - [2024-12-18T10:16:25.970+0000] {dag.py:4180} INFO - Setting next_dagrun for example_branch_labels to 2024-12-17 00:00:00+00:00, run_after=2024-12-18 00:00:00+00:00
[2024-12-18T10:16:25.988+0000] {processor.py:208} INFO - Processing /home/airflow/.local/lib/python3.12/site-packages/airflow/example_dags/example_branch_labels.py took 0.075 seconds
[2024-12-18T10:16:56.028+0000] {processor.py:186} INFO - Started process (PID=278) to work on /home/airflow/.local/lib/python3.12/site-packages/airflow/example_dags/example_branch_labels.py
[2024-12-18T10:16:56.029+0000] {processor.py:914} INFO - Processing file /home/airflow/.local/lib/python3.12/site-packages/airflow/example_dags/example_branch_labels.py for tasks to queue
[2024-12-18T10:16:56.032+0000] {logging_mixin.py:190} INFO - [2024-12-18T10:16:56.032+0000] {dagbag.py:588} INFO - Filling up the DagBag from /home/airflow/.local/lib/python3.12/site-packages/airflow/example_dags/example_branch_labels.py
[2024-12-18T10:16:56.045+0000] {processor.py:925} INFO - DAG(s) 'example_branch_labels' retrieved from /home/airflow/.local/lib/python3.12/site-packages/airflow/example_dags/example_branch_labels.py
[2024-12-18T10:16:56.067+0000] {logging_mixin.py:190} INFO - [2024-12-18T10:16:56.066+0000] {dag.py:3239} INFO - Sync 1 DAGs
[2024-12-18T10:16:56.092+0000] {logging_mixin.py:190} INFO - [2024-12-18T10:16:56.092+0000] {dag.py:4180} INFO - Setting next_dagrun for example_branch_labels to 2024-12-17 00:00:00+00:00, run_after=2024-12-18 00:00:00+00:00
[2024-12-18T10:16:56.110+0000] {processor.py:208} INFO - Processing /home/airflow/.local/lib/python3.12/site-packages/airflow/example_dags/example_branch_labels.py took 0.090 seconds
[2024-12-18T10:17:26.662+0000] {processor.py:186} INFO - Started process (PID=348) to work on /home/airflow/.local/lib/python3.12/site-packages/airflow/example_dags/example_branch_labels.py
[2024-12-18T10:17:26.663+0000] {processor.py:914} INFO - Processing file /home/airflow/.local/lib/python3.12/site-packages/airflow/example_dags/example_branch_labels.py for tasks to queue
[2024-12-18T10:17:26.665+0000] {logging_mixin.py:190} INFO - [2024-12-18T10:17:26.665+0000] {dagbag.py:588} INFO - Filling up the DagBag from /home/airflow/.local/lib/python3.12/site-packages/airflow/example_dags/example_branch_labels.py
[2024-12-18T10:17:26.675+0000] {processor.py:925} INFO - DAG(s) 'example_branch_labels' retrieved from /home/airflow/.local/lib/python3.12/site-packages/airflow/example_dags/example_branch_labels.py
[2024-12-18T10:17:26.701+0000] {logging_mixin.py:190} INFO - [2024-12-18T10:17:26.700+0000] {dag.py:3239} INFO - Sync 1 DAGs
[2024-12-18T10:17:26.730+0000] {logging_mixin.py:190} INFO - [2024-12-18T10:17:26.730+0000] {dag.py:4180} INFO - Setting next_dagrun for example_branch_labels to 2024-12-17 00:00:00+00:00, run_after=2024-12-18 00:00:00+00:00
[2024-12-18T10:17:26.750+0000] {processor.py:208} INFO - Processing /home/airflow/.local/lib/python3.12/site-packages/airflow/example_dags/example_branch_labels.py took 0.094 seconds
