[2024-12-18T09:53:47.738+0000] {processor.py:186} INFO - Started process (PID=80) to work on /home/airflow/.local/lib/python3.12/site-packages/airflow/example_dags/example_display_name.py
[2024-12-18T09:53:47.739+0000] {processor.py:914} INFO - Processing file /home/airflow/.local/lib/python3.12/site-packages/airflow/example_dags/example_display_name.py for tasks to queue
[2024-12-18T09:53:47.741+0000] {logging_mixin.py:190} INFO - [2024-12-18T09:53:47.741+0000] {dagbag.py:588} INFO - Filling up the DagBag from /home/airflow/.local/lib/python3.12/site-packages/airflow/example_dags/example_display_name.py
[2024-12-18T09:53:47.750+0000] {processor.py:925} INFO - DAG(s) 'example_display_name' retrieved from /home/airflow/.local/lib/python3.12/site-packages/airflow/example_dags/example_display_name.py
[2024-12-18T09:53:47.787+0000] {logging_mixin.py:190} INFO - [2024-12-18T09:53:47.787+0000] {dag.py:3239} INFO - Sync 1 DAGs
[2024-12-18T09:53:47.803+0000] {logging_mixin.py:190} INFO - [2024-12-18T09:53:47.803+0000] {dag.py:4180} INFO - Setting next_dagrun for example_display_name to None, run_after=None
[2024-12-18T09:53:47.822+0000] {processor.py:208} INFO - Processing /home/airflow/.local/lib/python3.12/site-packages/airflow/example_dags/example_display_name.py took 0.090 seconds
[2024-12-18T09:54:19.070+0000] {processor.py:186} INFO - Started process (PID=150) to work on /home/airflow/.local/lib/python3.12/site-packages/airflow/example_dags/example_display_name.py
[2024-12-18T09:54:19.071+0000] {processor.py:914} INFO - Processing file /home/airflow/.local/lib/python3.12/site-packages/airflow/example_dags/example_display_name.py for tasks to queue
[2024-12-18T09:54:19.073+0000] {logging_mixin.py:190} INFO - [2024-12-18T09:54:19.073+0000] {dagbag.py:588} INFO - Filling up the DagBag from /home/airflow/.local/lib/python3.12/site-packages/airflow/example_dags/example_display_name.py
[2024-12-18T09:54:19.082+0000] {processor.py:925} INFO - DAG(s) 'example_display_name' retrieved from /home/airflow/.local/lib/python3.12/site-packages/airflow/example_dags/example_display_name.py
[2024-12-18T09:54:19.106+0000] {logging_mixin.py:190} INFO - [2024-12-18T09:54:19.106+0000] {dag.py:3239} INFO - Sync 1 DAGs
[2024-12-18T09:54:19.127+0000] {logging_mixin.py:190} INFO - [2024-12-18T09:54:19.127+0000] {dag.py:4180} INFO - Setting next_dagrun for example_display_name to None, run_after=None
[2024-12-18T09:54:19.149+0000] {processor.py:208} INFO - Processing /home/airflow/.local/lib/python3.12/site-packages/airflow/example_dags/example_display_name.py took 0.087 seconds
[2024-12-18T09:54:49.734+0000] {processor.py:186} INFO - Started process (PID=214) to work on /home/airflow/.local/lib/python3.12/site-packages/airflow/example_dags/example_display_name.py
[2024-12-18T09:54:49.735+0000] {processor.py:914} INFO - Processing file /home/airflow/.local/lib/python3.12/site-packages/airflow/example_dags/example_display_name.py for tasks to queue
[2024-12-18T09:54:49.737+0000] {logging_mixin.py:190} INFO - [2024-12-18T09:54:49.736+0000] {dagbag.py:588} INFO - Filling up the DagBag from /home/airflow/.local/lib/python3.12/site-packages/airflow/example_dags/example_display_name.py
[2024-12-18T09:54:49.743+0000] {processor.py:925} INFO - DAG(s) 'example_display_name' retrieved from /home/airflow/.local/lib/python3.12/site-packages/airflow/example_dags/example_display_name.py
[2024-12-18T09:54:49.760+0000] {logging_mixin.py:190} INFO - [2024-12-18T09:54:49.760+0000] {dag.py:3239} INFO - Sync 1 DAGs
[2024-12-18T09:54:49.772+0000] {logging_mixin.py:190} INFO - [2024-12-18T09:54:49.772+0000] {dag.py:4180} INFO - Setting next_dagrun for example_display_name to None, run_after=None
[2024-12-18T09:54:49.786+0000] {processor.py:208} INFO - Processing /home/airflow/.local/lib/python3.12/site-packages/airflow/example_dags/example_display_name.py took 0.058 seconds
[2024-12-18T09:55:20.225+0000] {processor.py:186} INFO - Started process (PID=277) to work on /home/airflow/.local/lib/python3.12/site-packages/airflow/example_dags/example_display_name.py
[2024-12-18T09:55:20.226+0000] {processor.py:914} INFO - Processing file /home/airflow/.local/lib/python3.12/site-packages/airflow/example_dags/example_display_name.py for tasks to queue
[2024-12-18T09:55:20.228+0000] {logging_mixin.py:190} INFO - [2024-12-18T09:55:20.228+0000] {dagbag.py:588} INFO - Filling up the DagBag from /home/airflow/.local/lib/python3.12/site-packages/airflow/example_dags/example_display_name.py
[2024-12-18T09:55:20.235+0000] {processor.py:925} INFO - DAG(s) 'example_display_name' retrieved from /home/airflow/.local/lib/python3.12/site-packages/airflow/example_dags/example_display_name.py
[2024-12-18T09:55:20.252+0000] {logging_mixin.py:190} INFO - [2024-12-18T09:55:20.252+0000] {dag.py:3239} INFO - Sync 1 DAGs
[2024-12-18T09:55:20.265+0000] {logging_mixin.py:190} INFO - [2024-12-18T09:55:20.265+0000] {dag.py:4180} INFO - Setting next_dagrun for example_display_name to None, run_after=None
[2024-12-18T09:55:20.281+0000] {processor.py:208} INFO - Processing /home/airflow/.local/lib/python3.12/site-packages/airflow/example_dags/example_display_name.py took 0.061 seconds
[2024-12-18T09:55:50.566+0000] {processor.py:186} INFO - Started process (PID=343) to work on /home/airflow/.local/lib/python3.12/site-packages/airflow/example_dags/example_display_name.py
[2024-12-18T09:55:50.567+0000] {processor.py:914} INFO - Processing file /home/airflow/.local/lib/python3.12/site-packages/airflow/example_dags/example_display_name.py for tasks to queue
[2024-12-18T09:55:50.570+0000] {logging_mixin.py:190} INFO - [2024-12-18T09:55:50.569+0000] {dagbag.py:588} INFO - Filling up the DagBag from /home/airflow/.local/lib/python3.12/site-packages/airflow/example_dags/example_display_name.py
[2024-12-18T09:55:50.578+0000] {processor.py:925} INFO - DAG(s) 'example_display_name' retrieved from /home/airflow/.local/lib/python3.12/site-packages/airflow/example_dags/example_display_name.py
[2024-12-18T09:55:50.600+0000] {logging_mixin.py:190} INFO - [2024-12-18T09:55:50.600+0000] {dag.py:3239} INFO - Sync 1 DAGs
[2024-12-18T09:55:50.620+0000] {logging_mixin.py:190} INFO - [2024-12-18T09:55:50.619+0000] {dag.py:4180} INFO - Setting next_dagrun for example_display_name to None, run_after=None
[2024-12-18T09:55:50.639+0000] {processor.py:208} INFO - Processing /home/airflow/.local/lib/python3.12/site-packages/airflow/example_dags/example_display_name.py took 0.079 seconds
[2024-12-18T09:56:20.754+0000] {processor.py:186} INFO - Started process (PID=407) to work on /home/airflow/.local/lib/python3.12/site-packages/airflow/example_dags/example_display_name.py
[2024-12-18T09:56:20.754+0000] {processor.py:914} INFO - Processing file /home/airflow/.local/lib/python3.12/site-packages/airflow/example_dags/example_display_name.py for tasks to queue
[2024-12-18T09:56:20.757+0000] {logging_mixin.py:190} INFO - [2024-12-18T09:56:20.757+0000] {dagbag.py:588} INFO - Filling up the DagBag from /home/airflow/.local/lib/python3.12/site-packages/airflow/example_dags/example_display_name.py
[2024-12-18T09:56:20.765+0000] {processor.py:925} INFO - DAG(s) 'example_display_name' retrieved from /home/airflow/.local/lib/python3.12/site-packages/airflow/example_dags/example_display_name.py
[2024-12-18T09:56:20.785+0000] {logging_mixin.py:190} INFO - [2024-12-18T09:56:20.785+0000] {dag.py:3239} INFO - Sync 1 DAGs
[2024-12-18T09:56:20.802+0000] {logging_mixin.py:190} INFO - [2024-12-18T09:56:20.802+0000] {dag.py:4180} INFO - Setting next_dagrun for example_display_name to None, run_after=None
[2024-12-18T09:56:20.825+0000] {processor.py:208} INFO - Processing /home/airflow/.local/lib/python3.12/site-packages/airflow/example_dags/example_display_name.py took 0.078 seconds
[2024-12-18T09:56:50.947+0000] {processor.py:186} INFO - Started process (PID=485) to work on /home/airflow/.local/lib/python3.12/site-packages/airflow/example_dags/example_display_name.py
[2024-12-18T09:56:50.948+0000] {processor.py:914} INFO - Processing file /home/airflow/.local/lib/python3.12/site-packages/airflow/example_dags/example_display_name.py for tasks to queue
[2024-12-18T09:56:50.951+0000] {logging_mixin.py:190} INFO - [2024-12-18T09:56:50.950+0000] {dagbag.py:588} INFO - Filling up the DagBag from /home/airflow/.local/lib/python3.12/site-packages/airflow/example_dags/example_display_name.py
[2024-12-18T09:56:50.962+0000] {processor.py:925} INFO - DAG(s) 'example_display_name' retrieved from /home/airflow/.local/lib/python3.12/site-packages/airflow/example_dags/example_display_name.py
[2024-12-18T09:56:50.984+0000] {logging_mixin.py:190} INFO - [2024-12-18T09:56:50.984+0000] {dag.py:3239} INFO - Sync 1 DAGs
[2024-12-18T09:56:51.001+0000] {logging_mixin.py:190} INFO - [2024-12-18T09:56:51.001+0000] {dag.py:4180} INFO - Setting next_dagrun for example_display_name to None, run_after=None
[2024-12-18T09:56:51.024+0000] {processor.py:208} INFO - Processing /home/airflow/.local/lib/python3.12/site-packages/airflow/example_dags/example_display_name.py took 0.085 seconds
[2024-12-18T09:57:21.324+0000] {processor.py:186} INFO - Started process (PID=549) to work on /home/airflow/.local/lib/python3.12/site-packages/airflow/example_dags/example_display_name.py
[2024-12-18T09:57:21.325+0000] {processor.py:914} INFO - Processing file /home/airflow/.local/lib/python3.12/site-packages/airflow/example_dags/example_display_name.py for tasks to queue
[2024-12-18T09:57:21.328+0000] {logging_mixin.py:190} INFO - [2024-12-18T09:57:21.328+0000] {dagbag.py:588} INFO - Filling up the DagBag from /home/airflow/.local/lib/python3.12/site-packages/airflow/example_dags/example_display_name.py
[2024-12-18T09:57:21.339+0000] {processor.py:925} INFO - DAG(s) 'example_display_name' retrieved from /home/airflow/.local/lib/python3.12/site-packages/airflow/example_dags/example_display_name.py
[2024-12-18T09:57:21.364+0000] {logging_mixin.py:190} INFO - [2024-12-18T09:57:21.364+0000] {dag.py:3239} INFO - Sync 1 DAGs
[2024-12-18T09:57:21.387+0000] {logging_mixin.py:190} INFO - [2024-12-18T09:57:21.386+0000] {dag.py:4180} INFO - Setting next_dagrun for example_display_name to None, run_after=None
[2024-12-18T09:57:21.407+0000] {processor.py:208} INFO - Processing /home/airflow/.local/lib/python3.12/site-packages/airflow/example_dags/example_display_name.py took 0.092 seconds
[2024-12-18T09:57:51.642+0000] {processor.py:186} INFO - Started process (PID=613) to work on /home/airflow/.local/lib/python3.12/site-packages/airflow/example_dags/example_display_name.py
[2024-12-18T09:57:51.643+0000] {processor.py:914} INFO - Processing file /home/airflow/.local/lib/python3.12/site-packages/airflow/example_dags/example_display_name.py for tasks to queue
[2024-12-18T09:57:51.645+0000] {logging_mixin.py:190} INFO - [2024-12-18T09:57:51.645+0000] {dagbag.py:588} INFO - Filling up the DagBag from /home/airflow/.local/lib/python3.12/site-packages/airflow/example_dags/example_display_name.py
[2024-12-18T09:57:51.653+0000] {processor.py:925} INFO - DAG(s) 'example_display_name' retrieved from /home/airflow/.local/lib/python3.12/site-packages/airflow/example_dags/example_display_name.py
[2024-12-18T09:57:51.677+0000] {logging_mixin.py:190} INFO - [2024-12-18T09:57:51.677+0000] {dag.py:3239} INFO - Sync 1 DAGs
[2024-12-18T09:57:51.707+0000] {logging_mixin.py:190} INFO - [2024-12-18T09:57:51.706+0000] {dag.py:4180} INFO - Setting next_dagrun for example_display_name to None, run_after=None
[2024-12-18T09:57:51.738+0000] {processor.py:208} INFO - Processing /home/airflow/.local/lib/python3.12/site-packages/airflow/example_dags/example_display_name.py took 0.101 seconds
[2024-12-18T09:58:21.969+0000] {processor.py:186} INFO - Started process (PID=677) to work on /home/airflow/.local/lib/python3.12/site-packages/airflow/example_dags/example_display_name.py
[2024-12-18T09:58:21.970+0000] {processor.py:914} INFO - Processing file /home/airflow/.local/lib/python3.12/site-packages/airflow/example_dags/example_display_name.py for tasks to queue
[2024-12-18T09:58:21.972+0000] {logging_mixin.py:190} INFO - [2024-12-18T09:58:21.971+0000] {dagbag.py:588} INFO - Filling up the DagBag from /home/airflow/.local/lib/python3.12/site-packages/airflow/example_dags/example_display_name.py
[2024-12-18T09:58:21.979+0000] {processor.py:925} INFO - DAG(s) 'example_display_name' retrieved from /home/airflow/.local/lib/python3.12/site-packages/airflow/example_dags/example_display_name.py
[2024-12-18T09:58:21.996+0000] {logging_mixin.py:190} INFO - [2024-12-18T09:58:21.996+0000] {dag.py:3239} INFO - Sync 1 DAGs
[2024-12-18T09:58:22.011+0000] {logging_mixin.py:190} INFO - [2024-12-18T09:58:22.011+0000] {dag.py:4180} INFO - Setting next_dagrun for example_display_name to None, run_after=None
[2024-12-18T09:58:22.027+0000] {processor.py:208} INFO - Processing /home/airflow/.local/lib/python3.12/site-packages/airflow/example_dags/example_display_name.py took 0.064 seconds
[2024-12-18T09:58:52.761+0000] {processor.py:186} INFO - Started process (PID=741) to work on /home/airflow/.local/lib/python3.12/site-packages/airflow/example_dags/example_display_name.py
[2024-12-18T09:58:52.761+0000] {processor.py:914} INFO - Processing file /home/airflow/.local/lib/python3.12/site-packages/airflow/example_dags/example_display_name.py for tasks to queue
[2024-12-18T09:58:52.764+0000] {logging_mixin.py:190} INFO - [2024-12-18T09:58:52.763+0000] {dagbag.py:588} INFO - Filling up the DagBag from /home/airflow/.local/lib/python3.12/site-packages/airflow/example_dags/example_display_name.py
[2024-12-18T09:58:52.771+0000] {processor.py:925} INFO - DAG(s) 'example_display_name' retrieved from /home/airflow/.local/lib/python3.12/site-packages/airflow/example_dags/example_display_name.py
[2024-12-18T09:58:52.788+0000] {logging_mixin.py:190} INFO - [2024-12-18T09:58:52.788+0000] {dag.py:3239} INFO - Sync 1 DAGs
[2024-12-18T09:58:52.802+0000] {logging_mixin.py:190} INFO - [2024-12-18T09:58:52.802+0000] {dag.py:4180} INFO - Setting next_dagrun for example_display_name to None, run_after=None
[2024-12-18T09:58:52.818+0000] {processor.py:208} INFO - Processing /home/airflow/.local/lib/python3.12/site-packages/airflow/example_dags/example_display_name.py took 0.064 seconds
[2024-12-18T09:59:23.082+0000] {processor.py:186} INFO - Started process (PID=805) to work on /home/airflow/.local/lib/python3.12/site-packages/airflow/example_dags/example_display_name.py
[2024-12-18T09:59:23.082+0000] {processor.py:914} INFO - Processing file /home/airflow/.local/lib/python3.12/site-packages/airflow/example_dags/example_display_name.py for tasks to queue
[2024-12-18T09:59:23.084+0000] {logging_mixin.py:190} INFO - [2024-12-18T09:59:23.084+0000] {dagbag.py:588} INFO - Filling up the DagBag from /home/airflow/.local/lib/python3.12/site-packages/airflow/example_dags/example_display_name.py
[2024-12-18T09:59:23.093+0000] {processor.py:925} INFO - DAG(s) 'example_display_name' retrieved from /home/airflow/.local/lib/python3.12/site-packages/airflow/example_dags/example_display_name.py
[2024-12-18T09:59:23.111+0000] {logging_mixin.py:190} INFO - [2024-12-18T09:59:23.111+0000] {dag.py:3239} INFO - Sync 1 DAGs
[2024-12-18T09:59:23.127+0000] {logging_mixin.py:190} INFO - [2024-12-18T09:59:23.127+0000] {dag.py:4180} INFO - Setting next_dagrun for example_display_name to None, run_after=None
[2024-12-18T09:59:23.149+0000] {processor.py:208} INFO - Processing /home/airflow/.local/lib/python3.12/site-packages/airflow/example_dags/example_display_name.py took 0.074 seconds
[2024-12-18T09:59:53.667+0000] {processor.py:186} INFO - Started process (PID=869) to work on /home/airflow/.local/lib/python3.12/site-packages/airflow/example_dags/example_display_name.py
[2024-12-18T09:59:53.668+0000] {processor.py:914} INFO - Processing file /home/airflow/.local/lib/python3.12/site-packages/airflow/example_dags/example_display_name.py for tasks to queue
[2024-12-18T09:59:53.670+0000] {logging_mixin.py:190} INFO - [2024-12-18T09:59:53.669+0000] {dagbag.py:588} INFO - Filling up the DagBag from /home/airflow/.local/lib/python3.12/site-packages/airflow/example_dags/example_display_name.py
[2024-12-18T09:59:53.677+0000] {processor.py:925} INFO - DAG(s) 'example_display_name' retrieved from /home/airflow/.local/lib/python3.12/site-packages/airflow/example_dags/example_display_name.py
[2024-12-18T09:59:53.695+0000] {logging_mixin.py:190} INFO - [2024-12-18T09:59:53.695+0000] {dag.py:3239} INFO - Sync 1 DAGs
[2024-12-18T09:59:53.710+0000] {logging_mixin.py:190} INFO - [2024-12-18T09:59:53.709+0000] {dag.py:4180} INFO - Setting next_dagrun for example_display_name to None, run_after=None
[2024-12-18T09:59:53.727+0000] {processor.py:208} INFO - Processing /home/airflow/.local/lib/python3.12/site-packages/airflow/example_dags/example_display_name.py took 0.066 seconds
[2024-12-18T10:00:24.269+0000] {processor.py:186} INFO - Started process (PID=933) to work on /home/airflow/.local/lib/python3.12/site-packages/airflow/example_dags/example_display_name.py
[2024-12-18T10:00:24.270+0000] {processor.py:914} INFO - Processing file /home/airflow/.local/lib/python3.12/site-packages/airflow/example_dags/example_display_name.py for tasks to queue
[2024-12-18T10:00:24.272+0000] {logging_mixin.py:190} INFO - [2024-12-18T10:00:24.272+0000] {dagbag.py:588} INFO - Filling up the DagBag from /home/airflow/.local/lib/python3.12/site-packages/airflow/example_dags/example_display_name.py
[2024-12-18T10:00:24.280+0000] {processor.py:925} INFO - DAG(s) 'example_display_name' retrieved from /home/airflow/.local/lib/python3.12/site-packages/airflow/example_dags/example_display_name.py
[2024-12-18T10:00:24.298+0000] {logging_mixin.py:190} INFO - [2024-12-18T10:00:24.298+0000] {dag.py:3239} INFO - Sync 1 DAGs
[2024-12-18T10:00:24.314+0000] {logging_mixin.py:190} INFO - [2024-12-18T10:00:24.313+0000] {dag.py:4180} INFO - Setting next_dagrun for example_display_name to None, run_after=None
[2024-12-18T10:00:24.332+0000] {processor.py:208} INFO - Processing /home/airflow/.local/lib/python3.12/site-packages/airflow/example_dags/example_display_name.py took 0.069 seconds
[2024-12-18T10:00:54.697+0000] {processor.py:186} INFO - Started process (PID=997) to work on /home/airflow/.local/lib/python3.12/site-packages/airflow/example_dags/example_display_name.py
[2024-12-18T10:00:54.697+0000] {processor.py:914} INFO - Processing file /home/airflow/.local/lib/python3.12/site-packages/airflow/example_dags/example_display_name.py for tasks to queue
[2024-12-18T10:00:54.699+0000] {logging_mixin.py:190} INFO - [2024-12-18T10:00:54.699+0000] {dagbag.py:588} INFO - Filling up the DagBag from /home/airflow/.local/lib/python3.12/site-packages/airflow/example_dags/example_display_name.py
[2024-12-18T10:00:54.707+0000] {processor.py:925} INFO - DAG(s) 'example_display_name' retrieved from /home/airflow/.local/lib/python3.12/site-packages/airflow/example_dags/example_display_name.py
[2024-12-18T10:00:54.724+0000] {logging_mixin.py:190} INFO - [2024-12-18T10:00:54.724+0000] {dag.py:3239} INFO - Sync 1 DAGs
[2024-12-18T10:00:54.737+0000] {logging_mixin.py:190} INFO - [2024-12-18T10:00:54.737+0000] {dag.py:4180} INFO - Setting next_dagrun for example_display_name to None, run_after=None
[2024-12-18T10:00:54.753+0000] {processor.py:208} INFO - Processing /home/airflow/.local/lib/python3.12/site-packages/airflow/example_dags/example_display_name.py took 0.063 seconds
[2024-12-18T10:05:22.747+0000] {processor.py:186} INFO - Started process (PID=83) to work on /home/airflow/.local/lib/python3.12/site-packages/airflow/example_dags/example_display_name.py
[2024-12-18T10:05:22.748+0000] {processor.py:914} INFO - Processing file /home/airflow/.local/lib/python3.12/site-packages/airflow/example_dags/example_display_name.py for tasks to queue
[2024-12-18T10:05:22.751+0000] {logging_mixin.py:190} INFO - [2024-12-18T10:05:22.750+0000] {dagbag.py:588} INFO - Filling up the DagBag from /home/airflow/.local/lib/python3.12/site-packages/airflow/example_dags/example_display_name.py
[2024-12-18T10:05:22.760+0000] {processor.py:925} INFO - DAG(s) 'example_display_name' retrieved from /home/airflow/.local/lib/python3.12/site-packages/airflow/example_dags/example_display_name.py
[2024-12-18T10:05:22.790+0000] {logging_mixin.py:190} INFO - [2024-12-18T10:05:22.790+0000] {dag.py:3239} INFO - Sync 1 DAGs
[2024-12-18T10:05:22.807+0000] {logging_mixin.py:190} INFO - [2024-12-18T10:05:22.806+0000] {dag.py:4180} INFO - Setting next_dagrun for example_display_name to None, run_after=None
[2024-12-18T10:05:22.828+0000] {processor.py:208} INFO - Processing /home/airflow/.local/lib/python3.12/site-packages/airflow/example_dags/example_display_name.py took 0.088 seconds
[2024-12-18T10:05:54.157+0000] {processor.py:186} INFO - Started process (PID=148) to work on /home/airflow/.local/lib/python3.12/site-packages/airflow/example_dags/example_display_name.py
[2024-12-18T10:05:54.157+0000] {processor.py:914} INFO - Processing file /home/airflow/.local/lib/python3.12/site-packages/airflow/example_dags/example_display_name.py for tasks to queue
[2024-12-18T10:05:54.159+0000] {logging_mixin.py:190} INFO - [2024-12-18T10:05:54.159+0000] {dagbag.py:588} INFO - Filling up the DagBag from /home/airflow/.local/lib/python3.12/site-packages/airflow/example_dags/example_display_name.py
[2024-12-18T10:05:54.165+0000] {processor.py:925} INFO - DAG(s) 'example_display_name' retrieved from /home/airflow/.local/lib/python3.12/site-packages/airflow/example_dags/example_display_name.py
[2024-12-18T10:05:54.181+0000] {logging_mixin.py:190} INFO - [2024-12-18T10:05:54.181+0000] {dag.py:3239} INFO - Sync 1 DAGs
[2024-12-18T10:05:54.196+0000] {logging_mixin.py:190} INFO - [2024-12-18T10:05:54.196+0000] {dag.py:4180} INFO - Setting next_dagrun for example_display_name to None, run_after=None
[2024-12-18T10:05:54.217+0000] {processor.py:208} INFO - Processing /home/airflow/.local/lib/python3.12/site-packages/airflow/example_dags/example_display_name.py took 0.065 seconds
[2024-12-18T10:06:25.149+0000] {processor.py:186} INFO - Started process (PID=217) to work on /home/airflow/.local/lib/python3.12/site-packages/airflow/example_dags/example_display_name.py
[2024-12-18T10:06:25.150+0000] {processor.py:914} INFO - Processing file /home/airflow/.local/lib/python3.12/site-packages/airflow/example_dags/example_display_name.py for tasks to queue
[2024-12-18T10:06:25.151+0000] {logging_mixin.py:190} INFO - [2024-12-18T10:06:25.151+0000] {dagbag.py:588} INFO - Filling up the DagBag from /home/airflow/.local/lib/python3.12/site-packages/airflow/example_dags/example_display_name.py
[2024-12-18T10:06:25.164+0000] {processor.py:925} INFO - DAG(s) 'example_display_name' retrieved from /home/airflow/.local/lib/python3.12/site-packages/airflow/example_dags/example_display_name.py
[2024-12-18T10:06:25.191+0000] {logging_mixin.py:190} INFO - [2024-12-18T10:06:25.191+0000] {dag.py:3239} INFO - Sync 1 DAGs
[2024-12-18T10:06:25.209+0000] {logging_mixin.py:190} INFO - [2024-12-18T10:06:25.209+0000] {dag.py:4180} INFO - Setting next_dagrun for example_display_name to None, run_after=None
[2024-12-18T10:06:25.228+0000] {processor.py:208} INFO - Processing /home/airflow/.local/lib/python3.12/site-packages/airflow/example_dags/example_display_name.py took 0.087 seconds
[2024-12-18T10:06:56.766+0000] {processor.py:186} INFO - Started process (PID=283) to work on /home/airflow/.local/lib/python3.12/site-packages/airflow/example_dags/example_display_name.py
[2024-12-18T10:06:56.767+0000] {processor.py:914} INFO - Processing file /home/airflow/.local/lib/python3.12/site-packages/airflow/example_dags/example_display_name.py for tasks to queue
[2024-12-18T10:06:56.768+0000] {logging_mixin.py:190} INFO - [2024-12-18T10:06:56.768+0000] {dagbag.py:588} INFO - Filling up the DagBag from /home/airflow/.local/lib/python3.12/site-packages/airflow/example_dags/example_display_name.py
[2024-12-18T10:06:56.775+0000] {processor.py:925} INFO - DAG(s) 'example_display_name' retrieved from /home/airflow/.local/lib/python3.12/site-packages/airflow/example_dags/example_display_name.py
[2024-12-18T10:06:56.793+0000] {logging_mixin.py:190} INFO - [2024-12-18T10:06:56.793+0000] {dag.py:3239} INFO - Sync 1 DAGs
[2024-12-18T10:06:56.807+0000] {logging_mixin.py:190} INFO - [2024-12-18T10:06:56.807+0000] {dag.py:4180} INFO - Setting next_dagrun for example_display_name to None, run_after=None
[2024-12-18T10:06:56.823+0000] {processor.py:208} INFO - Processing /home/airflow/.local/lib/python3.12/site-packages/airflow/example_dags/example_display_name.py took 0.063 seconds
[2024-12-18T10:07:27.760+0000] {processor.py:186} INFO - Started process (PID=346) to work on /home/airflow/.local/lib/python3.12/site-packages/airflow/example_dags/example_display_name.py
[2024-12-18T10:07:27.761+0000] {processor.py:914} INFO - Processing file /home/airflow/.local/lib/python3.12/site-packages/airflow/example_dags/example_display_name.py for tasks to queue
[2024-12-18T10:07:27.762+0000] {logging_mixin.py:190} INFO - [2024-12-18T10:07:27.761+0000] {dagbag.py:588} INFO - Filling up the DagBag from /home/airflow/.local/lib/python3.12/site-packages/airflow/example_dags/example_display_name.py
[2024-12-18T10:07:27.771+0000] {processor.py:925} INFO - DAG(s) 'example_display_name' retrieved from /home/airflow/.local/lib/python3.12/site-packages/airflow/example_dags/example_display_name.py
[2024-12-18T10:07:27.792+0000] {logging_mixin.py:190} INFO - [2024-12-18T10:07:27.791+0000] {dag.py:3239} INFO - Sync 1 DAGs
[2024-12-18T10:07:27.806+0000] {logging_mixin.py:190} INFO - [2024-12-18T10:07:27.806+0000] {dag.py:4180} INFO - Setting next_dagrun for example_display_name to None, run_after=None
[2024-12-18T10:07:27.822+0000] {processor.py:208} INFO - Processing /home/airflow/.local/lib/python3.12/site-packages/airflow/example_dags/example_display_name.py took 0.069 seconds
[2024-12-18T10:07:58.342+0000] {processor.py:186} INFO - Started process (PID=411) to work on /home/airflow/.local/lib/python3.12/site-packages/airflow/example_dags/example_display_name.py
[2024-12-18T10:07:58.343+0000] {processor.py:914} INFO - Processing file /home/airflow/.local/lib/python3.12/site-packages/airflow/example_dags/example_display_name.py for tasks to queue
[2024-12-18T10:07:58.344+0000] {logging_mixin.py:190} INFO - [2024-12-18T10:07:58.343+0000] {dagbag.py:588} INFO - Filling up the DagBag from /home/airflow/.local/lib/python3.12/site-packages/airflow/example_dags/example_display_name.py
[2024-12-18T10:07:58.350+0000] {processor.py:925} INFO - DAG(s) 'example_display_name' retrieved from /home/airflow/.local/lib/python3.12/site-packages/airflow/example_dags/example_display_name.py
[2024-12-18T10:07:58.367+0000] {logging_mixin.py:190} INFO - [2024-12-18T10:07:58.366+0000] {dag.py:3239} INFO - Sync 1 DAGs
[2024-12-18T10:07:58.380+0000] {logging_mixin.py:190} INFO - [2024-12-18T10:07:58.379+0000] {dag.py:4180} INFO - Setting next_dagrun for example_display_name to None, run_after=None
[2024-12-18T10:07:58.394+0000] {processor.py:208} INFO - Processing /home/airflow/.local/lib/python3.12/site-packages/airflow/example_dags/example_display_name.py took 0.057 seconds
[2024-12-18T10:08:28.678+0000] {processor.py:186} INFO - Started process (PID=474) to work on /home/airflow/.local/lib/python3.12/site-packages/airflow/example_dags/example_display_name.py
[2024-12-18T10:08:28.678+0000] {processor.py:914} INFO - Processing file /home/airflow/.local/lib/python3.12/site-packages/airflow/example_dags/example_display_name.py for tasks to queue
[2024-12-18T10:08:28.679+0000] {logging_mixin.py:190} INFO - [2024-12-18T10:08:28.679+0000] {dagbag.py:588} INFO - Filling up the DagBag from /home/airflow/.local/lib/python3.12/site-packages/airflow/example_dags/example_display_name.py
[2024-12-18T10:08:28.686+0000] {processor.py:925} INFO - DAG(s) 'example_display_name' retrieved from /home/airflow/.local/lib/python3.12/site-packages/airflow/example_dags/example_display_name.py
[2024-12-18T10:08:28.703+0000] {logging_mixin.py:190} INFO - [2024-12-18T10:08:28.702+0000] {dag.py:3239} INFO - Sync 1 DAGs
[2024-12-18T10:08:28.716+0000] {logging_mixin.py:190} INFO - [2024-12-18T10:08:28.716+0000] {dag.py:4180} INFO - Setting next_dagrun for example_display_name to None, run_after=None
[2024-12-18T10:08:28.732+0000] {processor.py:208} INFO - Processing /home/airflow/.local/lib/python3.12/site-packages/airflow/example_dags/example_display_name.py took 0.060 seconds
[2024-12-18T10:08:59.747+0000] {processor.py:186} INFO - Started process (PID=540) to work on /home/airflow/.local/lib/python3.12/site-packages/airflow/example_dags/example_display_name.py
[2024-12-18T10:08:59.748+0000] {processor.py:914} INFO - Processing file /home/airflow/.local/lib/python3.12/site-packages/airflow/example_dags/example_display_name.py for tasks to queue
[2024-12-18T10:08:59.750+0000] {logging_mixin.py:190} INFO - [2024-12-18T10:08:59.749+0000] {dagbag.py:588} INFO - Filling up the DagBag from /home/airflow/.local/lib/python3.12/site-packages/airflow/example_dags/example_display_name.py
[2024-12-18T10:08:59.757+0000] {processor.py:925} INFO - DAG(s) 'example_display_name' retrieved from /home/airflow/.local/lib/python3.12/site-packages/airflow/example_dags/example_display_name.py
[2024-12-18T10:08:59.776+0000] {logging_mixin.py:190} INFO - [2024-12-18T10:08:59.776+0000] {dag.py:3239} INFO - Sync 1 DAGs
[2024-12-18T10:08:59.791+0000] {logging_mixin.py:190} INFO - [2024-12-18T10:08:59.790+0000] {dag.py:4180} INFO - Setting next_dagrun for example_display_name to None, run_after=None
[2024-12-18T10:08:59.807+0000] {processor.py:208} INFO - Processing /home/airflow/.local/lib/python3.12/site-packages/airflow/example_dags/example_display_name.py took 0.065 seconds
[2024-12-18T10:09:30.258+0000] {processor.py:186} INFO - Started process (PID=602) to work on /home/airflow/.local/lib/python3.12/site-packages/airflow/example_dags/example_display_name.py
[2024-12-18T10:09:30.258+0000] {processor.py:914} INFO - Processing file /home/airflow/.local/lib/python3.12/site-packages/airflow/example_dags/example_display_name.py for tasks to queue
[2024-12-18T10:09:30.260+0000] {logging_mixin.py:190} INFO - [2024-12-18T10:09:30.259+0000] {dagbag.py:588} INFO - Filling up the DagBag from /home/airflow/.local/lib/python3.12/site-packages/airflow/example_dags/example_display_name.py
[2024-12-18T10:09:30.268+0000] {processor.py:925} INFO - DAG(s) 'example_display_name' retrieved from /home/airflow/.local/lib/python3.12/site-packages/airflow/example_dags/example_display_name.py
[2024-12-18T10:09:30.287+0000] {logging_mixin.py:190} INFO - [2024-12-18T10:09:30.287+0000] {dag.py:3239} INFO - Sync 1 DAGs
[2024-12-18T10:09:30.302+0000] {logging_mixin.py:190} INFO - [2024-12-18T10:09:30.302+0000] {dag.py:4180} INFO - Setting next_dagrun for example_display_name to None, run_after=None
[2024-12-18T10:09:30.318+0000] {processor.py:208} INFO - Processing /home/airflow/.local/lib/python3.12/site-packages/airflow/example_dags/example_display_name.py took 0.068 seconds
[2024-12-18T10:10:01.226+0000] {processor.py:186} INFO - Started process (PID=668) to work on /home/airflow/.local/lib/python3.12/site-packages/airflow/example_dags/example_display_name.py
[2024-12-18T10:10:01.227+0000] {processor.py:914} INFO - Processing file /home/airflow/.local/lib/python3.12/site-packages/airflow/example_dags/example_display_name.py for tasks to queue
[2024-12-18T10:10:01.229+0000] {logging_mixin.py:190} INFO - [2024-12-18T10:10:01.228+0000] {dagbag.py:588} INFO - Filling up the DagBag from /home/airflow/.local/lib/python3.12/site-packages/airflow/example_dags/example_display_name.py
[2024-12-18T10:10:01.236+0000] {processor.py:925} INFO - DAG(s) 'example_display_name' retrieved from /home/airflow/.local/lib/python3.12/site-packages/airflow/example_dags/example_display_name.py
[2024-12-18T10:10:01.254+0000] {logging_mixin.py:190} INFO - [2024-12-18T10:10:01.254+0000] {dag.py:3239} INFO - Sync 1 DAGs
[2024-12-18T10:10:01.270+0000] {logging_mixin.py:190} INFO - [2024-12-18T10:10:01.270+0000] {dag.py:4180} INFO - Setting next_dagrun for example_display_name to None, run_after=None
[2024-12-18T10:10:01.287+0000] {processor.py:208} INFO - Processing /home/airflow/.local/lib/python3.12/site-packages/airflow/example_dags/example_display_name.py took 0.067 seconds
[2024-12-18T10:10:31.663+0000] {processor.py:186} INFO - Started process (PID=731) to work on /home/airflow/.local/lib/python3.12/site-packages/airflow/example_dags/example_display_name.py
[2024-12-18T10:10:31.664+0000] {processor.py:914} INFO - Processing file /home/airflow/.local/lib/python3.12/site-packages/airflow/example_dags/example_display_name.py for tasks to queue
[2024-12-18T10:10:31.665+0000] {logging_mixin.py:190} INFO - [2024-12-18T10:10:31.665+0000] {dagbag.py:588} INFO - Filling up the DagBag from /home/airflow/.local/lib/python3.12/site-packages/airflow/example_dags/example_display_name.py
[2024-12-18T10:10:31.674+0000] {processor.py:925} INFO - DAG(s) 'example_display_name' retrieved from /home/airflow/.local/lib/python3.12/site-packages/airflow/example_dags/example_display_name.py
[2024-12-18T10:10:31.697+0000] {logging_mixin.py:190} INFO - [2024-12-18T10:10:31.697+0000] {dag.py:3239} INFO - Sync 1 DAGs
[2024-12-18T10:10:31.722+0000] {logging_mixin.py:190} INFO - [2024-12-18T10:10:31.721+0000] {dag.py:4180} INFO - Setting next_dagrun for example_display_name to None, run_after=None
[2024-12-18T10:10:31.753+0000] {processor.py:208} INFO - Processing /home/airflow/.local/lib/python3.12/site-packages/airflow/example_dags/example_display_name.py took 0.097 seconds
[2024-12-18T10:11:02.758+0000] {processor.py:186} INFO - Started process (PID=797) to work on /home/airflow/.local/lib/python3.12/site-packages/airflow/example_dags/example_display_name.py
[2024-12-18T10:11:02.759+0000] {processor.py:914} INFO - Processing file /home/airflow/.local/lib/python3.12/site-packages/airflow/example_dags/example_display_name.py for tasks to queue
[2024-12-18T10:11:02.760+0000] {logging_mixin.py:190} INFO - [2024-12-18T10:11:02.759+0000] {dagbag.py:588} INFO - Filling up the DagBag from /home/airflow/.local/lib/python3.12/site-packages/airflow/example_dags/example_display_name.py
[2024-12-18T10:11:02.767+0000] {processor.py:925} INFO - DAG(s) 'example_display_name' retrieved from /home/airflow/.local/lib/python3.12/site-packages/airflow/example_dags/example_display_name.py
[2024-12-18T10:11:02.785+0000] {logging_mixin.py:190} INFO - [2024-12-18T10:11:02.785+0000] {dag.py:3239} INFO - Sync 1 DAGs
[2024-12-18T10:11:02.800+0000] {logging_mixin.py:190} INFO - [2024-12-18T10:11:02.799+0000] {dag.py:4180} INFO - Setting next_dagrun for example_display_name to None, run_after=None
[2024-12-18T10:11:02.817+0000] {processor.py:208} INFO - Processing /home/airflow/.local/lib/python3.12/site-packages/airflow/example_dags/example_display_name.py took 0.065 seconds
[2024-12-18T10:11:33.158+0000] {processor.py:186} INFO - Started process (PID=860) to work on /home/airflow/.local/lib/python3.12/site-packages/airflow/example_dags/example_display_name.py
[2024-12-18T10:11:33.159+0000] {processor.py:914} INFO - Processing file /home/airflow/.local/lib/python3.12/site-packages/airflow/example_dags/example_display_name.py for tasks to queue
[2024-12-18T10:11:33.161+0000] {logging_mixin.py:190} INFO - [2024-12-18T10:11:33.160+0000] {dagbag.py:588} INFO - Filling up the DagBag from /home/airflow/.local/lib/python3.12/site-packages/airflow/example_dags/example_display_name.py
[2024-12-18T10:11:33.172+0000] {processor.py:925} INFO - DAG(s) 'example_display_name' retrieved from /home/airflow/.local/lib/python3.12/site-packages/airflow/example_dags/example_display_name.py
[2024-12-18T10:11:33.202+0000] {logging_mixin.py:190} INFO - [2024-12-18T10:11:33.201+0000] {dag.py:3239} INFO - Sync 1 DAGs
[2024-12-18T10:11:33.232+0000] {logging_mixin.py:190} INFO - [2024-12-18T10:11:33.232+0000] {dag.py:4180} INFO - Setting next_dagrun for example_display_name to None, run_after=None
[2024-12-18T10:11:33.259+0000] {processor.py:208} INFO - Processing /home/airflow/.local/lib/python3.12/site-packages/airflow/example_dags/example_display_name.py took 0.110 seconds
[2024-12-18T10:12:03.946+0000] {processor.py:186} INFO - Started process (PID=926) to work on /home/airflow/.local/lib/python3.12/site-packages/airflow/example_dags/example_display_name.py
[2024-12-18T10:12:03.947+0000] {processor.py:914} INFO - Processing file /home/airflow/.local/lib/python3.12/site-packages/airflow/example_dags/example_display_name.py for tasks to queue
[2024-12-18T10:12:03.948+0000] {logging_mixin.py:190} INFO - [2024-12-18T10:12:03.947+0000] {dagbag.py:588} INFO - Filling up the DagBag from /home/airflow/.local/lib/python3.12/site-packages/airflow/example_dags/example_display_name.py
[2024-12-18T10:12:03.955+0000] {processor.py:925} INFO - DAG(s) 'example_display_name' retrieved from /home/airflow/.local/lib/python3.12/site-packages/airflow/example_dags/example_display_name.py
[2024-12-18T10:12:03.974+0000] {logging_mixin.py:190} INFO - [2024-12-18T10:12:03.973+0000] {dag.py:3239} INFO - Sync 1 DAGs
[2024-12-18T10:12:03.988+0000] {logging_mixin.py:190} INFO - [2024-12-18T10:12:03.988+0000] {dag.py:4180} INFO - Setting next_dagrun for example_display_name to None, run_after=None
[2024-12-18T10:12:04.006+0000] {processor.py:208} INFO - Processing /home/airflow/.local/lib/python3.12/site-packages/airflow/example_dags/example_display_name.py took 0.066 seconds
[2024-12-18T10:12:34.609+0000] {processor.py:186} INFO - Started process (PID=989) to work on /home/airflow/.local/lib/python3.12/site-packages/airflow/example_dags/example_display_name.py
[2024-12-18T10:12:34.610+0000] {processor.py:914} INFO - Processing file /home/airflow/.local/lib/python3.12/site-packages/airflow/example_dags/example_display_name.py for tasks to queue
[2024-12-18T10:12:34.611+0000] {logging_mixin.py:190} INFO - [2024-12-18T10:12:34.611+0000] {dagbag.py:588} INFO - Filling up the DagBag from /home/airflow/.local/lib/python3.12/site-packages/airflow/example_dags/example_display_name.py
[2024-12-18T10:12:34.619+0000] {processor.py:925} INFO - DAG(s) 'example_display_name' retrieved from /home/airflow/.local/lib/python3.12/site-packages/airflow/example_dags/example_display_name.py
[2024-12-18T10:12:34.636+0000] {logging_mixin.py:190} INFO - [2024-12-18T10:12:34.636+0000] {dag.py:3239} INFO - Sync 1 DAGs
[2024-12-18T10:12:34.651+0000] {logging_mixin.py:190} INFO - [2024-12-18T10:12:34.650+0000] {dag.py:4180} INFO - Setting next_dagrun for example_display_name to None, run_after=None
[2024-12-18T10:12:34.667+0000] {processor.py:208} INFO - Processing /home/airflow/.local/lib/python3.12/site-packages/airflow/example_dags/example_display_name.py took 0.064 seconds
[2024-12-18T10:13:04.892+0000] {processor.py:186} INFO - Started process (PID=1052) to work on /home/airflow/.local/lib/python3.12/site-packages/airflow/example_dags/example_display_name.py
[2024-12-18T10:13:04.893+0000] {processor.py:914} INFO - Processing file /home/airflow/.local/lib/python3.12/site-packages/airflow/example_dags/example_display_name.py for tasks to queue
[2024-12-18T10:13:04.894+0000] {logging_mixin.py:190} INFO - [2024-12-18T10:13:04.893+0000] {dagbag.py:588} INFO - Filling up the DagBag from /home/airflow/.local/lib/python3.12/site-packages/airflow/example_dags/example_display_name.py
[2024-12-18T10:13:04.902+0000] {processor.py:925} INFO - DAG(s) 'example_display_name' retrieved from /home/airflow/.local/lib/python3.12/site-packages/airflow/example_dags/example_display_name.py
[2024-12-18T10:13:04.922+0000] {logging_mixin.py:190} INFO - [2024-12-18T10:13:04.921+0000] {dag.py:3239} INFO - Sync 1 DAGs
[2024-12-18T10:13:04.938+0000] {logging_mixin.py:190} INFO - [2024-12-18T10:13:04.938+0000] {dag.py:4180} INFO - Setting next_dagrun for example_display_name to None, run_after=None
[2024-12-18T10:13:04.955+0000] {processor.py:208} INFO - Processing /home/airflow/.local/lib/python3.12/site-packages/airflow/example_dags/example_display_name.py took 0.070 seconds
[2024-12-18T10:13:35.575+0000] {processor.py:186} INFO - Started process (PID=1116) to work on /home/airflow/.local/lib/python3.12/site-packages/airflow/example_dags/example_display_name.py
[2024-12-18T10:13:35.576+0000] {processor.py:914} INFO - Processing file /home/airflow/.local/lib/python3.12/site-packages/airflow/example_dags/example_display_name.py for tasks to queue
[2024-12-18T10:13:35.577+0000] {logging_mixin.py:190} INFO - [2024-12-18T10:13:35.577+0000] {dagbag.py:588} INFO - Filling up the DagBag from /home/airflow/.local/lib/python3.12/site-packages/airflow/example_dags/example_display_name.py
[2024-12-18T10:13:35.585+0000] {processor.py:925} INFO - DAG(s) 'example_display_name' retrieved from /home/airflow/.local/lib/python3.12/site-packages/airflow/example_dags/example_display_name.py
[2024-12-18T10:13:35.603+0000] {logging_mixin.py:190} INFO - [2024-12-18T10:13:35.603+0000] {dag.py:3239} INFO - Sync 1 DAGs
[2024-12-18T10:13:35.619+0000] {logging_mixin.py:190} INFO - [2024-12-18T10:13:35.619+0000] {dag.py:4180} INFO - Setting next_dagrun for example_display_name to None, run_after=None
[2024-12-18T10:13:35.638+0000] {processor.py:208} INFO - Processing /home/airflow/.local/lib/python3.12/site-packages/airflow/example_dags/example_display_name.py took 0.068 seconds
[2024-12-18T10:15:24.628+0000] {processor.py:186} INFO - Started process (PID=80) to work on /home/airflow/.local/lib/python3.12/site-packages/airflow/example_dags/example_display_name.py
[2024-12-18T10:15:24.629+0000] {processor.py:914} INFO - Processing file /home/airflow/.local/lib/python3.12/site-packages/airflow/example_dags/example_display_name.py for tasks to queue
[2024-12-18T10:15:24.631+0000] {logging_mixin.py:190} INFO - [2024-12-18T10:15:24.631+0000] {dagbag.py:588} INFO - Filling up the DagBag from /home/airflow/.local/lib/python3.12/site-packages/airflow/example_dags/example_display_name.py
[2024-12-18T10:15:24.641+0000] {processor.py:925} INFO - DAG(s) 'example_display_name' retrieved from /home/airflow/.local/lib/python3.12/site-packages/airflow/example_dags/example_display_name.py
[2024-12-18T10:15:24.668+0000] {logging_mixin.py:190} INFO - [2024-12-18T10:15:24.668+0000] {dag.py:3239} INFO - Sync 1 DAGs
[2024-12-18T10:15:24.683+0000] {logging_mixin.py:190} INFO - [2024-12-18T10:15:24.683+0000] {dag.py:4180} INFO - Setting next_dagrun for example_display_name to None, run_after=None
[2024-12-18T10:15:24.702+0000] {processor.py:208} INFO - Processing /home/airflow/.local/lib/python3.12/site-packages/airflow/example_dags/example_display_name.py took 0.081 seconds
[2024-12-18T10:15:55.354+0000] {processor.py:186} INFO - Started process (PID=144) to work on /home/airflow/.local/lib/python3.12/site-packages/airflow/example_dags/example_display_name.py
[2024-12-18T10:15:55.355+0000] {processor.py:914} INFO - Processing file /home/airflow/.local/lib/python3.12/site-packages/airflow/example_dags/example_display_name.py for tasks to queue
[2024-12-18T10:15:55.357+0000] {logging_mixin.py:190} INFO - [2024-12-18T10:15:55.357+0000] {dagbag.py:588} INFO - Filling up the DagBag from /home/airflow/.local/lib/python3.12/site-packages/airflow/example_dags/example_display_name.py
[2024-12-18T10:15:55.365+0000] {processor.py:925} INFO - DAG(s) 'example_display_name' retrieved from /home/airflow/.local/lib/python3.12/site-packages/airflow/example_dags/example_display_name.py
[2024-12-18T10:15:55.388+0000] {logging_mixin.py:190} INFO - [2024-12-18T10:15:55.388+0000] {dag.py:3239} INFO - Sync 1 DAGs
[2024-12-18T10:15:55.409+0000] {logging_mixin.py:190} INFO - [2024-12-18T10:15:55.409+0000] {dag.py:4180} INFO - Setting next_dagrun for example_display_name to None, run_after=None
[2024-12-18T10:15:55.431+0000] {processor.py:208} INFO - Processing /home/airflow/.local/lib/python3.12/site-packages/airflow/example_dags/example_display_name.py took 0.084 seconds
[2024-12-18T10:16:25.606+0000] {processor.py:186} INFO - Started process (PID=212) to work on /home/airflow/.local/lib/python3.12/site-packages/airflow/example_dags/example_display_name.py
[2024-12-18T10:16:25.606+0000] {processor.py:914} INFO - Processing file /home/airflow/.local/lib/python3.12/site-packages/airflow/example_dags/example_display_name.py for tasks to queue
[2024-12-18T10:16:25.608+0000] {logging_mixin.py:190} INFO - [2024-12-18T10:16:25.608+0000] {dagbag.py:588} INFO - Filling up the DagBag from /home/airflow/.local/lib/python3.12/site-packages/airflow/example_dags/example_display_name.py
[2024-12-18T10:16:25.615+0000] {processor.py:925} INFO - DAG(s) 'example_display_name' retrieved from /home/airflow/.local/lib/python3.12/site-packages/airflow/example_dags/example_display_name.py
[2024-12-18T10:16:25.633+0000] {logging_mixin.py:190} INFO - [2024-12-18T10:16:25.633+0000] {dag.py:3239} INFO - Sync 1 DAGs
[2024-12-18T10:16:25.647+0000] {logging_mixin.py:190} INFO - [2024-12-18T10:16:25.647+0000] {dag.py:4180} INFO - Setting next_dagrun for example_display_name to None, run_after=None
[2024-12-18T10:16:25.664+0000] {processor.py:208} INFO - Processing /home/airflow/.local/lib/python3.12/site-packages/airflow/example_dags/example_display_name.py took 0.064 seconds
[2024-12-18T10:16:55.848+0000] {processor.py:186} INFO - Started process (PID=275) to work on /home/airflow/.local/lib/python3.12/site-packages/airflow/example_dags/example_display_name.py
[2024-12-18T10:16:55.849+0000] {processor.py:914} INFO - Processing file /home/airflow/.local/lib/python3.12/site-packages/airflow/example_dags/example_display_name.py for tasks to queue
[2024-12-18T10:16:55.851+0000] {logging_mixin.py:190} INFO - [2024-12-18T10:16:55.850+0000] {dagbag.py:588} INFO - Filling up the DagBag from /home/airflow/.local/lib/python3.12/site-packages/airflow/example_dags/example_display_name.py
[2024-12-18T10:16:55.858+0000] {processor.py:925} INFO - DAG(s) 'example_display_name' retrieved from /home/airflow/.local/lib/python3.12/site-packages/airflow/example_dags/example_display_name.py
[2024-12-18T10:16:55.878+0000] {logging_mixin.py:190} INFO - [2024-12-18T10:16:55.878+0000] {dag.py:3239} INFO - Sync 1 DAGs
[2024-12-18T10:16:55.896+0000] {logging_mixin.py:190} INFO - [2024-12-18T10:16:55.896+0000] {dag.py:4180} INFO - Setting next_dagrun for example_display_name to None, run_after=None
[2024-12-18T10:16:55.913+0000] {processor.py:208} INFO - Processing /home/airflow/.local/lib/python3.12/site-packages/airflow/example_dags/example_display_name.py took 0.071 seconds
[2024-12-18T10:17:26.518+0000] {processor.py:186} INFO - Started process (PID=345) to work on /home/airflow/.local/lib/python3.12/site-packages/airflow/example_dags/example_display_name.py
[2024-12-18T10:17:26.519+0000] {processor.py:914} INFO - Processing file /home/airflow/.local/lib/python3.12/site-packages/airflow/example_dags/example_display_name.py for tasks to queue
[2024-12-18T10:17:26.521+0000] {logging_mixin.py:190} INFO - [2024-12-18T10:17:26.521+0000] {dagbag.py:588} INFO - Filling up the DagBag from /home/airflow/.local/lib/python3.12/site-packages/airflow/example_dags/example_display_name.py
[2024-12-18T10:17:26.529+0000] {processor.py:925} INFO - DAG(s) 'example_display_name' retrieved from /home/airflow/.local/lib/python3.12/site-packages/airflow/example_dags/example_display_name.py
[2024-12-18T10:17:26.552+0000] {logging_mixin.py:190} INFO - [2024-12-18T10:17:26.552+0000] {dag.py:3239} INFO - Sync 1 DAGs
[2024-12-18T10:17:26.571+0000] {logging_mixin.py:190} INFO - [2024-12-18T10:17:26.571+0000] {dag.py:4180} INFO - Setting next_dagrun for example_display_name to None, run_after=None
[2024-12-18T10:17:26.592+0000] {processor.py:208} INFO - Processing /home/airflow/.local/lib/python3.12/site-packages/airflow/example_dags/example_display_name.py took 0.082 seconds
