[2024-12-18T09:53:46.061+0000] {processor.py:186} INFO - Started process (PID=68) to work on /home/airflow/.local/lib/python3.12/site-packages/airflow/example_dags/example_sensors.py
[2024-12-18T09:53:46.062+0000] {processor.py:914} INFO - Processing file /home/airflow/.local/lib/python3.12/site-packages/airflow/example_dags/example_sensors.py for tasks to queue
[2024-12-18T09:53:46.063+0000] {logging_mixin.py:190} INFO - [2024-12-18T09:53:46.063+0000] {dagbag.py:588} INFO - Filling up the DagBag from /home/airflow/.local/lib/python3.12/site-packages/airflow/example_dags/example_sensors.py
[2024-12-18T09:53:46.075+0000] {processor.py:925} INFO - DAG(s) 'example_sensors' retrieved from /home/airflow/.local/lib/python3.12/site-packages/airflow/example_dags/example_sensors.py
[2024-12-18T09:53:46.107+0000] {logging_mixin.py:190} INFO - [2024-12-18T09:53:46.106+0000] {dag.py:3239} INFO - Sync 1 DAGs
[2024-12-18T09:53:46.120+0000] {logging_mixin.py:190} INFO - [2024-12-18T09:53:46.120+0000] {dag.py:4180} INFO - Setting next_dagrun for example_sensors to None, run_after=None
[2024-12-18T09:53:46.138+0000] {processor.py:208} INFO - Processing /home/airflow/.local/lib/python3.12/site-packages/airflow/example_dags/example_sensors.py took 0.083 seconds
[2024-12-18T09:54:16.710+0000] {processor.py:186} INFO - Started process (PID=131) to work on /home/airflow/.local/lib/python3.12/site-packages/airflow/example_dags/example_sensors.py
[2024-12-18T09:54:16.711+0000] {processor.py:914} INFO - Processing file /home/airflow/.local/lib/python3.12/site-packages/airflow/example_dags/example_sensors.py for tasks to queue
[2024-12-18T09:54:16.713+0000] {logging_mixin.py:190} INFO - [2024-12-18T09:54:16.712+0000] {dagbag.py:588} INFO - Filling up the DagBag from /home/airflow/.local/lib/python3.12/site-packages/airflow/example_dags/example_sensors.py
[2024-12-18T09:54:16.723+0000] {processor.py:925} INFO - DAG(s) 'example_sensors' retrieved from /home/airflow/.local/lib/python3.12/site-packages/airflow/example_dags/example_sensors.py
[2024-12-18T09:54:16.748+0000] {logging_mixin.py:190} INFO - [2024-12-18T09:54:16.748+0000] {dag.py:3239} INFO - Sync 1 DAGs
[2024-12-18T09:54:16.762+0000] {logging_mixin.py:190} INFO - [2024-12-18T09:54:16.762+0000] {dag.py:4180} INFO - Setting next_dagrun for example_sensors to None, run_after=None
[2024-12-18T09:54:16.778+0000] {processor.py:208} INFO - Processing /home/airflow/.local/lib/python3.12/site-packages/airflow/example_dags/example_sensors.py took 0.073 seconds
[2024-12-18T09:54:47.454+0000] {processor.py:186} INFO - Started process (PID=195) to work on /home/airflow/.local/lib/python3.12/site-packages/airflow/example_dags/example_sensors.py
[2024-12-18T09:54:47.455+0000] {processor.py:914} INFO - Processing file /home/airflow/.local/lib/python3.12/site-packages/airflow/example_dags/example_sensors.py for tasks to queue
[2024-12-18T09:54:47.457+0000] {logging_mixin.py:190} INFO - [2024-12-18T09:54:47.457+0000] {dagbag.py:588} INFO - Filling up the DagBag from /home/airflow/.local/lib/python3.12/site-packages/airflow/example_dags/example_sensors.py
[2024-12-18T09:54:47.468+0000] {processor.py:925} INFO - DAG(s) 'example_sensors' retrieved from /home/airflow/.local/lib/python3.12/site-packages/airflow/example_dags/example_sensors.py
[2024-12-18T09:54:47.493+0000] {logging_mixin.py:190} INFO - [2024-12-18T09:54:47.493+0000] {dag.py:3239} INFO - Sync 1 DAGs
[2024-12-18T09:54:47.506+0000] {logging_mixin.py:190} INFO - [2024-12-18T09:54:47.506+0000] {dag.py:4180} INFO - Setting next_dagrun for example_sensors to None, run_after=None
[2024-12-18T09:54:47.522+0000] {processor.py:208} INFO - Processing /home/airflow/.local/lib/python3.12/site-packages/airflow/example_dags/example_sensors.py took 0.074 seconds
[2024-12-18T09:55:18.513+0000] {processor.py:186} INFO - Started process (PID=259) to work on /home/airflow/.local/lib/python3.12/site-packages/airflow/example_dags/example_sensors.py
[2024-12-18T09:55:18.514+0000] {processor.py:914} INFO - Processing file /home/airflow/.local/lib/python3.12/site-packages/airflow/example_dags/example_sensors.py for tasks to queue
[2024-12-18T09:55:18.517+0000] {logging_mixin.py:190} INFO - [2024-12-18T09:55:18.516+0000] {dagbag.py:588} INFO - Filling up the DagBag from /home/airflow/.local/lib/python3.12/site-packages/airflow/example_dags/example_sensors.py
[2024-12-18T09:55:18.527+0000] {processor.py:925} INFO - DAG(s) 'example_sensors' retrieved from /home/airflow/.local/lib/python3.12/site-packages/airflow/example_dags/example_sensors.py
[2024-12-18T09:55:18.552+0000] {logging_mixin.py:190} INFO - [2024-12-18T09:55:18.551+0000] {dag.py:3239} INFO - Sync 1 DAGs
[2024-12-18T09:55:18.566+0000] {logging_mixin.py:190} INFO - [2024-12-18T09:55:18.565+0000] {dag.py:4180} INFO - Setting next_dagrun for example_sensors to None, run_after=None
[2024-12-18T09:55:18.583+0000] {processor.py:208} INFO - Processing /home/airflow/.local/lib/python3.12/site-packages/airflow/example_dags/example_sensors.py took 0.075 seconds
[2024-12-18T09:55:48.686+0000] {processor.py:186} INFO - Started process (PID=327) to work on /home/airflow/.local/lib/python3.12/site-packages/airflow/example_dags/example_sensors.py
[2024-12-18T09:55:48.687+0000] {processor.py:914} INFO - Processing file /home/airflow/.local/lib/python3.12/site-packages/airflow/example_dags/example_sensors.py for tasks to queue
[2024-12-18T09:55:48.690+0000] {logging_mixin.py:190} INFO - [2024-12-18T09:55:48.690+0000] {dagbag.py:588} INFO - Filling up the DagBag from /home/airflow/.local/lib/python3.12/site-packages/airflow/example_dags/example_sensors.py
[2024-12-18T09:55:48.702+0000] {processor.py:925} INFO - DAG(s) 'example_sensors' retrieved from /home/airflow/.local/lib/python3.12/site-packages/airflow/example_dags/example_sensors.py
[2024-12-18T09:55:48.741+0000] {logging_mixin.py:190} INFO - [2024-12-18T09:55:48.741+0000] {dag.py:3239} INFO - Sync 1 DAGs
[2024-12-18T09:55:48.767+0000] {logging_mixin.py:190} INFO - [2024-12-18T09:55:48.767+0000] {dag.py:4180} INFO - Setting next_dagrun for example_sensors to None, run_after=None
[2024-12-18T09:55:48.791+0000] {processor.py:208} INFO - Processing /home/airflow/.local/lib/python3.12/site-packages/airflow/example_dags/example_sensors.py took 0.111 seconds
[2024-12-18T09:56:18.847+0000] {processor.py:186} INFO - Started process (PID=390) to work on /home/airflow/.local/lib/python3.12/site-packages/airflow/example_dags/example_sensors.py
[2024-12-18T09:56:18.848+0000] {processor.py:914} INFO - Processing file /home/airflow/.local/lib/python3.12/site-packages/airflow/example_dags/example_sensors.py for tasks to queue
[2024-12-18T09:56:18.851+0000] {logging_mixin.py:190} INFO - [2024-12-18T09:56:18.850+0000] {dagbag.py:588} INFO - Filling up the DagBag from /home/airflow/.local/lib/python3.12/site-packages/airflow/example_dags/example_sensors.py
[2024-12-18T09:56:18.863+0000] {processor.py:925} INFO - DAG(s) 'example_sensors' retrieved from /home/airflow/.local/lib/python3.12/site-packages/airflow/example_dags/example_sensors.py
[2024-12-18T09:56:18.896+0000] {logging_mixin.py:190} INFO - [2024-12-18T09:56:18.896+0000] {dag.py:3239} INFO - Sync 1 DAGs
[2024-12-18T09:56:18.911+0000] {logging_mixin.py:190} INFO - [2024-12-18T09:56:18.911+0000] {dag.py:4180} INFO - Setting next_dagrun for example_sensors to None, run_after=None
[2024-12-18T09:56:18.931+0000] {processor.py:208} INFO - Processing /home/airflow/.local/lib/python3.12/site-packages/airflow/example_dags/example_sensors.py took 0.091 seconds
[2024-12-18T09:56:49.002+0000] {processor.py:186} INFO - Started process (PID=467) to work on /home/airflow/.local/lib/python3.12/site-packages/airflow/example_dags/example_sensors.py
[2024-12-18T09:56:49.003+0000] {processor.py:914} INFO - Processing file /home/airflow/.local/lib/python3.12/site-packages/airflow/example_dags/example_sensors.py for tasks to queue
[2024-12-18T09:56:49.005+0000] {logging_mixin.py:190} INFO - [2024-12-18T09:56:49.005+0000] {dagbag.py:588} INFO - Filling up the DagBag from /home/airflow/.local/lib/python3.12/site-packages/airflow/example_dags/example_sensors.py
[2024-12-18T09:56:49.016+0000] {processor.py:925} INFO - DAG(s) 'example_sensors' retrieved from /home/airflow/.local/lib/python3.12/site-packages/airflow/example_dags/example_sensors.py
[2024-12-18T09:56:49.041+0000] {logging_mixin.py:190} INFO - [2024-12-18T09:56:49.041+0000] {dag.py:3239} INFO - Sync 1 DAGs
[2024-12-18T09:56:49.054+0000] {logging_mixin.py:190} INFO - [2024-12-18T09:56:49.054+0000] {dag.py:4180} INFO - Setting next_dagrun for example_sensors to None, run_after=None
[2024-12-18T09:56:49.071+0000] {processor.py:208} INFO - Processing /home/airflow/.local/lib/python3.12/site-packages/airflow/example_dags/example_sensors.py took 0.074 seconds
[2024-12-18T09:57:19.749+0000] {processor.py:186} INFO - Started process (PID=538) to work on /home/airflow/.local/lib/python3.12/site-packages/airflow/example_dags/example_sensors.py
[2024-12-18T09:57:19.750+0000] {processor.py:914} INFO - Processing file /home/airflow/.local/lib/python3.12/site-packages/airflow/example_dags/example_sensors.py for tasks to queue
[2024-12-18T09:57:19.753+0000] {logging_mixin.py:190} INFO - [2024-12-18T09:57:19.752+0000] {dagbag.py:588} INFO - Filling up the DagBag from /home/airflow/.local/lib/python3.12/site-packages/airflow/example_dags/example_sensors.py
[2024-12-18T09:57:19.765+0000] {processor.py:925} INFO - DAG(s) 'example_sensors' retrieved from /home/airflow/.local/lib/python3.12/site-packages/airflow/example_dags/example_sensors.py
[2024-12-18T09:57:19.790+0000] {logging_mixin.py:190} INFO - [2024-12-18T09:57:19.790+0000] {dag.py:3239} INFO - Sync 1 DAGs
[2024-12-18T09:57:19.803+0000] {logging_mixin.py:190} INFO - [2024-12-18T09:57:19.803+0000] {dag.py:4180} INFO - Setting next_dagrun for example_sensors to None, run_after=None
[2024-12-18T09:57:19.820+0000] {processor.py:208} INFO - Processing /home/airflow/.local/lib/python3.12/site-packages/airflow/example_dags/example_sensors.py took 0.077 seconds
[2024-12-18T09:57:50.067+0000] {processor.py:186} INFO - Started process (PID=602) to work on /home/airflow/.local/lib/python3.12/site-packages/airflow/example_dags/example_sensors.py
[2024-12-18T09:57:50.068+0000] {processor.py:914} INFO - Processing file /home/airflow/.local/lib/python3.12/site-packages/airflow/example_dags/example_sensors.py for tasks to queue
[2024-12-18T09:57:50.070+0000] {logging_mixin.py:190} INFO - [2024-12-18T09:57:50.070+0000] {dagbag.py:588} INFO - Filling up the DagBag from /home/airflow/.local/lib/python3.12/site-packages/airflow/example_dags/example_sensors.py
[2024-12-18T09:57:50.081+0000] {processor.py:925} INFO - DAG(s) 'example_sensors' retrieved from /home/airflow/.local/lib/python3.12/site-packages/airflow/example_dags/example_sensors.py
[2024-12-18T09:57:50.107+0000] {logging_mixin.py:190} INFO - [2024-12-18T09:57:50.107+0000] {dag.py:3239} INFO - Sync 1 DAGs
[2024-12-18T09:57:50.122+0000] {logging_mixin.py:190} INFO - [2024-12-18T09:57:50.122+0000] {dag.py:4180} INFO - Setting next_dagrun for example_sensors to None, run_after=None
[2024-12-18T09:57:50.138+0000] {processor.py:208} INFO - Processing /home/airflow/.local/lib/python3.12/site-packages/airflow/example_dags/example_sensors.py took 0.078 seconds
[2024-12-18T09:58:20.360+0000] {processor.py:186} INFO - Started process (PID=666) to work on /home/airflow/.local/lib/python3.12/site-packages/airflow/example_dags/example_sensors.py
[2024-12-18T09:58:20.361+0000] {processor.py:914} INFO - Processing file /home/airflow/.local/lib/python3.12/site-packages/airflow/example_dags/example_sensors.py for tasks to queue
[2024-12-18T09:58:20.363+0000] {logging_mixin.py:190} INFO - [2024-12-18T09:58:20.363+0000] {dagbag.py:588} INFO - Filling up the DagBag from /home/airflow/.local/lib/python3.12/site-packages/airflow/example_dags/example_sensors.py
[2024-12-18T09:58:20.374+0000] {processor.py:925} INFO - DAG(s) 'example_sensors' retrieved from /home/airflow/.local/lib/python3.12/site-packages/airflow/example_dags/example_sensors.py
[2024-12-18T09:58:20.399+0000] {logging_mixin.py:190} INFO - [2024-12-18T09:58:20.399+0000] {dag.py:3239} INFO - Sync 1 DAGs
[2024-12-18T09:58:20.414+0000] {logging_mixin.py:190} INFO - [2024-12-18T09:58:20.414+0000] {dag.py:4180} INFO - Setting next_dagrun for example_sensors to None, run_after=None
[2024-12-18T09:58:20.434+0000] {processor.py:208} INFO - Processing /home/airflow/.local/lib/python3.12/site-packages/airflow/example_dags/example_sensors.py took 0.080 seconds
[2024-12-18T09:58:51.126+0000] {processor.py:186} INFO - Started process (PID=730) to work on /home/airflow/.local/lib/python3.12/site-packages/airflow/example_dags/example_sensors.py
[2024-12-18T09:58:51.127+0000] {processor.py:914} INFO - Processing file /home/airflow/.local/lib/python3.12/site-packages/airflow/example_dags/example_sensors.py for tasks to queue
[2024-12-18T09:58:51.130+0000] {logging_mixin.py:190} INFO - [2024-12-18T09:58:51.129+0000] {dagbag.py:588} INFO - Filling up the DagBag from /home/airflow/.local/lib/python3.12/site-packages/airflow/example_dags/example_sensors.py
[2024-12-18T09:58:51.143+0000] {processor.py:925} INFO - DAG(s) 'example_sensors' retrieved from /home/airflow/.local/lib/python3.12/site-packages/airflow/example_dags/example_sensors.py
[2024-12-18T09:58:51.173+0000] {logging_mixin.py:190} INFO - [2024-12-18T09:58:51.173+0000] {dag.py:3239} INFO - Sync 1 DAGs
[2024-12-18T09:58:51.190+0000] {logging_mixin.py:190} INFO - [2024-12-18T09:58:51.190+0000] {dag.py:4180} INFO - Setting next_dagrun for example_sensors to None, run_after=None
[2024-12-18T09:58:51.208+0000] {processor.py:208} INFO - Processing /home/airflow/.local/lib/python3.12/site-packages/airflow/example_dags/example_sensors.py took 0.089 seconds
[2024-12-18T09:59:21.551+0000] {processor.py:186} INFO - Started process (PID=794) to work on /home/airflow/.local/lib/python3.12/site-packages/airflow/example_dags/example_sensors.py
[2024-12-18T09:59:21.552+0000] {processor.py:914} INFO - Processing file /home/airflow/.local/lib/python3.12/site-packages/airflow/example_dags/example_sensors.py for tasks to queue
[2024-12-18T09:59:21.554+0000] {logging_mixin.py:190} INFO - [2024-12-18T09:59:21.553+0000] {dagbag.py:588} INFO - Filling up the DagBag from /home/airflow/.local/lib/python3.12/site-packages/airflow/example_dags/example_sensors.py
[2024-12-18T09:59:21.565+0000] {processor.py:925} INFO - DAG(s) 'example_sensors' retrieved from /home/airflow/.local/lib/python3.12/site-packages/airflow/example_dags/example_sensors.py
[2024-12-18T09:59:21.589+0000] {logging_mixin.py:190} INFO - [2024-12-18T09:59:21.589+0000] {dag.py:3239} INFO - Sync 1 DAGs
[2024-12-18T09:59:21.603+0000] {logging_mixin.py:190} INFO - [2024-12-18T09:59:21.603+0000] {dag.py:4180} INFO - Setting next_dagrun for example_sensors to None, run_after=None
[2024-12-18T09:59:21.619+0000] {processor.py:208} INFO - Processing /home/airflow/.local/lib/python3.12/site-packages/airflow/example_dags/example_sensors.py took 0.075 seconds
[2024-12-18T09:59:51.995+0000] {processor.py:186} INFO - Started process (PID=858) to work on /home/airflow/.local/lib/python3.12/site-packages/airflow/example_dags/example_sensors.py
[2024-12-18T09:59:51.996+0000] {processor.py:914} INFO - Processing file /home/airflow/.local/lib/python3.12/site-packages/airflow/example_dags/example_sensors.py for tasks to queue
[2024-12-18T09:59:51.999+0000] {logging_mixin.py:190} INFO - [2024-12-18T09:59:51.999+0000] {dagbag.py:588} INFO - Filling up the DagBag from /home/airflow/.local/lib/python3.12/site-packages/airflow/example_dags/example_sensors.py
[2024-12-18T09:59:52.014+0000] {processor.py:925} INFO - DAG(s) 'example_sensors' retrieved from /home/airflow/.local/lib/python3.12/site-packages/airflow/example_dags/example_sensors.py
[2024-12-18T09:59:52.043+0000] {logging_mixin.py:190} INFO - [2024-12-18T09:59:52.042+0000] {dag.py:3239} INFO - Sync 1 DAGs
[2024-12-18T09:59:52.059+0000] {logging_mixin.py:190} INFO - [2024-12-18T09:59:52.058+0000] {dag.py:4180} INFO - Setting next_dagrun for example_sensors to None, run_after=None
[2024-12-18T09:59:52.078+0000] {processor.py:208} INFO - Processing /home/airflow/.local/lib/python3.12/site-packages/airflow/example_dags/example_sensors.py took 0.089 seconds
[2024-12-18T10:00:22.648+0000] {processor.py:186} INFO - Started process (PID=922) to work on /home/airflow/.local/lib/python3.12/site-packages/airflow/example_dags/example_sensors.py
[2024-12-18T10:00:22.649+0000] {processor.py:914} INFO - Processing file /home/airflow/.local/lib/python3.12/site-packages/airflow/example_dags/example_sensors.py for tasks to queue
[2024-12-18T10:00:22.651+0000] {logging_mixin.py:190} INFO - [2024-12-18T10:00:22.651+0000] {dagbag.py:588} INFO - Filling up the DagBag from /home/airflow/.local/lib/python3.12/site-packages/airflow/example_dags/example_sensors.py
[2024-12-18T10:00:22.667+0000] {processor.py:925} INFO - DAG(s) 'example_sensors' retrieved from /home/airflow/.local/lib/python3.12/site-packages/airflow/example_dags/example_sensors.py
[2024-12-18T10:00:22.701+0000] {logging_mixin.py:190} INFO - [2024-12-18T10:00:22.701+0000] {dag.py:3239} INFO - Sync 1 DAGs
[2024-12-18T10:00:22.720+0000] {logging_mixin.py:190} INFO - [2024-12-18T10:00:22.720+0000] {dag.py:4180} INFO - Setting next_dagrun for example_sensors to None, run_after=None
[2024-12-18T10:00:22.738+0000] {processor.py:208} INFO - Processing /home/airflow/.local/lib/python3.12/site-packages/airflow/example_dags/example_sensors.py took 0.097 seconds
[2024-12-18T10:00:53.093+0000] {processor.py:186} INFO - Started process (PID=986) to work on /home/airflow/.local/lib/python3.12/site-packages/airflow/example_dags/example_sensors.py
[2024-12-18T10:00:53.094+0000] {processor.py:914} INFO - Processing file /home/airflow/.local/lib/python3.12/site-packages/airflow/example_dags/example_sensors.py for tasks to queue
[2024-12-18T10:00:53.096+0000] {logging_mixin.py:190} INFO - [2024-12-18T10:00:53.096+0000] {dagbag.py:588} INFO - Filling up the DagBag from /home/airflow/.local/lib/python3.12/site-packages/airflow/example_dags/example_sensors.py
[2024-12-18T10:00:53.108+0000] {processor.py:925} INFO - DAG(s) 'example_sensors' retrieved from /home/airflow/.local/lib/python3.12/site-packages/airflow/example_dags/example_sensors.py
[2024-12-18T10:00:53.133+0000] {logging_mixin.py:190} INFO - [2024-12-18T10:00:53.133+0000] {dag.py:3239} INFO - Sync 1 DAGs
[2024-12-18T10:00:53.148+0000] {logging_mixin.py:190} INFO - [2024-12-18T10:00:53.148+0000] {dag.py:4180} INFO - Setting next_dagrun for example_sensors to None, run_after=None
[2024-12-18T10:00:53.165+0000] {processor.py:208} INFO - Processing /home/airflow/.local/lib/python3.12/site-packages/airflow/example_dags/example_sensors.py took 0.078 seconds
[2024-12-18T10:05:20.767+0000] {processor.py:186} INFO - Started process (PID=71) to work on /home/airflow/.local/lib/python3.12/site-packages/airflow/example_dags/example_sensors.py
[2024-12-18T10:05:20.768+0000] {processor.py:914} INFO - Processing file /home/airflow/.local/lib/python3.12/site-packages/airflow/example_dags/example_sensors.py for tasks to queue
[2024-12-18T10:05:20.770+0000] {logging_mixin.py:190} INFO - [2024-12-18T10:05:20.770+0000] {dagbag.py:588} INFO - Filling up the DagBag from /home/airflow/.local/lib/python3.12/site-packages/airflow/example_dags/example_sensors.py
[2024-12-18T10:05:20.782+0000] {processor.py:925} INFO - DAG(s) 'example_sensors' retrieved from /home/airflow/.local/lib/python3.12/site-packages/airflow/example_dags/example_sensors.py
[2024-12-18T10:05:20.827+0000] {logging_mixin.py:190} INFO - [2024-12-18T10:05:20.827+0000] {dag.py:3239} INFO - Sync 1 DAGs
[2024-12-18T10:05:20.848+0000] {logging_mixin.py:190} INFO - [2024-12-18T10:05:20.848+0000] {dag.py:4180} INFO - Setting next_dagrun for example_sensors to None, run_after=None
[2024-12-18T10:05:20.870+0000] {processor.py:208} INFO - Processing /home/airflow/.local/lib/python3.12/site-packages/airflow/example_dags/example_sensors.py took 0.108 seconds
[2024-12-18T10:05:51.433+0000] {processor.py:186} INFO - Started process (PID=136) to work on /home/airflow/.local/lib/python3.12/site-packages/airflow/example_dags/example_sensors.py
[2024-12-18T10:05:51.434+0000] {processor.py:914} INFO - Processing file /home/airflow/.local/lib/python3.12/site-packages/airflow/example_dags/example_sensors.py for tasks to queue
[2024-12-18T10:05:51.437+0000] {logging_mixin.py:190} INFO - [2024-12-18T10:05:51.436+0000] {dagbag.py:588} INFO - Filling up the DagBag from /home/airflow/.local/lib/python3.12/site-packages/airflow/example_dags/example_sensors.py
[2024-12-18T10:05:51.449+0000] {processor.py:925} INFO - DAG(s) 'example_sensors' retrieved from /home/airflow/.local/lib/python3.12/site-packages/airflow/example_dags/example_sensors.py
[2024-12-18T10:05:51.480+0000] {logging_mixin.py:190} INFO - [2024-12-18T10:05:51.479+0000] {dag.py:3239} INFO - Sync 1 DAGs
[2024-12-18T10:05:51.496+0000] {logging_mixin.py:190} INFO - [2024-12-18T10:05:51.496+0000] {dag.py:4180} INFO - Setting next_dagrun for example_sensors to None, run_after=None
[2024-12-18T10:05:51.515+0000] {processor.py:208} INFO - Processing /home/airflow/.local/lib/python3.12/site-packages/airflow/example_dags/example_sensors.py took 0.089 seconds
[2024-12-18T10:06:22.220+0000] {processor.py:186} INFO - Started process (PID=199) to work on /home/airflow/.local/lib/python3.12/site-packages/airflow/example_dags/example_sensors.py
[2024-12-18T10:06:22.221+0000] {processor.py:914} INFO - Processing file /home/airflow/.local/lib/python3.12/site-packages/airflow/example_dags/example_sensors.py for tasks to queue
[2024-12-18T10:06:22.222+0000] {logging_mixin.py:190} INFO - [2024-12-18T10:06:22.222+0000] {dagbag.py:588} INFO - Filling up the DagBag from /home/airflow/.local/lib/python3.12/site-packages/airflow/example_dags/example_sensors.py
[2024-12-18T10:06:22.234+0000] {processor.py:925} INFO - DAG(s) 'example_sensors' retrieved from /home/airflow/.local/lib/python3.12/site-packages/airflow/example_dags/example_sensors.py
[2024-12-18T10:06:22.259+0000] {logging_mixin.py:190} INFO - [2024-12-18T10:06:22.259+0000] {dag.py:3239} INFO - Sync 1 DAGs
[2024-12-18T10:06:22.273+0000] {logging_mixin.py:190} INFO - [2024-12-18T10:06:22.273+0000] {dag.py:4180} INFO - Setting next_dagrun for example_sensors to None, run_after=None
[2024-12-18T10:06:22.291+0000] {processor.py:208} INFO - Processing /home/airflow/.local/lib/python3.12/site-packages/airflow/example_dags/example_sensors.py took 0.078 seconds
[2024-12-18T10:06:52.884+0000] {processor.py:186} INFO - Started process (PID=265) to work on /home/airflow/.local/lib/python3.12/site-packages/airflow/example_dags/example_sensors.py
[2024-12-18T10:06:52.885+0000] {processor.py:914} INFO - Processing file /home/airflow/.local/lib/python3.12/site-packages/airflow/example_dags/example_sensors.py for tasks to queue
[2024-12-18T10:06:52.886+0000] {logging_mixin.py:190} INFO - [2024-12-18T10:06:52.886+0000] {dagbag.py:588} INFO - Filling up the DagBag from /home/airflow/.local/lib/python3.12/site-packages/airflow/example_dags/example_sensors.py
[2024-12-18T10:06:52.901+0000] {processor.py:925} INFO - DAG(s) 'example_sensors' retrieved from /home/airflow/.local/lib/python3.12/site-packages/airflow/example_dags/example_sensors.py
[2024-12-18T10:06:52.932+0000] {logging_mixin.py:190} INFO - [2024-12-18T10:06:52.931+0000] {dag.py:3239} INFO - Sync 1 DAGs
[2024-12-18T10:06:52.949+0000] {logging_mixin.py:190} INFO - [2024-12-18T10:06:52.948+0000] {dag.py:4180} INFO - Setting next_dagrun for example_sensors to None, run_after=None
[2024-12-18T10:06:52.968+0000] {processor.py:208} INFO - Processing /home/airflow/.local/lib/python3.12/site-packages/airflow/example_dags/example_sensors.py took 0.092 seconds
[2024-12-18T10:07:23.903+0000] {processor.py:186} INFO - Started process (PID=328) to work on /home/airflow/.local/lib/python3.12/site-packages/airflow/example_dags/example_sensors.py
[2024-12-18T10:07:23.903+0000] {processor.py:914} INFO - Processing file /home/airflow/.local/lib/python3.12/site-packages/airflow/example_dags/example_sensors.py for tasks to queue
[2024-12-18T10:07:23.904+0000] {logging_mixin.py:190} INFO - [2024-12-18T10:07:23.904+0000] {dagbag.py:588} INFO - Filling up the DagBag from /home/airflow/.local/lib/python3.12/site-packages/airflow/example_dags/example_sensors.py
[2024-12-18T10:07:23.914+0000] {processor.py:925} INFO - DAG(s) 'example_sensors' retrieved from /home/airflow/.local/lib/python3.12/site-packages/airflow/example_dags/example_sensors.py
[2024-12-18T10:07:23.939+0000] {logging_mixin.py:190} INFO - [2024-12-18T10:07:23.939+0000] {dag.py:3239} INFO - Sync 1 DAGs
[2024-12-18T10:07:23.952+0000] {logging_mixin.py:190} INFO - [2024-12-18T10:07:23.952+0000] {dag.py:4180} INFO - Setting next_dagrun for example_sensors to None, run_after=None
[2024-12-18T10:07:23.968+0000] {processor.py:208} INFO - Processing /home/airflow/.local/lib/python3.12/site-packages/airflow/example_dags/example_sensors.py took 0.070 seconds
[2024-12-18T10:07:54.390+0000] {processor.py:186} INFO - Started process (PID=394) to work on /home/airflow/.local/lib/python3.12/site-packages/airflow/example_dags/example_sensors.py
[2024-12-18T10:07:54.392+0000] {processor.py:914} INFO - Processing file /home/airflow/.local/lib/python3.12/site-packages/airflow/example_dags/example_sensors.py for tasks to queue
[2024-12-18T10:07:54.393+0000] {logging_mixin.py:190} INFO - [2024-12-18T10:07:54.393+0000] {dagbag.py:588} INFO - Filling up the DagBag from /home/airflow/.local/lib/python3.12/site-packages/airflow/example_dags/example_sensors.py
[2024-12-18T10:07:54.408+0000] {processor.py:925} INFO - DAG(s) 'example_sensors' retrieved from /home/airflow/.local/lib/python3.12/site-packages/airflow/example_dags/example_sensors.py
[2024-12-18T10:07:54.432+0000] {logging_mixin.py:190} INFO - [2024-12-18T10:07:54.432+0000] {dag.py:3239} INFO - Sync 1 DAGs
[2024-12-18T10:07:54.446+0000] {logging_mixin.py:190} INFO - [2024-12-18T10:07:54.445+0000] {dag.py:4180} INFO - Setting next_dagrun for example_sensors to None, run_after=None
[2024-12-18T10:07:54.461+0000] {processor.py:208} INFO - Processing /home/airflow/.local/lib/python3.12/site-packages/airflow/example_dags/example_sensors.py took 0.090 seconds
[2024-12-18T10:08:25.050+0000] {processor.py:186} INFO - Started process (PID=457) to work on /home/airflow/.local/lib/python3.12/site-packages/airflow/example_dags/example_sensors.py
[2024-12-18T10:08:25.056+0000] {processor.py:914} INFO - Processing file /home/airflow/.local/lib/python3.12/site-packages/airflow/example_dags/example_sensors.py for tasks to queue
[2024-12-18T10:08:25.057+0000] {logging_mixin.py:190} INFO - [2024-12-18T10:08:25.057+0000] {dagbag.py:588} INFO - Filling up the DagBag from /home/airflow/.local/lib/python3.12/site-packages/airflow/example_dags/example_sensors.py
[2024-12-18T10:08:25.071+0000] {processor.py:925} INFO - DAG(s) 'example_sensors' retrieved from /home/airflow/.local/lib/python3.12/site-packages/airflow/example_dags/example_sensors.py
[2024-12-18T10:08:25.097+0000] {logging_mixin.py:190} INFO - [2024-12-18T10:08:25.097+0000] {dag.py:3239} INFO - Sync 1 DAGs
[2024-12-18T10:08:25.112+0000] {logging_mixin.py:190} INFO - [2024-12-18T10:08:25.111+0000] {dag.py:4180} INFO - Setting next_dagrun for example_sensors to None, run_after=None
[2024-12-18T10:08:25.128+0000] {processor.py:208} INFO - Processing /home/airflow/.local/lib/python3.12/site-packages/airflow/example_dags/example_sensors.py took 0.087 seconds
[2024-12-18T10:08:55.633+0000] {processor.py:186} INFO - Started process (PID=523) to work on /home/airflow/.local/lib/python3.12/site-packages/airflow/example_dags/example_sensors.py
[2024-12-18T10:08:55.635+0000] {processor.py:914} INFO - Processing file /home/airflow/.local/lib/python3.12/site-packages/airflow/example_dags/example_sensors.py for tasks to queue
[2024-12-18T10:08:55.638+0000] {logging_mixin.py:190} INFO - [2024-12-18T10:08:55.637+0000] {dagbag.py:588} INFO - Filling up the DagBag from /home/airflow/.local/lib/python3.12/site-packages/airflow/example_dags/example_sensors.py
[2024-12-18T10:08:55.660+0000] {processor.py:925} INFO - DAG(s) 'example_sensors' retrieved from /home/airflow/.local/lib/python3.12/site-packages/airflow/example_dags/example_sensors.py
[2024-12-18T10:08:55.692+0000] {logging_mixin.py:190} INFO - [2024-12-18T10:08:55.691+0000] {dag.py:3239} INFO - Sync 1 DAGs
[2024-12-18T10:08:55.707+0000] {logging_mixin.py:190} INFO - [2024-12-18T10:08:55.707+0000] {dag.py:4180} INFO - Setting next_dagrun for example_sensors to None, run_after=None
[2024-12-18T10:08:55.724+0000] {processor.py:208} INFO - Processing /home/airflow/.local/lib/python3.12/site-packages/airflow/example_dags/example_sensors.py took 0.115 seconds
[2024-12-18T10:09:26.572+0000] {processor.py:186} INFO - Started process (PID=591) to work on /home/airflow/.local/lib/python3.12/site-packages/airflow/example_dags/example_sensors.py
[2024-12-18T10:09:26.578+0000] {processor.py:914} INFO - Processing file /home/airflow/.local/lib/python3.12/site-packages/airflow/example_dags/example_sensors.py for tasks to queue
[2024-12-18T10:09:26.580+0000] {logging_mixin.py:190} INFO - [2024-12-18T10:09:26.579+0000] {dagbag.py:588} INFO - Filling up the DagBag from /home/airflow/.local/lib/python3.12/site-packages/airflow/example_dags/example_sensors.py
[2024-12-18T10:09:26.593+0000] {processor.py:925} INFO - DAG(s) 'example_sensors' retrieved from /home/airflow/.local/lib/python3.12/site-packages/airflow/example_dags/example_sensors.py
[2024-12-18T10:09:26.618+0000] {logging_mixin.py:190} INFO - [2024-12-18T10:09:26.618+0000] {dag.py:3239} INFO - Sync 1 DAGs
[2024-12-18T10:09:26.631+0000] {logging_mixin.py:190} INFO - [2024-12-18T10:09:26.631+0000] {dag.py:4180} INFO - Setting next_dagrun for example_sensors to None, run_after=None
[2024-12-18T10:09:26.647+0000] {processor.py:208} INFO - Processing /home/airflow/.local/lib/python3.12/site-packages/airflow/example_dags/example_sensors.py took 0.089 seconds
[2024-12-18T10:09:57.146+0000] {processor.py:186} INFO - Started process (PID=657) to work on /home/airflow/.local/lib/python3.12/site-packages/airflow/example_dags/example_sensors.py
[2024-12-18T10:09:57.147+0000] {processor.py:914} INFO - Processing file /home/airflow/.local/lib/python3.12/site-packages/airflow/example_dags/example_sensors.py for tasks to queue
[2024-12-18T10:09:57.149+0000] {logging_mixin.py:190} INFO - [2024-12-18T10:09:57.148+0000] {dagbag.py:588} INFO - Filling up the DagBag from /home/airflow/.local/lib/python3.12/site-packages/airflow/example_dags/example_sensors.py
[2024-12-18T10:09:57.165+0000] {processor.py:925} INFO - DAG(s) 'example_sensors' retrieved from /home/airflow/.local/lib/python3.12/site-packages/airflow/example_dags/example_sensors.py
[2024-12-18T10:09:57.193+0000] {logging_mixin.py:190} INFO - [2024-12-18T10:09:57.193+0000] {dag.py:3239} INFO - Sync 1 DAGs
[2024-12-18T10:09:57.207+0000] {logging_mixin.py:190} INFO - [2024-12-18T10:09:57.207+0000] {dag.py:4180} INFO - Setting next_dagrun for example_sensors to None, run_after=None
[2024-12-18T10:09:57.231+0000] {processor.py:208} INFO - Processing /home/airflow/.local/lib/python3.12/site-packages/airflow/example_dags/example_sensors.py took 0.097 seconds
[2024-12-18T10:10:27.810+0000] {processor.py:186} INFO - Started process (PID=720) to work on /home/airflow/.local/lib/python3.12/site-packages/airflow/example_dags/example_sensors.py
[2024-12-18T10:10:27.811+0000] {processor.py:914} INFO - Processing file /home/airflow/.local/lib/python3.12/site-packages/airflow/example_dags/example_sensors.py for tasks to queue
[2024-12-18T10:10:27.812+0000] {logging_mixin.py:190} INFO - [2024-12-18T10:10:27.812+0000] {dagbag.py:588} INFO - Filling up the DagBag from /home/airflow/.local/lib/python3.12/site-packages/airflow/example_dags/example_sensors.py
[2024-12-18T10:10:27.832+0000] {processor.py:925} INFO - DAG(s) 'example_sensors' retrieved from /home/airflow/.local/lib/python3.12/site-packages/airflow/example_dags/example_sensors.py
[2024-12-18T10:10:27.867+0000] {logging_mixin.py:190} INFO - [2024-12-18T10:10:27.866+0000] {dag.py:3239} INFO - Sync 1 DAGs
[2024-12-18T10:10:27.884+0000] {logging_mixin.py:190} INFO - [2024-12-18T10:10:27.884+0000] {dag.py:4180} INFO - Setting next_dagrun for example_sensors to None, run_after=None
[2024-12-18T10:10:27.911+0000] {processor.py:208} INFO - Processing /home/airflow/.local/lib/python3.12/site-packages/airflow/example_dags/example_sensors.py took 0.111 seconds
[2024-12-18T10:10:58.665+0000] {processor.py:186} INFO - Started process (PID=786) to work on /home/airflow/.local/lib/python3.12/site-packages/airflow/example_dags/example_sensors.py
[2024-12-18T10:10:58.667+0000] {processor.py:914} INFO - Processing file /home/airflow/.local/lib/python3.12/site-packages/airflow/example_dags/example_sensors.py for tasks to queue
[2024-12-18T10:10:58.670+0000] {logging_mixin.py:190} INFO - [2024-12-18T10:10:58.670+0000] {dagbag.py:588} INFO - Filling up the DagBag from /home/airflow/.local/lib/python3.12/site-packages/airflow/example_dags/example_sensors.py
[2024-12-18T10:10:58.694+0000] {processor.py:925} INFO - DAG(s) 'example_sensors' retrieved from /home/airflow/.local/lib/python3.12/site-packages/airflow/example_dags/example_sensors.py
[2024-12-18T10:10:58.730+0000] {logging_mixin.py:190} INFO - [2024-12-18T10:10:58.730+0000] {dag.py:3239} INFO - Sync 1 DAGs
[2024-12-18T10:10:58.744+0000] {logging_mixin.py:190} INFO - [2024-12-18T10:10:58.743+0000] {dag.py:4180} INFO - Setting next_dagrun for example_sensors to None, run_after=None
[2024-12-18T10:10:58.760+0000] {processor.py:208} INFO - Processing /home/airflow/.local/lib/python3.12/site-packages/airflow/example_dags/example_sensors.py took 0.122 seconds
[2024-12-18T10:11:29.455+0000] {processor.py:186} INFO - Started process (PID=849) to work on /home/airflow/.local/lib/python3.12/site-packages/airflow/example_dags/example_sensors.py
[2024-12-18T10:11:29.456+0000] {processor.py:914} INFO - Processing file /home/airflow/.local/lib/python3.12/site-packages/airflow/example_dags/example_sensors.py for tasks to queue
[2024-12-18T10:11:29.457+0000] {logging_mixin.py:190} INFO - [2024-12-18T10:11:29.457+0000] {dagbag.py:588} INFO - Filling up the DagBag from /home/airflow/.local/lib/python3.12/site-packages/airflow/example_dags/example_sensors.py
[2024-12-18T10:11:29.471+0000] {processor.py:925} INFO - DAG(s) 'example_sensors' retrieved from /home/airflow/.local/lib/python3.12/site-packages/airflow/example_dags/example_sensors.py
[2024-12-18T10:11:29.506+0000] {logging_mixin.py:190} INFO - [2024-12-18T10:11:29.505+0000] {dag.py:3239} INFO - Sync 1 DAGs
[2024-12-18T10:11:29.520+0000] {logging_mixin.py:190} INFO - [2024-12-18T10:11:29.520+0000] {dag.py:4180} INFO - Setting next_dagrun for example_sensors to None, run_after=None
[2024-12-18T10:11:29.537+0000] {processor.py:208} INFO - Processing /home/airflow/.local/lib/python3.12/site-packages/airflow/example_dags/example_sensors.py took 0.089 seconds
[2024-12-18T10:11:59.867+0000] {processor.py:186} INFO - Started process (PID=915) to work on /home/airflow/.local/lib/python3.12/site-packages/airflow/example_dags/example_sensors.py
[2024-12-18T10:11:59.868+0000] {processor.py:914} INFO - Processing file /home/airflow/.local/lib/python3.12/site-packages/airflow/example_dags/example_sensors.py for tasks to queue
[2024-12-18T10:11:59.869+0000] {logging_mixin.py:190} INFO - [2024-12-18T10:11:59.869+0000] {dagbag.py:588} INFO - Filling up the DagBag from /home/airflow/.local/lib/python3.12/site-packages/airflow/example_dags/example_sensors.py
[2024-12-18T10:11:59.881+0000] {processor.py:925} INFO - DAG(s) 'example_sensors' retrieved from /home/airflow/.local/lib/python3.12/site-packages/airflow/example_dags/example_sensors.py
[2024-12-18T10:11:59.906+0000] {logging_mixin.py:190} INFO - [2024-12-18T10:11:59.905+0000] {dag.py:3239} INFO - Sync 1 DAGs
[2024-12-18T10:11:59.919+0000] {logging_mixin.py:190} INFO - [2024-12-18T10:11:59.918+0000] {dag.py:4180} INFO - Setting next_dagrun for example_sensors to None, run_after=None
[2024-12-18T10:11:59.934+0000] {processor.py:208} INFO - Processing /home/airflow/.local/lib/python3.12/site-packages/airflow/example_dags/example_sensors.py took 0.072 seconds
[2024-12-18T10:12:30.849+0000] {processor.py:186} INFO - Started process (PID=978) to work on /home/airflow/.local/lib/python3.12/site-packages/airflow/example_dags/example_sensors.py
[2024-12-18T10:12:30.851+0000] {processor.py:914} INFO - Processing file /home/airflow/.local/lib/python3.12/site-packages/airflow/example_dags/example_sensors.py for tasks to queue
[2024-12-18T10:12:30.852+0000] {logging_mixin.py:190} INFO - [2024-12-18T10:12:30.852+0000] {dagbag.py:588} INFO - Filling up the DagBag from /home/airflow/.local/lib/python3.12/site-packages/airflow/example_dags/example_sensors.py
[2024-12-18T10:12:30.873+0000] {processor.py:925} INFO - DAG(s) 'example_sensors' retrieved from /home/airflow/.local/lib/python3.12/site-packages/airflow/example_dags/example_sensors.py
[2024-12-18T10:12:30.910+0000] {logging_mixin.py:190} INFO - [2024-12-18T10:12:30.909+0000] {dag.py:3239} INFO - Sync 1 DAGs
[2024-12-18T10:12:30.932+0000] {logging_mixin.py:190} INFO - [2024-12-18T10:12:30.932+0000] {dag.py:4180} INFO - Setting next_dagrun for example_sensors to None, run_after=None
[2024-12-18T10:12:30.959+0000] {processor.py:208} INFO - Processing /home/airflow/.local/lib/python3.12/site-packages/airflow/example_dags/example_sensors.py took 0.118 seconds
[2024-12-18T10:13:01.040+0000] {processor.py:186} INFO - Started process (PID=1041) to work on /home/airflow/.local/lib/python3.12/site-packages/airflow/example_dags/example_sensors.py
[2024-12-18T10:13:01.041+0000] {processor.py:914} INFO - Processing file /home/airflow/.local/lib/python3.12/site-packages/airflow/example_dags/example_sensors.py for tasks to queue
[2024-12-18T10:13:01.042+0000] {logging_mixin.py:190} INFO - [2024-12-18T10:13:01.042+0000] {dagbag.py:588} INFO - Filling up the DagBag from /home/airflow/.local/lib/python3.12/site-packages/airflow/example_dags/example_sensors.py
[2024-12-18T10:13:01.055+0000] {processor.py:925} INFO - DAG(s) 'example_sensors' retrieved from /home/airflow/.local/lib/python3.12/site-packages/airflow/example_dags/example_sensors.py
[2024-12-18T10:13:01.081+0000] {logging_mixin.py:190} INFO - [2024-12-18T10:13:01.081+0000] {dag.py:3239} INFO - Sync 1 DAGs
[2024-12-18T10:13:01.096+0000] {logging_mixin.py:190} INFO - [2024-12-18T10:13:01.096+0000] {dag.py:4180} INFO - Setting next_dagrun for example_sensors to None, run_after=None
[2024-12-18T10:13:01.113+0000] {processor.py:208} INFO - Processing /home/airflow/.local/lib/python3.12/site-packages/airflow/example_dags/example_sensors.py took 0.080 seconds
[2024-12-18T10:13:31.920+0000] {processor.py:186} INFO - Started process (PID=1105) to work on /home/airflow/.local/lib/python3.12/site-packages/airflow/example_dags/example_sensors.py
[2024-12-18T10:13:31.925+0000] {processor.py:914} INFO - Processing file /home/airflow/.local/lib/python3.12/site-packages/airflow/example_dags/example_sensors.py for tasks to queue
[2024-12-18T10:13:31.927+0000] {logging_mixin.py:190} INFO - [2024-12-18T10:13:31.927+0000] {dagbag.py:588} INFO - Filling up the DagBag from /home/airflow/.local/lib/python3.12/site-packages/airflow/example_dags/example_sensors.py
[2024-12-18T10:13:31.943+0000] {processor.py:925} INFO - DAG(s) 'example_sensors' retrieved from /home/airflow/.local/lib/python3.12/site-packages/airflow/example_dags/example_sensors.py
[2024-12-18T10:13:31.973+0000] {logging_mixin.py:190} INFO - [2024-12-18T10:13:31.972+0000] {dag.py:3239} INFO - Sync 1 DAGs
[2024-12-18T10:13:31.988+0000] {logging_mixin.py:190} INFO - [2024-12-18T10:13:31.987+0000] {dag.py:4180} INFO - Setting next_dagrun for example_sensors to None, run_after=None
[2024-12-18T10:13:32.005+0000] {processor.py:208} INFO - Processing /home/airflow/.local/lib/python3.12/site-packages/airflow/example_dags/example_sensors.py took 0.095 seconds
[2024-12-18T10:15:22.987+0000] {processor.py:186} INFO - Started process (PID=68) to work on /home/airflow/.local/lib/python3.12/site-packages/airflow/example_dags/example_sensors.py
[2024-12-18T10:15:22.988+0000] {processor.py:914} INFO - Processing file /home/airflow/.local/lib/python3.12/site-packages/airflow/example_dags/example_sensors.py for tasks to queue
[2024-12-18T10:15:22.990+0000] {logging_mixin.py:190} INFO - [2024-12-18T10:15:22.990+0000] {dagbag.py:588} INFO - Filling up the DagBag from /home/airflow/.local/lib/python3.12/site-packages/airflow/example_dags/example_sensors.py
[2024-12-18T10:15:23.002+0000] {processor.py:925} INFO - DAG(s) 'example_sensors' retrieved from /home/airflow/.local/lib/python3.12/site-packages/airflow/example_dags/example_sensors.py
[2024-12-18T10:15:23.036+0000] {logging_mixin.py:190} INFO - [2024-12-18T10:15:23.036+0000] {dag.py:3239} INFO - Sync 1 DAGs
[2024-12-18T10:15:23.050+0000] {logging_mixin.py:190} INFO - [2024-12-18T10:15:23.049+0000] {dag.py:4180} INFO - Setting next_dagrun for example_sensors to None, run_after=None
[2024-12-18T10:15:23.068+0000] {processor.py:208} INFO - Processing /home/airflow/.local/lib/python3.12/site-packages/airflow/example_dags/example_sensors.py took 0.086 seconds
[2024-12-18T10:15:53.967+0000] {processor.py:186} INFO - Started process (PID=131) to work on /home/airflow/.local/lib/python3.12/site-packages/airflow/example_dags/example_sensors.py
[2024-12-18T10:15:53.968+0000] {processor.py:914} INFO - Processing file /home/airflow/.local/lib/python3.12/site-packages/airflow/example_dags/example_sensors.py for tasks to queue
[2024-12-18T10:15:53.970+0000] {logging_mixin.py:190} INFO - [2024-12-18T10:15:53.970+0000] {dagbag.py:588} INFO - Filling up the DagBag from /home/airflow/.local/lib/python3.12/site-packages/airflow/example_dags/example_sensors.py
[2024-12-18T10:15:53.980+0000] {processor.py:925} INFO - DAG(s) 'example_sensors' retrieved from /home/airflow/.local/lib/python3.12/site-packages/airflow/example_dags/example_sensors.py
[2024-12-18T10:15:54.004+0000] {logging_mixin.py:190} INFO - [2024-12-18T10:15:54.004+0000] {dag.py:3239} INFO - Sync 1 DAGs
[2024-12-18T10:15:54.019+0000] {logging_mixin.py:190} INFO - [2024-12-18T10:15:54.018+0000] {dag.py:4180} INFO - Setting next_dagrun for example_sensors to None, run_after=None
[2024-12-18T10:15:54.034+0000] {processor.py:208} INFO - Processing /home/airflow/.local/lib/python3.12/site-packages/airflow/example_dags/example_sensors.py took 0.073 seconds
[2024-12-18T10:16:24.889+0000] {processor.py:186} INFO - Started process (PID=200) to work on /home/airflow/.local/lib/python3.12/site-packages/airflow/example_dags/example_sensors.py
[2024-12-18T10:16:24.890+0000] {processor.py:914} INFO - Processing file /home/airflow/.local/lib/python3.12/site-packages/airflow/example_dags/example_sensors.py for tasks to queue
[2024-12-18T10:16:24.892+0000] {logging_mixin.py:190} INFO - [2024-12-18T10:16:24.892+0000] {dagbag.py:588} INFO - Filling up the DagBag from /home/airflow/.local/lib/python3.12/site-packages/airflow/example_dags/example_sensors.py
[2024-12-18T10:16:24.904+0000] {processor.py:925} INFO - DAG(s) 'example_sensors' retrieved from /home/airflow/.local/lib/python3.12/site-packages/airflow/example_dags/example_sensors.py
[2024-12-18T10:16:24.930+0000] {logging_mixin.py:190} INFO - [2024-12-18T10:16:24.930+0000] {dag.py:3239} INFO - Sync 1 DAGs
[2024-12-18T10:16:24.945+0000] {logging_mixin.py:190} INFO - [2024-12-18T10:16:24.945+0000] {dag.py:4180} INFO - Setting next_dagrun for example_sensors to None, run_after=None
[2024-12-18T10:16:24.963+0000] {processor.py:208} INFO - Processing /home/airflow/.local/lib/python3.12/site-packages/airflow/example_dags/example_sensors.py took 0.079 seconds
[2024-12-18T10:16:55.109+0000] {processor.py:186} INFO - Started process (PID=264) to work on /home/airflow/.local/lib/python3.12/site-packages/airflow/example_dags/example_sensors.py
[2024-12-18T10:16:55.111+0000] {processor.py:914} INFO - Processing file /home/airflow/.local/lib/python3.12/site-packages/airflow/example_dags/example_sensors.py for tasks to queue
[2024-12-18T10:16:55.113+0000] {logging_mixin.py:190} INFO - [2024-12-18T10:16:55.112+0000] {dagbag.py:588} INFO - Filling up the DagBag from /home/airflow/.local/lib/python3.12/site-packages/airflow/example_dags/example_sensors.py
[2024-12-18T10:16:55.124+0000] {processor.py:925} INFO - DAG(s) 'example_sensors' retrieved from /home/airflow/.local/lib/python3.12/site-packages/airflow/example_dags/example_sensors.py
[2024-12-18T10:16:55.149+0000] {logging_mixin.py:190} INFO - [2024-12-18T10:16:55.149+0000] {dag.py:3239} INFO - Sync 1 DAGs
[2024-12-18T10:16:55.164+0000] {logging_mixin.py:190} INFO - [2024-12-18T10:16:55.164+0000] {dag.py:4180} INFO - Setting next_dagrun for example_sensors to None, run_after=None
[2024-12-18T10:16:55.186+0000] {processor.py:208} INFO - Processing /home/airflow/.local/lib/python3.12/site-packages/airflow/example_dags/example_sensors.py took 0.082 seconds
[2024-12-18T10:17:25.866+0000] {processor.py:186} INFO - Started process (PID=328) to work on /home/airflow/.local/lib/python3.12/site-packages/airflow/example_dags/example_sensors.py
[2024-12-18T10:17:25.867+0000] {processor.py:914} INFO - Processing file /home/airflow/.local/lib/python3.12/site-packages/airflow/example_dags/example_sensors.py for tasks to queue
[2024-12-18T10:17:25.869+0000] {logging_mixin.py:190} INFO - [2024-12-18T10:17:25.869+0000] {dagbag.py:588} INFO - Filling up the DagBag from /home/airflow/.local/lib/python3.12/site-packages/airflow/example_dags/example_sensors.py
[2024-12-18T10:17:25.879+0000] {processor.py:925} INFO - DAG(s) 'example_sensors' retrieved from /home/airflow/.local/lib/python3.12/site-packages/airflow/example_dags/example_sensors.py
[2024-12-18T10:17:25.906+0000] {logging_mixin.py:190} INFO - [2024-12-18T10:17:25.906+0000] {dag.py:3239} INFO - Sync 1 DAGs
[2024-12-18T10:17:25.920+0000] {logging_mixin.py:190} INFO - [2024-12-18T10:17:25.919+0000] {dag.py:4180} INFO - Setting next_dagrun for example_sensors to None, run_after=None
[2024-12-18T10:17:25.936+0000] {processor.py:208} INFO - Processing /home/airflow/.local/lib/python3.12/site-packages/airflow/example_dags/example_sensors.py took 0.076 seconds
