[2024-12-18T09:53:49.610+0000] {processor.py:186} INFO - Started process (PID=111) to work on /home/airflow/.local/lib/python3.12/site-packages/airflow/example_dags/example_dataset_alias.py
[2024-12-18T09:53:49.610+0000] {processor.py:914} INFO - Processing file /home/airflow/.local/lib/python3.12/site-packages/airflow/example_dags/example_dataset_alias.py for tasks to queue
[2024-12-18T09:53:49.613+0000] {logging_mixin.py:190} INFO - [2024-12-18T09:53:49.613+0000] {dagbag.py:588} INFO - Filling up the DagBag from /home/airflow/.local/lib/python3.12/site-packages/airflow/example_dags/example_dataset_alias.py
[2024-12-18T09:53:50.192+0000] {processor.py:925} INFO - DAG(s) 'dataset_alias_example_alias_consumer', 'dataset_s3_bucket_consumer', 'dataset_s3_bucket_producer', 'dataset_alias_example_alias_producer' retrieved from /home/airflow/.local/lib/python3.12/site-packages/airflow/example_dags/example_dataset_alias.py
[2024-12-18T09:53:50.214+0000] {logging_mixin.py:190} INFO - [2024-12-18T09:53:50.213+0000] {dag.py:3239} INFO - Sync 4 DAGs
[2024-12-18T09:53:50.235+0000] {logging_mixin.py:190} INFO - [2024-12-18T09:53:50.235+0000] {dag.py:4180} INFO - Setting next_dagrun for dataset_alias_example_alias_consumer to None, run_after=None
[2024-12-18T09:53:50.237+0000] {logging_mixin.py:190} INFO - [2024-12-18T09:53:50.237+0000] {dag.py:4180} INFO - Setting next_dagrun for dataset_alias_example_alias_producer to None, run_after=None
[2024-12-18T09:53:50.238+0000] {logging_mixin.py:190} INFO - [2024-12-18T09:53:50.238+0000] {dag.py:4180} INFO - Setting next_dagrun for dataset_s3_bucket_consumer to None, run_after=None
[2024-12-18T09:53:50.239+0000] {logging_mixin.py:190} INFO - [2024-12-18T09:53:50.239+0000] {dag.py:4180} INFO - Setting next_dagrun for dataset_s3_bucket_producer to None, run_after=None
[2024-12-18T09:53:50.257+0000] {processor.py:208} INFO - Processing /home/airflow/.local/lib/python3.12/site-packages/airflow/example_dags/example_dataset_alias.py took 0.653 seconds
[2024-12-18T09:54:20.808+0000] {processor.py:186} INFO - Started process (PID=180) to work on /home/airflow/.local/lib/python3.12/site-packages/airflow/example_dags/example_dataset_alias.py
[2024-12-18T09:54:20.809+0000] {processor.py:914} INFO - Processing file /home/airflow/.local/lib/python3.12/site-packages/airflow/example_dags/example_dataset_alias.py for tasks to queue
[2024-12-18T09:54:20.810+0000] {logging_mixin.py:190} INFO - [2024-12-18T09:54:20.810+0000] {dagbag.py:588} INFO - Filling up the DagBag from /home/airflow/.local/lib/python3.12/site-packages/airflow/example_dags/example_dataset_alias.py
[2024-12-18T09:54:21.339+0000] {processor.py:925} INFO - DAG(s) 'dataset_s3_bucket_consumer', 'dataset_s3_bucket_producer', 'dataset_alias_example_alias_producer', 'dataset_alias_example_alias_consumer' retrieved from /home/airflow/.local/lib/python3.12/site-packages/airflow/example_dags/example_dataset_alias.py
[2024-12-18T09:54:21.361+0000] {logging_mixin.py:190} INFO - [2024-12-18T09:54:21.360+0000] {dag.py:3239} INFO - Sync 4 DAGs
[2024-12-18T09:54:21.384+0000] {logging_mixin.py:190} INFO - [2024-12-18T09:54:21.384+0000] {dag.py:4180} INFO - Setting next_dagrun for dataset_alias_example_alias_consumer to None, run_after=None
[2024-12-18T09:54:21.387+0000] {logging_mixin.py:190} INFO - [2024-12-18T09:54:21.387+0000] {dag.py:4180} INFO - Setting next_dagrun for dataset_alias_example_alias_producer to None, run_after=None
[2024-12-18T09:54:21.389+0000] {logging_mixin.py:190} INFO - [2024-12-18T09:54:21.389+0000] {dag.py:4180} INFO - Setting next_dagrun for dataset_s3_bucket_consumer to None, run_after=None
[2024-12-18T09:54:21.390+0000] {logging_mixin.py:190} INFO - [2024-12-18T09:54:21.390+0000] {dag.py:4180} INFO - Setting next_dagrun for dataset_s3_bucket_producer to None, run_after=None
[2024-12-18T09:54:21.418+0000] {processor.py:208} INFO - Processing /home/airflow/.local/lib/python3.12/site-packages/airflow/example_dags/example_dataset_alias.py took 0.616 seconds
[2024-12-18T09:54:51.655+0000] {processor.py:186} INFO - Started process (PID=246) to work on /home/airflow/.local/lib/python3.12/site-packages/airflow/example_dags/example_dataset_alias.py
[2024-12-18T09:54:51.656+0000] {processor.py:914} INFO - Processing file /home/airflow/.local/lib/python3.12/site-packages/airflow/example_dags/example_dataset_alias.py for tasks to queue
[2024-12-18T09:54:51.658+0000] {logging_mixin.py:190} INFO - [2024-12-18T09:54:51.657+0000] {dagbag.py:588} INFO - Filling up the DagBag from /home/airflow/.local/lib/python3.12/site-packages/airflow/example_dags/example_dataset_alias.py
[2024-12-18T09:54:52.211+0000] {processor.py:925} INFO - DAG(s) 'dataset_s3_bucket_consumer', 'dataset_alias_example_alias_consumer', 'dataset_s3_bucket_producer', 'dataset_alias_example_alias_producer' retrieved from /home/airflow/.local/lib/python3.12/site-packages/airflow/example_dags/example_dataset_alias.py
[2024-12-18T09:54:52.230+0000] {logging_mixin.py:190} INFO - [2024-12-18T09:54:52.229+0000] {dag.py:3239} INFO - Sync 4 DAGs
[2024-12-18T09:54:52.252+0000] {logging_mixin.py:190} INFO - [2024-12-18T09:54:52.252+0000] {dag.py:4180} INFO - Setting next_dagrun for dataset_alias_example_alias_consumer to None, run_after=None
[2024-12-18T09:54:52.254+0000] {logging_mixin.py:190} INFO - [2024-12-18T09:54:52.254+0000] {dag.py:4180} INFO - Setting next_dagrun for dataset_alias_example_alias_producer to None, run_after=None
[2024-12-18T09:54:52.256+0000] {logging_mixin.py:190} INFO - [2024-12-18T09:54:52.256+0000] {dag.py:4180} INFO - Setting next_dagrun for dataset_s3_bucket_consumer to None, run_after=None
[2024-12-18T09:54:52.257+0000] {logging_mixin.py:190} INFO - [2024-12-18T09:54:52.257+0000] {dag.py:4180} INFO - Setting next_dagrun for dataset_s3_bucket_producer to None, run_after=None
[2024-12-18T09:54:52.278+0000] {processor.py:208} INFO - Processing /home/airflow/.local/lib/python3.12/site-packages/airflow/example_dags/example_dataset_alias.py took 0.628 seconds
[2024-12-18T09:55:22.473+0000] {processor.py:186} INFO - Started process (PID=303) to work on /home/airflow/.local/lib/python3.12/site-packages/airflow/example_dags/example_dataset_alias.py
[2024-12-18T09:55:22.474+0000] {processor.py:914} INFO - Processing file /home/airflow/.local/lib/python3.12/site-packages/airflow/example_dags/example_dataset_alias.py for tasks to queue
[2024-12-18T09:55:22.476+0000] {logging_mixin.py:190} INFO - [2024-12-18T09:55:22.476+0000] {dagbag.py:588} INFO - Filling up the DagBag from /home/airflow/.local/lib/python3.12/site-packages/airflow/example_dags/example_dataset_alias.py
[2024-12-18T09:55:23.339+0000] {processor.py:925} INFO - DAG(s) 'dataset_s3_bucket_consumer', 'dataset_s3_bucket_producer', 'dataset_alias_example_alias_producer', 'dataset_alias_example_alias_consumer' retrieved from /home/airflow/.local/lib/python3.12/site-packages/airflow/example_dags/example_dataset_alias.py
[2024-12-18T09:55:23.377+0000] {logging_mixin.py:190} INFO - [2024-12-18T09:55:23.376+0000] {dag.py:3239} INFO - Sync 4 DAGs
[2024-12-18T09:55:23.420+0000] {logging_mixin.py:190} INFO - [2024-12-18T09:55:23.420+0000] {dag.py:4180} INFO - Setting next_dagrun for dataset_alias_example_alias_consumer to None, run_after=None
[2024-12-18T09:55:23.426+0000] {logging_mixin.py:190} INFO - [2024-12-18T09:55:23.425+0000] {dag.py:4180} INFO - Setting next_dagrun for dataset_alias_example_alias_producer to None, run_after=None
[2024-12-18T09:55:23.428+0000] {logging_mixin.py:190} INFO - [2024-12-18T09:55:23.428+0000] {dag.py:4180} INFO - Setting next_dagrun for dataset_s3_bucket_consumer to None, run_after=None
[2024-12-18T09:55:23.431+0000] {logging_mixin.py:190} INFO - [2024-12-18T09:55:23.430+0000] {dag.py:4180} INFO - Setting next_dagrun for dataset_s3_bucket_producer to None, run_after=None
[2024-12-18T09:55:23.471+0000] {processor.py:208} INFO - Processing /home/airflow/.local/lib/python3.12/site-packages/airflow/example_dags/example_dataset_alias.py took 1.004 seconds
[2024-12-18T09:55:54.428+0000] {processor.py:186} INFO - Started process (PID=374) to work on /home/airflow/.local/lib/python3.12/site-packages/airflow/example_dags/example_dataset_alias.py
[2024-12-18T09:55:54.429+0000] {processor.py:914} INFO - Processing file /home/airflow/.local/lib/python3.12/site-packages/airflow/example_dags/example_dataset_alias.py for tasks to queue
[2024-12-18T09:55:54.432+0000] {logging_mixin.py:190} INFO - [2024-12-18T09:55:54.431+0000] {dagbag.py:588} INFO - Filling up the DagBag from /home/airflow/.local/lib/python3.12/site-packages/airflow/example_dags/example_dataset_alias.py
[2024-12-18T09:55:55.217+0000] {processor.py:925} INFO - DAG(s) 'dataset_alias_example_alias_consumer', 'dataset_s3_bucket_consumer', 'dataset_alias_example_alias_producer', 'dataset_s3_bucket_producer' retrieved from /home/airflow/.local/lib/python3.12/site-packages/airflow/example_dags/example_dataset_alias.py
[2024-12-18T09:55:55.248+0000] {logging_mixin.py:190} INFO - [2024-12-18T09:55:55.247+0000] {dag.py:3239} INFO - Sync 4 DAGs
[2024-12-18T09:55:55.279+0000] {logging_mixin.py:190} INFO - [2024-12-18T09:55:55.278+0000] {dag.py:4180} INFO - Setting next_dagrun for dataset_alias_example_alias_consumer to None, run_after=None
[2024-12-18T09:55:55.281+0000] {logging_mixin.py:190} INFO - [2024-12-18T09:55:55.281+0000] {dag.py:4180} INFO - Setting next_dagrun for dataset_alias_example_alias_producer to None, run_after=None
[2024-12-18T09:55:55.283+0000] {logging_mixin.py:190} INFO - [2024-12-18T09:55:55.283+0000] {dag.py:4180} INFO - Setting next_dagrun for dataset_s3_bucket_consumer to None, run_after=None
[2024-12-18T09:55:55.285+0000] {logging_mixin.py:190} INFO - [2024-12-18T09:55:55.284+0000] {dag.py:4180} INFO - Setting next_dagrun for dataset_s3_bucket_producer to None, run_after=None
[2024-12-18T09:55:55.310+0000] {processor.py:208} INFO - Processing /home/airflow/.local/lib/python3.12/site-packages/airflow/example_dags/example_dataset_alias.py took 0.889 seconds
[2024-12-18T09:56:25.469+0000] {processor.py:186} INFO - Started process (PID=440) to work on /home/airflow/.local/lib/python3.12/site-packages/airflow/example_dags/example_dataset_alias.py
[2024-12-18T09:56:25.470+0000] {processor.py:914} INFO - Processing file /home/airflow/.local/lib/python3.12/site-packages/airflow/example_dags/example_dataset_alias.py for tasks to queue
[2024-12-18T09:56:25.472+0000] {logging_mixin.py:190} INFO - [2024-12-18T09:56:25.471+0000] {dagbag.py:588} INFO - Filling up the DagBag from /home/airflow/.local/lib/python3.12/site-packages/airflow/example_dags/example_dataset_alias.py
[2024-12-18T09:56:26.099+0000] {processor.py:925} INFO - DAG(s) 'dataset_alias_example_alias_producer', 'dataset_s3_bucket_consumer', 'dataset_s3_bucket_producer', 'dataset_alias_example_alias_consumer' retrieved from /home/airflow/.local/lib/python3.12/site-packages/airflow/example_dags/example_dataset_alias.py
[2024-12-18T09:56:26.120+0000] {logging_mixin.py:190} INFO - [2024-12-18T09:56:26.120+0000] {dag.py:3239} INFO - Sync 4 DAGs
[2024-12-18T09:56:26.145+0000] {logging_mixin.py:190} INFO - [2024-12-18T09:56:26.144+0000] {dag.py:4180} INFO - Setting next_dagrun for dataset_alias_example_alias_consumer to None, run_after=None
[2024-12-18T09:56:26.147+0000] {logging_mixin.py:190} INFO - [2024-12-18T09:56:26.147+0000] {dag.py:4180} INFO - Setting next_dagrun for dataset_alias_example_alias_producer to None, run_after=None
[2024-12-18T09:56:26.149+0000] {logging_mixin.py:190} INFO - [2024-12-18T09:56:26.148+0000] {dag.py:4180} INFO - Setting next_dagrun for dataset_s3_bucket_consumer to None, run_after=None
[2024-12-18T09:56:26.150+0000] {logging_mixin.py:190} INFO - [2024-12-18T09:56:26.149+0000] {dag.py:4180} INFO - Setting next_dagrun for dataset_s3_bucket_producer to None, run_after=None
[2024-12-18T09:56:26.171+0000] {processor.py:208} INFO - Processing /home/airflow/.local/lib/python3.12/site-packages/airflow/example_dags/example_dataset_alias.py took 0.709 seconds
[2024-12-18T09:56:56.520+0000] {processor.py:186} INFO - Started process (PID=519) to work on /home/airflow/.local/lib/python3.12/site-packages/airflow/example_dags/example_dataset_alias.py
[2024-12-18T09:56:56.521+0000] {processor.py:914} INFO - Processing file /home/airflow/.local/lib/python3.12/site-packages/airflow/example_dags/example_dataset_alias.py for tasks to queue
[2024-12-18T09:56:56.523+0000] {logging_mixin.py:190} INFO - [2024-12-18T09:56:56.523+0000] {dagbag.py:588} INFO - Filling up the DagBag from /home/airflow/.local/lib/python3.12/site-packages/airflow/example_dags/example_dataset_alias.py
[2024-12-18T09:56:57.113+0000] {processor.py:925} INFO - DAG(s) 'dataset_alias_example_alias_producer', 'dataset_s3_bucket_producer', 'dataset_s3_bucket_consumer', 'dataset_alias_example_alias_consumer' retrieved from /home/airflow/.local/lib/python3.12/site-packages/airflow/example_dags/example_dataset_alias.py
[2024-12-18T09:56:57.134+0000] {logging_mixin.py:190} INFO - [2024-12-18T09:56:57.133+0000] {dag.py:3239} INFO - Sync 4 DAGs
[2024-12-18T09:56:57.157+0000] {logging_mixin.py:190} INFO - [2024-12-18T09:56:57.157+0000] {dag.py:4180} INFO - Setting next_dagrun for dataset_alias_example_alias_consumer to None, run_after=None
[2024-12-18T09:56:57.159+0000] {logging_mixin.py:190} INFO - [2024-12-18T09:56:57.159+0000] {dag.py:4180} INFO - Setting next_dagrun for dataset_alias_example_alias_producer to None, run_after=None
[2024-12-18T09:56:57.162+0000] {logging_mixin.py:190} INFO - [2024-12-18T09:56:57.162+0000] {dag.py:4180} INFO - Setting next_dagrun for dataset_s3_bucket_consumer to None, run_after=None
[2024-12-18T09:56:57.163+0000] {logging_mixin.py:190} INFO - [2024-12-18T09:56:57.163+0000] {dag.py:4180} INFO - Setting next_dagrun for dataset_s3_bucket_producer to None, run_after=None
[2024-12-18T09:56:57.183+0000] {processor.py:208} INFO - Processing /home/airflow/.local/lib/python3.12/site-packages/airflow/example_dags/example_dataset_alias.py took 0.668 seconds
[2024-12-18T09:57:28.070+0000] {processor.py:186} INFO - Started process (PID=588) to work on /home/airflow/.local/lib/python3.12/site-packages/airflow/example_dags/example_dataset_alias.py
[2024-12-18T09:57:28.071+0000] {processor.py:914} INFO - Processing file /home/airflow/.local/lib/python3.12/site-packages/airflow/example_dags/example_dataset_alias.py for tasks to queue
[2024-12-18T09:57:28.073+0000] {logging_mixin.py:190} INFO - [2024-12-18T09:57:28.073+0000] {dagbag.py:588} INFO - Filling up the DagBag from /home/airflow/.local/lib/python3.12/site-packages/airflow/example_dags/example_dataset_alias.py
[2024-12-18T09:57:28.689+0000] {processor.py:925} INFO - DAG(s) 'dataset_s3_bucket_producer', 'dataset_alias_example_alias_producer', 'dataset_alias_example_alias_consumer', 'dataset_s3_bucket_consumer' retrieved from /home/airflow/.local/lib/python3.12/site-packages/airflow/example_dags/example_dataset_alias.py
[2024-12-18T09:57:28.715+0000] {logging_mixin.py:190} INFO - [2024-12-18T09:57:28.714+0000] {dag.py:3239} INFO - Sync 4 DAGs
[2024-12-18T09:57:28.746+0000] {logging_mixin.py:190} INFO - [2024-12-18T09:57:28.746+0000] {dag.py:4180} INFO - Setting next_dagrun for dataset_alias_example_alias_consumer to None, run_after=None
[2024-12-18T09:57:28.750+0000] {logging_mixin.py:190} INFO - [2024-12-18T09:57:28.749+0000] {dag.py:4180} INFO - Setting next_dagrun for dataset_alias_example_alias_producer to None, run_after=None
[2024-12-18T09:57:28.752+0000] {logging_mixin.py:190} INFO - [2024-12-18T09:57:28.751+0000] {dag.py:4180} INFO - Setting next_dagrun for dataset_s3_bucket_consumer to None, run_after=None
[2024-12-18T09:57:28.753+0000] {logging_mixin.py:190} INFO - [2024-12-18T09:57:28.753+0000] {dag.py:4180} INFO - Setting next_dagrun for dataset_s3_bucket_producer to None, run_after=None
[2024-12-18T09:57:28.776+0000] {processor.py:208} INFO - Processing /home/airflow/.local/lib/python3.12/site-packages/airflow/example_dags/example_dataset_alias.py took 0.712 seconds
[2024-12-18T09:57:59.829+0000] {processor.py:186} INFO - Started process (PID=652) to work on /home/airflow/.local/lib/python3.12/site-packages/airflow/example_dags/example_dataset_alias.py
[2024-12-18T09:57:59.830+0000] {processor.py:914} INFO - Processing file /home/airflow/.local/lib/python3.12/site-packages/airflow/example_dags/example_dataset_alias.py for tasks to queue
[2024-12-18T09:57:59.832+0000] {logging_mixin.py:190} INFO - [2024-12-18T09:57:59.831+0000] {dagbag.py:588} INFO - Filling up the DagBag from /home/airflow/.local/lib/python3.12/site-packages/airflow/example_dags/example_dataset_alias.py
[2024-12-18T09:58:00.482+0000] {processor.py:925} INFO - DAG(s) 'dataset_s3_bucket_producer', 'dataset_s3_bucket_consumer', 'dataset_alias_example_alias_producer', 'dataset_alias_example_alias_consumer' retrieved from /home/airflow/.local/lib/python3.12/site-packages/airflow/example_dags/example_dataset_alias.py
[2024-12-18T09:58:00.504+0000] {logging_mixin.py:190} INFO - [2024-12-18T09:58:00.503+0000] {dag.py:3239} INFO - Sync 4 DAGs
[2024-12-18T09:58:00.529+0000] {logging_mixin.py:190} INFO - [2024-12-18T09:58:00.528+0000] {dag.py:4180} INFO - Setting next_dagrun for dataset_alias_example_alias_consumer to None, run_after=None
[2024-12-18T09:58:00.531+0000] {logging_mixin.py:190} INFO - [2024-12-18T09:58:00.531+0000] {dag.py:4180} INFO - Setting next_dagrun for dataset_alias_example_alias_producer to None, run_after=None
[2024-12-18T09:58:00.533+0000] {logging_mixin.py:190} INFO - [2024-12-18T09:58:00.533+0000] {dag.py:4180} INFO - Setting next_dagrun for dataset_s3_bucket_consumer to None, run_after=None
[2024-12-18T09:58:00.534+0000] {logging_mixin.py:190} INFO - [2024-12-18T09:58:00.534+0000] {dag.py:4180} INFO - Setting next_dagrun for dataset_s3_bucket_producer to None, run_after=None
[2024-12-18T09:58:00.554+0000] {processor.py:208} INFO - Processing /home/airflow/.local/lib/python3.12/site-packages/airflow/example_dags/example_dataset_alias.py took 0.731 seconds
[2024-12-18T09:58:31.005+0000] {processor.py:186} INFO - Started process (PID=716) to work on /home/airflow/.local/lib/python3.12/site-packages/airflow/example_dags/example_dataset_alias.py
[2024-12-18T09:58:31.006+0000] {processor.py:914} INFO - Processing file /home/airflow/.local/lib/python3.12/site-packages/airflow/example_dags/example_dataset_alias.py for tasks to queue
[2024-12-18T09:58:31.009+0000] {logging_mixin.py:190} INFO - [2024-12-18T09:58:31.008+0000] {dagbag.py:588} INFO - Filling up the DagBag from /home/airflow/.local/lib/python3.12/site-packages/airflow/example_dags/example_dataset_alias.py
[2024-12-18T09:58:31.690+0000] {processor.py:925} INFO - DAG(s) 'dataset_s3_bucket_consumer', 'dataset_alias_example_alias_consumer', 'dataset_s3_bucket_producer', 'dataset_alias_example_alias_producer' retrieved from /home/airflow/.local/lib/python3.12/site-packages/airflow/example_dags/example_dataset_alias.py
[2024-12-18T09:58:31.715+0000] {logging_mixin.py:190} INFO - [2024-12-18T09:58:31.715+0000] {dag.py:3239} INFO - Sync 4 DAGs
[2024-12-18T09:58:31.747+0000] {logging_mixin.py:190} INFO - [2024-12-18T09:58:31.747+0000] {dag.py:4180} INFO - Setting next_dagrun for dataset_alias_example_alias_consumer to None, run_after=None
[2024-12-18T09:58:31.751+0000] {logging_mixin.py:190} INFO - [2024-12-18T09:58:31.751+0000] {dag.py:4180} INFO - Setting next_dagrun for dataset_alias_example_alias_producer to None, run_after=None
[2024-12-18T09:58:31.754+0000] {logging_mixin.py:190} INFO - [2024-12-18T09:58:31.753+0000] {dag.py:4180} INFO - Setting next_dagrun for dataset_s3_bucket_consumer to None, run_after=None
[2024-12-18T09:58:31.755+0000] {logging_mixin.py:190} INFO - [2024-12-18T09:58:31.755+0000] {dag.py:4180} INFO - Setting next_dagrun for dataset_s3_bucket_producer to None, run_after=None
[2024-12-18T09:58:31.787+0000] {processor.py:208} INFO - Processing /home/airflow/.local/lib/python3.12/site-packages/airflow/example_dags/example_dataset_alias.py took 0.788 seconds
[2024-12-18T09:59:02.766+0000] {processor.py:186} INFO - Started process (PID=780) to work on /home/airflow/.local/lib/python3.12/site-packages/airflow/example_dags/example_dataset_alias.py
[2024-12-18T09:59:02.771+0000] {processor.py:914} INFO - Processing file /home/airflow/.local/lib/python3.12/site-packages/airflow/example_dags/example_dataset_alias.py for tasks to queue
[2024-12-18T09:59:02.774+0000] {logging_mixin.py:190} INFO - [2024-12-18T09:59:02.773+0000] {dagbag.py:588} INFO - Filling up the DagBag from /home/airflow/.local/lib/python3.12/site-packages/airflow/example_dags/example_dataset_alias.py
[2024-12-18T09:59:03.371+0000] {processor.py:925} INFO - DAG(s) 'dataset_s3_bucket_producer', 'dataset_alias_example_alias_consumer', 'dataset_s3_bucket_consumer', 'dataset_alias_example_alias_producer' retrieved from /home/airflow/.local/lib/python3.12/site-packages/airflow/example_dags/example_dataset_alias.py
[2024-12-18T09:59:03.392+0000] {logging_mixin.py:190} INFO - [2024-12-18T09:59:03.391+0000] {dag.py:3239} INFO - Sync 4 DAGs
[2024-12-18T09:59:03.417+0000] {logging_mixin.py:190} INFO - [2024-12-18T09:59:03.417+0000] {dag.py:4180} INFO - Setting next_dagrun for dataset_alias_example_alias_consumer to None, run_after=None
[2024-12-18T09:59:03.420+0000] {logging_mixin.py:190} INFO - [2024-12-18T09:59:03.420+0000] {dag.py:4180} INFO - Setting next_dagrun for dataset_alias_example_alias_producer to None, run_after=None
[2024-12-18T09:59:03.421+0000] {logging_mixin.py:190} INFO - [2024-12-18T09:59:03.421+0000] {dag.py:4180} INFO - Setting next_dagrun for dataset_s3_bucket_consumer to None, run_after=None
[2024-12-18T09:59:03.422+0000] {logging_mixin.py:190} INFO - [2024-12-18T09:59:03.422+0000] {dag.py:4180} INFO - Setting next_dagrun for dataset_s3_bucket_producer to None, run_after=None
[2024-12-18T09:59:03.444+0000] {processor.py:208} INFO - Processing /home/airflow/.local/lib/python3.12/site-packages/airflow/example_dags/example_dataset_alias.py took 0.684 seconds
[2024-12-18T09:59:33.846+0000] {processor.py:186} INFO - Started process (PID=844) to work on /home/airflow/.local/lib/python3.12/site-packages/airflow/example_dags/example_dataset_alias.py
[2024-12-18T09:59:33.847+0000] {processor.py:914} INFO - Processing file /home/airflow/.local/lib/python3.12/site-packages/airflow/example_dags/example_dataset_alias.py for tasks to queue
[2024-12-18T09:59:33.850+0000] {logging_mixin.py:190} INFO - [2024-12-18T09:59:33.849+0000] {dagbag.py:588} INFO - Filling up the DagBag from /home/airflow/.local/lib/python3.12/site-packages/airflow/example_dags/example_dataset_alias.py
[2024-12-18T09:59:34.437+0000] {processor.py:925} INFO - DAG(s) 'dataset_alias_example_alias_consumer', 'dataset_alias_example_alias_producer', 'dataset_s3_bucket_producer', 'dataset_s3_bucket_consumer' retrieved from /home/airflow/.local/lib/python3.12/site-packages/airflow/example_dags/example_dataset_alias.py
[2024-12-18T09:59:34.457+0000] {logging_mixin.py:190} INFO - [2024-12-18T09:59:34.456+0000] {dag.py:3239} INFO - Sync 4 DAGs
[2024-12-18T09:59:34.478+0000] {logging_mixin.py:190} INFO - [2024-12-18T09:59:34.478+0000] {dag.py:4180} INFO - Setting next_dagrun for dataset_alias_example_alias_consumer to None, run_after=None
[2024-12-18T09:59:34.481+0000] {logging_mixin.py:190} INFO - [2024-12-18T09:59:34.481+0000] {dag.py:4180} INFO - Setting next_dagrun for dataset_alias_example_alias_producer to None, run_after=None
[2024-12-18T09:59:34.482+0000] {logging_mixin.py:190} INFO - [2024-12-18T09:59:34.482+0000] {dag.py:4180} INFO - Setting next_dagrun for dataset_s3_bucket_consumer to None, run_after=None
[2024-12-18T09:59:34.483+0000] {logging_mixin.py:190} INFO - [2024-12-18T09:59:34.483+0000] {dag.py:4180} INFO - Setting next_dagrun for dataset_s3_bucket_producer to None, run_after=None
[2024-12-18T09:59:34.503+0000] {processor.py:208} INFO - Processing /home/airflow/.local/lib/python3.12/site-packages/airflow/example_dags/example_dataset_alias.py took 0.666 seconds
[2024-12-18T10:00:04.804+0000] {processor.py:186} INFO - Started process (PID=908) to work on /home/airflow/.local/lib/python3.12/site-packages/airflow/example_dags/example_dataset_alias.py
[2024-12-18T10:00:04.804+0000] {processor.py:914} INFO - Processing file /home/airflow/.local/lib/python3.12/site-packages/airflow/example_dags/example_dataset_alias.py for tasks to queue
[2024-12-18T10:00:04.806+0000] {logging_mixin.py:190} INFO - [2024-12-18T10:00:04.806+0000] {dagbag.py:588} INFO - Filling up the DagBag from /home/airflow/.local/lib/python3.12/site-packages/airflow/example_dags/example_dataset_alias.py
[2024-12-18T10:00:05.398+0000] {processor.py:925} INFO - DAG(s) 'dataset_s3_bucket_consumer', 'dataset_s3_bucket_producer', 'dataset_alias_example_alias_consumer', 'dataset_alias_example_alias_producer' retrieved from /home/airflow/.local/lib/python3.12/site-packages/airflow/example_dags/example_dataset_alias.py
[2024-12-18T10:00:05.420+0000] {logging_mixin.py:190} INFO - [2024-12-18T10:00:05.420+0000] {dag.py:3239} INFO - Sync 4 DAGs
[2024-12-18T10:00:05.444+0000] {logging_mixin.py:190} INFO - [2024-12-18T10:00:05.443+0000] {dag.py:4180} INFO - Setting next_dagrun for dataset_alias_example_alias_consumer to None, run_after=None
[2024-12-18T10:00:05.446+0000] {logging_mixin.py:190} INFO - [2024-12-18T10:00:05.446+0000] {dag.py:4180} INFO - Setting next_dagrun for dataset_alias_example_alias_producer to None, run_after=None
[2024-12-18T10:00:05.450+0000] {logging_mixin.py:190} INFO - [2024-12-18T10:00:05.449+0000] {dag.py:4180} INFO - Setting next_dagrun for dataset_s3_bucket_consumer to None, run_after=None
[2024-12-18T10:00:05.451+0000] {logging_mixin.py:190} INFO - [2024-12-18T10:00:05.451+0000] {dag.py:4180} INFO - Setting next_dagrun for dataset_s3_bucket_producer to None, run_after=None
[2024-12-18T10:00:05.475+0000] {processor.py:208} INFO - Processing /home/airflow/.local/lib/python3.12/site-packages/airflow/example_dags/example_dataset_alias.py took 0.678 seconds
[2024-12-18T10:00:36.508+0000] {processor.py:186} INFO - Started process (PID=972) to work on /home/airflow/.local/lib/python3.12/site-packages/airflow/example_dags/example_dataset_alias.py
[2024-12-18T10:00:36.509+0000] {processor.py:914} INFO - Processing file /home/airflow/.local/lib/python3.12/site-packages/airflow/example_dags/example_dataset_alias.py for tasks to queue
[2024-12-18T10:00:36.511+0000] {logging_mixin.py:190} INFO - [2024-12-18T10:00:36.511+0000] {dagbag.py:588} INFO - Filling up the DagBag from /home/airflow/.local/lib/python3.12/site-packages/airflow/example_dags/example_dataset_alias.py
[2024-12-18T10:00:37.101+0000] {processor.py:925} INFO - DAG(s) 'dataset_alias_example_alias_consumer', 'dataset_alias_example_alias_producer', 'dataset_s3_bucket_consumer', 'dataset_s3_bucket_producer' retrieved from /home/airflow/.local/lib/python3.12/site-packages/airflow/example_dags/example_dataset_alias.py
[2024-12-18T10:00:37.123+0000] {logging_mixin.py:190} INFO - [2024-12-18T10:00:37.122+0000] {dag.py:3239} INFO - Sync 4 DAGs
[2024-12-18T10:00:37.154+0000] {logging_mixin.py:190} INFO - [2024-12-18T10:00:37.154+0000] {dag.py:4180} INFO - Setting next_dagrun for dataset_alias_example_alias_consumer to None, run_after=None
[2024-12-18T10:00:37.157+0000] {logging_mixin.py:190} INFO - [2024-12-18T10:00:37.157+0000] {dag.py:4180} INFO - Setting next_dagrun for dataset_alias_example_alias_producer to None, run_after=None
[2024-12-18T10:00:37.159+0000] {logging_mixin.py:190} INFO - [2024-12-18T10:00:37.159+0000] {dag.py:4180} INFO - Setting next_dagrun for dataset_s3_bucket_consumer to None, run_after=None
[2024-12-18T10:00:37.161+0000] {logging_mixin.py:190} INFO - [2024-12-18T10:00:37.160+0000] {dag.py:4180} INFO - Setting next_dagrun for dataset_s3_bucket_producer to None, run_after=None
[2024-12-18T10:00:37.183+0000] {processor.py:208} INFO - Processing /home/airflow/.local/lib/python3.12/site-packages/airflow/example_dags/example_dataset_alias.py took 0.681 seconds
[2024-12-18T10:05:24.661+0000] {processor.py:186} INFO - Started process (PID=108) to work on /home/airflow/.local/lib/python3.12/site-packages/airflow/example_dags/example_dataset_alias.py
[2024-12-18T10:05:24.662+0000] {processor.py:914} INFO - Processing file /home/airflow/.local/lib/python3.12/site-packages/airflow/example_dags/example_dataset_alias.py for tasks to queue
[2024-12-18T10:05:24.665+0000] {logging_mixin.py:190} INFO - [2024-12-18T10:05:24.665+0000] {dagbag.py:588} INFO - Filling up the DagBag from /home/airflow/.local/lib/python3.12/site-packages/airflow/example_dags/example_dataset_alias.py
[2024-12-18T10:05:25.489+0000] {processor.py:925} INFO - DAG(s) 'dataset_alias_example_alias_consumer', 'dataset_s3_bucket_consumer', 'dataset_alias_example_alias_producer', 'dataset_s3_bucket_producer' retrieved from /home/airflow/.local/lib/python3.12/site-packages/airflow/example_dags/example_dataset_alias.py
[2024-12-18T10:05:25.515+0000] {logging_mixin.py:190} INFO - [2024-12-18T10:05:25.514+0000] {dag.py:3239} INFO - Sync 4 DAGs
[2024-12-18T10:05:25.544+0000] {logging_mixin.py:190} INFO - [2024-12-18T10:05:25.544+0000] {dag.py:4180} INFO - Setting next_dagrun for dataset_alias_example_alias_consumer to None, run_after=None
[2024-12-18T10:05:25.548+0000] {logging_mixin.py:190} INFO - [2024-12-18T10:05:25.548+0000] {dag.py:4180} INFO - Setting next_dagrun for dataset_alias_example_alias_producer to None, run_after=None
[2024-12-18T10:05:25.550+0000] {logging_mixin.py:190} INFO - [2024-12-18T10:05:25.549+0000] {dag.py:4180} INFO - Setting next_dagrun for dataset_s3_bucket_consumer to None, run_after=None
[2024-12-18T10:05:25.551+0000] {logging_mixin.py:190} INFO - [2024-12-18T10:05:25.551+0000] {dag.py:4180} INFO - Setting next_dagrun for dataset_s3_bucket_producer to None, run_after=None
[2024-12-18T10:05:25.573+0000] {processor.py:208} INFO - Processing /home/airflow/.local/lib/python3.12/site-packages/airflow/example_dags/example_dataset_alias.py took 0.919 seconds
[2024-12-18T10:05:57.511+0000] {processor.py:186} INFO - Started process (PID=180) to work on /home/airflow/.local/lib/python3.12/site-packages/airflow/example_dags/example_dataset_alias.py
[2024-12-18T10:05:57.512+0000] {processor.py:914} INFO - Processing file /home/airflow/.local/lib/python3.12/site-packages/airflow/example_dags/example_dataset_alias.py for tasks to queue
[2024-12-18T10:05:57.514+0000] {logging_mixin.py:190} INFO - [2024-12-18T10:05:57.514+0000] {dagbag.py:588} INFO - Filling up the DagBag from /home/airflow/.local/lib/python3.12/site-packages/airflow/example_dags/example_dataset_alias.py
[2024-12-18T10:05:58.176+0000] {processor.py:925} INFO - DAG(s) 'dataset_s3_bucket_consumer', 'dataset_s3_bucket_producer', 'dataset_alias_example_alias_producer', 'dataset_alias_example_alias_consumer' retrieved from /home/airflow/.local/lib/python3.12/site-packages/airflow/example_dags/example_dataset_alias.py
[2024-12-18T10:05:58.201+0000] {logging_mixin.py:190} INFO - [2024-12-18T10:05:58.201+0000] {dag.py:3239} INFO - Sync 4 DAGs
[2024-12-18T10:05:58.227+0000] {logging_mixin.py:190} INFO - [2024-12-18T10:05:58.226+0000] {dag.py:4180} INFO - Setting next_dagrun for dataset_alias_example_alias_consumer to None, run_after=None
[2024-12-18T10:05:58.229+0000] {logging_mixin.py:190} INFO - [2024-12-18T10:05:58.229+0000] {dag.py:4180} INFO - Setting next_dagrun for dataset_alias_example_alias_producer to None, run_after=None
[2024-12-18T10:05:58.231+0000] {logging_mixin.py:190} INFO - [2024-12-18T10:05:58.230+0000] {dag.py:4180} INFO - Setting next_dagrun for dataset_s3_bucket_consumer to None, run_after=None
[2024-12-18T10:05:58.232+0000] {logging_mixin.py:190} INFO - [2024-12-18T10:05:58.232+0000] {dag.py:4180} INFO - Setting next_dagrun for dataset_s3_bucket_producer to None, run_after=None
[2024-12-18T10:05:58.253+0000] {processor.py:208} INFO - Processing /home/airflow/.local/lib/python3.12/site-packages/airflow/example_dags/example_dataset_alias.py took 0.750 seconds
[2024-12-18T10:06:29.062+0000] {processor.py:186} INFO - Started process (PID=243) to work on /home/airflow/.local/lib/python3.12/site-packages/airflow/example_dags/example_dataset_alias.py
[2024-12-18T10:06:29.063+0000] {processor.py:914} INFO - Processing file /home/airflow/.local/lib/python3.12/site-packages/airflow/example_dags/example_dataset_alias.py for tasks to queue
[2024-12-18T10:06:29.065+0000] {logging_mixin.py:190} INFO - [2024-12-18T10:06:29.064+0000] {dagbag.py:588} INFO - Filling up the DagBag from /home/airflow/.local/lib/python3.12/site-packages/airflow/example_dags/example_dataset_alias.py
[2024-12-18T10:06:29.710+0000] {processor.py:925} INFO - DAG(s) 'dataset_alias_example_alias_consumer', 'dataset_s3_bucket_producer', 'dataset_alias_example_alias_producer', 'dataset_s3_bucket_consumer' retrieved from /home/airflow/.local/lib/python3.12/site-packages/airflow/example_dags/example_dataset_alias.py
[2024-12-18T10:06:29.729+0000] {logging_mixin.py:190} INFO - [2024-12-18T10:06:29.729+0000] {dag.py:3239} INFO - Sync 4 DAGs
[2024-12-18T10:06:29.751+0000] {logging_mixin.py:190} INFO - [2024-12-18T10:06:29.751+0000] {dag.py:4180} INFO - Setting next_dagrun for dataset_alias_example_alias_consumer to None, run_after=None
[2024-12-18T10:06:29.753+0000] {logging_mixin.py:190} INFO - [2024-12-18T10:06:29.753+0000] {dag.py:4180} INFO - Setting next_dagrun for dataset_alias_example_alias_producer to None, run_after=None
[2024-12-18T10:06:29.755+0000] {logging_mixin.py:190} INFO - [2024-12-18T10:06:29.754+0000] {dag.py:4180} INFO - Setting next_dagrun for dataset_s3_bucket_consumer to None, run_after=None
[2024-12-18T10:06:29.756+0000] {logging_mixin.py:190} INFO - [2024-12-18T10:06:29.756+0000] {dag.py:4180} INFO - Setting next_dagrun for dataset_s3_bucket_producer to None, run_after=None
[2024-12-18T10:06:29.776+0000] {processor.py:208} INFO - Processing /home/airflow/.local/lib/python3.12/site-packages/airflow/example_dags/example_dataset_alias.py took 0.721 seconds
[2024-12-18T10:07:00.016+0000] {processor.py:186} INFO - Started process (PID=309) to work on /home/airflow/.local/lib/python3.12/site-packages/airflow/example_dags/example_dataset_alias.py
[2024-12-18T10:07:00.017+0000] {processor.py:914} INFO - Processing file /home/airflow/.local/lib/python3.12/site-packages/airflow/example_dags/example_dataset_alias.py for tasks to queue
[2024-12-18T10:07:00.018+0000] {logging_mixin.py:190} INFO - [2024-12-18T10:07:00.018+0000] {dagbag.py:588} INFO - Filling up the DagBag from /home/airflow/.local/lib/python3.12/site-packages/airflow/example_dags/example_dataset_alias.py
[2024-12-18T10:07:00.630+0000] {processor.py:925} INFO - DAG(s) 'dataset_alias_example_alias_producer', 'dataset_s3_bucket_consumer', 'dataset_alias_example_alias_consumer', 'dataset_s3_bucket_producer' retrieved from /home/airflow/.local/lib/python3.12/site-packages/airflow/example_dags/example_dataset_alias.py
[2024-12-18T10:07:00.653+0000] {logging_mixin.py:190} INFO - [2024-12-18T10:07:00.652+0000] {dag.py:3239} INFO - Sync 4 DAGs
[2024-12-18T10:07:00.675+0000] {logging_mixin.py:190} INFO - [2024-12-18T10:07:00.675+0000] {dag.py:4180} INFO - Setting next_dagrun for dataset_alias_example_alias_consumer to None, run_after=None
[2024-12-18T10:07:00.678+0000] {logging_mixin.py:190} INFO - [2024-12-18T10:07:00.677+0000] {dag.py:4180} INFO - Setting next_dagrun for dataset_alias_example_alias_producer to None, run_after=None
[2024-12-18T10:07:00.679+0000] {logging_mixin.py:190} INFO - [2024-12-18T10:07:00.679+0000] {dag.py:4180} INFO - Setting next_dagrun for dataset_s3_bucket_consumer to None, run_after=None
[2024-12-18T10:07:00.680+0000] {logging_mixin.py:190} INFO - [2024-12-18T10:07:00.680+0000] {dag.py:4180} INFO - Setting next_dagrun for dataset_s3_bucket_producer to None, run_after=None
[2024-12-18T10:07:00.700+0000] {processor.py:208} INFO - Processing /home/airflow/.local/lib/python3.12/site-packages/airflow/example_dags/example_dataset_alias.py took 0.690 seconds
[2024-12-18T10:07:31.537+0000] {processor.py:186} INFO - Started process (PID=372) to work on /home/airflow/.local/lib/python3.12/site-packages/airflow/example_dags/example_dataset_alias.py
[2024-12-18T10:07:31.538+0000] {processor.py:914} INFO - Processing file /home/airflow/.local/lib/python3.12/site-packages/airflow/example_dags/example_dataset_alias.py for tasks to queue
[2024-12-18T10:07:31.539+0000] {logging_mixin.py:190} INFO - [2024-12-18T10:07:31.538+0000] {dagbag.py:588} INFO - Filling up the DagBag from /home/airflow/.local/lib/python3.12/site-packages/airflow/example_dags/example_dataset_alias.py
[2024-12-18T10:07:32.130+0000] {processor.py:925} INFO - DAG(s) 'dataset_alias_example_alias_consumer', 'dataset_s3_bucket_consumer', 'dataset_s3_bucket_producer', 'dataset_alias_example_alias_producer' retrieved from /home/airflow/.local/lib/python3.12/site-packages/airflow/example_dags/example_dataset_alias.py
[2024-12-18T10:07:32.151+0000] {logging_mixin.py:190} INFO - [2024-12-18T10:07:32.151+0000] {dag.py:3239} INFO - Sync 4 DAGs
[2024-12-18T10:07:32.173+0000] {logging_mixin.py:190} INFO - [2024-12-18T10:07:32.172+0000] {dag.py:4180} INFO - Setting next_dagrun for dataset_alias_example_alias_consumer to None, run_after=None
[2024-12-18T10:07:32.175+0000] {logging_mixin.py:190} INFO - [2024-12-18T10:07:32.175+0000] {dag.py:4180} INFO - Setting next_dagrun for dataset_alias_example_alias_producer to None, run_after=None
[2024-12-18T10:07:32.176+0000] {logging_mixin.py:190} INFO - [2024-12-18T10:07:32.176+0000] {dag.py:4180} INFO - Setting next_dagrun for dataset_s3_bucket_consumer to None, run_after=None
[2024-12-18T10:07:32.177+0000] {logging_mixin.py:190} INFO - [2024-12-18T10:07:32.177+0000] {dag.py:4180} INFO - Setting next_dagrun for dataset_s3_bucket_producer to None, run_after=None
[2024-12-18T10:07:32.198+0000] {processor.py:208} INFO - Processing /home/airflow/.local/lib/python3.12/site-packages/airflow/example_dags/example_dataset_alias.py took 0.667 seconds
[2024-12-18T10:08:02.270+0000] {processor.py:186} INFO - Started process (PID=442) to work on /home/airflow/.local/lib/python3.12/site-packages/airflow/example_dags/example_dataset_alias.py
[2024-12-18T10:08:02.271+0000] {processor.py:914} INFO - Processing file /home/airflow/.local/lib/python3.12/site-packages/airflow/example_dags/example_dataset_alias.py for tasks to queue
[2024-12-18T10:08:02.272+0000] {logging_mixin.py:190} INFO - [2024-12-18T10:08:02.272+0000] {dagbag.py:588} INFO - Filling up the DagBag from /home/airflow/.local/lib/python3.12/site-packages/airflow/example_dags/example_dataset_alias.py
[2024-12-18T10:08:02.772+0000] {processor.py:925} INFO - DAG(s) 'dataset_alias_example_alias_producer', 'dataset_s3_bucket_consumer', 'dataset_alias_example_alias_consumer', 'dataset_s3_bucket_producer' retrieved from /home/airflow/.local/lib/python3.12/site-packages/airflow/example_dags/example_dataset_alias.py
[2024-12-18T10:08:02.790+0000] {logging_mixin.py:190} INFO - [2024-12-18T10:08:02.790+0000] {dag.py:3239} INFO - Sync 4 DAGs
[2024-12-18T10:08:02.808+0000] {logging_mixin.py:190} INFO - [2024-12-18T10:08:02.808+0000] {dag.py:4180} INFO - Setting next_dagrun for dataset_alias_example_alias_consumer to None, run_after=None
[2024-12-18T10:08:02.810+0000] {logging_mixin.py:190} INFO - [2024-12-18T10:08:02.809+0000] {dag.py:4180} INFO - Setting next_dagrun for dataset_alias_example_alias_producer to None, run_after=None
[2024-12-18T10:08:02.811+0000] {logging_mixin.py:190} INFO - [2024-12-18T10:08:02.811+0000] {dag.py:4180} INFO - Setting next_dagrun for dataset_s3_bucket_consumer to None, run_after=None
[2024-12-18T10:08:02.812+0000] {logging_mixin.py:190} INFO - [2024-12-18T10:08:02.811+0000] {dag.py:4180} INFO - Setting next_dagrun for dataset_s3_bucket_producer to None, run_after=None
[2024-12-18T10:08:02.827+0000] {processor.py:208} INFO - Processing /home/airflow/.local/lib/python3.12/site-packages/airflow/example_dags/example_dataset_alias.py took 0.562 seconds
[2024-12-18T10:08:33.022+0000] {processor.py:186} INFO - Started process (PID=502) to work on /home/airflow/.local/lib/python3.12/site-packages/airflow/example_dags/example_dataset_alias.py
[2024-12-18T10:08:33.022+0000] {processor.py:914} INFO - Processing file /home/airflow/.local/lib/python3.12/site-packages/airflow/example_dags/example_dataset_alias.py for tasks to queue
[2024-12-18T10:08:33.023+0000] {logging_mixin.py:190} INFO - [2024-12-18T10:08:33.023+0000] {dagbag.py:588} INFO - Filling up the DagBag from /home/airflow/.local/lib/python3.12/site-packages/airflow/example_dags/example_dataset_alias.py
[2024-12-18T10:08:33.599+0000] {processor.py:925} INFO - DAG(s) 'dataset_alias_example_alias_consumer', 'dataset_s3_bucket_producer', 'dataset_s3_bucket_consumer', 'dataset_alias_example_alias_producer' retrieved from /home/airflow/.local/lib/python3.12/site-packages/airflow/example_dags/example_dataset_alias.py
[2024-12-18T10:08:33.617+0000] {logging_mixin.py:190} INFO - [2024-12-18T10:08:33.616+0000] {dag.py:3239} INFO - Sync 4 DAGs
[2024-12-18T10:08:33.638+0000] {logging_mixin.py:190} INFO - [2024-12-18T10:08:33.638+0000] {dag.py:4180} INFO - Setting next_dagrun for dataset_alias_example_alias_consumer to None, run_after=None
[2024-12-18T10:08:33.641+0000] {logging_mixin.py:190} INFO - [2024-12-18T10:08:33.640+0000] {dag.py:4180} INFO - Setting next_dagrun for dataset_alias_example_alias_producer to None, run_after=None
[2024-12-18T10:08:33.642+0000] {logging_mixin.py:190} INFO - [2024-12-18T10:08:33.641+0000] {dag.py:4180} INFO - Setting next_dagrun for dataset_s3_bucket_consumer to None, run_after=None
[2024-12-18T10:08:33.643+0000] {logging_mixin.py:190} INFO - [2024-12-18T10:08:33.642+0000] {dag.py:4180} INFO - Setting next_dagrun for dataset_s3_bucket_producer to None, run_after=None
[2024-12-18T10:08:33.659+0000] {processor.py:208} INFO - Processing /home/airflow/.local/lib/python3.12/site-packages/airflow/example_dags/example_dataset_alias.py took 0.644 seconds
[2024-12-18T10:09:05.176+0000] {processor.py:186} INFO - Started process (PID=572) to work on /home/airflow/.local/lib/python3.12/site-packages/airflow/example_dags/example_dataset_alias.py
[2024-12-18T10:09:05.177+0000] {processor.py:914} INFO - Processing file /home/airflow/.local/lib/python3.12/site-packages/airflow/example_dags/example_dataset_alias.py for tasks to queue
[2024-12-18T10:09:05.178+0000] {logging_mixin.py:190} INFO - [2024-12-18T10:09:05.178+0000] {dagbag.py:588} INFO - Filling up the DagBag from /home/airflow/.local/lib/python3.12/site-packages/airflow/example_dags/example_dataset_alias.py
[2024-12-18T10:09:05.881+0000] {processor.py:925} INFO - DAG(s) 'dataset_alias_example_alias_consumer', 'dataset_s3_bucket_consumer', 'dataset_s3_bucket_producer', 'dataset_alias_example_alias_producer' retrieved from /home/airflow/.local/lib/python3.12/site-packages/airflow/example_dags/example_dataset_alias.py
[2024-12-18T10:09:05.902+0000] {logging_mixin.py:190} INFO - [2024-12-18T10:09:05.901+0000] {dag.py:3239} INFO - Sync 4 DAGs
[2024-12-18T10:09:05.925+0000] {logging_mixin.py:190} INFO - [2024-12-18T10:09:05.925+0000] {dag.py:4180} INFO - Setting next_dagrun for dataset_alias_example_alias_consumer to None, run_after=None
[2024-12-18T10:09:05.927+0000] {logging_mixin.py:190} INFO - [2024-12-18T10:09:05.927+0000] {dag.py:4180} INFO - Setting next_dagrun for dataset_alias_example_alias_producer to None, run_after=None
[2024-12-18T10:09:05.929+0000] {logging_mixin.py:190} INFO - [2024-12-18T10:09:05.929+0000] {dag.py:4180} INFO - Setting next_dagrun for dataset_s3_bucket_consumer to None, run_after=None
[2024-12-18T10:09:05.930+0000] {logging_mixin.py:190} INFO - [2024-12-18T10:09:05.930+0000] {dag.py:4180} INFO - Setting next_dagrun for dataset_s3_bucket_producer to None, run_after=None
[2024-12-18T10:09:05.948+0000] {processor.py:208} INFO - Processing /home/airflow/.local/lib/python3.12/site-packages/airflow/example_dags/example_dataset_alias.py took 0.778 seconds
[2024-12-18T10:09:36.269+0000] {processor.py:186} INFO - Started process (PID=634) to work on /home/airflow/.local/lib/python3.12/site-packages/airflow/example_dags/example_dataset_alias.py
[2024-12-18T10:09:36.270+0000] {processor.py:914} INFO - Processing file /home/airflow/.local/lib/python3.12/site-packages/airflow/example_dags/example_dataset_alias.py for tasks to queue
[2024-12-18T10:09:36.271+0000] {logging_mixin.py:190} INFO - [2024-12-18T10:09:36.270+0000] {dagbag.py:588} INFO - Filling up the DagBag from /home/airflow/.local/lib/python3.12/site-packages/airflow/example_dags/example_dataset_alias.py
[2024-12-18T10:09:36.849+0000] {processor.py:925} INFO - DAG(s) 'dataset_alias_example_alias_producer', 'dataset_s3_bucket_consumer', 'dataset_s3_bucket_producer', 'dataset_alias_example_alias_consumer' retrieved from /home/airflow/.local/lib/python3.12/site-packages/airflow/example_dags/example_dataset_alias.py
[2024-12-18T10:09:36.867+0000] {logging_mixin.py:190} INFO - [2024-12-18T10:09:36.867+0000] {dag.py:3239} INFO - Sync 4 DAGs
[2024-12-18T10:09:36.888+0000] {logging_mixin.py:190} INFO - [2024-12-18T10:09:36.888+0000] {dag.py:4180} INFO - Setting next_dagrun for dataset_alias_example_alias_consumer to None, run_after=None
[2024-12-18T10:09:36.890+0000] {logging_mixin.py:190} INFO - [2024-12-18T10:09:36.890+0000] {dag.py:4180} INFO - Setting next_dagrun for dataset_alias_example_alias_producer to None, run_after=None
[2024-12-18T10:09:36.891+0000] {logging_mixin.py:190} INFO - [2024-12-18T10:09:36.891+0000] {dag.py:4180} INFO - Setting next_dagrun for dataset_s3_bucket_consumer to None, run_after=None
[2024-12-18T10:09:36.892+0000] {logging_mixin.py:190} INFO - [2024-12-18T10:09:36.892+0000] {dag.py:4180} INFO - Setting next_dagrun for dataset_s3_bucket_producer to None, run_after=None
[2024-12-18T10:09:36.911+0000] {processor.py:208} INFO - Processing /home/airflow/.local/lib/python3.12/site-packages/airflow/example_dags/example_dataset_alias.py took 0.648 seconds
[2024-12-18T10:10:07.280+0000] {processor.py:186} INFO - Started process (PID=701) to work on /home/airflow/.local/lib/python3.12/site-packages/airflow/example_dags/example_dataset_alias.py
[2024-12-18T10:10:07.280+0000] {processor.py:914} INFO - Processing file /home/airflow/.local/lib/python3.12/site-packages/airflow/example_dags/example_dataset_alias.py for tasks to queue
[2024-12-18T10:10:07.281+0000] {logging_mixin.py:190} INFO - [2024-12-18T10:10:07.281+0000] {dagbag.py:588} INFO - Filling up the DagBag from /home/airflow/.local/lib/python3.12/site-packages/airflow/example_dags/example_dataset_alias.py
[2024-12-18T10:10:07.779+0000] {processor.py:925} INFO - DAG(s) 'dataset_alias_example_alias_consumer', 'dataset_alias_example_alias_producer', 'dataset_s3_bucket_consumer', 'dataset_s3_bucket_producer' retrieved from /home/airflow/.local/lib/python3.12/site-packages/airflow/example_dags/example_dataset_alias.py
[2024-12-18T10:10:07.795+0000] {logging_mixin.py:190} INFO - [2024-12-18T10:10:07.794+0000] {dag.py:3239} INFO - Sync 4 DAGs
[2024-12-18T10:10:07.812+0000] {logging_mixin.py:190} INFO - [2024-12-18T10:10:07.812+0000] {dag.py:4180} INFO - Setting next_dagrun for dataset_alias_example_alias_consumer to None, run_after=None
[2024-12-18T10:10:07.814+0000] {logging_mixin.py:190} INFO - [2024-12-18T10:10:07.814+0000] {dag.py:4180} INFO - Setting next_dagrun for dataset_alias_example_alias_producer to None, run_after=None
[2024-12-18T10:10:07.815+0000] {logging_mixin.py:190} INFO - [2024-12-18T10:10:07.815+0000] {dag.py:4180} INFO - Setting next_dagrun for dataset_s3_bucket_consumer to None, run_after=None
[2024-12-18T10:10:07.816+0000] {logging_mixin.py:190} INFO - [2024-12-18T10:10:07.816+0000] {dag.py:4180} INFO - Setting next_dagrun for dataset_s3_bucket_producer to None, run_after=None
[2024-12-18T10:10:07.836+0000] {processor.py:208} INFO - Processing /home/airflow/.local/lib/python3.12/site-packages/airflow/example_dags/example_dataset_alias.py took 0.562 seconds
[2024-12-18T10:10:38.394+0000] {processor.py:186} INFO - Started process (PID=764) to work on /home/airflow/.local/lib/python3.12/site-packages/airflow/example_dags/example_dataset_alias.py
[2024-12-18T10:10:38.396+0000] {processor.py:914} INFO - Processing file /home/airflow/.local/lib/python3.12/site-packages/airflow/example_dags/example_dataset_alias.py for tasks to queue
[2024-12-18T10:10:38.398+0000] {logging_mixin.py:190} INFO - [2024-12-18T10:10:38.397+0000] {dagbag.py:588} INFO - Filling up the DagBag from /home/airflow/.local/lib/python3.12/site-packages/airflow/example_dags/example_dataset_alias.py
[2024-12-18T10:10:39.151+0000] {processor.py:925} INFO - DAG(s) 'dataset_alias_example_alias_producer', 'dataset_s3_bucket_producer', 'dataset_alias_example_alias_consumer', 'dataset_s3_bucket_consumer' retrieved from /home/airflow/.local/lib/python3.12/site-packages/airflow/example_dags/example_dataset_alias.py
[2024-12-18T10:10:39.179+0000] {logging_mixin.py:190} INFO - [2024-12-18T10:10:39.178+0000] {dag.py:3239} INFO - Sync 4 DAGs
[2024-12-18T10:10:39.206+0000] {logging_mixin.py:190} INFO - [2024-12-18T10:10:39.206+0000] {dag.py:4180} INFO - Setting next_dagrun for dataset_alias_example_alias_consumer to None, run_after=None
[2024-12-18T10:10:39.209+0000] {logging_mixin.py:190} INFO - [2024-12-18T10:10:39.209+0000] {dag.py:4180} INFO - Setting next_dagrun for dataset_alias_example_alias_producer to None, run_after=None
[2024-12-18T10:10:39.210+0000] {logging_mixin.py:190} INFO - [2024-12-18T10:10:39.210+0000] {dag.py:4180} INFO - Setting next_dagrun for dataset_s3_bucket_consumer to None, run_after=None
[2024-12-18T10:10:39.211+0000] {logging_mixin.py:190} INFO - [2024-12-18T10:10:39.211+0000] {dag.py:4180} INFO - Setting next_dagrun for dataset_s3_bucket_producer to None, run_after=None
[2024-12-18T10:10:39.237+0000] {processor.py:208} INFO - Processing /home/airflow/.local/lib/python3.12/site-packages/airflow/example_dags/example_dataset_alias.py took 0.853 seconds
[2024-12-18T10:11:10.301+0000] {processor.py:186} INFO - Started process (PID=831) to work on /home/airflow/.local/lib/python3.12/site-packages/airflow/example_dags/example_dataset_alias.py
[2024-12-18T10:11:10.302+0000] {processor.py:914} INFO - Processing file /home/airflow/.local/lib/python3.12/site-packages/airflow/example_dags/example_dataset_alias.py for tasks to queue
[2024-12-18T10:11:10.304+0000] {logging_mixin.py:190} INFO - [2024-12-18T10:11:10.303+0000] {dagbag.py:588} INFO - Filling up the DagBag from /home/airflow/.local/lib/python3.12/site-packages/airflow/example_dags/example_dataset_alias.py
[2024-12-18T10:11:11.034+0000] {processor.py:925} INFO - DAG(s) 'dataset_alias_example_alias_producer', 'dataset_s3_bucket_consumer', 'dataset_alias_example_alias_consumer', 'dataset_s3_bucket_producer' retrieved from /home/airflow/.local/lib/python3.12/site-packages/airflow/example_dags/example_dataset_alias.py
[2024-12-18T10:11:11.055+0000] {logging_mixin.py:190} INFO - [2024-12-18T10:11:11.055+0000] {dag.py:3239} INFO - Sync 4 DAGs
[2024-12-18T10:11:11.080+0000] {logging_mixin.py:190} INFO - [2024-12-18T10:11:11.080+0000] {dag.py:4180} INFO - Setting next_dagrun for dataset_alias_example_alias_consumer to None, run_after=None
[2024-12-18T10:11:11.083+0000] {logging_mixin.py:190} INFO - [2024-12-18T10:11:11.082+0000] {dag.py:4180} INFO - Setting next_dagrun for dataset_alias_example_alias_producer to None, run_after=None
[2024-12-18T10:11:11.084+0000] {logging_mixin.py:190} INFO - [2024-12-18T10:11:11.084+0000] {dag.py:4180} INFO - Setting next_dagrun for dataset_s3_bucket_consumer to None, run_after=None
[2024-12-18T10:11:11.085+0000] {logging_mixin.py:190} INFO - [2024-12-18T10:11:11.085+0000] {dag.py:4180} INFO - Setting next_dagrun for dataset_s3_bucket_producer to None, run_after=None
[2024-12-18T10:11:11.104+0000] {processor.py:208} INFO - Processing /home/airflow/.local/lib/python3.12/site-packages/airflow/example_dags/example_dataset_alias.py took 0.811 seconds
[2024-12-18T10:11:41.229+0000] {processor.py:186} INFO - Started process (PID=893) to work on /home/airflow/.local/lib/python3.12/site-packages/airflow/example_dags/example_dataset_alias.py
[2024-12-18T10:11:41.230+0000] {processor.py:914} INFO - Processing file /home/airflow/.local/lib/python3.12/site-packages/airflow/example_dags/example_dataset_alias.py for tasks to queue
[2024-12-18T10:11:41.231+0000] {logging_mixin.py:190} INFO - [2024-12-18T10:11:41.231+0000] {dagbag.py:588} INFO - Filling up the DagBag from /home/airflow/.local/lib/python3.12/site-packages/airflow/example_dags/example_dataset_alias.py
[2024-12-18T10:11:41.778+0000] {processor.py:925} INFO - DAG(s) 'dataset_s3_bucket_consumer', 'dataset_alias_example_alias_consumer', 'dataset_alias_example_alias_producer', 'dataset_s3_bucket_producer' retrieved from /home/airflow/.local/lib/python3.12/site-packages/airflow/example_dags/example_dataset_alias.py
[2024-12-18T10:11:41.795+0000] {logging_mixin.py:190} INFO - [2024-12-18T10:11:41.794+0000] {dag.py:3239} INFO - Sync 4 DAGs
[2024-12-18T10:11:41.815+0000] {logging_mixin.py:190} INFO - [2024-12-18T10:11:41.815+0000] {dag.py:4180} INFO - Setting next_dagrun for dataset_alias_example_alias_consumer to None, run_after=None
[2024-12-18T10:11:41.817+0000] {logging_mixin.py:190} INFO - [2024-12-18T10:11:41.817+0000] {dag.py:4180} INFO - Setting next_dagrun for dataset_alias_example_alias_producer to None, run_after=None
[2024-12-18T10:11:41.819+0000] {logging_mixin.py:190} INFO - [2024-12-18T10:11:41.819+0000] {dag.py:4180} INFO - Setting next_dagrun for dataset_s3_bucket_consumer to None, run_after=None
[2024-12-18T10:11:41.821+0000] {logging_mixin.py:190} INFO - [2024-12-18T10:11:41.820+0000] {dag.py:4180} INFO - Setting next_dagrun for dataset_s3_bucket_producer to None, run_after=None
[2024-12-18T10:11:41.838+0000] {processor.py:208} INFO - Processing /home/airflow/.local/lib/python3.12/site-packages/airflow/example_dags/example_dataset_alias.py took 0.618 seconds
[2024-12-18T10:12:12.041+0000] {processor.py:186} INFO - Started process (PID=953) to work on /home/airflow/.local/lib/python3.12/site-packages/airflow/example_dags/example_dataset_alias.py
[2024-12-18T10:12:12.042+0000] {processor.py:914} INFO - Processing file /home/airflow/.local/lib/python3.12/site-packages/airflow/example_dags/example_dataset_alias.py for tasks to queue
[2024-12-18T10:12:12.043+0000] {logging_mixin.py:190} INFO - [2024-12-18T10:12:12.042+0000] {dagbag.py:588} INFO - Filling up the DagBag from /home/airflow/.local/lib/python3.12/site-packages/airflow/example_dags/example_dataset_alias.py
[2024-12-18T10:12:12.645+0000] {processor.py:925} INFO - DAG(s) 'dataset_alias_example_alias_producer', 'dataset_alias_example_alias_consumer', 'dataset_s3_bucket_consumer', 'dataset_s3_bucket_producer' retrieved from /home/airflow/.local/lib/python3.12/site-packages/airflow/example_dags/example_dataset_alias.py
[2024-12-18T10:12:12.673+0000] {logging_mixin.py:190} INFO - [2024-12-18T10:12:12.672+0000] {dag.py:3239} INFO - Sync 4 DAGs
[2024-12-18T10:12:12.702+0000] {logging_mixin.py:190} INFO - [2024-12-18T10:12:12.702+0000] {dag.py:4180} INFO - Setting next_dagrun for dataset_alias_example_alias_consumer to None, run_after=None
[2024-12-18T10:12:12.705+0000] {logging_mixin.py:190} INFO - [2024-12-18T10:12:12.705+0000] {dag.py:4180} INFO - Setting next_dagrun for dataset_alias_example_alias_producer to None, run_after=None
[2024-12-18T10:12:12.707+0000] {logging_mixin.py:190} INFO - [2024-12-18T10:12:12.707+0000] {dag.py:4180} INFO - Setting next_dagrun for dataset_s3_bucket_consumer to None, run_after=None
[2024-12-18T10:12:12.708+0000] {logging_mixin.py:190} INFO - [2024-12-18T10:12:12.708+0000] {dag.py:4180} INFO - Setting next_dagrun for dataset_s3_bucket_producer to None, run_after=None
[2024-12-18T10:12:12.735+0000] {processor.py:208} INFO - Processing /home/airflow/.local/lib/python3.12/site-packages/airflow/example_dags/example_dataset_alias.py took 0.700 seconds
[2024-12-18T10:12:43.244+0000] {processor.py:186} INFO - Started process (PID=1016) to work on /home/airflow/.local/lib/python3.12/site-packages/airflow/example_dags/example_dataset_alias.py
[2024-12-18T10:12:43.248+0000] {processor.py:914} INFO - Processing file /home/airflow/.local/lib/python3.12/site-packages/airflow/example_dags/example_dataset_alias.py for tasks to queue
[2024-12-18T10:12:43.249+0000] {logging_mixin.py:190} INFO - [2024-12-18T10:12:43.249+0000] {dagbag.py:588} INFO - Filling up the DagBag from /home/airflow/.local/lib/python3.12/site-packages/airflow/example_dags/example_dataset_alias.py
[2024-12-18T10:12:43.877+0000] {processor.py:925} INFO - DAG(s) 'dataset_alias_example_alias_producer', 'dataset_s3_bucket_consumer', 'dataset_s3_bucket_producer', 'dataset_alias_example_alias_consumer' retrieved from /home/airflow/.local/lib/python3.12/site-packages/airflow/example_dags/example_dataset_alias.py
[2024-12-18T10:12:43.900+0000] {logging_mixin.py:190} INFO - [2024-12-18T10:12:43.899+0000] {dag.py:3239} INFO - Sync 4 DAGs
[2024-12-18T10:12:43.923+0000] {logging_mixin.py:190} INFO - [2024-12-18T10:12:43.923+0000] {dag.py:4180} INFO - Setting next_dagrun for dataset_alias_example_alias_consumer to None, run_after=None
[2024-12-18T10:12:43.926+0000] {logging_mixin.py:190} INFO - [2024-12-18T10:12:43.926+0000] {dag.py:4180} INFO - Setting next_dagrun for dataset_alias_example_alias_producer to None, run_after=None
[2024-12-18T10:12:43.927+0000] {logging_mixin.py:190} INFO - [2024-12-18T10:12:43.927+0000] {dag.py:4180} INFO - Setting next_dagrun for dataset_s3_bucket_consumer to None, run_after=None
[2024-12-18T10:12:43.929+0000] {logging_mixin.py:190} INFO - [2024-12-18T10:12:43.929+0000] {dag.py:4180} INFO - Setting next_dagrun for dataset_s3_bucket_producer to None, run_after=None
[2024-12-18T10:12:43.951+0000] {processor.py:208} INFO - Processing /home/airflow/.local/lib/python3.12/site-packages/airflow/example_dags/example_dataset_alias.py took 0.719 seconds
[2024-12-18T10:13:14.121+0000] {processor.py:186} INFO - Started process (PID=1079) to work on /home/airflow/.local/lib/python3.12/site-packages/airflow/example_dags/example_dataset_alias.py
[2024-12-18T10:13:14.122+0000] {processor.py:914} INFO - Processing file /home/airflow/.local/lib/python3.12/site-packages/airflow/example_dags/example_dataset_alias.py for tasks to queue
[2024-12-18T10:13:14.123+0000] {logging_mixin.py:190} INFO - [2024-12-18T10:13:14.123+0000] {dagbag.py:588} INFO - Filling up the DagBag from /home/airflow/.local/lib/python3.12/site-packages/airflow/example_dags/example_dataset_alias.py
[2024-12-18T10:13:14.727+0000] {processor.py:925} INFO - DAG(s) 'dataset_alias_example_alias_consumer', 'dataset_s3_bucket_consumer', 'dataset_alias_example_alias_producer', 'dataset_s3_bucket_producer' retrieved from /home/airflow/.local/lib/python3.12/site-packages/airflow/example_dags/example_dataset_alias.py
[2024-12-18T10:13:14.747+0000] {logging_mixin.py:190} INFO - [2024-12-18T10:13:14.746+0000] {dag.py:3239} INFO - Sync 4 DAGs
[2024-12-18T10:13:14.771+0000] {logging_mixin.py:190} INFO - [2024-12-18T10:13:14.771+0000] {dag.py:4180} INFO - Setting next_dagrun for dataset_alias_example_alias_consumer to None, run_after=None
[2024-12-18T10:13:14.774+0000] {logging_mixin.py:190} INFO - [2024-12-18T10:13:14.774+0000] {dag.py:4180} INFO - Setting next_dagrun for dataset_alias_example_alias_producer to None, run_after=None
[2024-12-18T10:13:14.776+0000] {logging_mixin.py:190} INFO - [2024-12-18T10:13:14.776+0000] {dag.py:4180} INFO - Setting next_dagrun for dataset_s3_bucket_consumer to None, run_after=None
[2024-12-18T10:13:14.778+0000] {logging_mixin.py:190} INFO - [2024-12-18T10:13:14.777+0000] {dag.py:4180} INFO - Setting next_dagrun for dataset_s3_bucket_producer to None, run_after=None
[2024-12-18T10:13:14.800+0000] {processor.py:208} INFO - Processing /home/airflow/.local/lib/python3.12/site-packages/airflow/example_dags/example_dataset_alias.py took 0.688 seconds
[2024-12-18T10:13:45.066+0000] {processor.py:186} INFO - Started process (PID=1143) to work on /home/airflow/.local/lib/python3.12/site-packages/airflow/example_dags/example_dataset_alias.py
[2024-12-18T10:13:45.067+0000] {processor.py:914} INFO - Processing file /home/airflow/.local/lib/python3.12/site-packages/airflow/example_dags/example_dataset_alias.py for tasks to queue
[2024-12-18T10:13:45.068+0000] {logging_mixin.py:190} INFO - [2024-12-18T10:13:45.068+0000] {dagbag.py:588} INFO - Filling up the DagBag from /home/airflow/.local/lib/python3.12/site-packages/airflow/example_dags/example_dataset_alias.py
[2024-12-18T10:13:45.771+0000] {processor.py:925} INFO - DAG(s) 'dataset_s3_bucket_consumer', 'dataset_alias_example_alias_producer', 'dataset_s3_bucket_producer', 'dataset_alias_example_alias_consumer' retrieved from /home/airflow/.local/lib/python3.12/site-packages/airflow/example_dags/example_dataset_alias.py
[2024-12-18T10:13:45.800+0000] {logging_mixin.py:190} INFO - [2024-12-18T10:13:45.799+0000] {dag.py:3239} INFO - Sync 4 DAGs
[2024-12-18T10:13:45.831+0000] {logging_mixin.py:190} INFO - [2024-12-18T10:13:45.831+0000] {dag.py:4180} INFO - Setting next_dagrun for dataset_alias_example_alias_consumer to None, run_after=None
[2024-12-18T10:13:45.834+0000] {logging_mixin.py:190} INFO - [2024-12-18T10:13:45.834+0000] {dag.py:4180} INFO - Setting next_dagrun for dataset_alias_example_alias_producer to None, run_after=None
[2024-12-18T10:13:45.836+0000] {logging_mixin.py:190} INFO - [2024-12-18T10:13:45.836+0000] {dag.py:4180} INFO - Setting next_dagrun for dataset_s3_bucket_consumer to None, run_after=None
[2024-12-18T10:13:45.838+0000] {logging_mixin.py:190} INFO - [2024-12-18T10:13:45.837+0000] {dag.py:4180} INFO - Setting next_dagrun for dataset_s3_bucket_producer to None, run_after=None
[2024-12-18T10:13:45.863+0000] {processor.py:208} INFO - Processing /home/airflow/.local/lib/python3.12/site-packages/airflow/example_dags/example_dataset_alias.py took 0.804 seconds
[2024-12-18T10:15:26.682+0000] {processor.py:186} INFO - Started process (PID=111) to work on /home/airflow/.local/lib/python3.12/site-packages/airflow/example_dags/example_dataset_alias.py
[2024-12-18T10:15:26.683+0000] {processor.py:914} INFO - Processing file /home/airflow/.local/lib/python3.12/site-packages/airflow/example_dags/example_dataset_alias.py for tasks to queue
[2024-12-18T10:15:26.685+0000] {logging_mixin.py:190} INFO - [2024-12-18T10:15:26.685+0000] {dagbag.py:588} INFO - Filling up the DagBag from /home/airflow/.local/lib/python3.12/site-packages/airflow/example_dags/example_dataset_alias.py
[2024-12-18T10:15:27.398+0000] {processor.py:925} INFO - DAG(s) 'dataset_s3_bucket_consumer', 'dataset_alias_example_alias_consumer', 'dataset_s3_bucket_producer', 'dataset_alias_example_alias_producer' retrieved from /home/airflow/.local/lib/python3.12/site-packages/airflow/example_dags/example_dataset_alias.py
[2024-12-18T10:15:27.420+0000] {logging_mixin.py:190} INFO - [2024-12-18T10:15:27.419+0000] {dag.py:3239} INFO - Sync 4 DAGs
[2024-12-18T10:15:27.442+0000] {logging_mixin.py:190} INFO - [2024-12-18T10:15:27.441+0000] {dag.py:4180} INFO - Setting next_dagrun for dataset_alias_example_alias_consumer to None, run_after=None
[2024-12-18T10:15:27.444+0000] {logging_mixin.py:190} INFO - [2024-12-18T10:15:27.444+0000] {dag.py:4180} INFO - Setting next_dagrun for dataset_alias_example_alias_producer to None, run_after=None
[2024-12-18T10:15:27.446+0000] {logging_mixin.py:190} INFO - [2024-12-18T10:15:27.445+0000] {dag.py:4180} INFO - Setting next_dagrun for dataset_s3_bucket_consumer to None, run_after=None
[2024-12-18T10:15:27.447+0000] {logging_mixin.py:190} INFO - [2024-12-18T10:15:27.447+0000] {dag.py:4180} INFO - Setting next_dagrun for dataset_s3_bucket_producer to None, run_after=None
[2024-12-18T10:15:27.466+0000] {processor.py:208} INFO - Processing /home/airflow/.local/lib/python3.12/site-packages/airflow/example_dags/example_dataset_alias.py took 0.792 seconds
[2024-12-18T10:15:57.642+0000] {processor.py:186} INFO - Started process (PID=181) to work on /home/airflow/.local/lib/python3.12/site-packages/airflow/example_dags/example_dataset_alias.py
[2024-12-18T10:15:57.644+0000] {processor.py:914} INFO - Processing file /home/airflow/.local/lib/python3.12/site-packages/airflow/example_dags/example_dataset_alias.py for tasks to queue
[2024-12-18T10:15:57.647+0000] {logging_mixin.py:190} INFO - [2024-12-18T10:15:57.647+0000] {dagbag.py:588} INFO - Filling up the DagBag from /home/airflow/.local/lib/python3.12/site-packages/airflow/example_dags/example_dataset_alias.py
[2024-12-18T10:15:58.299+0000] {processor.py:925} INFO - DAG(s) 'dataset_alias_example_alias_consumer', 'dataset_alias_example_alias_producer', 'dataset_s3_bucket_consumer', 'dataset_s3_bucket_producer' retrieved from /home/airflow/.local/lib/python3.12/site-packages/airflow/example_dags/example_dataset_alias.py
[2024-12-18T10:15:58.322+0000] {logging_mixin.py:190} INFO - [2024-12-18T10:15:58.321+0000] {dag.py:3239} INFO - Sync 4 DAGs
[2024-12-18T10:15:58.343+0000] {logging_mixin.py:190} INFO - [2024-12-18T10:15:58.343+0000] {dag.py:4180} INFO - Setting next_dagrun for dataset_alias_example_alias_consumer to None, run_after=None
[2024-12-18T10:15:58.346+0000] {logging_mixin.py:190} INFO - [2024-12-18T10:15:58.345+0000] {dag.py:4180} INFO - Setting next_dagrun for dataset_alias_example_alias_producer to None, run_after=None
[2024-12-18T10:15:58.347+0000] {logging_mixin.py:190} INFO - [2024-12-18T10:15:58.347+0000] {dag.py:4180} INFO - Setting next_dagrun for dataset_s3_bucket_consumer to None, run_after=None
[2024-12-18T10:15:58.348+0000] {logging_mixin.py:190} INFO - [2024-12-18T10:15:58.348+0000] {dag.py:4180} INFO - Setting next_dagrun for dataset_s3_bucket_producer to None, run_after=None
[2024-12-18T10:15:58.367+0000] {processor.py:208} INFO - Processing /home/airflow/.local/lib/python3.12/site-packages/airflow/example_dags/example_dataset_alias.py took 0.735 seconds
[2024-12-18T10:16:29.045+0000] {processor.py:186} INFO - Started process (PID=249) to work on /home/airflow/.local/lib/python3.12/site-packages/airflow/example_dags/example_dataset_alias.py
[2024-12-18T10:16:29.051+0000] {processor.py:914} INFO - Processing file /home/airflow/.local/lib/python3.12/site-packages/airflow/example_dags/example_dataset_alias.py for tasks to queue
[2024-12-18T10:16:29.053+0000] {logging_mixin.py:190} INFO - [2024-12-18T10:16:29.053+0000] {dagbag.py:588} INFO - Filling up the DagBag from /home/airflow/.local/lib/python3.12/site-packages/airflow/example_dags/example_dataset_alias.py
[2024-12-18T10:16:29.787+0000] {processor.py:925} INFO - DAG(s) 'dataset_alias_example_alias_consumer', 'dataset_alias_example_alias_producer', 'dataset_s3_bucket_producer', 'dataset_s3_bucket_consumer' retrieved from /home/airflow/.local/lib/python3.12/site-packages/airflow/example_dags/example_dataset_alias.py
[2024-12-18T10:16:29.818+0000] {logging_mixin.py:190} INFO - [2024-12-18T10:16:29.817+0000] {dag.py:3239} INFO - Sync 4 DAGs
[2024-12-18T10:16:29.850+0000] {logging_mixin.py:190} INFO - [2024-12-18T10:16:29.850+0000] {dag.py:4180} INFO - Setting next_dagrun for dataset_alias_example_alias_consumer to None, run_after=None
[2024-12-18T10:16:29.853+0000] {logging_mixin.py:190} INFO - [2024-12-18T10:16:29.853+0000] {dag.py:4180} INFO - Setting next_dagrun for dataset_alias_example_alias_producer to None, run_after=None
[2024-12-18T10:16:29.855+0000] {logging_mixin.py:190} INFO - [2024-12-18T10:16:29.855+0000] {dag.py:4180} INFO - Setting next_dagrun for dataset_s3_bucket_consumer to None, run_after=None
[2024-12-18T10:16:29.857+0000] {logging_mixin.py:190} INFO - [2024-12-18T10:16:29.856+0000] {dag.py:4180} INFO - Setting next_dagrun for dataset_s3_bucket_producer to None, run_after=None
[2024-12-18T10:16:29.887+0000] {processor.py:208} INFO - Processing /home/airflow/.local/lib/python3.12/site-packages/airflow/example_dags/example_dataset_alias.py took 0.849 seconds
[2024-12-18T10:16:59.924+0000] {processor.py:186} INFO - Started process (PID=315) to work on /home/airflow/.local/lib/python3.12/site-packages/airflow/example_dags/example_dataset_alias.py
[2024-12-18T10:16:59.925+0000] {processor.py:914} INFO - Processing file /home/airflow/.local/lib/python3.12/site-packages/airflow/example_dags/example_dataset_alias.py for tasks to queue
[2024-12-18T10:16:59.928+0000] {logging_mixin.py:190} INFO - [2024-12-18T10:16:59.928+0000] {dagbag.py:588} INFO - Filling up the DagBag from /home/airflow/.local/lib/python3.12/site-packages/airflow/example_dags/example_dataset_alias.py
[2024-12-18T10:17:00.473+0000] {processor.py:925} INFO - DAG(s) 'dataset_s3_bucket_consumer', 'dataset_s3_bucket_producer', 'dataset_alias_example_alias_consumer', 'dataset_alias_example_alias_producer' retrieved from /home/airflow/.local/lib/python3.12/site-packages/airflow/example_dags/example_dataset_alias.py
[2024-12-18T10:17:00.490+0000] {logging_mixin.py:190} INFO - [2024-12-18T10:17:00.490+0000] {dag.py:3239} INFO - Sync 4 DAGs
[2024-12-18T10:17:00.508+0000] {logging_mixin.py:190} INFO - [2024-12-18T10:17:00.508+0000] {dag.py:4180} INFO - Setting next_dagrun for dataset_alias_example_alias_consumer to None, run_after=None
[2024-12-18T10:17:00.510+0000] {logging_mixin.py:190} INFO - [2024-12-18T10:17:00.510+0000] {dag.py:4180} INFO - Setting next_dagrun for dataset_alias_example_alias_producer to None, run_after=None
[2024-12-18T10:17:00.512+0000] {logging_mixin.py:190} INFO - [2024-12-18T10:17:00.511+0000] {dag.py:4180} INFO - Setting next_dagrun for dataset_s3_bucket_consumer to None, run_after=None
[2024-12-18T10:17:00.513+0000] {logging_mixin.py:190} INFO - [2024-12-18T10:17:00.513+0000] {dag.py:4180} INFO - Setting next_dagrun for dataset_s3_bucket_producer to None, run_after=None
[2024-12-18T10:17:00.529+0000] {processor.py:208} INFO - Processing /home/airflow/.local/lib/python3.12/site-packages/airflow/example_dags/example_dataset_alias.py took 0.611 seconds
[2024-12-18T10:17:31.084+0000] {processor.py:186} INFO - Started process (PID=379) to work on /home/airflow/.local/lib/python3.12/site-packages/airflow/example_dags/example_dataset_alias.py
[2024-12-18T10:17:31.089+0000] {processor.py:914} INFO - Processing file /home/airflow/.local/lib/python3.12/site-packages/airflow/example_dags/example_dataset_alias.py for tasks to queue
[2024-12-18T10:17:31.091+0000] {logging_mixin.py:190} INFO - [2024-12-18T10:17:31.090+0000] {dagbag.py:588} INFO - Filling up the DagBag from /home/airflow/.local/lib/python3.12/site-packages/airflow/example_dags/example_dataset_alias.py
[2024-12-18T10:17:31.685+0000] {processor.py:925} INFO - DAG(s) 'dataset_s3_bucket_producer', 'dataset_alias_example_alias_consumer', 'dataset_s3_bucket_consumer', 'dataset_alias_example_alias_producer' retrieved from /home/airflow/.local/lib/python3.12/site-packages/airflow/example_dags/example_dataset_alias.py
[2024-12-18T10:17:31.703+0000] {logging_mixin.py:190} INFO - [2024-12-18T10:17:31.702+0000] {dag.py:3239} INFO - Sync 4 DAGs
[2024-12-18T10:17:31.721+0000] {logging_mixin.py:190} INFO - [2024-12-18T10:17:31.721+0000] {dag.py:4180} INFO - Setting next_dagrun for dataset_alias_example_alias_consumer to None, run_after=None
[2024-12-18T10:17:31.723+0000] {logging_mixin.py:190} INFO - [2024-12-18T10:17:31.723+0000] {dag.py:4180} INFO - Setting next_dagrun for dataset_alias_example_alias_producer to None, run_after=None
[2024-12-18T10:17:31.725+0000] {logging_mixin.py:190} INFO - [2024-12-18T10:17:31.724+0000] {dag.py:4180} INFO - Setting next_dagrun for dataset_s3_bucket_consumer to None, run_after=None
[2024-12-18T10:17:31.725+0000] {logging_mixin.py:190} INFO - [2024-12-18T10:17:31.725+0000] {dag.py:4180} INFO - Setting next_dagrun for dataset_s3_bucket_producer to None, run_after=None
[2024-12-18T10:17:31.743+0000] {processor.py:208} INFO - Processing /home/airflow/.local/lib/python3.12/site-packages/airflow/example_dags/example_dataset_alias.py took 0.665 seconds
