[2024-12-18T09:53:48.378+0000] {processor.py:186} INFO - Started process (PID=89) to work on /home/airflow/.local/lib/python3.12/site-packages/airflow/example_dags/example_branch_operator.py
[2024-12-18T09:53:48.379+0000] {processor.py:914} INFO - Processing file /home/airflow/.local/lib/python3.12/site-packages/airflow/example_dags/example_branch_operator.py for tasks to queue
[2024-12-18T09:53:48.381+0000] {logging_mixin.py:190} INFO - [2024-12-18T09:53:48.380+0000] {dagbag.py:588} INFO - Filling up the DagBag from /home/airflow/.local/lib/python3.12/site-packages/airflow/example_dags/example_branch_operator.py
[2024-12-18T09:53:48.400+0000] {processor.py:925} INFO - DAG(s) 'example_branch_operator' retrieved from /home/airflow/.local/lib/python3.12/site-packages/airflow/example_dags/example_branch_operator.py
[2024-12-18T09:53:48.514+0000] {logging_mixin.py:190} INFO - [2024-12-18T09:53:48.514+0000] {dag.py:3239} INFO - Sync 1 DAGs
[2024-12-18T09:53:48.543+0000] {logging_mixin.py:190} INFO - [2024-12-18T09:53:48.542+0000] {dag.py:4180} INFO - Setting next_dagrun for example_branch_operator to 2024-12-17 00:00:00+00:00, run_after=2024-12-18 00:00:00+00:00
[2024-12-18T09:53:48.560+0000] {processor.py:208} INFO - Processing /home/airflow/.local/lib/python3.12/site-packages/airflow/example_dags/example_branch_operator.py took 0.187 seconds
[2024-12-18T09:54:19.557+0000] {processor.py:186} INFO - Started process (PID=159) to work on /home/airflow/.local/lib/python3.12/site-packages/airflow/example_dags/example_branch_operator.py
[2024-12-18T09:54:19.558+0000] {processor.py:914} INFO - Processing file /home/airflow/.local/lib/python3.12/site-packages/airflow/example_dags/example_branch_operator.py for tasks to queue
[2024-12-18T09:54:19.560+0000] {logging_mixin.py:190} INFO - [2024-12-18T09:54:19.560+0000] {dagbag.py:588} INFO - Filling up the DagBag from /home/airflow/.local/lib/python3.12/site-packages/airflow/example_dags/example_branch_operator.py
[2024-12-18T09:54:19.578+0000] {processor.py:925} INFO - DAG(s) 'example_branch_operator' retrieved from /home/airflow/.local/lib/python3.12/site-packages/airflow/example_dags/example_branch_operator.py
[2024-12-18T09:54:19.604+0000] {logging_mixin.py:190} INFO - [2024-12-18T09:54:19.603+0000] {dag.py:3239} INFO - Sync 1 DAGs
[2024-12-18T09:54:19.625+0000] {logging_mixin.py:190} INFO - [2024-12-18T09:54:19.625+0000] {dag.py:4180} INFO - Setting next_dagrun for example_branch_operator to 2024-12-17 00:00:00+00:00, run_after=2024-12-18 00:00:00+00:00
[2024-12-18T09:54:19.640+0000] {processor.py:208} INFO - Processing /home/airflow/.local/lib/python3.12/site-packages/airflow/example_dags/example_branch_operator.py took 0.088 seconds
[2024-12-18T09:54:50.446+0000] {processor.py:186} INFO - Started process (PID=223) to work on /home/airflow/.local/lib/python3.12/site-packages/airflow/example_dags/example_branch_operator.py
[2024-12-18T09:54:50.447+0000] {processor.py:914} INFO - Processing file /home/airflow/.local/lib/python3.12/site-packages/airflow/example_dags/example_branch_operator.py for tasks to queue
[2024-12-18T09:54:50.449+0000] {logging_mixin.py:190} INFO - [2024-12-18T09:54:50.448+0000] {dagbag.py:588} INFO - Filling up the DagBag from /home/airflow/.local/lib/python3.12/site-packages/airflow/example_dags/example_branch_operator.py
[2024-12-18T09:54:50.466+0000] {processor.py:925} INFO - DAG(s) 'example_branch_operator' retrieved from /home/airflow/.local/lib/python3.12/site-packages/airflow/example_dags/example_branch_operator.py
[2024-12-18T09:54:50.491+0000] {logging_mixin.py:190} INFO - [2024-12-18T09:54:50.491+0000] {dag.py:3239} INFO - Sync 1 DAGs
[2024-12-18T09:54:50.513+0000] {logging_mixin.py:190} INFO - [2024-12-18T09:54:50.513+0000] {dag.py:4180} INFO - Setting next_dagrun for example_branch_operator to 2024-12-17 00:00:00+00:00, run_after=2024-12-18 00:00:00+00:00
[2024-12-18T09:54:50.528+0000] {processor.py:208} INFO - Processing /home/airflow/.local/lib/python3.12/site-packages/airflow/example_dags/example_branch_operator.py took 0.088 seconds
[2024-12-18T09:55:21.349+0000] {processor.py:186} INFO - Started process (PID=287) to work on /home/airflow/.local/lib/python3.12/site-packages/airflow/example_dags/example_branch_operator.py
[2024-12-18T09:55:21.350+0000] {processor.py:914} INFO - Processing file /home/airflow/.local/lib/python3.12/site-packages/airflow/example_dags/example_branch_operator.py for tasks to queue
[2024-12-18T09:55:21.352+0000] {logging_mixin.py:190} INFO - [2024-12-18T09:55:21.352+0000] {dagbag.py:588} INFO - Filling up the DagBag from /home/airflow/.local/lib/python3.12/site-packages/airflow/example_dags/example_branch_operator.py
[2024-12-18T09:55:21.371+0000] {processor.py:925} INFO - DAG(s) 'example_branch_operator' retrieved from /home/airflow/.local/lib/python3.12/site-packages/airflow/example_dags/example_branch_operator.py
[2024-12-18T09:55:21.401+0000] {logging_mixin.py:190} INFO - [2024-12-18T09:55:21.400+0000] {dag.py:3239} INFO - Sync 1 DAGs
[2024-12-18T09:55:21.425+0000] {logging_mixin.py:190} INFO - [2024-12-18T09:55:21.424+0000] {dag.py:4180} INFO - Setting next_dagrun for example_branch_operator to 2024-12-17 00:00:00+00:00, run_after=2024-12-18 00:00:00+00:00
[2024-12-18T09:55:21.443+0000] {processor.py:208} INFO - Processing /home/airflow/.local/lib/python3.12/site-packages/airflow/example_dags/example_branch_operator.py took 0.101 seconds
[2024-12-18T09:55:52.981+0000] {processor.py:186} INFO - Started process (PID=354) to work on /home/airflow/.local/lib/python3.12/site-packages/airflow/example_dags/example_branch_operator.py
[2024-12-18T09:55:52.982+0000] {processor.py:914} INFO - Processing file /home/airflow/.local/lib/python3.12/site-packages/airflow/example_dags/example_branch_operator.py for tasks to queue
[2024-12-18T09:55:52.985+0000] {logging_mixin.py:190} INFO - [2024-12-18T09:55:52.984+0000] {dagbag.py:588} INFO - Filling up the DagBag from /home/airflow/.local/lib/python3.12/site-packages/airflow/example_dags/example_branch_operator.py
[2024-12-18T09:55:53.005+0000] {processor.py:925} INFO - DAG(s) 'example_branch_operator' retrieved from /home/airflow/.local/lib/python3.12/site-packages/airflow/example_dags/example_branch_operator.py
[2024-12-18T09:55:53.041+0000] {logging_mixin.py:190} INFO - [2024-12-18T09:55:53.041+0000] {dag.py:3239} INFO - Sync 1 DAGs
[2024-12-18T09:55:53.073+0000] {logging_mixin.py:190} INFO - [2024-12-18T09:55:53.073+0000] {dag.py:4180} INFO - Setting next_dagrun for example_branch_operator to 2024-12-17 00:00:00+00:00, run_after=2024-12-18 00:00:00+00:00
[2024-12-18T09:55:53.091+0000] {processor.py:208} INFO - Processing /home/airflow/.local/lib/python3.12/site-packages/airflow/example_dags/example_branch_operator.py took 0.115 seconds
[2024-12-18T09:56:24.022+0000] {processor.py:186} INFO - Started process (PID=418) to work on /home/airflow/.local/lib/python3.12/site-packages/airflow/example_dags/example_branch_operator.py
[2024-12-18T09:56:24.023+0000] {processor.py:914} INFO - Processing file /home/airflow/.local/lib/python3.12/site-packages/airflow/example_dags/example_branch_operator.py for tasks to queue
[2024-12-18T09:56:24.025+0000] {logging_mixin.py:190} INFO - [2024-12-18T09:56:24.025+0000] {dagbag.py:588} INFO - Filling up the DagBag from /home/airflow/.local/lib/python3.12/site-packages/airflow/example_dags/example_branch_operator.py
[2024-12-18T09:56:24.045+0000] {processor.py:925} INFO - DAG(s) 'example_branch_operator' retrieved from /home/airflow/.local/lib/python3.12/site-packages/airflow/example_dags/example_branch_operator.py
[2024-12-18T09:56:24.076+0000] {logging_mixin.py:190} INFO - [2024-12-18T09:56:24.075+0000] {dag.py:3239} INFO - Sync 1 DAGs
[2024-12-18T09:56:24.101+0000] {logging_mixin.py:190} INFO - [2024-12-18T09:56:24.101+0000] {dag.py:4180} INFO - Setting next_dagrun for example_branch_operator to 2024-12-17 00:00:00+00:00, run_after=2024-12-18 00:00:00+00:00
[2024-12-18T09:56:24.121+0000] {processor.py:208} INFO - Processing /home/airflow/.local/lib/python3.12/site-packages/airflow/example_dags/example_branch_operator.py took 0.106 seconds
[2024-12-18T09:56:55.093+0000] {processor.py:186} INFO - Started process (PID=496) to work on /home/airflow/.local/lib/python3.12/site-packages/airflow/example_dags/example_branch_operator.py
[2024-12-18T09:56:55.094+0000] {processor.py:914} INFO - Processing file /home/airflow/.local/lib/python3.12/site-packages/airflow/example_dags/example_branch_operator.py for tasks to queue
[2024-12-18T09:56:55.096+0000] {logging_mixin.py:190} INFO - [2024-12-18T09:56:55.096+0000] {dagbag.py:588} INFO - Filling up the DagBag from /home/airflow/.local/lib/python3.12/site-packages/airflow/example_dags/example_branch_operator.py
[2024-12-18T09:56:55.115+0000] {processor.py:925} INFO - DAG(s) 'example_branch_operator' retrieved from /home/airflow/.local/lib/python3.12/site-packages/airflow/example_dags/example_branch_operator.py
[2024-12-18T09:56:55.141+0000] {logging_mixin.py:190} INFO - [2024-12-18T09:56:55.141+0000] {dag.py:3239} INFO - Sync 1 DAGs
[2024-12-18T09:56:55.165+0000] {logging_mixin.py:190} INFO - [2024-12-18T09:56:55.165+0000] {dag.py:4180} INFO - Setting next_dagrun for example_branch_operator to 2024-12-17 00:00:00+00:00, run_after=2024-12-18 00:00:00+00:00
[2024-12-18T09:56:55.180+0000] {processor.py:208} INFO - Processing /home/airflow/.local/lib/python3.12/site-packages/airflow/example_dags/example_branch_operator.py took 0.092 seconds
[2024-12-18T09:57:26.550+0000] {processor.py:186} INFO - Started process (PID=560) to work on /home/airflow/.local/lib/python3.12/site-packages/airflow/example_dags/example_branch_operator.py
[2024-12-18T09:57:26.551+0000] {processor.py:914} INFO - Processing file /home/airflow/.local/lib/python3.12/site-packages/airflow/example_dags/example_branch_operator.py for tasks to queue
[2024-12-18T09:57:26.553+0000] {logging_mixin.py:190} INFO - [2024-12-18T09:57:26.553+0000] {dagbag.py:588} INFO - Filling up the DagBag from /home/airflow/.local/lib/python3.12/site-packages/airflow/example_dags/example_branch_operator.py
[2024-12-18T09:57:26.572+0000] {processor.py:925} INFO - DAG(s) 'example_branch_operator' retrieved from /home/airflow/.local/lib/python3.12/site-packages/airflow/example_dags/example_branch_operator.py
[2024-12-18T09:57:26.605+0000] {logging_mixin.py:190} INFO - [2024-12-18T09:57:26.605+0000] {dag.py:3239} INFO - Sync 1 DAGs
[2024-12-18T09:57:26.629+0000] {logging_mixin.py:190} INFO - [2024-12-18T09:57:26.628+0000] {dag.py:4180} INFO - Setting next_dagrun for example_branch_operator to 2024-12-17 00:00:00+00:00, run_after=2024-12-18 00:00:00+00:00
[2024-12-18T09:57:26.644+0000] {processor.py:208} INFO - Processing /home/airflow/.local/lib/python3.12/site-packages/airflow/example_dags/example_branch_operator.py took 0.100 seconds
[2024-12-18T09:57:58.080+0000] {processor.py:186} INFO - Started process (PID=624) to work on /home/airflow/.local/lib/python3.12/site-packages/airflow/example_dags/example_branch_operator.py
[2024-12-18T09:57:58.081+0000] {processor.py:914} INFO - Processing file /home/airflow/.local/lib/python3.12/site-packages/airflow/example_dags/example_branch_operator.py for tasks to queue
[2024-12-18T09:57:58.083+0000] {logging_mixin.py:190} INFO - [2024-12-18T09:57:58.082+0000] {dagbag.py:588} INFO - Filling up the DagBag from /home/airflow/.local/lib/python3.12/site-packages/airflow/example_dags/example_branch_operator.py
[2024-12-18T09:57:58.100+0000] {processor.py:925} INFO - DAG(s) 'example_branch_operator' retrieved from /home/airflow/.local/lib/python3.12/site-packages/airflow/example_dags/example_branch_operator.py
[2024-12-18T09:57:58.128+0000] {logging_mixin.py:190} INFO - [2024-12-18T09:57:58.128+0000] {dag.py:3239} INFO - Sync 1 DAGs
[2024-12-18T09:57:58.152+0000] {logging_mixin.py:190} INFO - [2024-12-18T09:57:58.152+0000] {dag.py:4180} INFO - Setting next_dagrun for example_branch_operator to 2024-12-17 00:00:00+00:00, run_after=2024-12-18 00:00:00+00:00
[2024-12-18T09:57:58.168+0000] {processor.py:208} INFO - Processing /home/airflow/.local/lib/python3.12/site-packages/airflow/example_dags/example_branch_operator.py took 0.094 seconds
[2024-12-18T09:58:29.315+0000] {processor.py:186} INFO - Started process (PID=688) to work on /home/airflow/.local/lib/python3.12/site-packages/airflow/example_dags/example_branch_operator.py
[2024-12-18T09:58:29.315+0000] {processor.py:914} INFO - Processing file /home/airflow/.local/lib/python3.12/site-packages/airflow/example_dags/example_branch_operator.py for tasks to queue
[2024-12-18T09:58:29.317+0000] {logging_mixin.py:190} INFO - [2024-12-18T09:58:29.317+0000] {dagbag.py:588} INFO - Filling up the DagBag from /home/airflow/.local/lib/python3.12/site-packages/airflow/example_dags/example_branch_operator.py
[2024-12-18T09:58:29.334+0000] {processor.py:925} INFO - DAG(s) 'example_branch_operator' retrieved from /home/airflow/.local/lib/python3.12/site-packages/airflow/example_dags/example_branch_operator.py
[2024-12-18T09:58:29.361+0000] {logging_mixin.py:190} INFO - [2024-12-18T09:58:29.360+0000] {dag.py:3239} INFO - Sync 1 DAGs
[2024-12-18T09:58:29.383+0000] {logging_mixin.py:190} INFO - [2024-12-18T09:58:29.383+0000] {dag.py:4180} INFO - Setting next_dagrun for example_branch_operator to 2024-12-17 00:00:00+00:00, run_after=2024-12-18 00:00:00+00:00
[2024-12-18T09:58:29.397+0000] {processor.py:208} INFO - Processing /home/airflow/.local/lib/python3.12/site-packages/airflow/example_dags/example_branch_operator.py took 0.088 seconds
[2024-12-18T09:59:00.151+0000] {processor.py:186} INFO - Started process (PID=752) to work on /home/airflow/.local/lib/python3.12/site-packages/airflow/example_dags/example_branch_operator.py
[2024-12-18T09:59:00.152+0000] {processor.py:914} INFO - Processing file /home/airflow/.local/lib/python3.12/site-packages/airflow/example_dags/example_branch_operator.py for tasks to queue
[2024-12-18T09:59:00.154+0000] {logging_mixin.py:190} INFO - [2024-12-18T09:59:00.154+0000] {dagbag.py:588} INFO - Filling up the DagBag from /home/airflow/.local/lib/python3.12/site-packages/airflow/example_dags/example_branch_operator.py
[2024-12-18T09:59:00.172+0000] {processor.py:925} INFO - DAG(s) 'example_branch_operator' retrieved from /home/airflow/.local/lib/python3.12/site-packages/airflow/example_dags/example_branch_operator.py
[2024-12-18T09:59:00.199+0000] {logging_mixin.py:190} INFO - [2024-12-18T09:59:00.199+0000] {dag.py:3239} INFO - Sync 1 DAGs
[2024-12-18T09:59:00.223+0000] {logging_mixin.py:190} INFO - [2024-12-18T09:59:00.222+0000] {dag.py:4180} INFO - Setting next_dagrun for example_branch_operator to 2024-12-17 00:00:00+00:00, run_after=2024-12-18 00:00:00+00:00
[2024-12-18T09:59:00.239+0000] {processor.py:208} INFO - Processing /home/airflow/.local/lib/python3.12/site-packages/airflow/example_dags/example_branch_operator.py took 0.094 seconds
[2024-12-18T09:59:31.302+0000] {processor.py:186} INFO - Started process (PID=816) to work on /home/airflow/.local/lib/python3.12/site-packages/airflow/example_dags/example_branch_operator.py
[2024-12-18T09:59:31.303+0000] {processor.py:914} INFO - Processing file /home/airflow/.local/lib/python3.12/site-packages/airflow/example_dags/example_branch_operator.py for tasks to queue
[2024-12-18T09:59:31.305+0000] {logging_mixin.py:190} INFO - [2024-12-18T09:59:31.305+0000] {dagbag.py:588} INFO - Filling up the DagBag from /home/airflow/.local/lib/python3.12/site-packages/airflow/example_dags/example_branch_operator.py
[2024-12-18T09:59:31.323+0000] {processor.py:925} INFO - DAG(s) 'example_branch_operator' retrieved from /home/airflow/.local/lib/python3.12/site-packages/airflow/example_dags/example_branch_operator.py
[2024-12-18T09:59:31.355+0000] {logging_mixin.py:190} INFO - [2024-12-18T09:59:31.355+0000] {dag.py:3239} INFO - Sync 1 DAGs
[2024-12-18T09:59:31.383+0000] {logging_mixin.py:190} INFO - [2024-12-18T09:59:31.383+0000] {dag.py:4180} INFO - Setting next_dagrun for example_branch_operator to 2024-12-17 00:00:00+00:00, run_after=2024-12-18 00:00:00+00:00
[2024-12-18T09:59:31.400+0000] {processor.py:208} INFO - Processing /home/airflow/.local/lib/python3.12/site-packages/airflow/example_dags/example_branch_operator.py took 0.103 seconds
[2024-12-18T10:00:03.140+0000] {processor.py:186} INFO - Started process (PID=880) to work on /home/airflow/.local/lib/python3.12/site-packages/airflow/example_dags/example_branch_operator.py
[2024-12-18T10:00:03.141+0000] {processor.py:914} INFO - Processing file /home/airflow/.local/lib/python3.12/site-packages/airflow/example_dags/example_branch_operator.py for tasks to queue
[2024-12-18T10:00:03.143+0000] {logging_mixin.py:190} INFO - [2024-12-18T10:00:03.143+0000] {dagbag.py:588} INFO - Filling up the DagBag from /home/airflow/.local/lib/python3.12/site-packages/airflow/example_dags/example_branch_operator.py
[2024-12-18T10:00:03.161+0000] {processor.py:925} INFO - DAG(s) 'example_branch_operator' retrieved from /home/airflow/.local/lib/python3.12/site-packages/airflow/example_dags/example_branch_operator.py
[2024-12-18T10:00:03.187+0000] {logging_mixin.py:190} INFO - [2024-12-18T10:00:03.187+0000] {dag.py:3239} INFO - Sync 1 DAGs
[2024-12-18T10:00:03.213+0000] {logging_mixin.py:190} INFO - [2024-12-18T10:00:03.213+0000] {dag.py:4180} INFO - Setting next_dagrun for example_branch_operator to 2024-12-17 00:00:00+00:00, run_after=2024-12-18 00:00:00+00:00
[2024-12-18T10:00:03.230+0000] {processor.py:208} INFO - Processing /home/airflow/.local/lib/python3.12/site-packages/airflow/example_dags/example_branch_operator.py took 0.095 seconds
[2024-12-18T10:00:34.875+0000] {processor.py:186} INFO - Started process (PID=944) to work on /home/airflow/.local/lib/python3.12/site-packages/airflow/example_dags/example_branch_operator.py
[2024-12-18T10:00:34.875+0000] {processor.py:914} INFO - Processing file /home/airflow/.local/lib/python3.12/site-packages/airflow/example_dags/example_branch_operator.py for tasks to queue
[2024-12-18T10:00:34.877+0000] {logging_mixin.py:190} INFO - [2024-12-18T10:00:34.877+0000] {dagbag.py:588} INFO - Filling up the DagBag from /home/airflow/.local/lib/python3.12/site-packages/airflow/example_dags/example_branch_operator.py
[2024-12-18T10:00:34.894+0000] {processor.py:925} INFO - DAG(s) 'example_branch_operator' retrieved from /home/airflow/.local/lib/python3.12/site-packages/airflow/example_dags/example_branch_operator.py
[2024-12-18T10:00:34.922+0000] {logging_mixin.py:190} INFO - [2024-12-18T10:00:34.921+0000] {dag.py:3239} INFO - Sync 1 DAGs
[2024-12-18T10:00:34.943+0000] {logging_mixin.py:190} INFO - [2024-12-18T10:00:34.943+0000] {dag.py:4180} INFO - Setting next_dagrun for example_branch_operator to 2024-12-17 00:00:00+00:00, run_after=2024-12-18 00:00:00+00:00
[2024-12-18T10:00:34.961+0000] {processor.py:208} INFO - Processing /home/airflow/.local/lib/python3.12/site-packages/airflow/example_dags/example_branch_operator.py took 0.092 seconds
[2024-12-18T10:01:06.029+0000] {processor.py:186} INFO - Started process (PID=1008) to work on /home/airflow/.local/lib/python3.12/site-packages/airflow/example_dags/example_branch_operator.py
[2024-12-18T10:01:06.030+0000] {processor.py:914} INFO - Processing file /home/airflow/.local/lib/python3.12/site-packages/airflow/example_dags/example_branch_operator.py for tasks to queue
[2024-12-18T10:01:06.032+0000] {logging_mixin.py:190} INFO - [2024-12-18T10:01:06.032+0000] {dagbag.py:588} INFO - Filling up the DagBag from /home/airflow/.local/lib/python3.12/site-packages/airflow/example_dags/example_branch_operator.py
[2024-12-18T10:01:06.049+0000] {processor.py:925} INFO - DAG(s) 'example_branch_operator' retrieved from /home/airflow/.local/lib/python3.12/site-packages/airflow/example_dags/example_branch_operator.py
[2024-12-18T10:01:06.076+0000] {logging_mixin.py:190} INFO - [2024-12-18T10:01:06.075+0000] {dag.py:3239} INFO - Sync 1 DAGs
[2024-12-18T10:01:06.097+0000] {logging_mixin.py:190} INFO - [2024-12-18T10:01:06.097+0000] {dag.py:4180} INFO - Setting next_dagrun for example_branch_operator to 2024-12-17 00:00:00+00:00, run_after=2024-12-18 00:00:00+00:00
[2024-12-18T10:01:06.113+0000] {processor.py:208} INFO - Processing /home/airflow/.local/lib/python3.12/site-packages/airflow/example_dags/example_branch_operator.py took 0.089 seconds
[2024-12-18T10:05:23.479+0000] {processor.py:186} INFO - Started process (PID=92) to work on /home/airflow/.local/lib/python3.12/site-packages/airflow/example_dags/example_branch_operator.py
[2024-12-18T10:05:23.480+0000] {processor.py:914} INFO - Processing file /home/airflow/.local/lib/python3.12/site-packages/airflow/example_dags/example_branch_operator.py for tasks to queue
[2024-12-18T10:05:23.482+0000] {logging_mixin.py:190} INFO - [2024-12-18T10:05:23.482+0000] {dagbag.py:588} INFO - Filling up the DagBag from /home/airflow/.local/lib/python3.12/site-packages/airflow/example_dags/example_branch_operator.py
[2024-12-18T10:05:23.505+0000] {processor.py:925} INFO - DAG(s) 'example_branch_operator' retrieved from /home/airflow/.local/lib/python3.12/site-packages/airflow/example_dags/example_branch_operator.py
[2024-12-18T10:05:23.632+0000] {logging_mixin.py:190} INFO - [2024-12-18T10:05:23.632+0000] {dag.py:3239} INFO - Sync 1 DAGs
[2024-12-18T10:05:23.652+0000] {logging_mixin.py:190} INFO - [2024-12-18T10:05:23.652+0000] {dag.py:4180} INFO - Setting next_dagrun for example_branch_operator to 2024-12-17 00:00:00+00:00, run_after=2024-12-18 00:00:00+00:00
[2024-12-18T10:05:23.669+0000] {processor.py:208} INFO - Processing /home/airflow/.local/lib/python3.12/site-packages/airflow/example_dags/example_branch_operator.py took 0.195 seconds
[2024-12-18T10:05:55.726+0000] {processor.py:186} INFO - Started process (PID=164) to work on /home/airflow/.local/lib/python3.12/site-packages/airflow/example_dags/example_branch_operator.py
[2024-12-18T10:05:55.727+0000] {processor.py:914} INFO - Processing file /home/airflow/.local/lib/python3.12/site-packages/airflow/example_dags/example_branch_operator.py for tasks to queue
[2024-12-18T10:05:55.729+0000] {logging_mixin.py:190} INFO - [2024-12-18T10:05:55.728+0000] {dagbag.py:588} INFO - Filling up the DagBag from /home/airflow/.local/lib/python3.12/site-packages/airflow/example_dags/example_branch_operator.py
[2024-12-18T10:05:55.745+0000] {processor.py:925} INFO - DAG(s) 'example_branch_operator' retrieved from /home/airflow/.local/lib/python3.12/site-packages/airflow/example_dags/example_branch_operator.py
[2024-12-18T10:05:55.770+0000] {logging_mixin.py:190} INFO - [2024-12-18T10:05:55.770+0000] {dag.py:3239} INFO - Sync 1 DAGs
[2024-12-18T10:05:55.789+0000] {logging_mixin.py:190} INFO - [2024-12-18T10:05:55.789+0000] {dag.py:4180} INFO - Setting next_dagrun for example_branch_operator to 2024-12-17 00:00:00+00:00, run_after=2024-12-18 00:00:00+00:00
[2024-12-18T10:05:55.803+0000] {processor.py:208} INFO - Processing /home/airflow/.local/lib/python3.12/site-packages/airflow/example_dags/example_branch_operator.py took 0.082 seconds
[2024-12-18T10:06:26.026+0000] {processor.py:186} INFO - Started process (PID=227) to work on /home/airflow/.local/lib/python3.12/site-packages/airflow/example_dags/example_branch_operator.py
[2024-12-18T10:06:26.027+0000] {processor.py:914} INFO - Processing file /home/airflow/.local/lib/python3.12/site-packages/airflow/example_dags/example_branch_operator.py for tasks to queue
[2024-12-18T10:06:26.028+0000] {logging_mixin.py:190} INFO - [2024-12-18T10:06:26.028+0000] {dagbag.py:588} INFO - Filling up the DagBag from /home/airflow/.local/lib/python3.12/site-packages/airflow/example_dags/example_branch_operator.py
[2024-12-18T10:06:26.045+0000] {processor.py:925} INFO - DAG(s) 'example_branch_operator' retrieved from /home/airflow/.local/lib/python3.12/site-packages/airflow/example_dags/example_branch_operator.py
[2024-12-18T10:06:26.072+0000] {logging_mixin.py:190} INFO - [2024-12-18T10:06:26.072+0000] {dag.py:3239} INFO - Sync 1 DAGs
[2024-12-18T10:06:26.096+0000] {logging_mixin.py:190} INFO - [2024-12-18T10:06:26.095+0000] {dag.py:4180} INFO - Setting next_dagrun for example_branch_operator to 2024-12-17 00:00:00+00:00, run_after=2024-12-18 00:00:00+00:00
[2024-12-18T10:06:26.111+0000] {processor.py:208} INFO - Processing /home/airflow/.local/lib/python3.12/site-packages/airflow/example_dags/example_branch_operator.py took 0.090 seconds
[2024-12-18T10:06:58.358+0000] {processor.py:186} INFO - Started process (PID=293) to work on /home/airflow/.local/lib/python3.12/site-packages/airflow/example_dags/example_branch_operator.py
[2024-12-18T10:06:58.359+0000] {processor.py:914} INFO - Processing file /home/airflow/.local/lib/python3.12/site-packages/airflow/example_dags/example_branch_operator.py for tasks to queue
[2024-12-18T10:06:58.360+0000] {logging_mixin.py:190} INFO - [2024-12-18T10:06:58.360+0000] {dagbag.py:588} INFO - Filling up the DagBag from /home/airflow/.local/lib/python3.12/site-packages/airflow/example_dags/example_branch_operator.py
[2024-12-18T10:06:58.380+0000] {processor.py:925} INFO - DAG(s) 'example_branch_operator' retrieved from /home/airflow/.local/lib/python3.12/site-packages/airflow/example_dags/example_branch_operator.py
[2024-12-18T10:06:58.409+0000] {logging_mixin.py:190} INFO - [2024-12-18T10:06:58.408+0000] {dag.py:3239} INFO - Sync 1 DAGs
[2024-12-18T10:06:58.434+0000] {logging_mixin.py:190} INFO - [2024-12-18T10:06:58.434+0000] {dag.py:4180} INFO - Setting next_dagrun for example_branch_operator to 2024-12-17 00:00:00+00:00, run_after=2024-12-18 00:00:00+00:00
[2024-12-18T10:06:58.454+0000] {processor.py:208} INFO - Processing /home/airflow/.local/lib/python3.12/site-packages/airflow/example_dags/example_branch_operator.py took 0.102 seconds
[2024-12-18T10:07:28.619+0000] {processor.py:186} INFO - Started process (PID=356) to work on /home/airflow/.local/lib/python3.12/site-packages/airflow/example_dags/example_branch_operator.py
[2024-12-18T10:07:28.619+0000] {processor.py:914} INFO - Processing file /home/airflow/.local/lib/python3.12/site-packages/airflow/example_dags/example_branch_operator.py for tasks to queue
[2024-12-18T10:07:28.620+0000] {logging_mixin.py:190} INFO - [2024-12-18T10:07:28.620+0000] {dagbag.py:588} INFO - Filling up the DagBag from /home/airflow/.local/lib/python3.12/site-packages/airflow/example_dags/example_branch_operator.py
[2024-12-18T10:07:28.637+0000] {processor.py:925} INFO - DAG(s) 'example_branch_operator' retrieved from /home/airflow/.local/lib/python3.12/site-packages/airflow/example_dags/example_branch_operator.py
[2024-12-18T10:07:28.661+0000] {logging_mixin.py:190} INFO - [2024-12-18T10:07:28.661+0000] {dag.py:3239} INFO - Sync 1 DAGs
[2024-12-18T10:07:28.681+0000] {logging_mixin.py:190} INFO - [2024-12-18T10:07:28.681+0000] {dag.py:4180} INFO - Setting next_dagrun for example_branch_operator to 2024-12-17 00:00:00+00:00, run_after=2024-12-18 00:00:00+00:00
[2024-12-18T10:07:28.695+0000] {processor.py:208} INFO - Processing /home/airflow/.local/lib/python3.12/site-packages/airflow/example_dags/example_branch_operator.py took 0.081 seconds
[2024-12-18T10:08:00.435+0000] {processor.py:186} INFO - Started process (PID=422) to work on /home/airflow/.local/lib/python3.12/site-packages/airflow/example_dags/example_branch_operator.py
[2024-12-18T10:08:00.436+0000] {processor.py:914} INFO - Processing file /home/airflow/.local/lib/python3.12/site-packages/airflow/example_dags/example_branch_operator.py for tasks to queue
[2024-12-18T10:08:00.437+0000] {logging_mixin.py:190} INFO - [2024-12-18T10:08:00.437+0000] {dagbag.py:588} INFO - Filling up the DagBag from /home/airflow/.local/lib/python3.12/site-packages/airflow/example_dags/example_branch_operator.py
[2024-12-18T10:08:00.453+0000] {processor.py:925} INFO - DAG(s) 'example_branch_operator' retrieved from /home/airflow/.local/lib/python3.12/site-packages/airflow/example_dags/example_branch_operator.py
[2024-12-18T10:08:00.476+0000] {logging_mixin.py:190} INFO - [2024-12-18T10:08:00.475+0000] {dag.py:3239} INFO - Sync 1 DAGs
[2024-12-18T10:08:00.494+0000] {logging_mixin.py:190} INFO - [2024-12-18T10:08:00.494+0000] {dag.py:4180} INFO - Setting next_dagrun for example_branch_operator to 2024-12-17 00:00:00+00:00, run_after=2024-12-18 00:00:00+00:00
[2024-12-18T10:08:00.508+0000] {processor.py:208} INFO - Processing /home/airflow/.local/lib/python3.12/site-packages/airflow/example_dags/example_branch_operator.py took 0.077 seconds
[2024-12-18T10:08:30.738+0000] {processor.py:186} INFO - Started process (PID=485) to work on /home/airflow/.local/lib/python3.12/site-packages/airflow/example_dags/example_branch_operator.py
[2024-12-18T10:08:30.739+0000] {processor.py:914} INFO - Processing file /home/airflow/.local/lib/python3.12/site-packages/airflow/example_dags/example_branch_operator.py for tasks to queue
[2024-12-18T10:08:30.740+0000] {logging_mixin.py:190} INFO - [2024-12-18T10:08:30.739+0000] {dagbag.py:588} INFO - Filling up the DagBag from /home/airflow/.local/lib/python3.12/site-packages/airflow/example_dags/example_branch_operator.py
[2024-12-18T10:08:30.759+0000] {processor.py:925} INFO - DAG(s) 'example_branch_operator' retrieved from /home/airflow/.local/lib/python3.12/site-packages/airflow/example_dags/example_branch_operator.py
[2024-12-18T10:08:30.791+0000] {logging_mixin.py:190} INFO - [2024-12-18T10:08:30.790+0000] {dag.py:3239} INFO - Sync 1 DAGs
[2024-12-18T10:08:30.821+0000] {logging_mixin.py:190} INFO - [2024-12-18T10:08:30.821+0000] {dag.py:4180} INFO - Setting next_dagrun for example_branch_operator to 2024-12-17 00:00:00+00:00, run_after=2024-12-18 00:00:00+00:00
[2024-12-18T10:08:30.839+0000] {processor.py:208} INFO - Processing /home/airflow/.local/lib/python3.12/site-packages/airflow/example_dags/example_branch_operator.py took 0.107 seconds
[2024-12-18T10:09:02.995+0000] {processor.py:186} INFO - Started process (PID=551) to work on /home/airflow/.local/lib/python3.12/site-packages/airflow/example_dags/example_branch_operator.py
[2024-12-18T10:09:02.996+0000] {processor.py:914} INFO - Processing file /home/airflow/.local/lib/python3.12/site-packages/airflow/example_dags/example_branch_operator.py for tasks to queue
[2024-12-18T10:09:02.997+0000] {logging_mixin.py:190} INFO - [2024-12-18T10:09:02.996+0000] {dagbag.py:588} INFO - Filling up the DagBag from /home/airflow/.local/lib/python3.12/site-packages/airflow/example_dags/example_branch_operator.py
[2024-12-18T10:09:03.017+0000] {processor.py:925} INFO - DAG(s) 'example_branch_operator' retrieved from /home/airflow/.local/lib/python3.12/site-packages/airflow/example_dags/example_branch_operator.py
[2024-12-18T10:09:03.043+0000] {logging_mixin.py:190} INFO - [2024-12-18T10:09:03.043+0000] {dag.py:3239} INFO - Sync 1 DAGs
[2024-12-18T10:09:03.065+0000] {logging_mixin.py:190} INFO - [2024-12-18T10:09:03.065+0000] {dag.py:4180} INFO - Setting next_dagrun for example_branch_operator to 2024-12-17 00:00:00+00:00, run_after=2024-12-18 00:00:00+00:00
[2024-12-18T10:09:03.080+0000] {processor.py:208} INFO - Processing /home/airflow/.local/lib/python3.12/site-packages/airflow/example_dags/example_branch_operator.py took 0.091 seconds
[2024-12-18T10:09:33.660+0000] {processor.py:186} INFO - Started process (PID=613) to work on /home/airflow/.local/lib/python3.12/site-packages/airflow/example_dags/example_branch_operator.py
[2024-12-18T10:09:33.662+0000] {processor.py:914} INFO - Processing file /home/airflow/.local/lib/python3.12/site-packages/airflow/example_dags/example_branch_operator.py for tasks to queue
[2024-12-18T10:09:33.664+0000] {logging_mixin.py:190} INFO - [2024-12-18T10:09:33.663+0000] {dagbag.py:588} INFO - Filling up the DagBag from /home/airflow/.local/lib/python3.12/site-packages/airflow/example_dags/example_branch_operator.py
[2024-12-18T10:09:33.699+0000] {processor.py:925} INFO - DAG(s) 'example_branch_operator' retrieved from /home/airflow/.local/lib/python3.12/site-packages/airflow/example_dags/example_branch_operator.py
[2024-12-18T10:09:33.744+0000] {logging_mixin.py:190} INFO - [2024-12-18T10:09:33.743+0000] {dag.py:3239} INFO - Sync 1 DAGs
[2024-12-18T10:09:33.774+0000] {logging_mixin.py:190} INFO - [2024-12-18T10:09:33.774+0000] {dag.py:4180} INFO - Setting next_dagrun for example_branch_operator to 2024-12-17 00:00:00+00:00, run_after=2024-12-18 00:00:00+00:00
[2024-12-18T10:09:33.796+0000] {processor.py:208} INFO - Processing /home/airflow/.local/lib/python3.12/site-packages/airflow/example_dags/example_branch_operator.py took 0.146 seconds
[2024-12-18T10:10:05.285+0000] {processor.py:186} INFO - Started process (PID=679) to work on /home/airflow/.local/lib/python3.12/site-packages/airflow/example_dags/example_branch_operator.py
[2024-12-18T10:10:05.286+0000] {processor.py:914} INFO - Processing file /home/airflow/.local/lib/python3.12/site-packages/airflow/example_dags/example_branch_operator.py for tasks to queue
[2024-12-18T10:10:05.287+0000] {logging_mixin.py:190} INFO - [2024-12-18T10:10:05.286+0000] {dagbag.py:588} INFO - Filling up the DagBag from /home/airflow/.local/lib/python3.12/site-packages/airflow/example_dags/example_branch_operator.py
[2024-12-18T10:10:05.303+0000] {processor.py:925} INFO - DAG(s) 'example_branch_operator' retrieved from /home/airflow/.local/lib/python3.12/site-packages/airflow/example_dags/example_branch_operator.py
[2024-12-18T10:10:05.328+0000] {logging_mixin.py:190} INFO - [2024-12-18T10:10:05.327+0000] {dag.py:3239} INFO - Sync 1 DAGs
[2024-12-18T10:10:05.348+0000] {logging_mixin.py:190} INFO - [2024-12-18T10:10:05.348+0000] {dag.py:4180} INFO - Setting next_dagrun for example_branch_operator to 2024-12-17 00:00:00+00:00, run_after=2024-12-18 00:00:00+00:00
[2024-12-18T10:10:05.362+0000] {processor.py:208} INFO - Processing /home/airflow/.local/lib/python3.12/site-packages/airflow/example_dags/example_branch_operator.py took 0.082 seconds
[2024-12-18T10:10:35.778+0000] {processor.py:186} INFO - Started process (PID=742) to work on /home/airflow/.local/lib/python3.12/site-packages/airflow/example_dags/example_branch_operator.py
[2024-12-18T10:10:35.779+0000] {processor.py:914} INFO - Processing file /home/airflow/.local/lib/python3.12/site-packages/airflow/example_dags/example_branch_operator.py for tasks to queue
[2024-12-18T10:10:35.780+0000] {logging_mixin.py:190} INFO - [2024-12-18T10:10:35.780+0000] {dagbag.py:588} INFO - Filling up the DagBag from /home/airflow/.local/lib/python3.12/site-packages/airflow/example_dags/example_branch_operator.py
[2024-12-18T10:10:35.798+0000] {processor.py:925} INFO - DAG(s) 'example_branch_operator' retrieved from /home/airflow/.local/lib/python3.12/site-packages/airflow/example_dags/example_branch_operator.py
[2024-12-18T10:10:35.841+0000] {logging_mixin.py:190} INFO - [2024-12-18T10:10:35.840+0000] {dag.py:3239} INFO - Sync 1 DAGs
[2024-12-18T10:10:35.875+0000] {logging_mixin.py:190} INFO - [2024-12-18T10:10:35.875+0000] {dag.py:4180} INFO - Setting next_dagrun for example_branch_operator to 2024-12-17 00:00:00+00:00, run_after=2024-12-18 00:00:00+00:00
[2024-12-18T10:10:35.900+0000] {processor.py:208} INFO - Processing /home/airflow/.local/lib/python3.12/site-packages/airflow/example_dags/example_branch_operator.py took 0.127 seconds
[2024-12-18T10:11:07.919+0000] {processor.py:186} INFO - Started process (PID=808) to work on /home/airflow/.local/lib/python3.12/site-packages/airflow/example_dags/example_branch_operator.py
[2024-12-18T10:11:07.920+0000] {processor.py:914} INFO - Processing file /home/airflow/.local/lib/python3.12/site-packages/airflow/example_dags/example_branch_operator.py for tasks to queue
[2024-12-18T10:11:07.921+0000] {logging_mixin.py:190} INFO - [2024-12-18T10:11:07.921+0000] {dagbag.py:588} INFO - Filling up the DagBag from /home/airflow/.local/lib/python3.12/site-packages/airflow/example_dags/example_branch_operator.py
[2024-12-18T10:11:07.938+0000] {processor.py:925} INFO - DAG(s) 'example_branch_operator' retrieved from /home/airflow/.local/lib/python3.12/site-packages/airflow/example_dags/example_branch_operator.py
[2024-12-18T10:11:07.965+0000] {logging_mixin.py:190} INFO - [2024-12-18T10:11:07.965+0000] {dag.py:3239} INFO - Sync 1 DAGs
[2024-12-18T10:11:07.989+0000] {logging_mixin.py:190} INFO - [2024-12-18T10:11:07.989+0000] {dag.py:4180} INFO - Setting next_dagrun for example_branch_operator to 2024-12-17 00:00:00+00:00, run_after=2024-12-18 00:00:00+00:00
[2024-12-18T10:11:08.004+0000] {processor.py:208} INFO - Processing /home/airflow/.local/lib/python3.12/site-packages/airflow/example_dags/example_branch_operator.py took 0.091 seconds
[2024-12-18T10:11:38.328+0000] {processor.py:186} INFO - Started process (PID=871) to work on /home/airflow/.local/lib/python3.12/site-packages/airflow/example_dags/example_branch_operator.py
[2024-12-18T10:11:38.329+0000] {processor.py:914} INFO - Processing file /home/airflow/.local/lib/python3.12/site-packages/airflow/example_dags/example_branch_operator.py for tasks to queue
[2024-12-18T10:11:38.330+0000] {logging_mixin.py:190} INFO - [2024-12-18T10:11:38.330+0000] {dagbag.py:588} INFO - Filling up the DagBag from /home/airflow/.local/lib/python3.12/site-packages/airflow/example_dags/example_branch_operator.py
[2024-12-18T10:11:38.348+0000] {processor.py:925} INFO - DAG(s) 'example_branch_operator' retrieved from /home/airflow/.local/lib/python3.12/site-packages/airflow/example_dags/example_branch_operator.py
[2024-12-18T10:11:38.375+0000] {logging_mixin.py:190} INFO - [2024-12-18T10:11:38.375+0000] {dag.py:3239} INFO - Sync 1 DAGs
[2024-12-18T10:11:38.399+0000] {logging_mixin.py:190} INFO - [2024-12-18T10:11:38.398+0000] {dag.py:4180} INFO - Setting next_dagrun for example_branch_operator to 2024-12-17 00:00:00+00:00, run_after=2024-12-18 00:00:00+00:00
[2024-12-18T10:11:38.414+0000] {processor.py:208} INFO - Processing /home/airflow/.local/lib/python3.12/site-packages/airflow/example_dags/example_branch_operator.py took 0.092 seconds
[2024-12-18T10:12:09.454+0000] {processor.py:186} INFO - Started process (PID=936) to work on /home/airflow/.local/lib/python3.12/site-packages/airflow/example_dags/example_branch_operator.py
[2024-12-18T10:12:09.455+0000] {processor.py:914} INFO - Processing file /home/airflow/.local/lib/python3.12/site-packages/airflow/example_dags/example_branch_operator.py for tasks to queue
[2024-12-18T10:12:09.456+0000] {logging_mixin.py:190} INFO - [2024-12-18T10:12:09.456+0000] {dagbag.py:588} INFO - Filling up the DagBag from /home/airflow/.local/lib/python3.12/site-packages/airflow/example_dags/example_branch_operator.py
[2024-12-18T10:12:09.478+0000] {processor.py:925} INFO - DAG(s) 'example_branch_operator' retrieved from /home/airflow/.local/lib/python3.12/site-packages/airflow/example_dags/example_branch_operator.py
[2024-12-18T10:12:09.507+0000] {logging_mixin.py:190} INFO - [2024-12-18T10:12:09.507+0000] {dag.py:3239} INFO - Sync 1 DAGs
[2024-12-18T10:12:09.532+0000] {logging_mixin.py:190} INFO - [2024-12-18T10:12:09.532+0000] {dag.py:4180} INFO - Setting next_dagrun for example_branch_operator to 2024-12-17 00:00:00+00:00, run_after=2024-12-18 00:00:00+00:00
[2024-12-18T10:12:09.549+0000] {processor.py:208} INFO - Processing /home/airflow/.local/lib/python3.12/site-packages/airflow/example_dags/example_branch_operator.py took 0.100 seconds
[2024-12-18T10:12:40.110+0000] {processor.py:186} INFO - Started process (PID=999) to work on /home/airflow/.local/lib/python3.12/site-packages/airflow/example_dags/example_branch_operator.py
[2024-12-18T10:12:40.111+0000] {processor.py:914} INFO - Processing file /home/airflow/.local/lib/python3.12/site-packages/airflow/example_dags/example_branch_operator.py for tasks to queue
[2024-12-18T10:12:40.112+0000] {logging_mixin.py:190} INFO - [2024-12-18T10:12:40.112+0000] {dagbag.py:588} INFO - Filling up the DagBag from /home/airflow/.local/lib/python3.12/site-packages/airflow/example_dags/example_branch_operator.py
[2024-12-18T10:12:40.136+0000] {processor.py:925} INFO - DAG(s) 'example_branch_operator' retrieved from /home/airflow/.local/lib/python3.12/site-packages/airflow/example_dags/example_branch_operator.py
[2024-12-18T10:12:40.172+0000] {logging_mixin.py:190} INFO - [2024-12-18T10:12:40.172+0000] {dag.py:3239} INFO - Sync 1 DAGs
[2024-12-18T10:12:40.206+0000] {logging_mixin.py:190} INFO - [2024-12-18T10:12:40.206+0000] {dag.py:4180} INFO - Setting next_dagrun for example_branch_operator to 2024-12-17 00:00:00+00:00, run_after=2024-12-18 00:00:00+00:00
[2024-12-18T10:12:40.230+0000] {processor.py:208} INFO - Processing /home/airflow/.local/lib/python3.12/site-packages/airflow/example_dags/example_branch_operator.py took 0.127 seconds
[2024-12-18T10:13:10.432+0000] {processor.py:186} INFO - Started process (PID=1061) to work on /home/airflow/.local/lib/python3.12/site-packages/airflow/example_dags/example_branch_operator.py
[2024-12-18T10:13:10.433+0000] {processor.py:914} INFO - Processing file /home/airflow/.local/lib/python3.12/site-packages/airflow/example_dags/example_branch_operator.py for tasks to queue
[2024-12-18T10:13:10.435+0000] {logging_mixin.py:190} INFO - [2024-12-18T10:13:10.434+0000] {dagbag.py:588} INFO - Filling up the DagBag from /home/airflow/.local/lib/python3.12/site-packages/airflow/example_dags/example_branch_operator.py
[2024-12-18T10:13:10.458+0000] {processor.py:925} INFO - DAG(s) 'example_branch_operator' retrieved from /home/airflow/.local/lib/python3.12/site-packages/airflow/example_dags/example_branch_operator.py
[2024-12-18T10:13:10.492+0000] {logging_mixin.py:190} INFO - [2024-12-18T10:13:10.492+0000] {dag.py:3239} INFO - Sync 1 DAGs
[2024-12-18T10:13:10.519+0000] {logging_mixin.py:190} INFO - [2024-12-18T10:13:10.519+0000] {dag.py:4180} INFO - Setting next_dagrun for example_branch_operator to 2024-12-17 00:00:00+00:00, run_after=2024-12-18 00:00:00+00:00
[2024-12-18T10:13:10.538+0000] {processor.py:208} INFO - Processing /home/airflow/.local/lib/python3.12/site-packages/airflow/example_dags/example_branch_operator.py took 0.114 seconds
[2024-12-18T10:13:41.124+0000] {processor.py:186} INFO - Started process (PID=1125) to work on /home/airflow/.local/lib/python3.12/site-packages/airflow/example_dags/example_branch_operator.py
[2024-12-18T10:13:41.130+0000] {processor.py:914} INFO - Processing file /home/airflow/.local/lib/python3.12/site-packages/airflow/example_dags/example_branch_operator.py for tasks to queue
[2024-12-18T10:13:41.131+0000] {logging_mixin.py:190} INFO - [2024-12-18T10:13:41.131+0000] {dagbag.py:588} INFO - Filling up the DagBag from /home/airflow/.local/lib/python3.12/site-packages/airflow/example_dags/example_branch_operator.py
[2024-12-18T10:13:41.151+0000] {processor.py:925} INFO - DAG(s) 'example_branch_operator' retrieved from /home/airflow/.local/lib/python3.12/site-packages/airflow/example_dags/example_branch_operator.py
[2024-12-18T10:13:41.196+0000] {logging_mixin.py:190} INFO - [2024-12-18T10:13:41.195+0000] {dag.py:3239} INFO - Sync 1 DAGs
[2024-12-18T10:13:41.225+0000] {logging_mixin.py:190} INFO - [2024-12-18T10:13:41.224+0000] {dag.py:4180} INFO - Setting next_dagrun for example_branch_operator to 2024-12-17 00:00:00+00:00, run_after=2024-12-18 00:00:00+00:00
[2024-12-18T10:13:41.246+0000] {processor.py:208} INFO - Processing /home/airflow/.local/lib/python3.12/site-packages/airflow/example_dags/example_branch_operator.py took 0.129 seconds
[2024-12-18T10:15:25.353+0000] {processor.py:186} INFO - Started process (PID=89) to work on /home/airflow/.local/lib/python3.12/site-packages/airflow/example_dags/example_branch_operator.py
[2024-12-18T10:15:25.354+0000] {processor.py:914} INFO - Processing file /home/airflow/.local/lib/python3.12/site-packages/airflow/example_dags/example_branch_operator.py for tasks to queue
[2024-12-18T10:15:25.356+0000] {logging_mixin.py:190} INFO - [2024-12-18T10:15:25.356+0000] {dagbag.py:588} INFO - Filling up the DagBag from /home/airflow/.local/lib/python3.12/site-packages/airflow/example_dags/example_branch_operator.py
[2024-12-18T10:15:25.383+0000] {processor.py:925} INFO - DAG(s) 'example_branch_operator' retrieved from /home/airflow/.local/lib/python3.12/site-packages/airflow/example_dags/example_branch_operator.py
[2024-12-18T10:15:25.530+0000] {logging_mixin.py:190} INFO - [2024-12-18T10:15:25.529+0000] {dag.py:3239} INFO - Sync 1 DAGs
[2024-12-18T10:15:25.551+0000] {logging_mixin.py:190} INFO - [2024-12-18T10:15:25.551+0000] {dag.py:4180} INFO - Setting next_dagrun for example_branch_operator to 2024-12-17 00:00:00+00:00, run_after=2024-12-18 00:00:00+00:00
[2024-12-18T10:15:25.576+0000] {processor.py:208} INFO - Processing /home/airflow/.local/lib/python3.12/site-packages/airflow/example_dags/example_branch_operator.py took 0.230 seconds
[2024-12-18T10:15:56.253+0000] {processor.py:186} INFO - Started process (PID=160) to work on /home/airflow/.local/lib/python3.12/site-packages/airflow/example_dags/example_branch_operator.py
[2024-12-18T10:15:56.254+0000] {processor.py:914} INFO - Processing file /home/airflow/.local/lib/python3.12/site-packages/airflow/example_dags/example_branch_operator.py for tasks to queue
[2024-12-18T10:15:56.258+0000] {logging_mixin.py:190} INFO - [2024-12-18T10:15:56.257+0000] {dagbag.py:588} INFO - Filling up the DagBag from /home/airflow/.local/lib/python3.12/site-packages/airflow/example_dags/example_branch_operator.py
[2024-12-18T10:15:56.283+0000] {processor.py:925} INFO - DAG(s) 'example_branch_operator' retrieved from /home/airflow/.local/lib/python3.12/site-packages/airflow/example_dags/example_branch_operator.py
[2024-12-18T10:15:56.319+0000] {logging_mixin.py:190} INFO - [2024-12-18T10:15:56.319+0000] {dag.py:3239} INFO - Sync 1 DAGs
[2024-12-18T10:15:56.349+0000] {logging_mixin.py:190} INFO - [2024-12-18T10:15:56.349+0000] {dag.py:4180} INFO - Setting next_dagrun for example_branch_operator to 2024-12-17 00:00:00+00:00, run_after=2024-12-18 00:00:00+00:00
[2024-12-18T10:15:56.371+0000] {processor.py:208} INFO - Processing /home/airflow/.local/lib/python3.12/site-packages/airflow/example_dags/example_branch_operator.py took 0.126 seconds
[2024-12-18T10:16:26.570+0000] {processor.py:186} INFO - Started process (PID=228) to work on /home/airflow/.local/lib/python3.12/site-packages/airflow/example_dags/example_branch_operator.py
[2024-12-18T10:16:26.571+0000] {processor.py:914} INFO - Processing file /home/airflow/.local/lib/python3.12/site-packages/airflow/example_dags/example_branch_operator.py for tasks to queue
[2024-12-18T10:16:26.573+0000] {logging_mixin.py:190} INFO - [2024-12-18T10:16:26.573+0000] {dagbag.py:588} INFO - Filling up the DagBag from /home/airflow/.local/lib/python3.12/site-packages/airflow/example_dags/example_branch_operator.py
[2024-12-18T10:16:26.591+0000] {processor.py:925} INFO - DAG(s) 'example_branch_operator' retrieved from /home/airflow/.local/lib/python3.12/site-packages/airflow/example_dags/example_branch_operator.py
[2024-12-18T10:16:26.618+0000] {logging_mixin.py:190} INFO - [2024-12-18T10:16:26.618+0000] {dag.py:3239} INFO - Sync 1 DAGs
[2024-12-18T10:16:26.641+0000] {logging_mixin.py:190} INFO - [2024-12-18T10:16:26.641+0000] {dag.py:4180} INFO - Setting next_dagrun for example_branch_operator to 2024-12-17 00:00:00+00:00, run_after=2024-12-18 00:00:00+00:00
[2024-12-18T10:16:26.658+0000] {processor.py:208} INFO - Processing /home/airflow/.local/lib/python3.12/site-packages/airflow/example_dags/example_branch_operator.py took 0.094 seconds
[2024-12-18T10:16:57.260+0000] {processor.py:186} INFO - Started process (PID=292) to work on /home/airflow/.local/lib/python3.12/site-packages/airflow/example_dags/example_branch_operator.py
[2024-12-18T10:16:57.261+0000] {processor.py:914} INFO - Processing file /home/airflow/.local/lib/python3.12/site-packages/airflow/example_dags/example_branch_operator.py for tasks to queue
[2024-12-18T10:16:57.263+0000] {logging_mixin.py:190} INFO - [2024-12-18T10:16:57.263+0000] {dagbag.py:588} INFO - Filling up the DagBag from /home/airflow/.local/lib/python3.12/site-packages/airflow/example_dags/example_branch_operator.py
[2024-12-18T10:16:57.282+0000] {processor.py:925} INFO - DAG(s) 'example_branch_operator' retrieved from /home/airflow/.local/lib/python3.12/site-packages/airflow/example_dags/example_branch_operator.py
[2024-12-18T10:16:57.316+0000] {logging_mixin.py:190} INFO - [2024-12-18T10:16:57.316+0000] {dag.py:3239} INFO - Sync 1 DAGs
[2024-12-18T10:16:57.346+0000] {logging_mixin.py:190} INFO - [2024-12-18T10:16:57.346+0000] {dag.py:4180} INFO - Setting next_dagrun for example_branch_operator to 2024-12-17 00:00:00+00:00, run_after=2024-12-18 00:00:00+00:00
[2024-12-18T10:16:57.370+0000] {processor.py:208} INFO - Processing /home/airflow/.local/lib/python3.12/site-packages/airflow/example_dags/example_branch_operator.py took 0.116 seconds
[2024-12-18T10:17:27.814+0000] {processor.py:186} INFO - Started process (PID=355) to work on /home/airflow/.local/lib/python3.12/site-packages/airflow/example_dags/example_branch_operator.py
[2024-12-18T10:17:27.815+0000] {processor.py:914} INFO - Processing file /home/airflow/.local/lib/python3.12/site-packages/airflow/example_dags/example_branch_operator.py for tasks to queue
[2024-12-18T10:17:27.817+0000] {logging_mixin.py:190} INFO - [2024-12-18T10:17:27.816+0000] {dagbag.py:588} INFO - Filling up the DagBag from /home/airflow/.local/lib/python3.12/site-packages/airflow/example_dags/example_branch_operator.py
[2024-12-18T10:17:27.833+0000] {processor.py:925} INFO - DAG(s) 'example_branch_operator' retrieved from /home/airflow/.local/lib/python3.12/site-packages/airflow/example_dags/example_branch_operator.py
[2024-12-18T10:17:27.858+0000] {logging_mixin.py:190} INFO - [2024-12-18T10:17:27.858+0000] {dag.py:3239} INFO - Sync 1 DAGs
[2024-12-18T10:17:27.879+0000] {logging_mixin.py:190} INFO - [2024-12-18T10:17:27.879+0000] {dag.py:4180} INFO - Setting next_dagrun for example_branch_operator to 2024-12-17 00:00:00+00:00, run_after=2024-12-18 00:00:00+00:00
[2024-12-18T10:17:27.895+0000] {processor.py:208} INFO - Processing /home/airflow/.local/lib/python3.12/site-packages/airflow/example_dags/example_branch_operator.py took 0.086 seconds
