[2024-12-18T09:53:45.736+0000] {processor.py:186} INFO - Started process (PID=65) to work on /home/airflow/.local/lib/python3.12/site-packages/airflow/example_dags/example_complex.py
[2024-12-18T09:53:45.736+0000] {processor.py:914} INFO - Processing file /home/airflow/.local/lib/python3.12/site-packages/airflow/example_dags/example_complex.py for tasks to queue
[2024-12-18T09:53:45.738+0000] {logging_mixin.py:190} INFO - [2024-12-18T09:53:45.738+0000] {dagbag.py:588} INFO - Filling up the DagBag from /home/airflow/.local/lib/python3.12/site-packages/airflow/example_dags/example_complex.py
[2024-12-18T09:53:45.762+0000] {processor.py:925} INFO - DAG(s) 'example_complex' retrieved from /home/airflow/.local/lib/python3.12/site-packages/airflow/example_dags/example_complex.py
[2024-12-18T09:53:45.812+0000] {logging_mixin.py:190} INFO - [2024-12-18T09:53:45.812+0000] {dag.py:3239} INFO - Sync 1 DAGs
[2024-12-18T09:53:45.826+0000] {logging_mixin.py:190} INFO - [2024-12-18T09:53:45.826+0000] {dag.py:4180} INFO - Setting next_dagrun for example_complex to None, run_after=None
[2024-12-18T09:53:45.844+0000] {processor.py:208} INFO - Processing /home/airflow/.local/lib/python3.12/site-packages/airflow/example_dags/example_complex.py took 0.115 seconds
[2024-12-18T09:54:16.543+0000] {processor.py:186} INFO - Started process (PID=129) to work on /home/airflow/.local/lib/python3.12/site-packages/airflow/example_dags/example_complex.py
[2024-12-18T09:54:16.544+0000] {processor.py:914} INFO - Processing file /home/airflow/.local/lib/python3.12/site-packages/airflow/example_dags/example_complex.py for tasks to queue
[2024-12-18T09:54:16.546+0000] {logging_mixin.py:190} INFO - [2024-12-18T09:54:16.546+0000] {dagbag.py:588} INFO - Filling up the DagBag from /home/airflow/.local/lib/python3.12/site-packages/airflow/example_dags/example_complex.py
[2024-12-18T09:54:16.558+0000] {processor.py:925} INFO - DAG(s) 'example_complex' retrieved from /home/airflow/.local/lib/python3.12/site-packages/airflow/example_dags/example_complex.py
[2024-12-18T09:54:16.589+0000] {logging_mixin.py:190} INFO - [2024-12-18T09:54:16.588+0000] {dag.py:3239} INFO - Sync 1 DAGs
[2024-12-18T09:54:16.603+0000] {logging_mixin.py:190} INFO - [2024-12-18T09:54:16.603+0000] {dag.py:4180} INFO - Setting next_dagrun for example_complex to None, run_after=None
[2024-12-18T09:54:16.618+0000] {processor.py:208} INFO - Processing /home/airflow/.local/lib/python3.12/site-packages/airflow/example_dags/example_complex.py took 0.081 seconds
[2024-12-18T09:54:47.295+0000] {processor.py:186} INFO - Started process (PID=193) to work on /home/airflow/.local/lib/python3.12/site-packages/airflow/example_dags/example_complex.py
[2024-12-18T09:54:47.295+0000] {processor.py:914} INFO - Processing file /home/airflow/.local/lib/python3.12/site-packages/airflow/example_dags/example_complex.py for tasks to queue
[2024-12-18T09:54:47.297+0000] {logging_mixin.py:190} INFO - [2024-12-18T09:54:47.297+0000] {dagbag.py:588} INFO - Filling up the DagBag from /home/airflow/.local/lib/python3.12/site-packages/airflow/example_dags/example_complex.py
[2024-12-18T09:54:47.309+0000] {processor.py:925} INFO - DAG(s) 'example_complex' retrieved from /home/airflow/.local/lib/python3.12/site-packages/airflow/example_dags/example_complex.py
[2024-12-18T09:54:47.340+0000] {logging_mixin.py:190} INFO - [2024-12-18T09:54:47.340+0000] {dag.py:3239} INFO - Sync 1 DAGs
[2024-12-18T09:54:47.354+0000] {logging_mixin.py:190} INFO - [2024-12-18T09:54:47.353+0000] {dag.py:4180} INFO - Setting next_dagrun for example_complex to None, run_after=None
[2024-12-18T09:54:47.370+0000] {processor.py:208} INFO - Processing /home/airflow/.local/lib/python3.12/site-packages/airflow/example_dags/example_complex.py took 0.082 seconds
[2024-12-18T09:55:18.346+0000] {processor.py:186} INFO - Started process (PID=257) to work on /home/airflow/.local/lib/python3.12/site-packages/airflow/example_dags/example_complex.py
[2024-12-18T09:55:18.347+0000] {processor.py:914} INFO - Processing file /home/airflow/.local/lib/python3.12/site-packages/airflow/example_dags/example_complex.py for tasks to queue
[2024-12-18T09:55:18.349+0000] {logging_mixin.py:190} INFO - [2024-12-18T09:55:18.349+0000] {dagbag.py:588} INFO - Filling up the DagBag from /home/airflow/.local/lib/python3.12/site-packages/airflow/example_dags/example_complex.py
[2024-12-18T09:55:18.361+0000] {processor.py:925} INFO - DAG(s) 'example_complex' retrieved from /home/airflow/.local/lib/python3.12/site-packages/airflow/example_dags/example_complex.py
[2024-12-18T09:55:18.393+0000] {logging_mixin.py:190} INFO - [2024-12-18T09:55:18.393+0000] {dag.py:3239} INFO - Sync 1 DAGs
[2024-12-18T09:55:18.407+0000] {logging_mixin.py:190} INFO - [2024-12-18T09:55:18.407+0000] {dag.py:4180} INFO - Setting next_dagrun for example_complex to None, run_after=None
[2024-12-18T09:55:18.423+0000] {processor.py:208} INFO - Processing /home/airflow/.local/lib/python3.12/site-packages/airflow/example_dags/example_complex.py took 0.083 seconds
[2024-12-18T09:55:48.459+0000] {processor.py:186} INFO - Started process (PID=324) to work on /home/airflow/.local/lib/python3.12/site-packages/airflow/example_dags/example_complex.py
[2024-12-18T09:55:48.460+0000] {processor.py:914} INFO - Processing file /home/airflow/.local/lib/python3.12/site-packages/airflow/example_dags/example_complex.py for tasks to queue
[2024-12-18T09:55:48.463+0000] {logging_mixin.py:190} INFO - [2024-12-18T09:55:48.462+0000] {dagbag.py:588} INFO - Filling up the DagBag from /home/airflow/.local/lib/python3.12/site-packages/airflow/example_dags/example_complex.py
[2024-12-18T09:55:48.478+0000] {processor.py:925} INFO - DAG(s) 'example_complex' retrieved from /home/airflow/.local/lib/python3.12/site-packages/airflow/example_dags/example_complex.py
[2024-12-18T09:55:48.509+0000] {logging_mixin.py:190} INFO - [2024-12-18T09:55:48.509+0000] {dag.py:3239} INFO - Sync 1 DAGs
[2024-12-18T09:55:48.522+0000] {logging_mixin.py:190} INFO - [2024-12-18T09:55:48.522+0000] {dag.py:4180} INFO - Setting next_dagrun for example_complex to None, run_after=None
[2024-12-18T09:55:48.540+0000] {processor.py:208} INFO - Processing /home/airflow/.local/lib/python3.12/site-packages/airflow/example_dags/example_complex.py took 0.088 seconds
[2024-12-18T09:56:18.597+0000] {processor.py:186} INFO - Started process (PID=387) to work on /home/airflow/.local/lib/python3.12/site-packages/airflow/example_dags/example_complex.py
[2024-12-18T09:56:18.598+0000] {processor.py:914} INFO - Processing file /home/airflow/.local/lib/python3.12/site-packages/airflow/example_dags/example_complex.py for tasks to queue
[2024-12-18T09:56:18.601+0000] {logging_mixin.py:190} INFO - [2024-12-18T09:56:18.600+0000] {dagbag.py:588} INFO - Filling up the DagBag from /home/airflow/.local/lib/python3.12/site-packages/airflow/example_dags/example_complex.py
[2024-12-18T09:56:18.615+0000] {processor.py:925} INFO - DAG(s) 'example_complex' retrieved from /home/airflow/.local/lib/python3.12/site-packages/airflow/example_dags/example_complex.py
[2024-12-18T09:56:18.659+0000] {logging_mixin.py:190} INFO - [2024-12-18T09:56:18.659+0000] {dag.py:3239} INFO - Sync 1 DAGs
[2024-12-18T09:56:18.680+0000] {logging_mixin.py:190} INFO - [2024-12-18T09:56:18.680+0000] {dag.py:4180} INFO - Setting next_dagrun for example_complex to None, run_after=None
[2024-12-18T09:56:18.699+0000] {processor.py:208} INFO - Processing /home/airflow/.local/lib/python3.12/site-packages/airflow/example_dags/example_complex.py took 0.110 seconds
[2024-12-18T09:56:48.806+0000] {processor.py:186} INFO - Started process (PID=465) to work on /home/airflow/.local/lib/python3.12/site-packages/airflow/example_dags/example_complex.py
[2024-12-18T09:56:48.807+0000] {processor.py:914} INFO - Processing file /home/airflow/.local/lib/python3.12/site-packages/airflow/example_dags/example_complex.py for tasks to queue
[2024-12-18T09:56:48.809+0000] {logging_mixin.py:190} INFO - [2024-12-18T09:56:48.809+0000] {dagbag.py:588} INFO - Filling up the DagBag from /home/airflow/.local/lib/python3.12/site-packages/airflow/example_dags/example_complex.py
[2024-12-18T09:56:48.822+0000] {processor.py:925} INFO - DAG(s) 'example_complex' retrieved from /home/airflow/.local/lib/python3.12/site-packages/airflow/example_dags/example_complex.py
[2024-12-18T09:56:48.853+0000] {logging_mixin.py:190} INFO - [2024-12-18T09:56:48.852+0000] {dag.py:3239} INFO - Sync 1 DAGs
[2024-12-18T09:56:48.865+0000] {logging_mixin.py:190} INFO - [2024-12-18T09:56:48.865+0000] {dag.py:4180} INFO - Setting next_dagrun for example_complex to None, run_after=None
[2024-12-18T09:56:48.880+0000] {processor.py:208} INFO - Processing /home/airflow/.local/lib/python3.12/site-packages/airflow/example_dags/example_complex.py took 0.083 seconds
[2024-12-18T09:57:19.567+0000] {processor.py:186} INFO - Started process (PID=536) to work on /home/airflow/.local/lib/python3.12/site-packages/airflow/example_dags/example_complex.py
[2024-12-18T09:57:19.568+0000] {processor.py:914} INFO - Processing file /home/airflow/.local/lib/python3.12/site-packages/airflow/example_dags/example_complex.py for tasks to queue
[2024-12-18T09:57:19.570+0000] {logging_mixin.py:190} INFO - [2024-12-18T09:57:19.570+0000] {dagbag.py:588} INFO - Filling up the DagBag from /home/airflow/.local/lib/python3.12/site-packages/airflow/example_dags/example_complex.py
[2024-12-18T09:57:19.584+0000] {processor.py:925} INFO - DAG(s) 'example_complex' retrieved from /home/airflow/.local/lib/python3.12/site-packages/airflow/example_dags/example_complex.py
[2024-12-18T09:57:19.616+0000] {logging_mixin.py:190} INFO - [2024-12-18T09:57:19.616+0000] {dag.py:3239} INFO - Sync 1 DAGs
[2024-12-18T09:57:19.631+0000] {logging_mixin.py:190} INFO - [2024-12-18T09:57:19.630+0000] {dag.py:4180} INFO - Setting next_dagrun for example_complex to None, run_after=None
[2024-12-18T09:57:19.649+0000] {processor.py:208} INFO - Processing /home/airflow/.local/lib/python3.12/site-packages/airflow/example_dags/example_complex.py took 0.089 seconds
[2024-12-18T09:57:49.885+0000] {processor.py:186} INFO - Started process (PID=600) to work on /home/airflow/.local/lib/python3.12/site-packages/airflow/example_dags/example_complex.py
[2024-12-18T09:57:49.886+0000] {processor.py:914} INFO - Processing file /home/airflow/.local/lib/python3.12/site-packages/airflow/example_dags/example_complex.py for tasks to queue
[2024-12-18T09:57:49.888+0000] {logging_mixin.py:190} INFO - [2024-12-18T09:57:49.888+0000] {dagbag.py:588} INFO - Filling up the DagBag from /home/airflow/.local/lib/python3.12/site-packages/airflow/example_dags/example_complex.py
[2024-12-18T09:57:49.901+0000] {processor.py:925} INFO - DAG(s) 'example_complex' retrieved from /home/airflow/.local/lib/python3.12/site-packages/airflow/example_dags/example_complex.py
[2024-12-18T09:57:49.933+0000] {logging_mixin.py:190} INFO - [2024-12-18T09:57:49.933+0000] {dag.py:3239} INFO - Sync 1 DAGs
[2024-12-18T09:57:49.949+0000] {logging_mixin.py:190} INFO - [2024-12-18T09:57:49.949+0000] {dag.py:4180} INFO - Setting next_dagrun for example_complex to None, run_after=None
[2024-12-18T09:57:49.964+0000] {processor.py:208} INFO - Processing /home/airflow/.local/lib/python3.12/site-packages/airflow/example_dags/example_complex.py took 0.085 seconds
[2024-12-18T09:58:20.179+0000] {processor.py:186} INFO - Started process (PID=664) to work on /home/airflow/.local/lib/python3.12/site-packages/airflow/example_dags/example_complex.py
[2024-12-18T09:58:20.180+0000] {processor.py:914} INFO - Processing file /home/airflow/.local/lib/python3.12/site-packages/airflow/example_dags/example_complex.py for tasks to queue
[2024-12-18T09:58:20.182+0000] {logging_mixin.py:190} INFO - [2024-12-18T09:58:20.182+0000] {dagbag.py:588} INFO - Filling up the DagBag from /home/airflow/.local/lib/python3.12/site-packages/airflow/example_dags/example_complex.py
[2024-12-18T09:58:20.195+0000] {processor.py:925} INFO - DAG(s) 'example_complex' retrieved from /home/airflow/.local/lib/python3.12/site-packages/airflow/example_dags/example_complex.py
[2024-12-18T09:58:20.239+0000] {logging_mixin.py:190} INFO - [2024-12-18T09:58:20.238+0000] {dag.py:3239} INFO - Sync 1 DAGs
[2024-12-18T09:58:20.255+0000] {logging_mixin.py:190} INFO - [2024-12-18T09:58:20.254+0000] {dag.py:4180} INFO - Setting next_dagrun for example_complex to None, run_after=None
[2024-12-18T09:58:20.272+0000] {processor.py:208} INFO - Processing /home/airflow/.local/lib/python3.12/site-packages/airflow/example_dags/example_complex.py took 0.099 seconds
[2024-12-18T09:58:50.917+0000] {processor.py:186} INFO - Started process (PID=728) to work on /home/airflow/.local/lib/python3.12/site-packages/airflow/example_dags/example_complex.py
[2024-12-18T09:58:50.918+0000] {processor.py:914} INFO - Processing file /home/airflow/.local/lib/python3.12/site-packages/airflow/example_dags/example_complex.py for tasks to queue
[2024-12-18T09:58:50.920+0000] {logging_mixin.py:190} INFO - [2024-12-18T09:58:50.920+0000] {dagbag.py:588} INFO - Filling up the DagBag from /home/airflow/.local/lib/python3.12/site-packages/airflow/example_dags/example_complex.py
[2024-12-18T09:58:50.934+0000] {processor.py:925} INFO - DAG(s) 'example_complex' retrieved from /home/airflow/.local/lib/python3.12/site-packages/airflow/example_dags/example_complex.py
[2024-12-18T09:58:50.982+0000] {logging_mixin.py:190} INFO - [2024-12-18T09:58:50.981+0000] {dag.py:3239} INFO - Sync 1 DAGs
[2024-12-18T09:58:51.001+0000] {logging_mixin.py:190} INFO - [2024-12-18T09:58:51.001+0000] {dag.py:4180} INFO - Setting next_dagrun for example_complex to None, run_after=None
[2024-12-18T09:58:51.017+0000] {processor.py:208} INFO - Processing /home/airflow/.local/lib/python3.12/site-packages/airflow/example_dags/example_complex.py took 0.106 seconds
[2024-12-18T09:59:21.384+0000] {processor.py:186} INFO - Started process (PID=792) to work on /home/airflow/.local/lib/python3.12/site-packages/airflow/example_dags/example_complex.py
[2024-12-18T09:59:21.385+0000] {processor.py:914} INFO - Processing file /home/airflow/.local/lib/python3.12/site-packages/airflow/example_dags/example_complex.py for tasks to queue
[2024-12-18T09:59:21.387+0000] {logging_mixin.py:190} INFO - [2024-12-18T09:59:21.386+0000] {dagbag.py:588} INFO - Filling up the DagBag from /home/airflow/.local/lib/python3.12/site-packages/airflow/example_dags/example_complex.py
[2024-12-18T09:59:21.399+0000] {processor.py:925} INFO - DAG(s) 'example_complex' retrieved from /home/airflow/.local/lib/python3.12/site-packages/airflow/example_dags/example_complex.py
[2024-12-18T09:59:21.430+0000] {logging_mixin.py:190} INFO - [2024-12-18T09:59:21.430+0000] {dag.py:3239} INFO - Sync 1 DAGs
[2024-12-18T09:59:21.444+0000] {logging_mixin.py:190} INFO - [2024-12-18T09:59:21.444+0000] {dag.py:4180} INFO - Setting next_dagrun for example_complex to None, run_after=None
[2024-12-18T09:59:21.460+0000] {processor.py:208} INFO - Processing /home/airflow/.local/lib/python3.12/site-packages/airflow/example_dags/example_complex.py took 0.083 seconds
[2024-12-18T09:59:51.799+0000] {processor.py:186} INFO - Started process (PID=856) to work on /home/airflow/.local/lib/python3.12/site-packages/airflow/example_dags/example_complex.py
[2024-12-18T09:59:51.800+0000] {processor.py:914} INFO - Processing file /home/airflow/.local/lib/python3.12/site-packages/airflow/example_dags/example_complex.py for tasks to queue
[2024-12-18T09:59:51.802+0000] {logging_mixin.py:190} INFO - [2024-12-18T09:59:51.802+0000] {dagbag.py:588} INFO - Filling up the DagBag from /home/airflow/.local/lib/python3.12/site-packages/airflow/example_dags/example_complex.py
[2024-12-18T09:59:51.814+0000] {processor.py:925} INFO - DAG(s) 'example_complex' retrieved from /home/airflow/.local/lib/python3.12/site-packages/airflow/example_dags/example_complex.py
[2024-12-18T09:59:51.845+0000] {logging_mixin.py:190} INFO - [2024-12-18T09:59:51.845+0000] {dag.py:3239} INFO - Sync 1 DAGs
[2024-12-18T09:59:51.859+0000] {logging_mixin.py:190} INFO - [2024-12-18T09:59:51.859+0000] {dag.py:4180} INFO - Setting next_dagrun for example_complex to None, run_after=None
[2024-12-18T09:59:51.877+0000] {processor.py:208} INFO - Processing /home/airflow/.local/lib/python3.12/site-packages/airflow/example_dags/example_complex.py took 0.084 seconds
[2024-12-18T10:00:22.467+0000] {processor.py:186} INFO - Started process (PID=920) to work on /home/airflow/.local/lib/python3.12/site-packages/airflow/example_dags/example_complex.py
[2024-12-18T10:00:22.468+0000] {processor.py:914} INFO - Processing file /home/airflow/.local/lib/python3.12/site-packages/airflow/example_dags/example_complex.py for tasks to queue
[2024-12-18T10:00:22.471+0000] {logging_mixin.py:190} INFO - [2024-12-18T10:00:22.471+0000] {dagbag.py:588} INFO - Filling up the DagBag from /home/airflow/.local/lib/python3.12/site-packages/airflow/example_dags/example_complex.py
[2024-12-18T10:00:22.490+0000] {processor.py:925} INFO - DAG(s) 'example_complex' retrieved from /home/airflow/.local/lib/python3.12/site-packages/airflow/example_dags/example_complex.py
[2024-12-18T10:00:22.520+0000] {logging_mixin.py:190} INFO - [2024-12-18T10:00:22.520+0000] {dag.py:3239} INFO - Sync 1 DAGs
[2024-12-18T10:00:22.533+0000] {logging_mixin.py:190} INFO - [2024-12-18T10:00:22.533+0000] {dag.py:4180} INFO - Setting next_dagrun for example_complex to None, run_after=None
[2024-12-18T10:00:22.548+0000] {processor.py:208} INFO - Processing /home/airflow/.local/lib/python3.12/site-packages/airflow/example_dags/example_complex.py took 0.090 seconds
[2024-12-18T10:00:52.882+0000] {processor.py:186} INFO - Started process (PID=984) to work on /home/airflow/.local/lib/python3.12/site-packages/airflow/example_dags/example_complex.py
[2024-12-18T10:00:52.883+0000] {processor.py:914} INFO - Processing file /home/airflow/.local/lib/python3.12/site-packages/airflow/example_dags/example_complex.py for tasks to queue
[2024-12-18T10:00:52.885+0000] {logging_mixin.py:190} INFO - [2024-12-18T10:00:52.884+0000] {dagbag.py:588} INFO - Filling up the DagBag from /home/airflow/.local/lib/python3.12/site-packages/airflow/example_dags/example_complex.py
[2024-12-18T10:00:52.896+0000] {processor.py:925} INFO - DAG(s) 'example_complex' retrieved from /home/airflow/.local/lib/python3.12/site-packages/airflow/example_dags/example_complex.py
[2024-12-18T10:00:52.928+0000] {logging_mixin.py:190} INFO - [2024-12-18T10:00:52.927+0000] {dag.py:3239} INFO - Sync 1 DAGs
[2024-12-18T10:00:52.941+0000] {logging_mixin.py:190} INFO - [2024-12-18T10:00:52.941+0000] {dag.py:4180} INFO - Setting next_dagrun for example_complex to None, run_after=None
[2024-12-18T10:00:52.956+0000] {processor.py:208} INFO - Processing /home/airflow/.local/lib/python3.12/site-packages/airflow/example_dags/example_complex.py took 0.080 seconds
[2024-12-18T10:05:20.360+0000] {processor.py:186} INFO - Started process (PID=65) to work on /home/airflow/.local/lib/python3.12/site-packages/airflow/example_dags/example_complex.py
[2024-12-18T10:05:20.361+0000] {processor.py:914} INFO - Processing file /home/airflow/.local/lib/python3.12/site-packages/airflow/example_dags/example_complex.py for tasks to queue
[2024-12-18T10:05:20.364+0000] {logging_mixin.py:190} INFO - [2024-12-18T10:05:20.363+0000] {dagbag.py:588} INFO - Filling up the DagBag from /home/airflow/.local/lib/python3.12/site-packages/airflow/example_dags/example_complex.py
[2024-12-18T10:05:20.399+0000] {processor.py:925} INFO - DAG(s) 'example_complex' retrieved from /home/airflow/.local/lib/python3.12/site-packages/airflow/example_dags/example_complex.py
[2024-12-18T10:05:20.476+0000] {logging_mixin.py:190} INFO - [2024-12-18T10:05:20.476+0000] {dag.py:3239} INFO - Sync 1 DAGs
[2024-12-18T10:05:20.490+0000] {logging_mixin.py:190} INFO - [2024-12-18T10:05:20.490+0000] {dag.py:4180} INFO - Setting next_dagrun for example_complex to None, run_after=None
[2024-12-18T10:05:20.510+0000] {processor.py:208} INFO - Processing /home/airflow/.local/lib/python3.12/site-packages/airflow/example_dags/example_complex.py took 0.158 seconds
[2024-12-18T10:05:51.184+0000] {processor.py:186} INFO - Started process (PID=132) to work on /home/airflow/.local/lib/python3.12/site-packages/airflow/example_dags/example_complex.py
[2024-12-18T10:05:51.186+0000] {processor.py:914} INFO - Processing file /home/airflow/.local/lib/python3.12/site-packages/airflow/example_dags/example_complex.py for tasks to queue
[2024-12-18T10:05:51.189+0000] {logging_mixin.py:190} INFO - [2024-12-18T10:05:51.188+0000] {dagbag.py:588} INFO - Filling up the DagBag from /home/airflow/.local/lib/python3.12/site-packages/airflow/example_dags/example_complex.py
[2024-12-18T10:05:51.207+0000] {processor.py:925} INFO - DAG(s) 'example_complex' retrieved from /home/airflow/.local/lib/python3.12/site-packages/airflow/example_dags/example_complex.py
[2024-12-18T10:05:51.248+0000] {logging_mixin.py:190} INFO - [2024-12-18T10:05:51.248+0000] {dag.py:3239} INFO - Sync 1 DAGs
[2024-12-18T10:05:51.265+0000] {logging_mixin.py:190} INFO - [2024-12-18T10:05:51.265+0000] {dag.py:4180} INFO - Setting next_dagrun for example_complex to None, run_after=None
[2024-12-18T10:05:51.285+0000] {processor.py:208} INFO - Processing /home/airflow/.local/lib/python3.12/site-packages/airflow/example_dags/example_complex.py took 0.110 seconds
[2024-12-18T10:06:22.110+0000] {processor.py:186} INFO - Started process (PID=197) to work on /home/airflow/.local/lib/python3.12/site-packages/airflow/example_dags/example_complex.py
[2024-12-18T10:06:22.111+0000] {processor.py:914} INFO - Processing file /home/airflow/.local/lib/python3.12/site-packages/airflow/example_dags/example_complex.py for tasks to queue
[2024-12-18T10:06:22.112+0000] {logging_mixin.py:190} INFO - [2024-12-18T10:06:22.112+0000] {dagbag.py:588} INFO - Filling up the DagBag from /home/airflow/.local/lib/python3.12/site-packages/airflow/example_dags/example_complex.py
[2024-12-18T10:06:22.126+0000] {processor.py:925} INFO - DAG(s) 'example_complex' retrieved from /home/airflow/.local/lib/python3.12/site-packages/airflow/example_dags/example_complex.py
[2024-12-18T10:06:22.160+0000] {logging_mixin.py:190} INFO - [2024-12-18T10:06:22.160+0000] {dag.py:3239} INFO - Sync 1 DAGs
[2024-12-18T10:06:22.175+0000] {logging_mixin.py:190} INFO - [2024-12-18T10:06:22.175+0000] {dag.py:4180} INFO - Setting next_dagrun for example_complex to None, run_after=None
[2024-12-18T10:06:22.193+0000] {processor.py:208} INFO - Processing /home/airflow/.local/lib/python3.12/site-packages/airflow/example_dags/example_complex.py took 0.090 seconds
[2024-12-18T10:06:52.614+0000] {processor.py:186} INFO - Started process (PID=263) to work on /home/airflow/.local/lib/python3.12/site-packages/airflow/example_dags/example_complex.py
[2024-12-18T10:06:52.620+0000] {processor.py:914} INFO - Processing file /home/airflow/.local/lib/python3.12/site-packages/airflow/example_dags/example_complex.py for tasks to queue
[2024-12-18T10:06:52.621+0000] {logging_mixin.py:190} INFO - [2024-12-18T10:06:52.621+0000] {dagbag.py:588} INFO - Filling up the DagBag from /home/airflow/.local/lib/python3.12/site-packages/airflow/example_dags/example_complex.py
[2024-12-18T10:06:52.636+0000] {processor.py:925} INFO - DAG(s) 'example_complex' retrieved from /home/airflow/.local/lib/python3.12/site-packages/airflow/example_dags/example_complex.py
[2024-12-18T10:06:52.675+0000] {logging_mixin.py:190} INFO - [2024-12-18T10:06:52.675+0000] {dag.py:3239} INFO - Sync 1 DAGs
[2024-12-18T10:06:52.695+0000] {logging_mixin.py:190} INFO - [2024-12-18T10:06:52.694+0000] {dag.py:4180} INFO - Setting next_dagrun for example_complex to None, run_after=None
[2024-12-18T10:06:52.718+0000] {processor.py:208} INFO - Processing /home/airflow/.local/lib/python3.12/site-packages/airflow/example_dags/example_complex.py took 0.110 seconds
[2024-12-18T10:07:22.776+0000] {processor.py:186} INFO - Started process (PID=326) to work on /home/airflow/.local/lib/python3.12/site-packages/airflow/example_dags/example_complex.py
[2024-12-18T10:07:22.777+0000] {processor.py:914} INFO - Processing file /home/airflow/.local/lib/python3.12/site-packages/airflow/example_dags/example_complex.py for tasks to queue
[2024-12-18T10:07:22.779+0000] {logging_mixin.py:190} INFO - [2024-12-18T10:07:22.779+0000] {dagbag.py:588} INFO - Filling up the DagBag from /home/airflow/.local/lib/python3.12/site-packages/airflow/example_dags/example_complex.py
[2024-12-18T10:07:22.799+0000] {processor.py:925} INFO - DAG(s) 'example_complex' retrieved from /home/airflow/.local/lib/python3.12/site-packages/airflow/example_dags/example_complex.py
[2024-12-18T10:07:22.835+0000] {logging_mixin.py:190} INFO - [2024-12-18T10:07:22.834+0000] {dag.py:3239} INFO - Sync 1 DAGs
[2024-12-18T10:07:22.851+0000] {logging_mixin.py:190} INFO - [2024-12-18T10:07:22.851+0000] {dag.py:4180} INFO - Setting next_dagrun for example_complex to None, run_after=None
[2024-12-18T10:07:22.867+0000] {processor.py:208} INFO - Processing /home/airflow/.local/lib/python3.12/site-packages/airflow/example_dags/example_complex.py took 0.101 seconds
[2024-12-18T10:07:53.210+0000] {processor.py:186} INFO - Started process (PID=392) to work on /home/airflow/.local/lib/python3.12/site-packages/airflow/example_dags/example_complex.py
[2024-12-18T10:07:53.212+0000] {processor.py:914} INFO - Processing file /home/airflow/.local/lib/python3.12/site-packages/airflow/example_dags/example_complex.py for tasks to queue
[2024-12-18T10:07:53.214+0000] {logging_mixin.py:190} INFO - [2024-12-18T10:07:53.214+0000] {dagbag.py:588} INFO - Filling up the DagBag from /home/airflow/.local/lib/python3.12/site-packages/airflow/example_dags/example_complex.py
[2024-12-18T10:07:53.239+0000] {processor.py:925} INFO - DAG(s) 'example_complex' retrieved from /home/airflow/.local/lib/python3.12/site-packages/airflow/example_dags/example_complex.py
[2024-12-18T10:07:53.280+0000] {logging_mixin.py:190} INFO - [2024-12-18T10:07:53.280+0000] {dag.py:3239} INFO - Sync 1 DAGs
[2024-12-18T10:07:53.294+0000] {logging_mixin.py:190} INFO - [2024-12-18T10:07:53.294+0000] {dag.py:4180} INFO - Setting next_dagrun for example_complex to None, run_after=None
[2024-12-18T10:07:53.309+0000] {processor.py:208} INFO - Processing /home/airflow/.local/lib/python3.12/site-packages/airflow/example_dags/example_complex.py took 0.113 seconds
[2024-12-18T10:08:23.908+0000] {processor.py:186} INFO - Started process (PID=455) to work on /home/airflow/.local/lib/python3.12/site-packages/airflow/example_dags/example_complex.py
[2024-12-18T10:08:23.909+0000] {processor.py:914} INFO - Processing file /home/airflow/.local/lib/python3.12/site-packages/airflow/example_dags/example_complex.py for tasks to queue
[2024-12-18T10:08:23.910+0000] {logging_mixin.py:190} INFO - [2024-12-18T10:08:23.910+0000] {dagbag.py:588} INFO - Filling up the DagBag from /home/airflow/.local/lib/python3.12/site-packages/airflow/example_dags/example_complex.py
[2024-12-18T10:08:23.924+0000] {processor.py:925} INFO - DAG(s) 'example_complex' retrieved from /home/airflow/.local/lib/python3.12/site-packages/airflow/example_dags/example_complex.py
[2024-12-18T10:08:23.956+0000] {logging_mixin.py:190} INFO - [2024-12-18T10:08:23.956+0000] {dag.py:3239} INFO - Sync 1 DAGs
[2024-12-18T10:08:23.971+0000] {logging_mixin.py:190} INFO - [2024-12-18T10:08:23.971+0000] {dag.py:4180} INFO - Setting next_dagrun for example_complex to None, run_after=None
[2024-12-18T10:08:23.989+0000] {processor.py:208} INFO - Processing /home/airflow/.local/lib/python3.12/site-packages/airflow/example_dags/example_complex.py took 0.091 seconds
[2024-12-18T10:08:54.425+0000] {processor.py:186} INFO - Started process (PID=521) to work on /home/airflow/.local/lib/python3.12/site-packages/airflow/example_dags/example_complex.py
[2024-12-18T10:08:54.426+0000] {processor.py:914} INFO - Processing file /home/airflow/.local/lib/python3.12/site-packages/airflow/example_dags/example_complex.py for tasks to queue
[2024-12-18T10:08:54.427+0000] {logging_mixin.py:190} INFO - [2024-12-18T10:08:54.427+0000] {dagbag.py:588} INFO - Filling up the DagBag from /home/airflow/.local/lib/python3.12/site-packages/airflow/example_dags/example_complex.py
[2024-12-18T10:08:54.442+0000] {processor.py:925} INFO - DAG(s) 'example_complex' retrieved from /home/airflow/.local/lib/python3.12/site-packages/airflow/example_dags/example_complex.py
[2024-12-18T10:08:54.481+0000] {logging_mixin.py:190} INFO - [2024-12-18T10:08:54.481+0000] {dag.py:3239} INFO - Sync 1 DAGs
[2024-12-18T10:08:54.497+0000] {logging_mixin.py:190} INFO - [2024-12-18T10:08:54.497+0000] {dag.py:4180} INFO - Setting next_dagrun for example_complex to None, run_after=None
[2024-12-18T10:08:54.517+0000] {processor.py:208} INFO - Processing /home/airflow/.local/lib/python3.12/site-packages/airflow/example_dags/example_complex.py took 0.100 seconds
[2024-12-18T10:09:25.393+0000] {processor.py:186} INFO - Started process (PID=584) to work on /home/airflow/.local/lib/python3.12/site-packages/airflow/example_dags/example_complex.py
[2024-12-18T10:09:25.395+0000] {processor.py:914} INFO - Processing file /home/airflow/.local/lib/python3.12/site-packages/airflow/example_dags/example_complex.py for tasks to queue
[2024-12-18T10:09:25.397+0000] {logging_mixin.py:190} INFO - [2024-12-18T10:09:25.396+0000] {dagbag.py:588} INFO - Filling up the DagBag from /home/airflow/.local/lib/python3.12/site-packages/airflow/example_dags/example_complex.py
[2024-12-18T10:09:25.416+0000] {processor.py:925} INFO - DAG(s) 'example_complex' retrieved from /home/airflow/.local/lib/python3.12/site-packages/airflow/example_dags/example_complex.py
[2024-12-18T10:09:25.458+0000] {logging_mixin.py:190} INFO - [2024-12-18T10:09:25.458+0000] {dag.py:3239} INFO - Sync 1 DAGs
[2024-12-18T10:09:25.477+0000] {logging_mixin.py:190} INFO - [2024-12-18T10:09:25.476+0000] {dag.py:4180} INFO - Setting next_dagrun for example_complex to None, run_after=None
[2024-12-18T10:09:25.502+0000] {processor.py:208} INFO - Processing /home/airflow/.local/lib/python3.12/site-packages/airflow/example_dags/example_complex.py took 0.119 seconds
[2024-12-18T10:09:55.976+0000] {processor.py:186} INFO - Started process (PID=655) to work on /home/airflow/.local/lib/python3.12/site-packages/airflow/example_dags/example_complex.py
[2024-12-18T10:09:55.977+0000] {processor.py:914} INFO - Processing file /home/airflow/.local/lib/python3.12/site-packages/airflow/example_dags/example_complex.py for tasks to queue
[2024-12-18T10:09:55.979+0000] {logging_mixin.py:190} INFO - [2024-12-18T10:09:55.979+0000] {dagbag.py:588} INFO - Filling up the DagBag from /home/airflow/.local/lib/python3.12/site-packages/airflow/example_dags/example_complex.py
[2024-12-18T10:09:55.996+0000] {processor.py:925} INFO - DAG(s) 'example_complex' retrieved from /home/airflow/.local/lib/python3.12/site-packages/airflow/example_dags/example_complex.py
[2024-12-18T10:09:56.037+0000] {logging_mixin.py:190} INFO - [2024-12-18T10:09:56.037+0000] {dag.py:3239} INFO - Sync 1 DAGs
[2024-12-18T10:09:56.054+0000] {logging_mixin.py:190} INFO - [2024-12-18T10:09:56.053+0000] {dag.py:4180} INFO - Setting next_dagrun for example_complex to None, run_after=None
[2024-12-18T10:09:56.071+0000] {processor.py:208} INFO - Processing /home/airflow/.local/lib/python3.12/site-packages/airflow/example_dags/example_complex.py took 0.109 seconds
[2024-12-18T10:10:26.761+0000] {processor.py:186} INFO - Started process (PID=718) to work on /home/airflow/.local/lib/python3.12/site-packages/airflow/example_dags/example_complex.py
[2024-12-18T10:10:26.762+0000] {processor.py:914} INFO - Processing file /home/airflow/.local/lib/python3.12/site-packages/airflow/example_dags/example_complex.py for tasks to queue
[2024-12-18T10:10:26.764+0000] {logging_mixin.py:190} INFO - [2024-12-18T10:10:26.763+0000] {dagbag.py:588} INFO - Filling up the DagBag from /home/airflow/.local/lib/python3.12/site-packages/airflow/example_dags/example_complex.py
[2024-12-18T10:10:26.777+0000] {processor.py:925} INFO - DAG(s) 'example_complex' retrieved from /home/airflow/.local/lib/python3.12/site-packages/airflow/example_dags/example_complex.py
[2024-12-18T10:10:26.822+0000] {logging_mixin.py:190} INFO - [2024-12-18T10:10:26.822+0000] {dag.py:3239} INFO - Sync 1 DAGs
[2024-12-18T10:10:26.841+0000] {logging_mixin.py:190} INFO - [2024-12-18T10:10:26.841+0000] {dag.py:4180} INFO - Setting next_dagrun for example_complex to None, run_after=None
[2024-12-18T10:10:26.857+0000] {processor.py:208} INFO - Processing /home/airflow/.local/lib/python3.12/site-packages/airflow/example_dags/example_complex.py took 0.105 seconds
[2024-12-18T10:10:57.464+0000] {processor.py:186} INFO - Started process (PID=784) to work on /home/airflow/.local/lib/python3.12/site-packages/airflow/example_dags/example_complex.py
[2024-12-18T10:10:57.466+0000] {processor.py:914} INFO - Processing file /home/airflow/.local/lib/python3.12/site-packages/airflow/example_dags/example_complex.py for tasks to queue
[2024-12-18T10:10:57.467+0000] {logging_mixin.py:190} INFO - [2024-12-18T10:10:57.467+0000] {dagbag.py:588} INFO - Filling up the DagBag from /home/airflow/.local/lib/python3.12/site-packages/airflow/example_dags/example_complex.py
[2024-12-18T10:10:57.482+0000] {processor.py:925} INFO - DAG(s) 'example_complex' retrieved from /home/airflow/.local/lib/python3.12/site-packages/airflow/example_dags/example_complex.py
[2024-12-18T10:10:57.519+0000] {logging_mixin.py:190} INFO - [2024-12-18T10:10:57.519+0000] {dag.py:3239} INFO - Sync 1 DAGs
[2024-12-18T10:10:57.536+0000] {logging_mixin.py:190} INFO - [2024-12-18T10:10:57.535+0000] {dag.py:4180} INFO - Setting next_dagrun for example_complex to None, run_after=None
[2024-12-18T10:10:57.555+0000] {processor.py:208} INFO - Processing /home/airflow/.local/lib/python3.12/site-packages/airflow/example_dags/example_complex.py took 0.100 seconds
[2024-12-18T10:11:28.332+0000] {processor.py:186} INFO - Started process (PID=847) to work on /home/airflow/.local/lib/python3.12/site-packages/airflow/example_dags/example_complex.py
[2024-12-18T10:11:28.334+0000] {processor.py:914} INFO - Processing file /home/airflow/.local/lib/python3.12/site-packages/airflow/example_dags/example_complex.py for tasks to queue
[2024-12-18T10:11:28.336+0000] {logging_mixin.py:190} INFO - [2024-12-18T10:11:28.335+0000] {dagbag.py:588} INFO - Filling up the DagBag from /home/airflow/.local/lib/python3.12/site-packages/airflow/example_dags/example_complex.py
[2024-12-18T10:11:28.351+0000] {processor.py:925} INFO - DAG(s) 'example_complex' retrieved from /home/airflow/.local/lib/python3.12/site-packages/airflow/example_dags/example_complex.py
[2024-12-18T10:11:28.385+0000] {logging_mixin.py:190} INFO - [2024-12-18T10:11:28.384+0000] {dag.py:3239} INFO - Sync 1 DAGs
[2024-12-18T10:11:28.400+0000] {logging_mixin.py:190} INFO - [2024-12-18T10:11:28.400+0000] {dag.py:4180} INFO - Setting next_dagrun for example_complex to None, run_after=None
[2024-12-18T10:11:28.417+0000] {processor.py:208} INFO - Processing /home/airflow/.local/lib/python3.12/site-packages/airflow/example_dags/example_complex.py took 0.094 seconds
[2024-12-18T10:11:58.734+0000] {processor.py:186} INFO - Started process (PID=913) to work on /home/airflow/.local/lib/python3.12/site-packages/airflow/example_dags/example_complex.py
[2024-12-18T10:11:58.735+0000] {processor.py:914} INFO - Processing file /home/airflow/.local/lib/python3.12/site-packages/airflow/example_dags/example_complex.py for tasks to queue
[2024-12-18T10:11:58.736+0000] {logging_mixin.py:190} INFO - [2024-12-18T10:11:58.736+0000] {dagbag.py:588} INFO - Filling up the DagBag from /home/airflow/.local/lib/python3.12/site-packages/airflow/example_dags/example_complex.py
[2024-12-18T10:11:58.749+0000] {processor.py:925} INFO - DAG(s) 'example_complex' retrieved from /home/airflow/.local/lib/python3.12/site-packages/airflow/example_dags/example_complex.py
[2024-12-18T10:11:58.795+0000] {logging_mixin.py:190} INFO - [2024-12-18T10:11:58.795+0000] {dag.py:3239} INFO - Sync 1 DAGs
[2024-12-18T10:11:58.810+0000] {logging_mixin.py:190} INFO - [2024-12-18T10:11:58.810+0000] {dag.py:4180} INFO - Setting next_dagrun for example_complex to None, run_after=None
[2024-12-18T10:11:58.826+0000] {processor.py:208} INFO - Processing /home/airflow/.local/lib/python3.12/site-packages/airflow/example_dags/example_complex.py took 0.099 seconds
[2024-12-18T10:12:29.710+0000] {processor.py:186} INFO - Started process (PID=976) to work on /home/airflow/.local/lib/python3.12/site-packages/airflow/example_dags/example_complex.py
[2024-12-18T10:12:29.711+0000] {processor.py:914} INFO - Processing file /home/airflow/.local/lib/python3.12/site-packages/airflow/example_dags/example_complex.py for tasks to queue
[2024-12-18T10:12:29.712+0000] {logging_mixin.py:190} INFO - [2024-12-18T10:12:29.712+0000] {dagbag.py:588} INFO - Filling up the DagBag from /home/airflow/.local/lib/python3.12/site-packages/airflow/example_dags/example_complex.py
[2024-12-18T10:12:29.726+0000] {processor.py:925} INFO - DAG(s) 'example_complex' retrieved from /home/airflow/.local/lib/python3.12/site-packages/airflow/example_dags/example_complex.py
[2024-12-18T10:12:29.766+0000] {logging_mixin.py:190} INFO - [2024-12-18T10:12:29.766+0000] {dag.py:3239} INFO - Sync 1 DAGs
[2024-12-18T10:12:29.786+0000] {logging_mixin.py:190} INFO - [2024-12-18T10:12:29.786+0000] {dag.py:4180} INFO - Setting next_dagrun for example_complex to None, run_after=None
[2024-12-18T10:12:29.807+0000] {processor.py:208} INFO - Processing /home/airflow/.local/lib/python3.12/site-packages/airflow/example_dags/example_complex.py took 0.105 seconds
[2024-12-18T10:12:59.902+0000] {processor.py:186} INFO - Started process (PID=1039) to work on /home/airflow/.local/lib/python3.12/site-packages/airflow/example_dags/example_complex.py
[2024-12-18T10:12:59.903+0000] {processor.py:914} INFO - Processing file /home/airflow/.local/lib/python3.12/site-packages/airflow/example_dags/example_complex.py for tasks to queue
[2024-12-18T10:12:59.904+0000] {logging_mixin.py:190} INFO - [2024-12-18T10:12:59.904+0000] {dagbag.py:588} INFO - Filling up the DagBag from /home/airflow/.local/lib/python3.12/site-packages/airflow/example_dags/example_complex.py
[2024-12-18T10:12:59.918+0000] {processor.py:925} INFO - DAG(s) 'example_complex' retrieved from /home/airflow/.local/lib/python3.12/site-packages/airflow/example_dags/example_complex.py
[2024-12-18T10:12:59.950+0000] {logging_mixin.py:190} INFO - [2024-12-18T10:12:59.949+0000] {dag.py:3239} INFO - Sync 1 DAGs
[2024-12-18T10:12:59.965+0000] {logging_mixin.py:190} INFO - [2024-12-18T10:12:59.964+0000] {dag.py:4180} INFO - Setting next_dagrun for example_complex to None, run_after=None
[2024-12-18T10:12:59.981+0000] {processor.py:208} INFO - Processing /home/airflow/.local/lib/python3.12/site-packages/airflow/example_dags/example_complex.py took 0.088 seconds
[2024-12-18T10:13:30.761+0000] {processor.py:186} INFO - Started process (PID=1103) to work on /home/airflow/.local/lib/python3.12/site-packages/airflow/example_dags/example_complex.py
[2024-12-18T10:13:30.763+0000] {processor.py:914} INFO - Processing file /home/airflow/.local/lib/python3.12/site-packages/airflow/example_dags/example_complex.py for tasks to queue
[2024-12-18T10:13:30.764+0000] {logging_mixin.py:190} INFO - [2024-12-18T10:13:30.764+0000] {dagbag.py:588} INFO - Filling up the DagBag from /home/airflow/.local/lib/python3.12/site-packages/airflow/example_dags/example_complex.py
[2024-12-18T10:13:30.779+0000] {processor.py:925} INFO - DAG(s) 'example_complex' retrieved from /home/airflow/.local/lib/python3.12/site-packages/airflow/example_dags/example_complex.py
[2024-12-18T10:13:30.834+0000] {logging_mixin.py:190} INFO - [2024-12-18T10:13:30.833+0000] {dag.py:3239} INFO - Sync 1 DAGs
[2024-12-18T10:13:30.856+0000] {logging_mixin.py:190} INFO - [2024-12-18T10:13:30.856+0000] {dag.py:4180} INFO - Setting next_dagrun for example_complex to None, run_after=None
[2024-12-18T10:13:30.883+0000] {processor.py:208} INFO - Processing /home/airflow/.local/lib/python3.12/site-packages/airflow/example_dags/example_complex.py took 0.131 seconds
[2024-12-18T10:15:22.651+0000] {processor.py:186} INFO - Started process (PID=65) to work on /home/airflow/.local/lib/python3.12/site-packages/airflow/example_dags/example_complex.py
[2024-12-18T10:15:22.652+0000] {processor.py:914} INFO - Processing file /home/airflow/.local/lib/python3.12/site-packages/airflow/example_dags/example_complex.py for tasks to queue
[2024-12-18T10:15:22.655+0000] {logging_mixin.py:190} INFO - [2024-12-18T10:15:22.654+0000] {dagbag.py:588} INFO - Filling up the DagBag from /home/airflow/.local/lib/python3.12/site-packages/airflow/example_dags/example_complex.py
[2024-12-18T10:15:22.689+0000] {processor.py:925} INFO - DAG(s) 'example_complex' retrieved from /home/airflow/.local/lib/python3.12/site-packages/airflow/example_dags/example_complex.py
[2024-12-18T10:15:22.760+0000] {logging_mixin.py:190} INFO - [2024-12-18T10:15:22.760+0000] {dag.py:3239} INFO - Sync 1 DAGs
[2024-12-18T10:15:22.777+0000] {logging_mixin.py:190} INFO - [2024-12-18T10:15:22.776+0000] {dag.py:4180} INFO - Setting next_dagrun for example_complex to None, run_after=None
[2024-12-18T10:15:22.795+0000] {processor.py:208} INFO - Processing /home/airflow/.local/lib/python3.12/site-packages/airflow/example_dags/example_complex.py took 0.153 seconds
[2024-12-18T10:15:53.810+0000] {processor.py:186} INFO - Started process (PID=129) to work on /home/airflow/.local/lib/python3.12/site-packages/airflow/example_dags/example_complex.py
[2024-12-18T10:15:53.811+0000] {processor.py:914} INFO - Processing file /home/airflow/.local/lib/python3.12/site-packages/airflow/example_dags/example_complex.py for tasks to queue
[2024-12-18T10:15:53.813+0000] {logging_mixin.py:190} INFO - [2024-12-18T10:15:53.813+0000] {dagbag.py:588} INFO - Filling up the DagBag from /home/airflow/.local/lib/python3.12/site-packages/airflow/example_dags/example_complex.py
[2024-12-18T10:15:53.824+0000] {processor.py:925} INFO - DAG(s) 'example_complex' retrieved from /home/airflow/.local/lib/python3.12/site-packages/airflow/example_dags/example_complex.py
[2024-12-18T10:15:53.853+0000] {logging_mixin.py:190} INFO - [2024-12-18T10:15:53.853+0000] {dag.py:3239} INFO - Sync 1 DAGs
[2024-12-18T10:15:53.866+0000] {logging_mixin.py:190} INFO - [2024-12-18T10:15:53.866+0000] {dag.py:4180} INFO - Setting next_dagrun for example_complex to None, run_after=None
[2024-12-18T10:15:53.882+0000] {processor.py:208} INFO - Processing /home/airflow/.local/lib/python3.12/site-packages/airflow/example_dags/example_complex.py took 0.077 seconds
[2024-12-18T10:16:24.699+0000] {processor.py:186} INFO - Started process (PID=198) to work on /home/airflow/.local/lib/python3.12/site-packages/airflow/example_dags/example_complex.py
[2024-12-18T10:16:24.699+0000] {processor.py:914} INFO - Processing file /home/airflow/.local/lib/python3.12/site-packages/airflow/example_dags/example_complex.py for tasks to queue
[2024-12-18T10:16:24.702+0000] {logging_mixin.py:190} INFO - [2024-12-18T10:16:24.702+0000] {dagbag.py:588} INFO - Filling up the DagBag from /home/airflow/.local/lib/python3.12/site-packages/airflow/example_dags/example_complex.py
[2024-12-18T10:16:24.714+0000] {processor.py:925} INFO - DAG(s) 'example_complex' retrieved from /home/airflow/.local/lib/python3.12/site-packages/airflow/example_dags/example_complex.py
[2024-12-18T10:16:24.746+0000] {logging_mixin.py:190} INFO - [2024-12-18T10:16:24.746+0000] {dag.py:3239} INFO - Sync 1 DAGs
[2024-12-18T10:16:24.761+0000] {logging_mixin.py:190} INFO - [2024-12-18T10:16:24.761+0000] {dag.py:4180} INFO - Setting next_dagrun for example_complex to None, run_after=None
[2024-12-18T10:16:24.778+0000] {processor.py:208} INFO - Processing /home/airflow/.local/lib/python3.12/site-packages/airflow/example_dags/example_complex.py took 0.085 seconds
[2024-12-18T10:16:54.900+0000] {processor.py:186} INFO - Started process (PID=261) to work on /home/airflow/.local/lib/python3.12/site-packages/airflow/example_dags/example_complex.py
[2024-12-18T10:16:54.901+0000] {processor.py:914} INFO - Processing file /home/airflow/.local/lib/python3.12/site-packages/airflow/example_dags/example_complex.py for tasks to queue
[2024-12-18T10:16:54.904+0000] {logging_mixin.py:190} INFO - [2024-12-18T10:16:54.904+0000] {dagbag.py:588} INFO - Filling up the DagBag from /home/airflow/.local/lib/python3.12/site-packages/airflow/example_dags/example_complex.py
[2024-12-18T10:16:54.918+0000] {processor.py:925} INFO - DAG(s) 'example_complex' retrieved from /home/airflow/.local/lib/python3.12/site-packages/airflow/example_dags/example_complex.py
[2024-12-18T10:16:54.949+0000] {logging_mixin.py:190} INFO - [2024-12-18T10:16:54.949+0000] {dag.py:3239} INFO - Sync 1 DAGs
[2024-12-18T10:16:54.962+0000] {logging_mixin.py:190} INFO - [2024-12-18T10:16:54.962+0000] {dag.py:4180} INFO - Setting next_dagrun for example_complex to None, run_after=None
[2024-12-18T10:16:54.979+0000] {processor.py:208} INFO - Processing /home/airflow/.local/lib/python3.12/site-packages/airflow/example_dags/example_complex.py took 0.086 seconds
[2024-12-18T10:17:25.624+0000] {processor.py:186} INFO - Started process (PID=326) to work on /home/airflow/.local/lib/python3.12/site-packages/airflow/example_dags/example_complex.py
[2024-12-18T10:17:25.625+0000] {processor.py:914} INFO - Processing file /home/airflow/.local/lib/python3.12/site-packages/airflow/example_dags/example_complex.py for tasks to queue
[2024-12-18T10:17:25.627+0000] {logging_mixin.py:190} INFO - [2024-12-18T10:17:25.627+0000] {dagbag.py:588} INFO - Filling up the DagBag from /home/airflow/.local/lib/python3.12/site-packages/airflow/example_dags/example_complex.py
[2024-12-18T10:17:25.641+0000] {processor.py:925} INFO - DAG(s) 'example_complex' retrieved from /home/airflow/.local/lib/python3.12/site-packages/airflow/example_dags/example_complex.py
[2024-12-18T10:17:25.679+0000] {logging_mixin.py:190} INFO - [2024-12-18T10:17:25.679+0000] {dag.py:3239} INFO - Sync 1 DAGs
[2024-12-18T10:17:25.700+0000] {logging_mixin.py:190} INFO - [2024-12-18T10:17:25.700+0000] {dag.py:4180} INFO - Setting next_dagrun for example_complex to None, run_after=None
[2024-12-18T10:17:25.722+0000] {processor.py:208} INFO - Processing /home/airflow/.local/lib/python3.12/site-packages/airflow/example_dags/example_complex.py took 0.105 seconds
