[2024-12-18T09:53:48.987+0000] {processor.py:186} INFO - Started process (PID=104) to work on /home/airflow/.local/lib/python3.12/site-packages/airflow/example_dags/example_subdag_operator.py
[2024-12-18T09:53:48.988+0000] {processor.py:914} INFO - Processing file /home/airflow/.local/lib/python3.12/site-packages/airflow/example_dags/example_subdag_operator.py for tasks to queue
[2024-12-18T09:53:48.990+0000] {logging_mixin.py:190} INFO - [2024-12-18T09:53:48.989+0000] {dagbag.py:588} INFO - Filling up the DagBag from /home/airflow/.local/lib/python3.12/site-packages/airflow/example_dags/example_subdag_operator.py
[2024-12-18T09:53:49.014+0000] {processor.py:925} INFO - DAG(s) 'example_subdag_operator.section-1', 'example_subdag_operator.section-2', 'example_subdag_operator' retrieved from /home/airflow/.local/lib/python3.12/site-packages/airflow/example_dags/example_subdag_operator.py
[2024-12-18T09:53:49.035+0000] {logging_mixin.py:190} INFO - [2024-12-18T09:53:49.035+0000] {dag.py:3239} INFO - Sync 3 DAGs
[2024-12-18T09:53:49.062+0000] {logging_mixin.py:190} INFO - [2024-12-18T09:53:49.062+0000] {dag.py:4180} INFO - Setting next_dagrun for example_subdag_operator to 2022-01-01 00:00:00+00:00, run_after=2022-01-01 00:00:00+00:00
[2024-12-18T09:53:49.066+0000] {logging_mixin.py:190} INFO - [2024-12-18T09:53:49.066+0000] {dag.py:4180} INFO - Setting next_dagrun for example_subdag_operator.section-1 to None, run_after=None
[2024-12-18T09:53:49.068+0000] {logging_mixin.py:190} INFO - [2024-12-18T09:53:49.068+0000] {dag.py:4180} INFO - Setting next_dagrun for example_subdag_operator.section-2 to None, run_after=None
[2024-12-18T09:53:49.075+0000] {logging_mixin.py:190} INFO - [2024-12-18T09:53:49.075+0000] {dag.py:3239} INFO - Sync 2 DAGs
[2024-12-18T09:53:49.080+0000] {logging_mixin.py:190} INFO - [2024-12-18T09:53:49.080+0000] {dag.py:4180} INFO - Setting next_dagrun for example_subdag_operator.section-1 to None, run_after=None
[2024-12-18T09:53:49.081+0000] {logging_mixin.py:190} INFO - [2024-12-18T09:53:49.080+0000] {dag.py:4180} INFO - Setting next_dagrun for example_subdag_operator.section-2 to None, run_after=None
[2024-12-18T09:53:49.090+0000] {processor.py:208} INFO - Processing /home/airflow/.local/lib/python3.12/site-packages/airflow/example_dags/example_subdag_operator.py took 0.108 seconds
[2024-12-18T09:54:20.134+0000] {processor.py:186} INFO - Started process (PID=168) to work on /home/airflow/.local/lib/python3.12/site-packages/airflow/example_dags/example_subdag_operator.py
[2024-12-18T09:54:20.135+0000] {processor.py:914} INFO - Processing file /home/airflow/.local/lib/python3.12/site-packages/airflow/example_dags/example_subdag_operator.py for tasks to queue
[2024-12-18T09:54:20.137+0000] {logging_mixin.py:190} INFO - [2024-12-18T09:54:20.137+0000] {dagbag.py:588} INFO - Filling up the DagBag from /home/airflow/.local/lib/python3.12/site-packages/airflow/example_dags/example_subdag_operator.py
[2024-12-18T09:54:20.162+0000] {processor.py:925} INFO - DAG(s) 'example_subdag_operator.section-1', 'example_subdag_operator.section-2', 'example_subdag_operator' retrieved from /home/airflow/.local/lib/python3.12/site-packages/airflow/example_dags/example_subdag_operator.py
[2024-12-18T09:54:20.176+0000] {logging_mixin.py:190} INFO - [2024-12-18T09:54:20.176+0000] {dag.py:3239} INFO - Sync 3 DAGs
[2024-12-18T09:54:20.197+0000] {logging_mixin.py:190} INFO - [2024-12-18T09:54:20.197+0000] {dag.py:4180} INFO - Setting next_dagrun for example_subdag_operator to 2022-01-01 00:00:00+00:00, run_after=2022-01-01 00:00:00+00:00
[2024-12-18T09:54:20.201+0000] {logging_mixin.py:190} INFO - [2024-12-18T09:54:20.201+0000] {dag.py:4180} INFO - Setting next_dagrun for example_subdag_operator.section-1 to None, run_after=None
[2024-12-18T09:54:20.202+0000] {logging_mixin.py:190} INFO - [2024-12-18T09:54:20.202+0000] {dag.py:4180} INFO - Setting next_dagrun for example_subdag_operator.section-2 to None, run_after=None
[2024-12-18T09:54:20.208+0000] {logging_mixin.py:190} INFO - [2024-12-18T09:54:20.208+0000] {dag.py:3239} INFO - Sync 2 DAGs
[2024-12-18T09:54:20.213+0000] {logging_mixin.py:190} INFO - [2024-12-18T09:54:20.213+0000] {dag.py:4180} INFO - Setting next_dagrun for example_subdag_operator.section-1 to None, run_after=None
[2024-12-18T09:54:20.214+0000] {logging_mixin.py:190} INFO - [2024-12-18T09:54:20.213+0000] {dag.py:4180} INFO - Setting next_dagrun for example_subdag_operator.section-2 to None, run_after=None
[2024-12-18T09:54:20.222+0000] {processor.py:208} INFO - Processing /home/airflow/.local/lib/python3.12/site-packages/airflow/example_dags/example_subdag_operator.py took 0.094 seconds
[2024-12-18T09:54:50.916+0000] {processor.py:186} INFO - Started process (PID=232) to work on /home/airflow/.local/lib/python3.12/site-packages/airflow/example_dags/example_subdag_operator.py
[2024-12-18T09:54:50.917+0000] {processor.py:914} INFO - Processing file /home/airflow/.local/lib/python3.12/site-packages/airflow/example_dags/example_subdag_operator.py for tasks to queue
[2024-12-18T09:54:50.919+0000] {logging_mixin.py:190} INFO - [2024-12-18T09:54:50.918+0000] {dagbag.py:588} INFO - Filling up the DagBag from /home/airflow/.local/lib/python3.12/site-packages/airflow/example_dags/example_subdag_operator.py
[2024-12-18T09:54:50.943+0000] {processor.py:925} INFO - DAG(s) 'example_subdag_operator.section-1', 'example_subdag_operator.section-2', 'example_subdag_operator' retrieved from /home/airflow/.local/lib/python3.12/site-packages/airflow/example_dags/example_subdag_operator.py
[2024-12-18T09:54:50.957+0000] {logging_mixin.py:190} INFO - [2024-12-18T09:54:50.957+0000] {dag.py:3239} INFO - Sync 3 DAGs
[2024-12-18T09:54:50.981+0000] {logging_mixin.py:190} INFO - [2024-12-18T09:54:50.981+0000] {dag.py:4180} INFO - Setting next_dagrun for example_subdag_operator to 2022-01-01 00:00:00+00:00, run_after=2022-01-01 00:00:00+00:00
[2024-12-18T09:54:50.984+0000] {logging_mixin.py:190} INFO - [2024-12-18T09:54:50.984+0000] {dag.py:4180} INFO - Setting next_dagrun for example_subdag_operator.section-1 to None, run_after=None
[2024-12-18T09:54:50.986+0000] {logging_mixin.py:190} INFO - [2024-12-18T09:54:50.985+0000] {dag.py:4180} INFO - Setting next_dagrun for example_subdag_operator.section-2 to None, run_after=None
[2024-12-18T09:54:50.991+0000] {logging_mixin.py:190} INFO - [2024-12-18T09:54:50.991+0000] {dag.py:3239} INFO - Sync 2 DAGs
[2024-12-18T09:54:50.996+0000] {logging_mixin.py:190} INFO - [2024-12-18T09:54:50.996+0000] {dag.py:4180} INFO - Setting next_dagrun for example_subdag_operator.section-1 to None, run_after=None
[2024-12-18T09:54:50.996+0000] {logging_mixin.py:190} INFO - [2024-12-18T09:54:50.996+0000] {dag.py:4180} INFO - Setting next_dagrun for example_subdag_operator.section-2 to None, run_after=None
[2024-12-18T09:54:51.006+0000] {processor.py:208} INFO - Processing /home/airflow/.local/lib/python3.12/site-packages/airflow/example_dags/example_subdag_operator.py took 0.095 seconds
[2024-12-18T09:55:21.924+0000] {processor.py:186} INFO - Started process (PID=296) to work on /home/airflow/.local/lib/python3.12/site-packages/airflow/example_dags/example_subdag_operator.py
[2024-12-18T09:55:21.926+0000] {processor.py:914} INFO - Processing file /home/airflow/.local/lib/python3.12/site-packages/airflow/example_dags/example_subdag_operator.py for tasks to queue
[2024-12-18T09:55:21.930+0000] {logging_mixin.py:190} INFO - [2024-12-18T09:55:21.929+0000] {dagbag.py:588} INFO - Filling up the DagBag from /home/airflow/.local/lib/python3.12/site-packages/airflow/example_dags/example_subdag_operator.py
[2024-12-18T09:55:21.970+0000] {processor.py:925} INFO - DAG(s) 'example_subdag_operator.section-1', 'example_subdag_operator.section-2', 'example_subdag_operator' retrieved from /home/airflow/.local/lib/python3.12/site-packages/airflow/example_dags/example_subdag_operator.py
[2024-12-18T09:55:21.996+0000] {logging_mixin.py:190} INFO - [2024-12-18T09:55:21.996+0000] {dag.py:3239} INFO - Sync 3 DAGs
[2024-12-18T09:55:22.043+0000] {logging_mixin.py:190} INFO - [2024-12-18T09:55:22.043+0000] {dag.py:4180} INFO - Setting next_dagrun for example_subdag_operator to 2022-01-01 00:00:00+00:00, run_after=2022-01-01 00:00:00+00:00
[2024-12-18T09:55:22.050+0000] {logging_mixin.py:190} INFO - [2024-12-18T09:55:22.050+0000] {dag.py:4180} INFO - Setting next_dagrun for example_subdag_operator.section-1 to None, run_after=None
[2024-12-18T09:55:22.055+0000] {logging_mixin.py:190} INFO - [2024-12-18T09:55:22.055+0000] {dag.py:4180} INFO - Setting next_dagrun for example_subdag_operator.section-2 to None, run_after=None
[2024-12-18T09:55:22.070+0000] {logging_mixin.py:190} INFO - [2024-12-18T09:55:22.069+0000] {dag.py:3239} INFO - Sync 2 DAGs
[2024-12-18T09:55:22.081+0000] {logging_mixin.py:190} INFO - [2024-12-18T09:55:22.081+0000] {dag.py:4180} INFO - Setting next_dagrun for example_subdag_operator.section-1 to None, run_after=None
[2024-12-18T09:55:22.082+0000] {logging_mixin.py:190} INFO - [2024-12-18T09:55:22.082+0000] {dag.py:4180} INFO - Setting next_dagrun for example_subdag_operator.section-2 to None, run_after=None
[2024-12-18T09:55:22.107+0000] {processor.py:208} INFO - Processing /home/airflow/.local/lib/python3.12/site-packages/airflow/example_dags/example_subdag_operator.py took 0.197 seconds
[2024-12-18T09:55:53.520+0000] {processor.py:186} INFO - Started process (PID=363) to work on /home/airflow/.local/lib/python3.12/site-packages/airflow/example_dags/example_subdag_operator.py
[2024-12-18T09:55:53.521+0000] {processor.py:914} INFO - Processing file /home/airflow/.local/lib/python3.12/site-packages/airflow/example_dags/example_subdag_operator.py for tasks to queue
[2024-12-18T09:55:53.524+0000] {logging_mixin.py:190} INFO - [2024-12-18T09:55:53.524+0000] {dagbag.py:588} INFO - Filling up the DagBag from /home/airflow/.local/lib/python3.12/site-packages/airflow/example_dags/example_subdag_operator.py
[2024-12-18T09:55:53.563+0000] {processor.py:925} INFO - DAG(s) 'example_subdag_operator.section-1', 'example_subdag_operator.section-2', 'example_subdag_operator' retrieved from /home/airflow/.local/lib/python3.12/site-packages/airflow/example_dags/example_subdag_operator.py
[2024-12-18T09:55:53.589+0000] {logging_mixin.py:190} INFO - [2024-12-18T09:55:53.589+0000] {dag.py:3239} INFO - Sync 3 DAGs
[2024-12-18T09:55:53.625+0000] {logging_mixin.py:190} INFO - [2024-12-18T09:55:53.625+0000] {dag.py:4180} INFO - Setting next_dagrun for example_subdag_operator to 2022-01-01 00:00:00+00:00, run_after=2022-01-01 00:00:00+00:00
[2024-12-18T09:55:53.629+0000] {logging_mixin.py:190} INFO - [2024-12-18T09:55:53.629+0000] {dag.py:4180} INFO - Setting next_dagrun for example_subdag_operator.section-1 to None, run_after=None
[2024-12-18T09:55:53.631+0000] {logging_mixin.py:190} INFO - [2024-12-18T09:55:53.631+0000] {dag.py:4180} INFO - Setting next_dagrun for example_subdag_operator.section-2 to None, run_after=None
[2024-12-18T09:55:53.641+0000] {logging_mixin.py:190} INFO - [2024-12-18T09:55:53.641+0000] {dag.py:3239} INFO - Sync 2 DAGs
[2024-12-18T09:55:53.648+0000] {logging_mixin.py:190} INFO - [2024-12-18T09:55:53.648+0000] {dag.py:4180} INFO - Setting next_dagrun for example_subdag_operator.section-1 to None, run_after=None
[2024-12-18T09:55:53.648+0000] {logging_mixin.py:190} INFO - [2024-12-18T09:55:53.648+0000] {dag.py:4180} INFO - Setting next_dagrun for example_subdag_operator.section-2 to None, run_after=None
[2024-12-18T09:55:53.659+0000] {processor.py:208} INFO - Processing /home/airflow/.local/lib/python3.12/site-packages/airflow/example_dags/example_subdag_operator.py took 0.148 seconds
[2024-12-18T09:56:24.684+0000] {processor.py:186} INFO - Started process (PID=427) to work on /home/airflow/.local/lib/python3.12/site-packages/airflow/example_dags/example_subdag_operator.py
[2024-12-18T09:56:24.685+0000] {processor.py:914} INFO - Processing file /home/airflow/.local/lib/python3.12/site-packages/airflow/example_dags/example_subdag_operator.py for tasks to queue
[2024-12-18T09:56:24.688+0000] {logging_mixin.py:190} INFO - [2024-12-18T09:56:24.687+0000] {dagbag.py:588} INFO - Filling up the DagBag from /home/airflow/.local/lib/python3.12/site-packages/airflow/example_dags/example_subdag_operator.py
[2024-12-18T09:56:24.714+0000] {processor.py:925} INFO - DAG(s) 'example_subdag_operator.section-1', 'example_subdag_operator.section-2', 'example_subdag_operator' retrieved from /home/airflow/.local/lib/python3.12/site-packages/airflow/example_dags/example_subdag_operator.py
[2024-12-18T09:56:24.731+0000] {logging_mixin.py:190} INFO - [2024-12-18T09:56:24.730+0000] {dag.py:3239} INFO - Sync 3 DAGs
[2024-12-18T09:56:24.757+0000] {logging_mixin.py:190} INFO - [2024-12-18T09:56:24.756+0000] {dag.py:4180} INFO - Setting next_dagrun for example_subdag_operator to 2022-01-01 00:00:00+00:00, run_after=2022-01-01 00:00:00+00:00
[2024-12-18T09:56:24.760+0000] {logging_mixin.py:190} INFO - [2024-12-18T09:56:24.760+0000] {dag.py:4180} INFO - Setting next_dagrun for example_subdag_operator.section-1 to None, run_after=None
[2024-12-18T09:56:24.762+0000] {logging_mixin.py:190} INFO - [2024-12-18T09:56:24.762+0000] {dag.py:4180} INFO - Setting next_dagrun for example_subdag_operator.section-2 to None, run_after=None
[2024-12-18T09:56:24.769+0000] {logging_mixin.py:190} INFO - [2024-12-18T09:56:24.769+0000] {dag.py:3239} INFO - Sync 2 DAGs
[2024-12-18T09:56:24.776+0000] {logging_mixin.py:190} INFO - [2024-12-18T09:56:24.776+0000] {dag.py:4180} INFO - Setting next_dagrun for example_subdag_operator.section-1 to None, run_after=None
[2024-12-18T09:56:24.777+0000] {logging_mixin.py:190} INFO - [2024-12-18T09:56:24.777+0000] {dag.py:4180} INFO - Setting next_dagrun for example_subdag_operator.section-2 to None, run_after=None
[2024-12-18T09:56:24.789+0000] {processor.py:208} INFO - Processing /home/airflow/.local/lib/python3.12/site-packages/airflow/example_dags/example_subdag_operator.py took 0.111 seconds
[2024-12-18T09:56:55.586+0000] {processor.py:186} INFO - Started process (PID=505) to work on /home/airflow/.local/lib/python3.12/site-packages/airflow/example_dags/example_subdag_operator.py
[2024-12-18T09:56:55.587+0000] {processor.py:914} INFO - Processing file /home/airflow/.local/lib/python3.12/site-packages/airflow/example_dags/example_subdag_operator.py for tasks to queue
[2024-12-18T09:56:55.589+0000] {logging_mixin.py:190} INFO - [2024-12-18T09:56:55.588+0000] {dagbag.py:588} INFO - Filling up the DagBag from /home/airflow/.local/lib/python3.12/site-packages/airflow/example_dags/example_subdag_operator.py
[2024-12-18T09:56:55.612+0000] {processor.py:925} INFO - DAG(s) 'example_subdag_operator.section-1', 'example_subdag_operator.section-2', 'example_subdag_operator' retrieved from /home/airflow/.local/lib/python3.12/site-packages/airflow/example_dags/example_subdag_operator.py
[2024-12-18T09:56:55.626+0000] {logging_mixin.py:190} INFO - [2024-12-18T09:56:55.626+0000] {dag.py:3239} INFO - Sync 3 DAGs
[2024-12-18T09:56:55.651+0000] {logging_mixin.py:190} INFO - [2024-12-18T09:56:55.651+0000] {dag.py:4180} INFO - Setting next_dagrun for example_subdag_operator to 2022-01-01 00:00:00+00:00, run_after=2022-01-01 00:00:00+00:00
[2024-12-18T09:56:55.654+0000] {logging_mixin.py:190} INFO - [2024-12-18T09:56:55.654+0000] {dag.py:4180} INFO - Setting next_dagrun for example_subdag_operator.section-1 to None, run_after=None
[2024-12-18T09:56:55.656+0000] {logging_mixin.py:190} INFO - [2024-12-18T09:56:55.656+0000] {dag.py:4180} INFO - Setting next_dagrun for example_subdag_operator.section-2 to None, run_after=None
[2024-12-18T09:56:55.662+0000] {logging_mixin.py:190} INFO - [2024-12-18T09:56:55.662+0000] {dag.py:3239} INFO - Sync 2 DAGs
[2024-12-18T09:56:55.668+0000] {logging_mixin.py:190} INFO - [2024-12-18T09:56:55.667+0000] {dag.py:4180} INFO - Setting next_dagrun for example_subdag_operator.section-1 to None, run_after=None
[2024-12-18T09:56:55.668+0000] {logging_mixin.py:190} INFO - [2024-12-18T09:56:55.668+0000] {dag.py:4180} INFO - Setting next_dagrun for example_subdag_operator.section-2 to None, run_after=None
[2024-12-18T09:56:55.680+0000] {processor.py:208} INFO - Processing /home/airflow/.local/lib/python3.12/site-packages/airflow/example_dags/example_subdag_operator.py took 0.099 seconds
[2024-12-18T09:57:27.146+0000] {processor.py:186} INFO - Started process (PID=569) to work on /home/airflow/.local/lib/python3.12/site-packages/airflow/example_dags/example_subdag_operator.py
[2024-12-18T09:57:27.147+0000] {processor.py:914} INFO - Processing file /home/airflow/.local/lib/python3.12/site-packages/airflow/example_dags/example_subdag_operator.py for tasks to queue
[2024-12-18T09:57:27.149+0000] {logging_mixin.py:190} INFO - [2024-12-18T09:57:27.149+0000] {dagbag.py:588} INFO - Filling up the DagBag from /home/airflow/.local/lib/python3.12/site-packages/airflow/example_dags/example_subdag_operator.py
[2024-12-18T09:57:27.173+0000] {processor.py:925} INFO - DAG(s) 'example_subdag_operator.section-1', 'example_subdag_operator.section-2', 'example_subdag_operator' retrieved from /home/airflow/.local/lib/python3.12/site-packages/airflow/example_dags/example_subdag_operator.py
[2024-12-18T09:57:27.188+0000] {logging_mixin.py:190} INFO - [2024-12-18T09:57:27.187+0000] {dag.py:3239} INFO - Sync 3 DAGs
[2024-12-18T09:57:27.210+0000] {logging_mixin.py:190} INFO - [2024-12-18T09:57:27.210+0000] {dag.py:4180} INFO - Setting next_dagrun for example_subdag_operator to 2022-01-01 00:00:00+00:00, run_after=2022-01-01 00:00:00+00:00
[2024-12-18T09:57:27.213+0000] {logging_mixin.py:190} INFO - [2024-12-18T09:57:27.213+0000] {dag.py:4180} INFO - Setting next_dagrun for example_subdag_operator.section-1 to None, run_after=None
[2024-12-18T09:57:27.214+0000] {logging_mixin.py:190} INFO - [2024-12-18T09:57:27.214+0000] {dag.py:4180} INFO - Setting next_dagrun for example_subdag_operator.section-2 to None, run_after=None
[2024-12-18T09:57:27.221+0000] {logging_mixin.py:190} INFO - [2024-12-18T09:57:27.220+0000] {dag.py:3239} INFO - Sync 2 DAGs
[2024-12-18T09:57:27.228+0000] {logging_mixin.py:190} INFO - [2024-12-18T09:57:27.227+0000] {dag.py:4180} INFO - Setting next_dagrun for example_subdag_operator.section-1 to None, run_after=None
[2024-12-18T09:57:27.228+0000] {logging_mixin.py:190} INFO - [2024-12-18T09:57:27.228+0000] {dag.py:4180} INFO - Setting next_dagrun for example_subdag_operator.section-2 to None, run_after=None
[2024-12-18T09:57:27.239+0000] {processor.py:208} INFO - Processing /home/airflow/.local/lib/python3.12/site-packages/airflow/example_dags/example_subdag_operator.py took 0.099 seconds
[2024-12-18T09:57:58.675+0000] {processor.py:186} INFO - Started process (PID=633) to work on /home/airflow/.local/lib/python3.12/site-packages/airflow/example_dags/example_subdag_operator.py
[2024-12-18T09:57:58.676+0000] {processor.py:914} INFO - Processing file /home/airflow/.local/lib/python3.12/site-packages/airflow/example_dags/example_subdag_operator.py for tasks to queue
[2024-12-18T09:57:58.678+0000] {logging_mixin.py:190} INFO - [2024-12-18T09:57:58.678+0000] {dagbag.py:588} INFO - Filling up the DagBag from /home/airflow/.local/lib/python3.12/site-packages/airflow/example_dags/example_subdag_operator.py
[2024-12-18T09:57:58.709+0000] {processor.py:925} INFO - DAG(s) 'example_subdag_operator.section-1', 'example_subdag_operator.section-2', 'example_subdag_operator' retrieved from /home/airflow/.local/lib/python3.12/site-packages/airflow/example_dags/example_subdag_operator.py
[2024-12-18T09:57:58.731+0000] {logging_mixin.py:190} INFO - [2024-12-18T09:57:58.731+0000] {dag.py:3239} INFO - Sync 3 DAGs
[2024-12-18T09:57:58.761+0000] {logging_mixin.py:190} INFO - [2024-12-18T09:57:58.760+0000] {dag.py:4180} INFO - Setting next_dagrun for example_subdag_operator to 2022-01-01 00:00:00+00:00, run_after=2022-01-01 00:00:00+00:00
[2024-12-18T09:57:58.766+0000] {logging_mixin.py:190} INFO - [2024-12-18T09:57:58.766+0000] {dag.py:4180} INFO - Setting next_dagrun for example_subdag_operator.section-1 to None, run_after=None
[2024-12-18T09:57:58.768+0000] {logging_mixin.py:190} INFO - [2024-12-18T09:57:58.768+0000] {dag.py:4180} INFO - Setting next_dagrun for example_subdag_operator.section-2 to None, run_after=None
[2024-12-18T09:57:58.779+0000] {logging_mixin.py:190} INFO - [2024-12-18T09:57:58.779+0000] {dag.py:3239} INFO - Sync 2 DAGs
[2024-12-18T09:57:58.788+0000] {logging_mixin.py:190} INFO - [2024-12-18T09:57:58.787+0000] {dag.py:4180} INFO - Setting next_dagrun for example_subdag_operator.section-1 to None, run_after=None
[2024-12-18T09:57:58.788+0000] {logging_mixin.py:190} INFO - [2024-12-18T09:57:58.788+0000] {dag.py:4180} INFO - Setting next_dagrun for example_subdag_operator.section-2 to None, run_after=None
[2024-12-18T09:57:58.803+0000] {processor.py:208} INFO - Processing /home/airflow/.local/lib/python3.12/site-packages/airflow/example_dags/example_subdag_operator.py took 0.136 seconds
[2024-12-18T09:58:29.935+0000] {processor.py:186} INFO - Started process (PID=697) to work on /home/airflow/.local/lib/python3.12/site-packages/airflow/example_dags/example_subdag_operator.py
[2024-12-18T09:58:29.936+0000] {processor.py:914} INFO - Processing file /home/airflow/.local/lib/python3.12/site-packages/airflow/example_dags/example_subdag_operator.py for tasks to queue
[2024-12-18T09:58:29.938+0000] {logging_mixin.py:190} INFO - [2024-12-18T09:58:29.938+0000] {dagbag.py:588} INFO - Filling up the DagBag from /home/airflow/.local/lib/python3.12/site-packages/airflow/example_dags/example_subdag_operator.py
[2024-12-18T09:58:29.964+0000] {processor.py:925} INFO - DAG(s) 'example_subdag_operator.section-1', 'example_subdag_operator.section-2', 'example_subdag_operator' retrieved from /home/airflow/.local/lib/python3.12/site-packages/airflow/example_dags/example_subdag_operator.py
[2024-12-18T09:58:29.980+0000] {logging_mixin.py:190} INFO - [2024-12-18T09:58:29.980+0000] {dag.py:3239} INFO - Sync 3 DAGs
[2024-12-18T09:58:30.003+0000] {logging_mixin.py:190} INFO - [2024-12-18T09:58:30.003+0000] {dag.py:4180} INFO - Setting next_dagrun for example_subdag_operator to 2022-01-01 00:00:00+00:00, run_after=2022-01-01 00:00:00+00:00
[2024-12-18T09:58:30.008+0000] {logging_mixin.py:190} INFO - [2024-12-18T09:58:30.007+0000] {dag.py:4180} INFO - Setting next_dagrun for example_subdag_operator.section-1 to None, run_after=None
[2024-12-18T09:58:30.009+0000] {logging_mixin.py:190} INFO - [2024-12-18T09:58:30.009+0000] {dag.py:4180} INFO - Setting next_dagrun for example_subdag_operator.section-2 to None, run_after=None
[2024-12-18T09:58:30.016+0000] {logging_mixin.py:190} INFO - [2024-12-18T09:58:30.016+0000] {dag.py:3239} INFO - Sync 2 DAGs
[2024-12-18T09:58:30.022+0000] {logging_mixin.py:190} INFO - [2024-12-18T09:58:30.022+0000] {dag.py:4180} INFO - Setting next_dagrun for example_subdag_operator.section-1 to None, run_after=None
[2024-12-18T09:58:30.022+0000] {logging_mixin.py:190} INFO - [2024-12-18T09:58:30.022+0000] {dag.py:4180} INFO - Setting next_dagrun for example_subdag_operator.section-2 to None, run_after=None
[2024-12-18T09:58:30.030+0000] {processor.py:208} INFO - Processing /home/airflow/.local/lib/python3.12/site-packages/airflow/example_dags/example_subdag_operator.py took 0.101 seconds
[2024-12-18T09:59:00.639+0000] {processor.py:186} INFO - Started process (PID=761) to work on /home/airflow/.local/lib/python3.12/site-packages/airflow/example_dags/example_subdag_operator.py
[2024-12-18T09:59:00.640+0000] {processor.py:914} INFO - Processing file /home/airflow/.local/lib/python3.12/site-packages/airflow/example_dags/example_subdag_operator.py for tasks to queue
[2024-12-18T09:59:00.642+0000] {logging_mixin.py:190} INFO - [2024-12-18T09:59:00.642+0000] {dagbag.py:588} INFO - Filling up the DagBag from /home/airflow/.local/lib/python3.12/site-packages/airflow/example_dags/example_subdag_operator.py
[2024-12-18T09:59:00.671+0000] {processor.py:925} INFO - DAG(s) 'example_subdag_operator.section-1', 'example_subdag_operator.section-2', 'example_subdag_operator' retrieved from /home/airflow/.local/lib/python3.12/site-packages/airflow/example_dags/example_subdag_operator.py
[2024-12-18T09:59:00.686+0000] {logging_mixin.py:190} INFO - [2024-12-18T09:59:00.686+0000] {dag.py:3239} INFO - Sync 3 DAGs
[2024-12-18T09:59:00.710+0000] {logging_mixin.py:190} INFO - [2024-12-18T09:59:00.709+0000] {dag.py:4180} INFO - Setting next_dagrun for example_subdag_operator to 2022-01-01 00:00:00+00:00, run_after=2022-01-01 00:00:00+00:00
[2024-12-18T09:59:00.713+0000] {logging_mixin.py:190} INFO - [2024-12-18T09:59:00.713+0000] {dag.py:4180} INFO - Setting next_dagrun for example_subdag_operator.section-1 to None, run_after=None
[2024-12-18T09:59:00.714+0000] {logging_mixin.py:190} INFO - [2024-12-18T09:59:00.714+0000] {dag.py:4180} INFO - Setting next_dagrun for example_subdag_operator.section-2 to None, run_after=None
[2024-12-18T09:59:00.720+0000] {logging_mixin.py:190} INFO - [2024-12-18T09:59:00.720+0000] {dag.py:3239} INFO - Sync 2 DAGs
[2024-12-18T09:59:00.725+0000] {logging_mixin.py:190} INFO - [2024-12-18T09:59:00.725+0000] {dag.py:4180} INFO - Setting next_dagrun for example_subdag_operator.section-1 to None, run_after=None
[2024-12-18T09:59:00.725+0000] {logging_mixin.py:190} INFO - [2024-12-18T09:59:00.725+0000] {dag.py:4180} INFO - Setting next_dagrun for example_subdag_operator.section-2 to None, run_after=None
[2024-12-18T09:59:00.735+0000] {processor.py:208} INFO - Processing /home/airflow/.local/lib/python3.12/site-packages/airflow/example_dags/example_subdag_operator.py took 0.101 seconds
[2024-12-18T09:59:31.865+0000] {processor.py:186} INFO - Started process (PID=825) to work on /home/airflow/.local/lib/python3.12/site-packages/airflow/example_dags/example_subdag_operator.py
[2024-12-18T09:59:31.865+0000] {processor.py:914} INFO - Processing file /home/airflow/.local/lib/python3.12/site-packages/airflow/example_dags/example_subdag_operator.py for tasks to queue
[2024-12-18T09:59:31.867+0000] {logging_mixin.py:190} INFO - [2024-12-18T09:59:31.867+0000] {dagbag.py:588} INFO - Filling up the DagBag from /home/airflow/.local/lib/python3.12/site-packages/airflow/example_dags/example_subdag_operator.py
[2024-12-18T09:59:31.891+0000] {processor.py:925} INFO - DAG(s) 'example_subdag_operator.section-1', 'example_subdag_operator.section-2', 'example_subdag_operator' retrieved from /home/airflow/.local/lib/python3.12/site-packages/airflow/example_dags/example_subdag_operator.py
[2024-12-18T09:59:31.905+0000] {logging_mixin.py:190} INFO - [2024-12-18T09:59:31.905+0000] {dag.py:3239} INFO - Sync 3 DAGs
[2024-12-18T09:59:31.926+0000] {logging_mixin.py:190} INFO - [2024-12-18T09:59:31.926+0000] {dag.py:4180} INFO - Setting next_dagrun for example_subdag_operator to 2022-01-01 00:00:00+00:00, run_after=2022-01-01 00:00:00+00:00
[2024-12-18T09:59:31.930+0000] {logging_mixin.py:190} INFO - [2024-12-18T09:59:31.929+0000] {dag.py:4180} INFO - Setting next_dagrun for example_subdag_operator.section-1 to None, run_after=None
[2024-12-18T09:59:31.931+0000] {logging_mixin.py:190} INFO - [2024-12-18T09:59:31.931+0000] {dag.py:4180} INFO - Setting next_dagrun for example_subdag_operator.section-2 to None, run_after=None
[2024-12-18T09:59:31.937+0000] {logging_mixin.py:190} INFO - [2024-12-18T09:59:31.937+0000] {dag.py:3239} INFO - Sync 2 DAGs
[2024-12-18T09:59:31.942+0000] {logging_mixin.py:190} INFO - [2024-12-18T09:59:31.942+0000] {dag.py:4180} INFO - Setting next_dagrun for example_subdag_operator.section-1 to None, run_after=None
[2024-12-18T09:59:31.942+0000] {logging_mixin.py:190} INFO - [2024-12-18T09:59:31.942+0000] {dag.py:4180} INFO - Setting next_dagrun for example_subdag_operator.section-2 to None, run_after=None
[2024-12-18T09:59:31.952+0000] {processor.py:208} INFO - Processing /home/airflow/.local/lib/python3.12/site-packages/airflow/example_dags/example_subdag_operator.py took 0.093 seconds
[2024-12-18T10:00:03.731+0000] {processor.py:186} INFO - Started process (PID=889) to work on /home/airflow/.local/lib/python3.12/site-packages/airflow/example_dags/example_subdag_operator.py
[2024-12-18T10:00:03.732+0000] {processor.py:914} INFO - Processing file /home/airflow/.local/lib/python3.12/site-packages/airflow/example_dags/example_subdag_operator.py for tasks to queue
[2024-12-18T10:00:03.735+0000] {logging_mixin.py:190} INFO - [2024-12-18T10:00:03.734+0000] {dagbag.py:588} INFO - Filling up the DagBag from /home/airflow/.local/lib/python3.12/site-packages/airflow/example_dags/example_subdag_operator.py
[2024-12-18T10:00:03.760+0000] {processor.py:925} INFO - DAG(s) 'example_subdag_operator.section-1', 'example_subdag_operator.section-2', 'example_subdag_operator' retrieved from /home/airflow/.local/lib/python3.12/site-packages/airflow/example_dags/example_subdag_operator.py
[2024-12-18T10:00:03.777+0000] {logging_mixin.py:190} INFO - [2024-12-18T10:00:03.776+0000] {dag.py:3239} INFO - Sync 3 DAGs
[2024-12-18T10:00:03.800+0000] {logging_mixin.py:190} INFO - [2024-12-18T10:00:03.800+0000] {dag.py:4180} INFO - Setting next_dagrun for example_subdag_operator to 2022-01-01 00:00:00+00:00, run_after=2022-01-01 00:00:00+00:00
[2024-12-18T10:00:03.804+0000] {logging_mixin.py:190} INFO - [2024-12-18T10:00:03.803+0000] {dag.py:4180} INFO - Setting next_dagrun for example_subdag_operator.section-1 to None, run_after=None
[2024-12-18T10:00:03.805+0000] {logging_mixin.py:190} INFO - [2024-12-18T10:00:03.804+0000] {dag.py:4180} INFO - Setting next_dagrun for example_subdag_operator.section-2 to None, run_after=None
[2024-12-18T10:00:03.810+0000] {logging_mixin.py:190} INFO - [2024-12-18T10:00:03.810+0000] {dag.py:3239} INFO - Sync 2 DAGs
[2024-12-18T10:00:03.816+0000] {logging_mixin.py:190} INFO - [2024-12-18T10:00:03.815+0000] {dag.py:4180} INFO - Setting next_dagrun for example_subdag_operator.section-1 to None, run_after=None
[2024-12-18T10:00:03.816+0000] {logging_mixin.py:190} INFO - [2024-12-18T10:00:03.816+0000] {dag.py:4180} INFO - Setting next_dagrun for example_subdag_operator.section-2 to None, run_after=None
[2024-12-18T10:00:03.824+0000] {processor.py:208} INFO - Processing /home/airflow/.local/lib/python3.12/site-packages/airflow/example_dags/example_subdag_operator.py took 0.098 seconds
[2024-12-18T10:00:35.366+0000] {processor.py:186} INFO - Started process (PID=953) to work on /home/airflow/.local/lib/python3.12/site-packages/airflow/example_dags/example_subdag_operator.py
[2024-12-18T10:00:35.367+0000] {processor.py:914} INFO - Processing file /home/airflow/.local/lib/python3.12/site-packages/airflow/example_dags/example_subdag_operator.py for tasks to queue
[2024-12-18T10:00:35.369+0000] {logging_mixin.py:190} INFO - [2024-12-18T10:00:35.368+0000] {dagbag.py:588} INFO - Filling up the DagBag from /home/airflow/.local/lib/python3.12/site-packages/airflow/example_dags/example_subdag_operator.py
[2024-12-18T10:00:35.396+0000] {processor.py:925} INFO - DAG(s) 'example_subdag_operator.section-1', 'example_subdag_operator.section-2', 'example_subdag_operator' retrieved from /home/airflow/.local/lib/python3.12/site-packages/airflow/example_dags/example_subdag_operator.py
[2024-12-18T10:00:35.410+0000] {logging_mixin.py:190} INFO - [2024-12-18T10:00:35.409+0000] {dag.py:3239} INFO - Sync 3 DAGs
[2024-12-18T10:00:35.433+0000] {logging_mixin.py:190} INFO - [2024-12-18T10:00:35.432+0000] {dag.py:4180} INFO - Setting next_dagrun for example_subdag_operator to 2022-01-01 00:00:00+00:00, run_after=2022-01-01 00:00:00+00:00
[2024-12-18T10:00:35.436+0000] {logging_mixin.py:190} INFO - [2024-12-18T10:00:35.436+0000] {dag.py:4180} INFO - Setting next_dagrun for example_subdag_operator.section-1 to None, run_after=None
[2024-12-18T10:00:35.437+0000] {logging_mixin.py:190} INFO - [2024-12-18T10:00:35.437+0000] {dag.py:4180} INFO - Setting next_dagrun for example_subdag_operator.section-2 to None, run_after=None
[2024-12-18T10:00:35.443+0000] {logging_mixin.py:190} INFO - [2024-12-18T10:00:35.443+0000] {dag.py:3239} INFO - Sync 2 DAGs
[2024-12-18T10:00:35.449+0000] {logging_mixin.py:190} INFO - [2024-12-18T10:00:35.449+0000] {dag.py:4180} INFO - Setting next_dagrun for example_subdag_operator.section-1 to None, run_after=None
[2024-12-18T10:00:35.450+0000] {logging_mixin.py:190} INFO - [2024-12-18T10:00:35.450+0000] {dag.py:4180} INFO - Setting next_dagrun for example_subdag_operator.section-2 to None, run_after=None
[2024-12-18T10:00:35.458+0000] {processor.py:208} INFO - Processing /home/airflow/.local/lib/python3.12/site-packages/airflow/example_dags/example_subdag_operator.py took 0.098 seconds
[2024-12-18T10:01:06.730+0000] {processor.py:186} INFO - Started process (PID=1017) to work on /home/airflow/.local/lib/python3.12/site-packages/airflow/example_dags/example_subdag_operator.py
[2024-12-18T10:01:06.731+0000] {processor.py:914} INFO - Processing file /home/airflow/.local/lib/python3.12/site-packages/airflow/example_dags/example_subdag_operator.py for tasks to queue
[2024-12-18T10:01:06.734+0000] {logging_mixin.py:190} INFO - [2024-12-18T10:01:06.733+0000] {dagbag.py:588} INFO - Filling up the DagBag from /home/airflow/.local/lib/python3.12/site-packages/airflow/example_dags/example_subdag_operator.py
[2024-12-18T10:01:06.775+0000] {processor.py:925} INFO - DAG(s) 'example_subdag_operator.section-1', 'example_subdag_operator.section-2', 'example_subdag_operator' retrieved from /home/airflow/.local/lib/python3.12/site-packages/airflow/example_dags/example_subdag_operator.py
[2024-12-18T10:01:06.812+0000] {logging_mixin.py:190} INFO - [2024-12-18T10:01:06.811+0000] {dag.py:3239} INFO - Sync 3 DAGs
[2024-12-18T10:01:06.857+0000] {logging_mixin.py:190} INFO - [2024-12-18T10:01:06.857+0000] {dag.py:4180} INFO - Setting next_dagrun for example_subdag_operator to 2022-01-01 00:00:00+00:00, run_after=2022-01-01 00:00:00+00:00
[2024-12-18T10:01:06.866+0000] {logging_mixin.py:190} INFO - [2024-12-18T10:01:06.866+0000] {dag.py:4180} INFO - Setting next_dagrun for example_subdag_operator.section-1 to None, run_after=None
[2024-12-18T10:01:06.869+0000] {logging_mixin.py:190} INFO - [2024-12-18T10:01:06.868+0000] {dag.py:4180} INFO - Setting next_dagrun for example_subdag_operator.section-2 to None, run_after=None
[2024-12-18T10:01:06.884+0000] {logging_mixin.py:190} INFO - [2024-12-18T10:01:06.884+0000] {dag.py:3239} INFO - Sync 2 DAGs
[2024-12-18T10:01:06.895+0000] {logging_mixin.py:190} INFO - [2024-12-18T10:01:06.895+0000] {dag.py:4180} INFO - Setting next_dagrun for example_subdag_operator.section-1 to None, run_after=None
[2024-12-18T10:01:06.896+0000] {logging_mixin.py:190} INFO - [2024-12-18T10:01:06.896+0000] {dag.py:4180} INFO - Setting next_dagrun for example_subdag_operator.section-2 to None, run_after=None
[2024-12-18T10:01:06.917+0000] {processor.py:208} INFO - Processing /home/airflow/.local/lib/python3.12/site-packages/airflow/example_dags/example_subdag_operator.py took 0.195 seconds
[2024-12-18T10:05:24.084+0000] {processor.py:186} INFO - Started process (PID=101) to work on /home/airflow/.local/lib/python3.12/site-packages/airflow/example_dags/example_subdag_operator.py
[2024-12-18T10:05:24.085+0000] {processor.py:914} INFO - Processing file /home/airflow/.local/lib/python3.12/site-packages/airflow/example_dags/example_subdag_operator.py for tasks to queue
[2024-12-18T10:05:24.087+0000] {logging_mixin.py:190} INFO - [2024-12-18T10:05:24.087+0000] {dagbag.py:588} INFO - Filling up the DagBag from /home/airflow/.local/lib/python3.12/site-packages/airflow/example_dags/example_subdag_operator.py
[2024-12-18T10:05:24.118+0000] {processor.py:925} INFO - DAG(s) 'example_subdag_operator.section-1', 'example_subdag_operator.section-2', 'example_subdag_operator' retrieved from /home/airflow/.local/lib/python3.12/site-packages/airflow/example_dags/example_subdag_operator.py
[2024-12-18T10:05:24.141+0000] {logging_mixin.py:190} INFO - [2024-12-18T10:05:24.141+0000] {dag.py:3239} INFO - Sync 3 DAGs
[2024-12-18T10:05:24.167+0000] {logging_mixin.py:190} INFO - [2024-12-18T10:05:24.166+0000] {dag.py:4180} INFO - Setting next_dagrun for example_subdag_operator to 2022-01-01 00:00:00+00:00, run_after=2022-01-01 00:00:00+00:00
[2024-12-18T10:05:24.171+0000] {logging_mixin.py:190} INFO - [2024-12-18T10:05:24.170+0000] {dag.py:4180} INFO - Setting next_dagrun for example_subdag_operator.section-1 to None, run_after=None
[2024-12-18T10:05:24.172+0000] {logging_mixin.py:190} INFO - [2024-12-18T10:05:24.172+0000] {dag.py:4180} INFO - Setting next_dagrun for example_subdag_operator.section-2 to None, run_after=None
[2024-12-18T10:05:24.179+0000] {logging_mixin.py:190} INFO - [2024-12-18T10:05:24.179+0000] {dag.py:3239} INFO - Sync 2 DAGs
[2024-12-18T10:05:24.185+0000] {logging_mixin.py:190} INFO - [2024-12-18T10:05:24.185+0000] {dag.py:4180} INFO - Setting next_dagrun for example_subdag_operator.section-1 to None, run_after=None
[2024-12-18T10:05:24.186+0000] {logging_mixin.py:190} INFO - [2024-12-18T10:05:24.185+0000] {dag.py:4180} INFO - Setting next_dagrun for example_subdag_operator.section-2 to None, run_after=None
[2024-12-18T10:05:24.197+0000] {processor.py:208} INFO - Processing /home/airflow/.local/lib/python3.12/site-packages/airflow/example_dags/example_subdag_operator.py took 0.118 seconds
[2024-12-18T10:05:56.781+0000] {processor.py:186} INFO - Started process (PID=173) to work on /home/airflow/.local/lib/python3.12/site-packages/airflow/example_dags/example_subdag_operator.py
[2024-12-18T10:05:56.782+0000] {processor.py:914} INFO - Processing file /home/airflow/.local/lib/python3.12/site-packages/airflow/example_dags/example_subdag_operator.py for tasks to queue
[2024-12-18T10:05:56.784+0000] {logging_mixin.py:190} INFO - [2024-12-18T10:05:56.784+0000] {dagbag.py:588} INFO - Filling up the DagBag from /home/airflow/.local/lib/python3.12/site-packages/airflow/example_dags/example_subdag_operator.py
[2024-12-18T10:05:56.809+0000] {processor.py:925} INFO - DAG(s) 'example_subdag_operator.section-1', 'example_subdag_operator.section-2', 'example_subdag_operator' retrieved from /home/airflow/.local/lib/python3.12/site-packages/airflow/example_dags/example_subdag_operator.py
[2024-12-18T10:05:56.822+0000] {logging_mixin.py:190} INFO - [2024-12-18T10:05:56.822+0000] {dag.py:3239} INFO - Sync 3 DAGs
[2024-12-18T10:05:56.842+0000] {logging_mixin.py:190} INFO - [2024-12-18T10:05:56.842+0000] {dag.py:4180} INFO - Setting next_dagrun for example_subdag_operator to 2022-01-01 00:00:00+00:00, run_after=2022-01-01 00:00:00+00:00
[2024-12-18T10:05:56.846+0000] {logging_mixin.py:190} INFO - [2024-12-18T10:05:56.845+0000] {dag.py:4180} INFO - Setting next_dagrun for example_subdag_operator.section-1 to None, run_after=None
[2024-12-18T10:05:56.846+0000] {logging_mixin.py:190} INFO - [2024-12-18T10:05:56.846+0000] {dag.py:4180} INFO - Setting next_dagrun for example_subdag_operator.section-2 to None, run_after=None
[2024-12-18T10:05:56.852+0000] {logging_mixin.py:190} INFO - [2024-12-18T10:05:56.852+0000] {dag.py:3239} INFO - Sync 2 DAGs
[2024-12-18T10:05:56.856+0000] {logging_mixin.py:190} INFO - [2024-12-18T10:05:56.856+0000] {dag.py:4180} INFO - Setting next_dagrun for example_subdag_operator.section-1 to None, run_after=None
[2024-12-18T10:05:56.856+0000] {logging_mixin.py:190} INFO - [2024-12-18T10:05:56.856+0000] {dag.py:4180} INFO - Setting next_dagrun for example_subdag_operator.section-2 to None, run_after=None
[2024-12-18T10:05:56.864+0000] {processor.py:208} INFO - Processing /home/airflow/.local/lib/python3.12/site-packages/airflow/example_dags/example_subdag_operator.py took 0.088 seconds
[2024-12-18T10:06:27.619+0000] {processor.py:186} INFO - Started process (PID=236) to work on /home/airflow/.local/lib/python3.12/site-packages/airflow/example_dags/example_subdag_operator.py
[2024-12-18T10:06:27.620+0000] {processor.py:914} INFO - Processing file /home/airflow/.local/lib/python3.12/site-packages/airflow/example_dags/example_subdag_operator.py for tasks to queue
[2024-12-18T10:06:27.621+0000] {logging_mixin.py:190} INFO - [2024-12-18T10:06:27.621+0000] {dagbag.py:588} INFO - Filling up the DagBag from /home/airflow/.local/lib/python3.12/site-packages/airflow/example_dags/example_subdag_operator.py
[2024-12-18T10:06:27.645+0000] {processor.py:925} INFO - DAG(s) 'example_subdag_operator.section-1', 'example_subdag_operator.section-2', 'example_subdag_operator' retrieved from /home/airflow/.local/lib/python3.12/site-packages/airflow/example_dags/example_subdag_operator.py
[2024-12-18T10:06:27.659+0000] {logging_mixin.py:190} INFO - [2024-12-18T10:06:27.658+0000] {dag.py:3239} INFO - Sync 3 DAGs
[2024-12-18T10:06:27.678+0000] {logging_mixin.py:190} INFO - [2024-12-18T10:06:27.678+0000] {dag.py:4180} INFO - Setting next_dagrun for example_subdag_operator to 2022-01-01 00:00:00+00:00, run_after=2022-01-01 00:00:00+00:00
[2024-12-18T10:06:27.682+0000] {logging_mixin.py:190} INFO - [2024-12-18T10:06:27.681+0000] {dag.py:4180} INFO - Setting next_dagrun for example_subdag_operator.section-1 to None, run_after=None
[2024-12-18T10:06:27.683+0000] {logging_mixin.py:190} INFO - [2024-12-18T10:06:27.683+0000] {dag.py:4180} INFO - Setting next_dagrun for example_subdag_operator.section-2 to None, run_after=None
[2024-12-18T10:06:27.689+0000] {logging_mixin.py:190} INFO - [2024-12-18T10:06:27.689+0000] {dag.py:3239} INFO - Sync 2 DAGs
[2024-12-18T10:06:27.694+0000] {logging_mixin.py:190} INFO - [2024-12-18T10:06:27.694+0000] {dag.py:4180} INFO - Setting next_dagrun for example_subdag_operator.section-1 to None, run_after=None
[2024-12-18T10:06:27.694+0000] {logging_mixin.py:190} INFO - [2024-12-18T10:06:27.694+0000] {dag.py:4180} INFO - Setting next_dagrun for example_subdag_operator.section-2 to None, run_after=None
[2024-12-18T10:06:27.703+0000] {processor.py:208} INFO - Processing /home/airflow/.local/lib/python3.12/site-packages/airflow/example_dags/example_subdag_operator.py took 0.089 seconds
[2024-12-18T10:06:59.348+0000] {processor.py:186} INFO - Started process (PID=302) to work on /home/airflow/.local/lib/python3.12/site-packages/airflow/example_dags/example_subdag_operator.py
[2024-12-18T10:06:59.349+0000] {processor.py:914} INFO - Processing file /home/airflow/.local/lib/python3.12/site-packages/airflow/example_dags/example_subdag_operator.py for tasks to queue
[2024-12-18T10:06:59.349+0000] {logging_mixin.py:190} INFO - [2024-12-18T10:06:59.349+0000] {dagbag.py:588} INFO - Filling up the DagBag from /home/airflow/.local/lib/python3.12/site-packages/airflow/example_dags/example_subdag_operator.py
[2024-12-18T10:06:59.372+0000] {processor.py:925} INFO - DAG(s) 'example_subdag_operator.section-1', 'example_subdag_operator.section-2', 'example_subdag_operator' retrieved from /home/airflow/.local/lib/python3.12/site-packages/airflow/example_dags/example_subdag_operator.py
[2024-12-18T10:06:59.385+0000] {logging_mixin.py:190} INFO - [2024-12-18T10:06:59.385+0000] {dag.py:3239} INFO - Sync 3 DAGs
[2024-12-18T10:06:59.405+0000] {logging_mixin.py:190} INFO - [2024-12-18T10:06:59.405+0000] {dag.py:4180} INFO - Setting next_dagrun for example_subdag_operator to 2022-01-01 00:00:00+00:00, run_after=2022-01-01 00:00:00+00:00
[2024-12-18T10:06:59.408+0000] {logging_mixin.py:190} INFO - [2024-12-18T10:06:59.408+0000] {dag.py:4180} INFO - Setting next_dagrun for example_subdag_operator.section-1 to None, run_after=None
[2024-12-18T10:06:59.409+0000] {logging_mixin.py:190} INFO - [2024-12-18T10:06:59.409+0000] {dag.py:4180} INFO - Setting next_dagrun for example_subdag_operator.section-2 to None, run_after=None
[2024-12-18T10:06:59.416+0000] {logging_mixin.py:190} INFO - [2024-12-18T10:06:59.415+0000] {dag.py:3239} INFO - Sync 2 DAGs
[2024-12-18T10:06:59.420+0000] {logging_mixin.py:190} INFO - [2024-12-18T10:06:59.420+0000] {dag.py:4180} INFO - Setting next_dagrun for example_subdag_operator.section-1 to None, run_after=None
[2024-12-18T10:06:59.420+0000] {logging_mixin.py:190} INFO - [2024-12-18T10:06:59.420+0000] {dag.py:4180} INFO - Setting next_dagrun for example_subdag_operator.section-2 to None, run_after=None
[2024-12-18T10:06:59.429+0000] {processor.py:208} INFO - Processing /home/airflow/.local/lib/python3.12/site-packages/airflow/example_dags/example_subdag_operator.py took 0.087 seconds
[2024-12-18T10:07:30.172+0000] {processor.py:186} INFO - Started process (PID=365) to work on /home/airflow/.local/lib/python3.12/site-packages/airflow/example_dags/example_subdag_operator.py
[2024-12-18T10:07:30.173+0000] {processor.py:914} INFO - Processing file /home/airflow/.local/lib/python3.12/site-packages/airflow/example_dags/example_subdag_operator.py for tasks to queue
[2024-12-18T10:07:30.174+0000] {logging_mixin.py:190} INFO - [2024-12-18T10:07:30.173+0000] {dagbag.py:588} INFO - Filling up the DagBag from /home/airflow/.local/lib/python3.12/site-packages/airflow/example_dags/example_subdag_operator.py
[2024-12-18T10:07:30.197+0000] {processor.py:925} INFO - DAG(s) 'example_subdag_operator.section-1', 'example_subdag_operator.section-2', 'example_subdag_operator' retrieved from /home/airflow/.local/lib/python3.12/site-packages/airflow/example_dags/example_subdag_operator.py
[2024-12-18T10:07:30.211+0000] {logging_mixin.py:190} INFO - [2024-12-18T10:07:30.210+0000] {dag.py:3239} INFO - Sync 3 DAGs
[2024-12-18T10:07:30.233+0000] {logging_mixin.py:190} INFO - [2024-12-18T10:07:30.233+0000] {dag.py:4180} INFO - Setting next_dagrun for example_subdag_operator to 2022-01-01 00:00:00+00:00, run_after=2022-01-01 00:00:00+00:00
[2024-12-18T10:07:30.236+0000] {logging_mixin.py:190} INFO - [2024-12-18T10:07:30.236+0000] {dag.py:4180} INFO - Setting next_dagrun for example_subdag_operator.section-1 to None, run_after=None
[2024-12-18T10:07:30.237+0000] {logging_mixin.py:190} INFO - [2024-12-18T10:07:30.237+0000] {dag.py:4180} INFO - Setting next_dagrun for example_subdag_operator.section-2 to None, run_after=None
[2024-12-18T10:07:30.244+0000] {logging_mixin.py:190} INFO - [2024-12-18T10:07:30.243+0000] {dag.py:3239} INFO - Sync 2 DAGs
[2024-12-18T10:07:30.249+0000] {logging_mixin.py:190} INFO - [2024-12-18T10:07:30.248+0000] {dag.py:4180} INFO - Setting next_dagrun for example_subdag_operator.section-1 to None, run_after=None
[2024-12-18T10:07:30.249+0000] {logging_mixin.py:190} INFO - [2024-12-18T10:07:30.249+0000] {dag.py:4180} INFO - Setting next_dagrun for example_subdag_operator.section-2 to None, run_after=None
[2024-12-18T10:07:30.259+0000] {processor.py:208} INFO - Processing /home/airflow/.local/lib/python3.12/site-packages/airflow/example_dags/example_subdag_operator.py took 0.093 seconds
[2024-12-18T10:08:01.293+0000] {processor.py:186} INFO - Started process (PID=431) to work on /home/airflow/.local/lib/python3.12/site-packages/airflow/example_dags/example_subdag_operator.py
[2024-12-18T10:08:01.294+0000] {processor.py:914} INFO - Processing file /home/airflow/.local/lib/python3.12/site-packages/airflow/example_dags/example_subdag_operator.py for tasks to queue
[2024-12-18T10:08:01.295+0000] {logging_mixin.py:190} INFO - [2024-12-18T10:08:01.295+0000] {dagbag.py:588} INFO - Filling up the DagBag from /home/airflow/.local/lib/python3.12/site-packages/airflow/example_dags/example_subdag_operator.py
[2024-12-18T10:08:01.317+0000] {processor.py:925} INFO - DAG(s) 'example_subdag_operator.section-1', 'example_subdag_operator.section-2', 'example_subdag_operator' retrieved from /home/airflow/.local/lib/python3.12/site-packages/airflow/example_dags/example_subdag_operator.py
[2024-12-18T10:08:01.328+0000] {logging_mixin.py:190} INFO - [2024-12-18T10:08:01.328+0000] {dag.py:3239} INFO - Sync 3 DAGs
[2024-12-18T10:08:01.347+0000] {logging_mixin.py:190} INFO - [2024-12-18T10:08:01.347+0000] {dag.py:4180} INFO - Setting next_dagrun for example_subdag_operator to 2022-01-01 00:00:00+00:00, run_after=2022-01-01 00:00:00+00:00
[2024-12-18T10:08:01.350+0000] {logging_mixin.py:190} INFO - [2024-12-18T10:08:01.350+0000] {dag.py:4180} INFO - Setting next_dagrun for example_subdag_operator.section-1 to None, run_after=None
[2024-12-18T10:08:01.351+0000] {logging_mixin.py:190} INFO - [2024-12-18T10:08:01.351+0000] {dag.py:4180} INFO - Setting next_dagrun for example_subdag_operator.section-2 to None, run_after=None
[2024-12-18T10:08:01.356+0000] {logging_mixin.py:190} INFO - [2024-12-18T10:08:01.356+0000] {dag.py:3239} INFO - Sync 2 DAGs
[2024-12-18T10:08:01.360+0000] {logging_mixin.py:190} INFO - [2024-12-18T10:08:01.360+0000] {dag.py:4180} INFO - Setting next_dagrun for example_subdag_operator.section-1 to None, run_after=None
[2024-12-18T10:08:01.360+0000] {logging_mixin.py:190} INFO - [2024-12-18T10:08:01.360+0000] {dag.py:4180} INFO - Setting next_dagrun for example_subdag_operator.section-2 to None, run_after=None
[2024-12-18T10:08:01.367+0000] {processor.py:208} INFO - Processing /home/airflow/.local/lib/python3.12/site-packages/airflow/example_dags/example_subdag_operator.py took 0.080 seconds
[2024-12-18T10:08:31.435+0000] {processor.py:186} INFO - Started process (PID=494) to work on /home/airflow/.local/lib/python3.12/site-packages/airflow/example_dags/example_subdag_operator.py
[2024-12-18T10:08:31.435+0000] {processor.py:914} INFO - Processing file /home/airflow/.local/lib/python3.12/site-packages/airflow/example_dags/example_subdag_operator.py for tasks to queue
[2024-12-18T10:08:31.436+0000] {logging_mixin.py:190} INFO - [2024-12-18T10:08:31.436+0000] {dagbag.py:588} INFO - Filling up the DagBag from /home/airflow/.local/lib/python3.12/site-packages/airflow/example_dags/example_subdag_operator.py
[2024-12-18T10:08:31.462+0000] {processor.py:925} INFO - DAG(s) 'example_subdag_operator.section-1', 'example_subdag_operator.section-2', 'example_subdag_operator' retrieved from /home/airflow/.local/lib/python3.12/site-packages/airflow/example_dags/example_subdag_operator.py
[2024-12-18T10:08:31.477+0000] {logging_mixin.py:190} INFO - [2024-12-18T10:08:31.477+0000] {dag.py:3239} INFO - Sync 3 DAGs
[2024-12-18T10:08:31.498+0000] {logging_mixin.py:190} INFO - [2024-12-18T10:08:31.498+0000] {dag.py:4180} INFO - Setting next_dagrun for example_subdag_operator to 2022-01-01 00:00:00+00:00, run_after=2022-01-01 00:00:00+00:00
[2024-12-18T10:08:31.501+0000] {logging_mixin.py:190} INFO - [2024-12-18T10:08:31.500+0000] {dag.py:4180} INFO - Setting next_dagrun for example_subdag_operator.section-1 to None, run_after=None
[2024-12-18T10:08:31.502+0000] {logging_mixin.py:190} INFO - [2024-12-18T10:08:31.501+0000] {dag.py:4180} INFO - Setting next_dagrun for example_subdag_operator.section-2 to None, run_after=None
[2024-12-18T10:08:31.507+0000] {logging_mixin.py:190} INFO - [2024-12-18T10:08:31.507+0000] {dag.py:3239} INFO - Sync 2 DAGs
[2024-12-18T10:08:31.511+0000] {logging_mixin.py:190} INFO - [2024-12-18T10:08:31.511+0000] {dag.py:4180} INFO - Setting next_dagrun for example_subdag_operator.section-1 to None, run_after=None
[2024-12-18T10:08:31.512+0000] {logging_mixin.py:190} INFO - [2024-12-18T10:08:31.512+0000] {dag.py:4180} INFO - Setting next_dagrun for example_subdag_operator.section-2 to None, run_after=None
[2024-12-18T10:08:31.519+0000] {processor.py:208} INFO - Processing /home/airflow/.local/lib/python3.12/site-packages/airflow/example_dags/example_subdag_operator.py took 0.090 seconds
[2024-12-18T10:09:03.943+0000] {processor.py:186} INFO - Started process (PID=560) to work on /home/airflow/.local/lib/python3.12/site-packages/airflow/example_dags/example_subdag_operator.py
[2024-12-18T10:09:03.944+0000] {processor.py:914} INFO - Processing file /home/airflow/.local/lib/python3.12/site-packages/airflow/example_dags/example_subdag_operator.py for tasks to queue
[2024-12-18T10:09:03.945+0000] {logging_mixin.py:190} INFO - [2024-12-18T10:09:03.944+0000] {dagbag.py:588} INFO - Filling up the DagBag from /home/airflow/.local/lib/python3.12/site-packages/airflow/example_dags/example_subdag_operator.py
[2024-12-18T10:09:03.968+0000] {processor.py:925} INFO - DAG(s) 'example_subdag_operator.section-1', 'example_subdag_operator.section-2', 'example_subdag_operator' retrieved from /home/airflow/.local/lib/python3.12/site-packages/airflow/example_dags/example_subdag_operator.py
[2024-12-18T10:09:03.981+0000] {logging_mixin.py:190} INFO - [2024-12-18T10:09:03.981+0000] {dag.py:3239} INFO - Sync 3 DAGs
[2024-12-18T10:09:04.002+0000] {logging_mixin.py:190} INFO - [2024-12-18T10:09:04.002+0000] {dag.py:4180} INFO - Setting next_dagrun for example_subdag_operator to 2022-01-01 00:00:00+00:00, run_after=2022-01-01 00:00:00+00:00
[2024-12-18T10:09:04.005+0000] {logging_mixin.py:190} INFO - [2024-12-18T10:09:04.005+0000] {dag.py:4180} INFO - Setting next_dagrun for example_subdag_operator.section-1 to None, run_after=None
[2024-12-18T10:09:04.006+0000] {logging_mixin.py:190} INFO - [2024-12-18T10:09:04.006+0000] {dag.py:4180} INFO - Setting next_dagrun for example_subdag_operator.section-2 to None, run_after=None
[2024-12-18T10:09:04.012+0000] {logging_mixin.py:190} INFO - [2024-12-18T10:09:04.011+0000] {dag.py:3239} INFO - Sync 2 DAGs
[2024-12-18T10:09:04.016+0000] {logging_mixin.py:190} INFO - [2024-12-18T10:09:04.016+0000] {dag.py:4180} INFO - Setting next_dagrun for example_subdag_operator.section-1 to None, run_after=None
[2024-12-18T10:09:04.017+0000] {logging_mixin.py:190} INFO - [2024-12-18T10:09:04.016+0000] {dag.py:4180} INFO - Setting next_dagrun for example_subdag_operator.section-2 to None, run_after=None
[2024-12-18T10:09:04.025+0000] {processor.py:208} INFO - Processing /home/airflow/.local/lib/python3.12/site-packages/airflow/example_dags/example_subdag_operator.py took 0.087 seconds
[2024-12-18T10:09:34.389+0000] {processor.py:186} INFO - Started process (PID=622) to work on /home/airflow/.local/lib/python3.12/site-packages/airflow/example_dags/example_subdag_operator.py
[2024-12-18T10:09:34.390+0000] {processor.py:914} INFO - Processing file /home/airflow/.local/lib/python3.12/site-packages/airflow/example_dags/example_subdag_operator.py for tasks to queue
[2024-12-18T10:09:34.391+0000] {logging_mixin.py:190} INFO - [2024-12-18T10:09:34.391+0000] {dagbag.py:588} INFO - Filling up the DagBag from /home/airflow/.local/lib/python3.12/site-packages/airflow/example_dags/example_subdag_operator.py
[2024-12-18T10:09:34.418+0000] {processor.py:925} INFO - DAG(s) 'example_subdag_operator.section-1', 'example_subdag_operator.section-2', 'example_subdag_operator' retrieved from /home/airflow/.local/lib/python3.12/site-packages/airflow/example_dags/example_subdag_operator.py
[2024-12-18T10:09:34.433+0000] {logging_mixin.py:190} INFO - [2024-12-18T10:09:34.432+0000] {dag.py:3239} INFO - Sync 3 DAGs
[2024-12-18T10:09:34.456+0000] {logging_mixin.py:190} INFO - [2024-12-18T10:09:34.456+0000] {dag.py:4180} INFO - Setting next_dagrun for example_subdag_operator to 2022-01-01 00:00:00+00:00, run_after=2022-01-01 00:00:00+00:00
[2024-12-18T10:09:34.460+0000] {logging_mixin.py:190} INFO - [2024-12-18T10:09:34.460+0000] {dag.py:4180} INFO - Setting next_dagrun for example_subdag_operator.section-1 to None, run_after=None
[2024-12-18T10:09:34.462+0000] {logging_mixin.py:190} INFO - [2024-12-18T10:09:34.461+0000] {dag.py:4180} INFO - Setting next_dagrun for example_subdag_operator.section-2 to None, run_after=None
[2024-12-18T10:09:34.469+0000] {logging_mixin.py:190} INFO - [2024-12-18T10:09:34.468+0000] {dag.py:3239} INFO - Sync 2 DAGs
[2024-12-18T10:09:34.474+0000] {logging_mixin.py:190} INFO - [2024-12-18T10:09:34.474+0000] {dag.py:4180} INFO - Setting next_dagrun for example_subdag_operator.section-1 to None, run_after=None
[2024-12-18T10:09:34.475+0000] {logging_mixin.py:190} INFO - [2024-12-18T10:09:34.474+0000] {dag.py:4180} INFO - Setting next_dagrun for example_subdag_operator.section-2 to None, run_after=None
[2024-12-18T10:09:34.485+0000] {processor.py:208} INFO - Processing /home/airflow/.local/lib/python3.12/site-packages/airflow/example_dags/example_subdag_operator.py took 0.102 seconds
[2024-12-18T10:10:06.152+0000] {processor.py:186} INFO - Started process (PID=688) to work on /home/airflow/.local/lib/python3.12/site-packages/airflow/example_dags/example_subdag_operator.py
[2024-12-18T10:10:06.153+0000] {processor.py:914} INFO - Processing file /home/airflow/.local/lib/python3.12/site-packages/airflow/example_dags/example_subdag_operator.py for tasks to queue
[2024-12-18T10:10:06.154+0000] {logging_mixin.py:190} INFO - [2024-12-18T10:10:06.154+0000] {dagbag.py:588} INFO - Filling up the DagBag from /home/airflow/.local/lib/python3.12/site-packages/airflow/example_dags/example_subdag_operator.py
[2024-12-18T10:10:06.177+0000] {processor.py:925} INFO - DAG(s) 'example_subdag_operator.section-1', 'example_subdag_operator.section-2', 'example_subdag_operator' retrieved from /home/airflow/.local/lib/python3.12/site-packages/airflow/example_dags/example_subdag_operator.py
[2024-12-18T10:10:06.190+0000] {logging_mixin.py:190} INFO - [2024-12-18T10:10:06.190+0000] {dag.py:3239} INFO - Sync 3 DAGs
[2024-12-18T10:10:06.210+0000] {logging_mixin.py:190} INFO - [2024-12-18T10:10:06.210+0000] {dag.py:4180} INFO - Setting next_dagrun for example_subdag_operator to 2022-01-01 00:00:00+00:00, run_after=2022-01-01 00:00:00+00:00
[2024-12-18T10:10:06.213+0000] {logging_mixin.py:190} INFO - [2024-12-18T10:10:06.212+0000] {dag.py:4180} INFO - Setting next_dagrun for example_subdag_operator.section-1 to None, run_after=None
[2024-12-18T10:10:06.213+0000] {logging_mixin.py:190} INFO - [2024-12-18T10:10:06.213+0000] {dag.py:4180} INFO - Setting next_dagrun for example_subdag_operator.section-2 to None, run_after=None
[2024-12-18T10:10:06.218+0000] {logging_mixin.py:190} INFO - [2024-12-18T10:10:06.218+0000] {dag.py:3239} INFO - Sync 2 DAGs
[2024-12-18T10:10:06.222+0000] {logging_mixin.py:190} INFO - [2024-12-18T10:10:06.222+0000] {dag.py:4180} INFO - Setting next_dagrun for example_subdag_operator.section-1 to None, run_after=None
[2024-12-18T10:10:06.223+0000] {logging_mixin.py:190} INFO - [2024-12-18T10:10:06.222+0000] {dag.py:4180} INFO - Setting next_dagrun for example_subdag_operator.section-2 to None, run_after=None
[2024-12-18T10:10:06.230+0000] {processor.py:208} INFO - Processing /home/airflow/.local/lib/python3.12/site-packages/airflow/example_dags/example_subdag_operator.py took 0.083 seconds
[2024-12-18T10:10:36.551+0000] {processor.py:186} INFO - Started process (PID=751) to work on /home/airflow/.local/lib/python3.12/site-packages/airflow/example_dags/example_subdag_operator.py
[2024-12-18T10:10:36.552+0000] {processor.py:914} INFO - Processing file /home/airflow/.local/lib/python3.12/site-packages/airflow/example_dags/example_subdag_operator.py for tasks to queue
[2024-12-18T10:10:36.553+0000] {logging_mixin.py:190} INFO - [2024-12-18T10:10:36.553+0000] {dagbag.py:588} INFO - Filling up the DagBag from /home/airflow/.local/lib/python3.12/site-packages/airflow/example_dags/example_subdag_operator.py
[2024-12-18T10:10:36.576+0000] {processor.py:925} INFO - DAG(s) 'example_subdag_operator.section-1', 'example_subdag_operator.section-2', 'example_subdag_operator' retrieved from /home/airflow/.local/lib/python3.12/site-packages/airflow/example_dags/example_subdag_operator.py
[2024-12-18T10:10:36.595+0000] {logging_mixin.py:190} INFO - [2024-12-18T10:10:36.595+0000] {dag.py:3239} INFO - Sync 3 DAGs
[2024-12-18T10:10:36.619+0000] {logging_mixin.py:190} INFO - [2024-12-18T10:10:36.619+0000] {dag.py:4180} INFO - Setting next_dagrun for example_subdag_operator to 2022-01-01 00:00:00+00:00, run_after=2022-01-01 00:00:00+00:00
[2024-12-18T10:10:36.622+0000] {logging_mixin.py:190} INFO - [2024-12-18T10:10:36.622+0000] {dag.py:4180} INFO - Setting next_dagrun for example_subdag_operator.section-1 to None, run_after=None
[2024-12-18T10:10:36.623+0000] {logging_mixin.py:190} INFO - [2024-12-18T10:10:36.623+0000] {dag.py:4180} INFO - Setting next_dagrun for example_subdag_operator.section-2 to None, run_after=None
[2024-12-18T10:10:36.629+0000] {logging_mixin.py:190} INFO - [2024-12-18T10:10:36.629+0000] {dag.py:3239} INFO - Sync 2 DAGs
[2024-12-18T10:10:36.634+0000] {logging_mixin.py:190} INFO - [2024-12-18T10:10:36.634+0000] {dag.py:4180} INFO - Setting next_dagrun for example_subdag_operator.section-1 to None, run_after=None
[2024-12-18T10:10:36.634+0000] {logging_mixin.py:190} INFO - [2024-12-18T10:10:36.634+0000] {dag.py:4180} INFO - Setting next_dagrun for example_subdag_operator.section-2 to None, run_after=None
[2024-12-18T10:10:36.644+0000] {processor.py:208} INFO - Processing /home/airflow/.local/lib/python3.12/site-packages/airflow/example_dags/example_subdag_operator.py took 0.098 seconds
[2024-12-18T10:11:08.915+0000] {processor.py:186} INFO - Started process (PID=817) to work on /home/airflow/.local/lib/python3.12/site-packages/airflow/example_dags/example_subdag_operator.py
[2024-12-18T10:11:08.916+0000] {processor.py:914} INFO - Processing file /home/airflow/.local/lib/python3.12/site-packages/airflow/example_dags/example_subdag_operator.py for tasks to queue
[2024-12-18T10:11:08.917+0000] {logging_mixin.py:190} INFO - [2024-12-18T10:11:08.916+0000] {dagbag.py:588} INFO - Filling up the DagBag from /home/airflow/.local/lib/python3.12/site-packages/airflow/example_dags/example_subdag_operator.py
[2024-12-18T10:11:08.941+0000] {processor.py:925} INFO - DAG(s) 'example_subdag_operator.section-1', 'example_subdag_operator.section-2', 'example_subdag_operator' retrieved from /home/airflow/.local/lib/python3.12/site-packages/airflow/example_dags/example_subdag_operator.py
[2024-12-18T10:11:08.958+0000] {logging_mixin.py:190} INFO - [2024-12-18T10:11:08.958+0000] {dag.py:3239} INFO - Sync 3 DAGs
[2024-12-18T10:11:08.981+0000] {logging_mixin.py:190} INFO - [2024-12-18T10:11:08.981+0000] {dag.py:4180} INFO - Setting next_dagrun for example_subdag_operator to 2022-01-01 00:00:00+00:00, run_after=2022-01-01 00:00:00+00:00
[2024-12-18T10:11:08.985+0000] {logging_mixin.py:190} INFO - [2024-12-18T10:11:08.984+0000] {dag.py:4180} INFO - Setting next_dagrun for example_subdag_operator.section-1 to None, run_after=None
[2024-12-18T10:11:08.986+0000] {logging_mixin.py:190} INFO - [2024-12-18T10:11:08.985+0000] {dag.py:4180} INFO - Setting next_dagrun for example_subdag_operator.section-2 to None, run_after=None
[2024-12-18T10:11:08.992+0000] {logging_mixin.py:190} INFO - [2024-12-18T10:11:08.991+0000] {dag.py:3239} INFO - Sync 2 DAGs
[2024-12-18T10:11:08.996+0000] {logging_mixin.py:190} INFO - [2024-12-18T10:11:08.996+0000] {dag.py:4180} INFO - Setting next_dagrun for example_subdag_operator.section-1 to None, run_after=None
[2024-12-18T10:11:08.997+0000] {logging_mixin.py:190} INFO - [2024-12-18T10:11:08.997+0000] {dag.py:4180} INFO - Setting next_dagrun for example_subdag_operator.section-2 to None, run_after=None
[2024-12-18T10:11:09.006+0000] {processor.py:208} INFO - Processing /home/airflow/.local/lib/python3.12/site-packages/airflow/example_dags/example_subdag_operator.py took 0.097 seconds
[2024-12-18T10:11:39.173+0000] {processor.py:186} INFO - Started process (PID=880) to work on /home/airflow/.local/lib/python3.12/site-packages/airflow/example_dags/example_subdag_operator.py
[2024-12-18T10:11:39.174+0000] {processor.py:914} INFO - Processing file /home/airflow/.local/lib/python3.12/site-packages/airflow/example_dags/example_subdag_operator.py for tasks to queue
[2024-12-18T10:11:39.175+0000] {logging_mixin.py:190} INFO - [2024-12-18T10:11:39.174+0000] {dagbag.py:588} INFO - Filling up the DagBag from /home/airflow/.local/lib/python3.12/site-packages/airflow/example_dags/example_subdag_operator.py
[2024-12-18T10:11:39.199+0000] {processor.py:925} INFO - DAG(s) 'example_subdag_operator.section-1', 'example_subdag_operator.section-2', 'example_subdag_operator' retrieved from /home/airflow/.local/lib/python3.12/site-packages/airflow/example_dags/example_subdag_operator.py
[2024-12-18T10:11:39.213+0000] {logging_mixin.py:190} INFO - [2024-12-18T10:11:39.212+0000] {dag.py:3239} INFO - Sync 3 DAGs
[2024-12-18T10:11:39.237+0000] {logging_mixin.py:190} INFO - [2024-12-18T10:11:39.237+0000] {dag.py:4180} INFO - Setting next_dagrun for example_subdag_operator to 2022-01-01 00:00:00+00:00, run_after=2022-01-01 00:00:00+00:00
[2024-12-18T10:11:39.242+0000] {logging_mixin.py:190} INFO - [2024-12-18T10:11:39.241+0000] {dag.py:4180} INFO - Setting next_dagrun for example_subdag_operator.section-1 to None, run_after=None
[2024-12-18T10:11:39.243+0000] {logging_mixin.py:190} INFO - [2024-12-18T10:11:39.243+0000] {dag.py:4180} INFO - Setting next_dagrun for example_subdag_operator.section-2 to None, run_after=None
[2024-12-18T10:11:39.251+0000] {logging_mixin.py:190} INFO - [2024-12-18T10:11:39.250+0000] {dag.py:3239} INFO - Sync 2 DAGs
[2024-12-18T10:11:39.256+0000] {logging_mixin.py:190} INFO - [2024-12-18T10:11:39.256+0000] {dag.py:4180} INFO - Setting next_dagrun for example_subdag_operator.section-1 to None, run_after=None
[2024-12-18T10:11:39.256+0000] {logging_mixin.py:190} INFO - [2024-12-18T10:11:39.256+0000] {dag.py:4180} INFO - Setting next_dagrun for example_subdag_operator.section-2 to None, run_after=None
[2024-12-18T10:11:39.266+0000] {processor.py:208} INFO - Processing /home/airflow/.local/lib/python3.12/site-packages/airflow/example_dags/example_subdag_operator.py took 0.099 seconds
[2024-12-18T10:12:11.298+0000] {processor.py:186} INFO - Started process (PID=946) to work on /home/airflow/.local/lib/python3.12/site-packages/airflow/example_dags/example_subdag_operator.py
[2024-12-18T10:12:11.299+0000] {processor.py:914} INFO - Processing file /home/airflow/.local/lib/python3.12/site-packages/airflow/example_dags/example_subdag_operator.py for tasks to queue
[2024-12-18T10:12:11.300+0000] {logging_mixin.py:190} INFO - [2024-12-18T10:12:11.300+0000] {dagbag.py:588} INFO - Filling up the DagBag from /home/airflow/.local/lib/python3.12/site-packages/airflow/example_dags/example_subdag_operator.py
[2024-12-18T10:12:11.325+0000] {processor.py:925} INFO - DAG(s) 'example_subdag_operator.section-1', 'example_subdag_operator.section-2', 'example_subdag_operator' retrieved from /home/airflow/.local/lib/python3.12/site-packages/airflow/example_dags/example_subdag_operator.py
[2024-12-18T10:12:11.339+0000] {logging_mixin.py:190} INFO - [2024-12-18T10:12:11.339+0000] {dag.py:3239} INFO - Sync 3 DAGs
[2024-12-18T10:12:11.361+0000] {logging_mixin.py:190} INFO - [2024-12-18T10:12:11.361+0000] {dag.py:4180} INFO - Setting next_dagrun for example_subdag_operator to 2022-01-01 00:00:00+00:00, run_after=2022-01-01 00:00:00+00:00
[2024-12-18T10:12:11.364+0000] {logging_mixin.py:190} INFO - [2024-12-18T10:12:11.364+0000] {dag.py:4180} INFO - Setting next_dagrun for example_subdag_operator.section-1 to None, run_after=None
[2024-12-18T10:12:11.366+0000] {logging_mixin.py:190} INFO - [2024-12-18T10:12:11.365+0000] {dag.py:4180} INFO - Setting next_dagrun for example_subdag_operator.section-2 to None, run_after=None
[2024-12-18T10:12:11.371+0000] {logging_mixin.py:190} INFO - [2024-12-18T10:12:11.371+0000] {dag.py:3239} INFO - Sync 2 DAGs
[2024-12-18T10:12:11.376+0000] {logging_mixin.py:190} INFO - [2024-12-18T10:12:11.376+0000] {dag.py:4180} INFO - Setting next_dagrun for example_subdag_operator.section-1 to None, run_after=None
[2024-12-18T10:12:11.376+0000] {logging_mixin.py:190} INFO - [2024-12-18T10:12:11.376+0000] {dag.py:4180} INFO - Setting next_dagrun for example_subdag_operator.section-2 to None, run_after=None
[2024-12-18T10:12:11.385+0000] {processor.py:208} INFO - Processing /home/airflow/.local/lib/python3.12/site-packages/airflow/example_dags/example_subdag_operator.py took 0.093 seconds
[2024-12-18T10:12:41.754+0000] {processor.py:186} INFO - Started process (PID=1009) to work on /home/airflow/.local/lib/python3.12/site-packages/airflow/example_dags/example_subdag_operator.py
[2024-12-18T10:12:41.754+0000] {processor.py:914} INFO - Processing file /home/airflow/.local/lib/python3.12/site-packages/airflow/example_dags/example_subdag_operator.py for tasks to queue
[2024-12-18T10:12:41.756+0000] {logging_mixin.py:190} INFO - [2024-12-18T10:12:41.755+0000] {dagbag.py:588} INFO - Filling up the DagBag from /home/airflow/.local/lib/python3.12/site-packages/airflow/example_dags/example_subdag_operator.py
[2024-12-18T10:12:41.784+0000] {processor.py:925} INFO - DAG(s) 'example_subdag_operator.section-1', 'example_subdag_operator.section-2', 'example_subdag_operator' retrieved from /home/airflow/.local/lib/python3.12/site-packages/airflow/example_dags/example_subdag_operator.py
[2024-12-18T10:12:41.808+0000] {logging_mixin.py:190} INFO - [2024-12-18T10:12:41.808+0000] {dag.py:3239} INFO - Sync 3 DAGs
[2024-12-18T10:12:41.835+0000] {logging_mixin.py:190} INFO - [2024-12-18T10:12:41.834+0000] {dag.py:4180} INFO - Setting next_dagrun for example_subdag_operator to 2022-01-01 00:00:00+00:00, run_after=2022-01-01 00:00:00+00:00
[2024-12-18T10:12:41.838+0000] {logging_mixin.py:190} INFO - [2024-12-18T10:12:41.838+0000] {dag.py:4180} INFO - Setting next_dagrun for example_subdag_operator.section-1 to None, run_after=None
[2024-12-18T10:12:41.840+0000] {logging_mixin.py:190} INFO - [2024-12-18T10:12:41.839+0000] {dag.py:4180} INFO - Setting next_dagrun for example_subdag_operator.section-2 to None, run_after=None
[2024-12-18T10:12:41.847+0000] {logging_mixin.py:190} INFO - [2024-12-18T10:12:41.846+0000] {dag.py:3239} INFO - Sync 2 DAGs
[2024-12-18T10:12:41.853+0000] {logging_mixin.py:190} INFO - [2024-12-18T10:12:41.852+0000] {dag.py:4180} INFO - Setting next_dagrun for example_subdag_operator.section-1 to None, run_after=None
[2024-12-18T10:12:41.853+0000] {logging_mixin.py:190} INFO - [2024-12-18T10:12:41.853+0000] {dag.py:4180} INFO - Setting next_dagrun for example_subdag_operator.section-2 to None, run_after=None
[2024-12-18T10:12:41.864+0000] {processor.py:208} INFO - Processing /home/airflow/.local/lib/python3.12/site-packages/airflow/example_dags/example_subdag_operator.py took 0.117 seconds
[2024-12-18T10:13:12.528+0000] {processor.py:186} INFO - Started process (PID=1072) to work on /home/airflow/.local/lib/python3.12/site-packages/airflow/example_dags/example_subdag_operator.py
[2024-12-18T10:13:12.529+0000] {processor.py:914} INFO - Processing file /home/airflow/.local/lib/python3.12/site-packages/airflow/example_dags/example_subdag_operator.py for tasks to queue
[2024-12-18T10:13:12.530+0000] {logging_mixin.py:190} INFO - [2024-12-18T10:13:12.530+0000] {dagbag.py:588} INFO - Filling up the DagBag from /home/airflow/.local/lib/python3.12/site-packages/airflow/example_dags/example_subdag_operator.py
[2024-12-18T10:13:12.564+0000] {processor.py:925} INFO - DAG(s) 'example_subdag_operator.section-1', 'example_subdag_operator.section-2', 'example_subdag_operator' retrieved from /home/airflow/.local/lib/python3.12/site-packages/airflow/example_dags/example_subdag_operator.py
[2024-12-18T10:13:12.585+0000] {logging_mixin.py:190} INFO - [2024-12-18T10:13:12.584+0000] {dag.py:3239} INFO - Sync 3 DAGs
[2024-12-18T10:13:12.607+0000] {logging_mixin.py:190} INFO - [2024-12-18T10:13:12.606+0000] {dag.py:4180} INFO - Setting next_dagrun for example_subdag_operator to 2022-01-01 00:00:00+00:00, run_after=2022-01-01 00:00:00+00:00
[2024-12-18T10:13:12.611+0000] {logging_mixin.py:190} INFO - [2024-12-18T10:13:12.611+0000] {dag.py:4180} INFO - Setting next_dagrun for example_subdag_operator.section-1 to None, run_after=None
[2024-12-18T10:13:12.613+0000] {logging_mixin.py:190} INFO - [2024-12-18T10:13:12.612+0000] {dag.py:4180} INFO - Setting next_dagrun for example_subdag_operator.section-2 to None, run_after=None
[2024-12-18T10:13:12.623+0000] {logging_mixin.py:190} INFO - [2024-12-18T10:13:12.623+0000] {dag.py:3239} INFO - Sync 2 DAGs
[2024-12-18T10:13:12.628+0000] {logging_mixin.py:190} INFO - [2024-12-18T10:13:12.628+0000] {dag.py:4180} INFO - Setting next_dagrun for example_subdag_operator.section-1 to None, run_after=None
[2024-12-18T10:13:12.629+0000] {logging_mixin.py:190} INFO - [2024-12-18T10:13:12.629+0000] {dag.py:4180} INFO - Setting next_dagrun for example_subdag_operator.section-2 to None, run_after=None
[2024-12-18T10:13:12.641+0000] {processor.py:208} INFO - Processing /home/airflow/.local/lib/python3.12/site-packages/airflow/example_dags/example_subdag_operator.py took 0.121 seconds
[2024-12-18T10:13:43.041+0000] {processor.py:186} INFO - Started process (PID=1135) to work on /home/airflow/.local/lib/python3.12/site-packages/airflow/example_dags/example_subdag_operator.py
[2024-12-18T10:13:43.042+0000] {processor.py:914} INFO - Processing file /home/airflow/.local/lib/python3.12/site-packages/airflow/example_dags/example_subdag_operator.py for tasks to queue
[2024-12-18T10:13:43.043+0000] {logging_mixin.py:190} INFO - [2024-12-18T10:13:43.043+0000] {dagbag.py:588} INFO - Filling up the DagBag from /home/airflow/.local/lib/python3.12/site-packages/airflow/example_dags/example_subdag_operator.py
[2024-12-18T10:13:43.077+0000] {processor.py:925} INFO - DAG(s) 'example_subdag_operator.section-1', 'example_subdag_operator.section-2', 'example_subdag_operator' retrieved from /home/airflow/.local/lib/python3.12/site-packages/airflow/example_dags/example_subdag_operator.py
[2024-12-18T10:13:43.092+0000] {logging_mixin.py:190} INFO - [2024-12-18T10:13:43.092+0000] {dag.py:3239} INFO - Sync 3 DAGs
[2024-12-18T10:13:43.116+0000] {logging_mixin.py:190} INFO - [2024-12-18T10:13:43.116+0000] {dag.py:4180} INFO - Setting next_dagrun for example_subdag_operator to 2022-01-01 00:00:00+00:00, run_after=2022-01-01 00:00:00+00:00
[2024-12-18T10:13:43.119+0000] {logging_mixin.py:190} INFO - [2024-12-18T10:13:43.119+0000] {dag.py:4180} INFO - Setting next_dagrun for example_subdag_operator.section-1 to None, run_after=None
[2024-12-18T10:13:43.120+0000] {logging_mixin.py:190} INFO - [2024-12-18T10:13:43.120+0000] {dag.py:4180} INFO - Setting next_dagrun for example_subdag_operator.section-2 to None, run_after=None
[2024-12-18T10:13:43.126+0000] {logging_mixin.py:190} INFO - [2024-12-18T10:13:43.126+0000] {dag.py:3239} INFO - Sync 2 DAGs
[2024-12-18T10:13:43.132+0000] {logging_mixin.py:190} INFO - [2024-12-18T10:13:43.132+0000] {dag.py:4180} INFO - Setting next_dagrun for example_subdag_operator.section-1 to None, run_after=None
[2024-12-18T10:13:43.133+0000] {logging_mixin.py:190} INFO - [2024-12-18T10:13:43.133+0000] {dag.py:4180} INFO - Setting next_dagrun for example_subdag_operator.section-2 to None, run_after=None
[2024-12-18T10:13:43.143+0000] {processor.py:208} INFO - Processing /home/airflow/.local/lib/python3.12/site-packages/airflow/example_dags/example_subdag_operator.py took 0.109 seconds
[2024-12-18T10:15:26.160+0000] {processor.py:186} INFO - Started process (PID=104) to work on /home/airflow/.local/lib/python3.12/site-packages/airflow/example_dags/example_subdag_operator.py
[2024-12-18T10:15:26.161+0000] {processor.py:914} INFO - Processing file /home/airflow/.local/lib/python3.12/site-packages/airflow/example_dags/example_subdag_operator.py for tasks to queue
[2024-12-18T10:15:26.163+0000] {logging_mixin.py:190} INFO - [2024-12-18T10:15:26.163+0000] {dagbag.py:588} INFO - Filling up the DagBag from /home/airflow/.local/lib/python3.12/site-packages/airflow/example_dags/example_subdag_operator.py
[2024-12-18T10:15:26.192+0000] {processor.py:925} INFO - DAG(s) 'example_subdag_operator.section-1', 'example_subdag_operator.section-2', 'example_subdag_operator' retrieved from /home/airflow/.local/lib/python3.12/site-packages/airflow/example_dags/example_subdag_operator.py
[2024-12-18T10:15:26.211+0000] {logging_mixin.py:190} INFO - [2024-12-18T10:15:26.210+0000] {dag.py:3239} INFO - Sync 3 DAGs
[2024-12-18T10:15:26.233+0000] {logging_mixin.py:190} INFO - [2024-12-18T10:15:26.233+0000] {dag.py:4180} INFO - Setting next_dagrun for example_subdag_operator to 2022-01-01 00:00:00+00:00, run_after=2022-01-01 00:00:00+00:00
[2024-12-18T10:15:26.237+0000] {logging_mixin.py:190} INFO - [2024-12-18T10:15:26.237+0000] {dag.py:4180} INFO - Setting next_dagrun for example_subdag_operator.section-1 to None, run_after=None
[2024-12-18T10:15:26.239+0000] {logging_mixin.py:190} INFO - [2024-12-18T10:15:26.239+0000] {dag.py:4180} INFO - Setting next_dagrun for example_subdag_operator.section-2 to None, run_after=None
[2024-12-18T10:15:26.246+0000] {logging_mixin.py:190} INFO - [2024-12-18T10:15:26.246+0000] {dag.py:3239} INFO - Sync 2 DAGs
[2024-12-18T10:15:26.252+0000] {logging_mixin.py:190} INFO - [2024-12-18T10:15:26.252+0000] {dag.py:4180} INFO - Setting next_dagrun for example_subdag_operator.section-1 to None, run_after=None
[2024-12-18T10:15:26.253+0000] {logging_mixin.py:190} INFO - [2024-12-18T10:15:26.253+0000] {dag.py:4180} INFO - Setting next_dagrun for example_subdag_operator.section-2 to None, run_after=None
[2024-12-18T10:15:26.262+0000] {processor.py:208} INFO - Processing /home/airflow/.local/lib/python3.12/site-packages/airflow/example_dags/example_subdag_operator.py took 0.108 seconds
[2024-12-18T10:15:56.912+0000] {processor.py:186} INFO - Started process (PID=169) to work on /home/airflow/.local/lib/python3.12/site-packages/airflow/example_dags/example_subdag_operator.py
[2024-12-18T10:15:56.913+0000] {processor.py:914} INFO - Processing file /home/airflow/.local/lib/python3.12/site-packages/airflow/example_dags/example_subdag_operator.py for tasks to queue
[2024-12-18T10:15:56.917+0000] {logging_mixin.py:190} INFO - [2024-12-18T10:15:56.916+0000] {dagbag.py:588} INFO - Filling up the DagBag from /home/airflow/.local/lib/python3.12/site-packages/airflow/example_dags/example_subdag_operator.py
[2024-12-18T10:15:56.949+0000] {processor.py:925} INFO - DAG(s) 'example_subdag_operator.section-1', 'example_subdag_operator.section-2', 'example_subdag_operator' retrieved from /home/airflow/.local/lib/python3.12/site-packages/airflow/example_dags/example_subdag_operator.py
[2024-12-18T10:15:56.968+0000] {logging_mixin.py:190} INFO - [2024-12-18T10:15:56.967+0000] {dag.py:3239} INFO - Sync 3 DAGs
[2024-12-18T10:15:56.991+0000] {logging_mixin.py:190} INFO - [2024-12-18T10:15:56.991+0000] {dag.py:4180} INFO - Setting next_dagrun for example_subdag_operator to 2022-01-01 00:00:00+00:00, run_after=2022-01-01 00:00:00+00:00
[2024-12-18T10:15:56.995+0000] {logging_mixin.py:190} INFO - [2024-12-18T10:15:56.995+0000] {dag.py:4180} INFO - Setting next_dagrun for example_subdag_operator.section-1 to None, run_after=None
[2024-12-18T10:15:56.996+0000] {logging_mixin.py:190} INFO - [2024-12-18T10:15:56.996+0000] {dag.py:4180} INFO - Setting next_dagrun for example_subdag_operator.section-2 to None, run_after=None
[2024-12-18T10:15:57.002+0000] {logging_mixin.py:190} INFO - [2024-12-18T10:15:57.002+0000] {dag.py:3239} INFO - Sync 2 DAGs
[2024-12-18T10:15:57.008+0000] {logging_mixin.py:190} INFO - [2024-12-18T10:15:57.008+0000] {dag.py:4180} INFO - Setting next_dagrun for example_subdag_operator.section-1 to None, run_after=None
[2024-12-18T10:15:57.008+0000] {logging_mixin.py:190} INFO - [2024-12-18T10:15:57.008+0000] {dag.py:4180} INFO - Setting next_dagrun for example_subdag_operator.section-2 to None, run_after=None
[2024-12-18T10:15:57.017+0000] {processor.py:208} INFO - Processing /home/airflow/.local/lib/python3.12/site-packages/airflow/example_dags/example_subdag_operator.py took 0.114 seconds
[2024-12-18T10:16:27.189+0000] {processor.py:186} INFO - Started process (PID=237) to work on /home/airflow/.local/lib/python3.12/site-packages/airflow/example_dags/example_subdag_operator.py
[2024-12-18T10:16:27.190+0000] {processor.py:914} INFO - Processing file /home/airflow/.local/lib/python3.12/site-packages/airflow/example_dags/example_subdag_operator.py for tasks to queue
[2024-12-18T10:16:27.192+0000] {logging_mixin.py:190} INFO - [2024-12-18T10:16:27.191+0000] {dagbag.py:588} INFO - Filling up the DagBag from /home/airflow/.local/lib/python3.12/site-packages/airflow/example_dags/example_subdag_operator.py
[2024-12-18T10:16:27.223+0000] {processor.py:925} INFO - DAG(s) 'example_subdag_operator.section-1', 'example_subdag_operator.section-2', 'example_subdag_operator' retrieved from /home/airflow/.local/lib/python3.12/site-packages/airflow/example_dags/example_subdag_operator.py
[2024-12-18T10:16:27.246+0000] {logging_mixin.py:190} INFO - [2024-12-18T10:16:27.246+0000] {dag.py:3239} INFO - Sync 3 DAGs
[2024-12-18T10:16:27.281+0000] {logging_mixin.py:190} INFO - [2024-12-18T10:16:27.280+0000] {dag.py:4180} INFO - Setting next_dagrun for example_subdag_operator to 2022-01-01 00:00:00+00:00, run_after=2022-01-01 00:00:00+00:00
[2024-12-18T10:16:27.289+0000] {logging_mixin.py:190} INFO - [2024-12-18T10:16:27.289+0000] {dag.py:4180} INFO - Setting next_dagrun for example_subdag_operator.section-1 to None, run_after=None
[2024-12-18T10:16:27.292+0000] {logging_mixin.py:190} INFO - [2024-12-18T10:16:27.291+0000] {dag.py:4180} INFO - Setting next_dagrun for example_subdag_operator.section-2 to None, run_after=None
[2024-12-18T10:16:27.306+0000] {logging_mixin.py:190} INFO - [2024-12-18T10:16:27.305+0000] {dag.py:3239} INFO - Sync 2 DAGs
[2024-12-18T10:16:27.316+0000] {logging_mixin.py:190} INFO - [2024-12-18T10:16:27.316+0000] {dag.py:4180} INFO - Setting next_dagrun for example_subdag_operator.section-1 to None, run_after=None
[2024-12-18T10:16:27.317+0000] {logging_mixin.py:190} INFO - [2024-12-18T10:16:27.316+0000] {dag.py:4180} INFO - Setting next_dagrun for example_subdag_operator.section-2 to None, run_after=None
[2024-12-18T10:16:27.344+0000] {processor.py:208} INFO - Processing /home/airflow/.local/lib/python3.12/site-packages/airflow/example_dags/example_subdag_operator.py took 0.162 seconds
[2024-12-18T10:16:58.046+0000] {processor.py:186} INFO - Started process (PID=301) to work on /home/airflow/.local/lib/python3.12/site-packages/airflow/example_dags/example_subdag_operator.py
[2024-12-18T10:16:58.046+0000] {processor.py:914} INFO - Processing file /home/airflow/.local/lib/python3.12/site-packages/airflow/example_dags/example_subdag_operator.py for tasks to queue
[2024-12-18T10:16:58.049+0000] {logging_mixin.py:190} INFO - [2024-12-18T10:16:58.048+0000] {dagbag.py:588} INFO - Filling up the DagBag from /home/airflow/.local/lib/python3.12/site-packages/airflow/example_dags/example_subdag_operator.py
[2024-12-18T10:16:58.078+0000] {processor.py:925} INFO - DAG(s) 'example_subdag_operator.section-1', 'example_subdag_operator.section-2', 'example_subdag_operator' retrieved from /home/airflow/.local/lib/python3.12/site-packages/airflow/example_dags/example_subdag_operator.py
[2024-12-18T10:16:58.093+0000] {logging_mixin.py:190} INFO - [2024-12-18T10:16:58.093+0000] {dag.py:3239} INFO - Sync 3 DAGs
[2024-12-18T10:16:58.118+0000] {logging_mixin.py:190} INFO - [2024-12-18T10:16:58.118+0000] {dag.py:4180} INFO - Setting next_dagrun for example_subdag_operator to 2022-01-01 00:00:00+00:00, run_after=2022-01-01 00:00:00+00:00
[2024-12-18T10:16:58.122+0000] {logging_mixin.py:190} INFO - [2024-12-18T10:16:58.121+0000] {dag.py:4180} INFO - Setting next_dagrun for example_subdag_operator.section-1 to None, run_after=None
[2024-12-18T10:16:58.123+0000] {logging_mixin.py:190} INFO - [2024-12-18T10:16:58.123+0000] {dag.py:4180} INFO - Setting next_dagrun for example_subdag_operator.section-2 to None, run_after=None
[2024-12-18T10:16:58.130+0000] {logging_mixin.py:190} INFO - [2024-12-18T10:16:58.130+0000] {dag.py:3239} INFO - Sync 2 DAGs
[2024-12-18T10:16:58.135+0000] {logging_mixin.py:190} INFO - [2024-12-18T10:16:58.135+0000] {dag.py:4180} INFO - Setting next_dagrun for example_subdag_operator.section-1 to None, run_after=None
[2024-12-18T10:16:58.136+0000] {logging_mixin.py:190} INFO - [2024-12-18T10:16:58.136+0000] {dag.py:4180} INFO - Setting next_dagrun for example_subdag_operator.section-2 to None, run_after=None
[2024-12-18T10:16:58.145+0000] {processor.py:208} INFO - Processing /home/airflow/.local/lib/python3.12/site-packages/airflow/example_dags/example_subdag_operator.py took 0.105 seconds
[2024-12-18T10:17:28.959+0000] {processor.py:186} INFO - Started process (PID=365) to work on /home/airflow/.local/lib/python3.12/site-packages/airflow/example_dags/example_subdag_operator.py
[2024-12-18T10:17:28.960+0000] {processor.py:914} INFO - Processing file /home/airflow/.local/lib/python3.12/site-packages/airflow/example_dags/example_subdag_operator.py for tasks to queue
[2024-12-18T10:17:28.962+0000] {logging_mixin.py:190} INFO - [2024-12-18T10:17:28.962+0000] {dagbag.py:588} INFO - Filling up the DagBag from /home/airflow/.local/lib/python3.12/site-packages/airflow/example_dags/example_subdag_operator.py
[2024-12-18T10:17:28.987+0000] {processor.py:925} INFO - DAG(s) 'example_subdag_operator.section-1', 'example_subdag_operator.section-2', 'example_subdag_operator' retrieved from /home/airflow/.local/lib/python3.12/site-packages/airflow/example_dags/example_subdag_operator.py
[2024-12-18T10:17:29.004+0000] {logging_mixin.py:190} INFO - [2024-12-18T10:17:29.004+0000] {dag.py:3239} INFO - Sync 3 DAGs
[2024-12-18T10:17:29.033+0000] {logging_mixin.py:190} INFO - [2024-12-18T10:17:29.033+0000] {dag.py:4180} INFO - Setting next_dagrun for example_subdag_operator to 2022-01-01 00:00:00+00:00, run_after=2022-01-01 00:00:00+00:00
[2024-12-18T10:17:29.038+0000] {logging_mixin.py:190} INFO - [2024-12-18T10:17:29.037+0000] {dag.py:4180} INFO - Setting next_dagrun for example_subdag_operator.section-1 to None, run_after=None
[2024-12-18T10:17:29.039+0000] {logging_mixin.py:190} INFO - [2024-12-18T10:17:29.039+0000] {dag.py:4180} INFO - Setting next_dagrun for example_subdag_operator.section-2 to None, run_after=None
[2024-12-18T10:17:29.046+0000] {logging_mixin.py:190} INFO - [2024-12-18T10:17:29.046+0000] {dag.py:3239} INFO - Sync 2 DAGs
[2024-12-18T10:17:29.052+0000] {logging_mixin.py:190} INFO - [2024-12-18T10:17:29.052+0000] {dag.py:4180} INFO - Setting next_dagrun for example_subdag_operator.section-1 to None, run_after=None
[2024-12-18T10:17:29.052+0000] {logging_mixin.py:190} INFO - [2024-12-18T10:17:29.052+0000] {dag.py:4180} INFO - Setting next_dagrun for example_subdag_operator.section-2 to None, run_after=None
[2024-12-18T10:17:29.064+0000] {processor.py:208} INFO - Processing /home/airflow/.local/lib/python3.12/site-packages/airflow/example_dags/example_subdag_operator.py took 0.111 seconds
