[2024-12-18T09:53:48.158+0000] {processor.py:186} INFO - Started process (PID=85) to work on /home/airflow/.local/lib/python3.12/site-packages/airflow/example_dags/example_latest_only_with_trigger.py
[2024-12-18T09:53:48.159+0000] {processor.py:914} INFO - Processing file /home/airflow/.local/lib/python3.12/site-packages/airflow/example_dags/example_latest_only_with_trigger.py for tasks to queue
[2024-12-18T09:53:48.161+0000] {logging_mixin.py:190} INFO - [2024-12-18T09:53:48.161+0000] {dagbag.py:588} INFO - Filling up the DagBag from /home/airflow/.local/lib/python3.12/site-packages/airflow/example_dags/example_latest_only_with_trigger.py
[2024-12-18T09:53:48.173+0000] {processor.py:925} INFO - DAG(s) 'latest_only_with_trigger' retrieved from /home/airflow/.local/lib/python3.12/site-packages/airflow/example_dags/example_latest_only_with_trigger.py
[2024-12-18T09:53:48.198+0000] {logging_mixin.py:190} INFO - [2024-12-18T09:53:48.198+0000] {dag.py:3239} INFO - Sync 1 DAGs
[2024-12-18T09:53:48.219+0000] {logging_mixin.py:190} INFO - [2024-12-18T09:53:48.219+0000] {dag.py:4180} INFO - Setting next_dagrun for latest_only_with_trigger to 2024-12-18 04:00:00+00:00, run_after=2024-12-18 08:00:00+00:00
[2024-12-18T09:53:48.234+0000] {processor.py:208} INFO - Processing /home/airflow/.local/lib/python3.12/site-packages/airflow/example_dags/example_latest_only_with_trigger.py took 0.082 seconds
[2024-12-18T09:54:19.354+0000] {processor.py:186} INFO - Started process (PID=155) to work on /home/airflow/.local/lib/python3.12/site-packages/airflow/example_dags/example_latest_only_with_trigger.py
[2024-12-18T09:54:19.355+0000] {processor.py:914} INFO - Processing file /home/airflow/.local/lib/python3.12/site-packages/airflow/example_dags/example_latest_only_with_trigger.py for tasks to queue
[2024-12-18T09:54:19.357+0000] {logging_mixin.py:190} INFO - [2024-12-18T09:54:19.357+0000] {dagbag.py:588} INFO - Filling up the DagBag from /home/airflow/.local/lib/python3.12/site-packages/airflow/example_dags/example_latest_only_with_trigger.py
[2024-12-18T09:54:19.364+0000] {processor.py:925} INFO - DAG(s) 'latest_only_with_trigger' retrieved from /home/airflow/.local/lib/python3.12/site-packages/airflow/example_dags/example_latest_only_with_trigger.py
[2024-12-18T09:54:19.384+0000] {logging_mixin.py:190} INFO - [2024-12-18T09:54:19.384+0000] {dag.py:3239} INFO - Sync 1 DAGs
[2024-12-18T09:54:19.408+0000] {logging_mixin.py:190} INFO - [2024-12-18T09:54:19.408+0000] {dag.py:4180} INFO - Setting next_dagrun for latest_only_with_trigger to 2024-12-18 04:00:00+00:00, run_after=2024-12-18 08:00:00+00:00
[2024-12-18T09:54:19.427+0000] {processor.py:208} INFO - Processing /home/airflow/.local/lib/python3.12/site-packages/airflow/example_dags/example_latest_only_with_trigger.py took 0.078 seconds
[2024-12-18T09:54:50.231+0000] {processor.py:186} INFO - Started process (PID=219) to work on /home/airflow/.local/lib/python3.12/site-packages/airflow/example_dags/example_latest_only_with_trigger.py
[2024-12-18T09:54:50.231+0000] {processor.py:914} INFO - Processing file /home/airflow/.local/lib/python3.12/site-packages/airflow/example_dags/example_latest_only_with_trigger.py for tasks to queue
[2024-12-18T09:54:50.233+0000] {logging_mixin.py:190} INFO - [2024-12-18T09:54:50.233+0000] {dagbag.py:588} INFO - Filling up the DagBag from /home/airflow/.local/lib/python3.12/site-packages/airflow/example_dags/example_latest_only_with_trigger.py
[2024-12-18T09:54:50.240+0000] {processor.py:925} INFO - DAG(s) 'latest_only_with_trigger' retrieved from /home/airflow/.local/lib/python3.12/site-packages/airflow/example_dags/example_latest_only_with_trigger.py
[2024-12-18T09:54:50.268+0000] {logging_mixin.py:190} INFO - [2024-12-18T09:54:50.268+0000] {dag.py:3239} INFO - Sync 1 DAGs
[2024-12-18T09:54:50.301+0000] {logging_mixin.py:190} INFO - [2024-12-18T09:54:50.301+0000] {dag.py:4180} INFO - Setting next_dagrun for latest_only_with_trigger to 2024-12-18 04:00:00+00:00, run_after=2024-12-18 08:00:00+00:00
[2024-12-18T09:54:50.321+0000] {processor.py:208} INFO - Processing /home/airflow/.local/lib/python3.12/site-packages/airflow/example_dags/example_latest_only_with_trigger.py took 0.095 seconds
[2024-12-18T09:55:21.103+0000] {processor.py:186} INFO - Started process (PID=283) to work on /home/airflow/.local/lib/python3.12/site-packages/airflow/example_dags/example_latest_only_with_trigger.py
[2024-12-18T09:55:21.104+0000] {processor.py:914} INFO - Processing file /home/airflow/.local/lib/python3.12/site-packages/airflow/example_dags/example_latest_only_with_trigger.py for tasks to queue
[2024-12-18T09:55:21.106+0000] {logging_mixin.py:190} INFO - [2024-12-18T09:55:21.106+0000] {dagbag.py:588} INFO - Filling up the DagBag from /home/airflow/.local/lib/python3.12/site-packages/airflow/example_dags/example_latest_only_with_trigger.py
[2024-12-18T09:55:21.115+0000] {processor.py:925} INFO - DAG(s) 'latest_only_with_trigger' retrieved from /home/airflow/.local/lib/python3.12/site-packages/airflow/example_dags/example_latest_only_with_trigger.py
[2024-12-18T09:55:21.136+0000] {logging_mixin.py:190} INFO - [2024-12-18T09:55:21.136+0000] {dag.py:3239} INFO - Sync 1 DAGs
[2024-12-18T09:55:21.160+0000] {logging_mixin.py:190} INFO - [2024-12-18T09:55:21.160+0000] {dag.py:4180} INFO - Setting next_dagrun for latest_only_with_trigger to 2024-12-18 04:00:00+00:00, run_after=2024-12-18 08:00:00+00:00
[2024-12-18T09:55:21.178+0000] {processor.py:208} INFO - Processing /home/airflow/.local/lib/python3.12/site-packages/airflow/example_dags/example_latest_only_with_trigger.py took 0.082 seconds
[2024-12-18T09:55:52.692+0000] {processor.py:186} INFO - Started process (PID=350) to work on /home/airflow/.local/lib/python3.12/site-packages/airflow/example_dags/example_latest_only_with_trigger.py
[2024-12-18T09:55:52.693+0000] {processor.py:914} INFO - Processing file /home/airflow/.local/lib/python3.12/site-packages/airflow/example_dags/example_latest_only_with_trigger.py for tasks to queue
[2024-12-18T09:55:52.695+0000] {logging_mixin.py:190} INFO - [2024-12-18T09:55:52.695+0000] {dagbag.py:588} INFO - Filling up the DagBag from /home/airflow/.local/lib/python3.12/site-packages/airflow/example_dags/example_latest_only_with_trigger.py
[2024-12-18T09:55:52.702+0000] {processor.py:925} INFO - DAG(s) 'latest_only_with_trigger' retrieved from /home/airflow/.local/lib/python3.12/site-packages/airflow/example_dags/example_latest_only_with_trigger.py
[2024-12-18T09:55:52.722+0000] {logging_mixin.py:190} INFO - [2024-12-18T09:55:52.722+0000] {dag.py:3239} INFO - Sync 1 DAGs
[2024-12-18T09:55:52.745+0000] {logging_mixin.py:190} INFO - [2024-12-18T09:55:52.744+0000] {dag.py:4180} INFO - Setting next_dagrun for latest_only_with_trigger to 2024-12-18 04:00:00+00:00, run_after=2024-12-18 08:00:00+00:00
[2024-12-18T09:55:52.761+0000] {processor.py:208} INFO - Processing /home/airflow/.local/lib/python3.12/site-packages/airflow/example_dags/example_latest_only_with_trigger.py took 0.076 seconds
[2024-12-18T09:56:23.793+0000] {processor.py:186} INFO - Started process (PID=414) to work on /home/airflow/.local/lib/python3.12/site-packages/airflow/example_dags/example_latest_only_with_trigger.py
[2024-12-18T09:56:23.795+0000] {processor.py:914} INFO - Processing file /home/airflow/.local/lib/python3.12/site-packages/airflow/example_dags/example_latest_only_with_trigger.py for tasks to queue
[2024-12-18T09:56:23.798+0000] {logging_mixin.py:190} INFO - [2024-12-18T09:56:23.797+0000] {dagbag.py:588} INFO - Filling up the DagBag from /home/airflow/.local/lib/python3.12/site-packages/airflow/example_dags/example_latest_only_with_trigger.py
[2024-12-18T09:56:23.805+0000] {processor.py:925} INFO - DAG(s) 'latest_only_with_trigger' retrieved from /home/airflow/.local/lib/python3.12/site-packages/airflow/example_dags/example_latest_only_with_trigger.py
[2024-12-18T09:56:23.827+0000] {logging_mixin.py:190} INFO - [2024-12-18T09:56:23.826+0000] {dag.py:3239} INFO - Sync 1 DAGs
[2024-12-18T09:56:23.858+0000] {logging_mixin.py:190} INFO - [2024-12-18T09:56:23.858+0000] {dag.py:4180} INFO - Setting next_dagrun for latest_only_with_trigger to 2024-12-18 04:00:00+00:00, run_after=2024-12-18 08:00:00+00:00
[2024-12-18T09:56:23.877+0000] {processor.py:208} INFO - Processing /home/airflow/.local/lib/python3.12/site-packages/airflow/example_dags/example_latest_only_with_trigger.py took 0.090 seconds
[2024-12-18T09:56:54.879+0000] {processor.py:186} INFO - Started process (PID=492) to work on /home/airflow/.local/lib/python3.12/site-packages/airflow/example_dags/example_latest_only_with_trigger.py
[2024-12-18T09:56:54.880+0000] {processor.py:914} INFO - Processing file /home/airflow/.local/lib/python3.12/site-packages/airflow/example_dags/example_latest_only_with_trigger.py for tasks to queue
[2024-12-18T09:56:54.883+0000] {logging_mixin.py:190} INFO - [2024-12-18T09:56:54.883+0000] {dagbag.py:588} INFO - Filling up the DagBag from /home/airflow/.local/lib/python3.12/site-packages/airflow/example_dags/example_latest_only_with_trigger.py
[2024-12-18T09:56:54.893+0000] {processor.py:925} INFO - DAG(s) 'latest_only_with_trigger' retrieved from /home/airflow/.local/lib/python3.12/site-packages/airflow/example_dags/example_latest_only_with_trigger.py
[2024-12-18T09:56:54.912+0000] {logging_mixin.py:190} INFO - [2024-12-18T09:56:54.912+0000] {dag.py:3239} INFO - Sync 1 DAGs
[2024-12-18T09:56:54.935+0000] {logging_mixin.py:190} INFO - [2024-12-18T09:56:54.935+0000] {dag.py:4180} INFO - Setting next_dagrun for latest_only_with_trigger to 2024-12-18 04:00:00+00:00, run_after=2024-12-18 08:00:00+00:00
[2024-12-18T09:56:54.952+0000] {processor.py:208} INFO - Processing /home/airflow/.local/lib/python3.12/site-packages/airflow/example_dags/example_latest_only_with_trigger.py took 0.080 seconds
[2024-12-18T09:57:26.318+0000] {processor.py:186} INFO - Started process (PID=556) to work on /home/airflow/.local/lib/python3.12/site-packages/airflow/example_dags/example_latest_only_with_trigger.py
[2024-12-18T09:57:26.319+0000] {processor.py:914} INFO - Processing file /home/airflow/.local/lib/python3.12/site-packages/airflow/example_dags/example_latest_only_with_trigger.py for tasks to queue
[2024-12-18T09:57:26.322+0000] {logging_mixin.py:190} INFO - [2024-12-18T09:57:26.321+0000] {dagbag.py:588} INFO - Filling up the DagBag from /home/airflow/.local/lib/python3.12/site-packages/airflow/example_dags/example_latest_only_with_trigger.py
[2024-12-18T09:57:26.329+0000] {processor.py:925} INFO - DAG(s) 'latest_only_with_trigger' retrieved from /home/airflow/.local/lib/python3.12/site-packages/airflow/example_dags/example_latest_only_with_trigger.py
[2024-12-18T09:57:26.347+0000] {logging_mixin.py:190} INFO - [2024-12-18T09:57:26.347+0000] {dag.py:3239} INFO - Sync 1 DAGs
[2024-12-18T09:57:26.372+0000] {logging_mixin.py:190} INFO - [2024-12-18T09:57:26.372+0000] {dag.py:4180} INFO - Setting next_dagrun for latest_only_with_trigger to 2024-12-18 04:00:00+00:00, run_after=2024-12-18 08:00:00+00:00
[2024-12-18T09:57:26.399+0000] {processor.py:208} INFO - Processing /home/airflow/.local/lib/python3.12/site-packages/airflow/example_dags/example_latest_only_with_trigger.py took 0.086 seconds
[2024-12-18T09:57:57.791+0000] {processor.py:186} INFO - Started process (PID=620) to work on /home/airflow/.local/lib/python3.12/site-packages/airflow/example_dags/example_latest_only_with_trigger.py
[2024-12-18T09:57:57.792+0000] {processor.py:914} INFO - Processing file /home/airflow/.local/lib/python3.12/site-packages/airflow/example_dags/example_latest_only_with_trigger.py for tasks to queue
[2024-12-18T09:57:57.794+0000] {logging_mixin.py:190} INFO - [2024-12-18T09:57:57.794+0000] {dagbag.py:588} INFO - Filling up the DagBag from /home/airflow/.local/lib/python3.12/site-packages/airflow/example_dags/example_latest_only_with_trigger.py
[2024-12-18T09:57:57.801+0000] {processor.py:925} INFO - DAG(s) 'latest_only_with_trigger' retrieved from /home/airflow/.local/lib/python3.12/site-packages/airflow/example_dags/example_latest_only_with_trigger.py
[2024-12-18T09:57:57.820+0000] {logging_mixin.py:190} INFO - [2024-12-18T09:57:57.820+0000] {dag.py:3239} INFO - Sync 1 DAGs
[2024-12-18T09:57:57.844+0000] {logging_mixin.py:190} INFO - [2024-12-18T09:57:57.844+0000] {dag.py:4180} INFO - Setting next_dagrun for latest_only_with_trigger to 2024-12-18 04:00:00+00:00, run_after=2024-12-18 08:00:00+00:00
[2024-12-18T09:57:57.864+0000] {processor.py:208} INFO - Processing /home/airflow/.local/lib/python3.12/site-packages/airflow/example_dags/example_latest_only_with_trigger.py took 0.078 seconds
[2024-12-18T09:58:29.049+0000] {processor.py:186} INFO - Started process (PID=684) to work on /home/airflow/.local/lib/python3.12/site-packages/airflow/example_dags/example_latest_only_with_trigger.py
[2024-12-18T09:58:29.050+0000] {processor.py:914} INFO - Processing file /home/airflow/.local/lib/python3.12/site-packages/airflow/example_dags/example_latest_only_with_trigger.py for tasks to queue
[2024-12-18T09:58:29.052+0000] {logging_mixin.py:190} INFO - [2024-12-18T09:58:29.052+0000] {dagbag.py:588} INFO - Filling up the DagBag from /home/airflow/.local/lib/python3.12/site-packages/airflow/example_dags/example_latest_only_with_trigger.py
[2024-12-18T09:58:29.059+0000] {processor.py:925} INFO - DAG(s) 'latest_only_with_trigger' retrieved from /home/airflow/.local/lib/python3.12/site-packages/airflow/example_dags/example_latest_only_with_trigger.py
[2024-12-18T09:58:29.078+0000] {logging_mixin.py:190} INFO - [2024-12-18T09:58:29.078+0000] {dag.py:3239} INFO - Sync 1 DAGs
[2024-12-18T09:58:29.099+0000] {logging_mixin.py:190} INFO - [2024-12-18T09:58:29.098+0000] {dag.py:4180} INFO - Setting next_dagrun for latest_only_with_trigger to 2024-12-18 04:00:00+00:00, run_after=2024-12-18 08:00:00+00:00
[2024-12-18T09:58:29.113+0000] {processor.py:208} INFO - Processing /home/airflow/.local/lib/python3.12/site-packages/airflow/example_dags/example_latest_only_with_trigger.py took 0.070 seconds
[2024-12-18T09:58:59.878+0000] {processor.py:186} INFO - Started process (PID=748) to work on /home/airflow/.local/lib/python3.12/site-packages/airflow/example_dags/example_latest_only_with_trigger.py
[2024-12-18T09:58:59.879+0000] {processor.py:914} INFO - Processing file /home/airflow/.local/lib/python3.12/site-packages/airflow/example_dags/example_latest_only_with_trigger.py for tasks to queue
[2024-12-18T09:58:59.881+0000] {logging_mixin.py:190} INFO - [2024-12-18T09:58:59.881+0000] {dagbag.py:588} INFO - Filling up the DagBag from /home/airflow/.local/lib/python3.12/site-packages/airflow/example_dags/example_latest_only_with_trigger.py
[2024-12-18T09:58:59.889+0000] {processor.py:925} INFO - DAG(s) 'latest_only_with_trigger' retrieved from /home/airflow/.local/lib/python3.12/site-packages/airflow/example_dags/example_latest_only_with_trigger.py
[2024-12-18T09:58:59.908+0000] {logging_mixin.py:190} INFO - [2024-12-18T09:58:59.907+0000] {dag.py:3239} INFO - Sync 1 DAGs
[2024-12-18T09:58:59.931+0000] {logging_mixin.py:190} INFO - [2024-12-18T09:58:59.931+0000] {dag.py:4180} INFO - Setting next_dagrun for latest_only_with_trigger to 2024-12-18 04:00:00+00:00, run_after=2024-12-18 08:00:00+00:00
[2024-12-18T09:58:59.946+0000] {processor.py:208} INFO - Processing /home/airflow/.local/lib/python3.12/site-packages/airflow/example_dags/example_latest_only_with_trigger.py took 0.074 seconds
[2024-12-18T09:59:31.094+0000] {processor.py:186} INFO - Started process (PID=812) to work on /home/airflow/.local/lib/python3.12/site-packages/airflow/example_dags/example_latest_only_with_trigger.py
[2024-12-18T09:59:31.095+0000] {processor.py:914} INFO - Processing file /home/airflow/.local/lib/python3.12/site-packages/airflow/example_dags/example_latest_only_with_trigger.py for tasks to queue
[2024-12-18T09:59:31.097+0000] {logging_mixin.py:190} INFO - [2024-12-18T09:59:31.097+0000] {dagbag.py:588} INFO - Filling up the DagBag from /home/airflow/.local/lib/python3.12/site-packages/airflow/example_dags/example_latest_only_with_trigger.py
[2024-12-18T09:59:31.105+0000] {processor.py:925} INFO - DAG(s) 'latest_only_with_trigger' retrieved from /home/airflow/.local/lib/python3.12/site-packages/airflow/example_dags/example_latest_only_with_trigger.py
[2024-12-18T09:59:31.128+0000] {logging_mixin.py:190} INFO - [2024-12-18T09:59:31.127+0000] {dag.py:3239} INFO - Sync 1 DAGs
[2024-12-18T09:59:31.160+0000] {logging_mixin.py:190} INFO - [2024-12-18T09:59:31.160+0000] {dag.py:4180} INFO - Setting next_dagrun for latest_only_with_trigger to 2024-12-18 04:00:00+00:00, run_after=2024-12-18 08:00:00+00:00
[2024-12-18T09:59:31.177+0000] {processor.py:208} INFO - Processing /home/airflow/.local/lib/python3.12/site-packages/airflow/example_dags/example_latest_only_with_trigger.py took 0.088 seconds
[2024-12-18T10:00:02.941+0000] {processor.py:186} INFO - Started process (PID=876) to work on /home/airflow/.local/lib/python3.12/site-packages/airflow/example_dags/example_latest_only_with_trigger.py
[2024-12-18T10:00:02.942+0000] {processor.py:914} INFO - Processing file /home/airflow/.local/lib/python3.12/site-packages/airflow/example_dags/example_latest_only_with_trigger.py for tasks to queue
[2024-12-18T10:00:02.945+0000] {logging_mixin.py:190} INFO - [2024-12-18T10:00:02.944+0000] {dagbag.py:588} INFO - Filling up the DagBag from /home/airflow/.local/lib/python3.12/site-packages/airflow/example_dags/example_latest_only_with_trigger.py
[2024-12-18T10:00:02.953+0000] {processor.py:925} INFO - DAG(s) 'latest_only_with_trigger' retrieved from /home/airflow/.local/lib/python3.12/site-packages/airflow/example_dags/example_latest_only_with_trigger.py
[2024-12-18T10:00:02.973+0000] {logging_mixin.py:190} INFO - [2024-12-18T10:00:02.973+0000] {dag.py:3239} INFO - Sync 1 DAGs
[2024-12-18T10:00:02.996+0000] {logging_mixin.py:190} INFO - [2024-12-18T10:00:02.996+0000] {dag.py:4180} INFO - Setting next_dagrun for latest_only_with_trigger to 2024-12-18 04:00:00+00:00, run_after=2024-12-18 08:00:00+00:00
[2024-12-18T10:00:03.013+0000] {processor.py:208} INFO - Processing /home/airflow/.local/lib/python3.12/site-packages/airflow/example_dags/example_latest_only_with_trigger.py took 0.078 seconds
[2024-12-18T10:00:34.598+0000] {processor.py:186} INFO - Started process (PID=940) to work on /home/airflow/.local/lib/python3.12/site-packages/airflow/example_dags/example_latest_only_with_trigger.py
[2024-12-18T10:00:34.599+0000] {processor.py:914} INFO - Processing file /home/airflow/.local/lib/python3.12/site-packages/airflow/example_dags/example_latest_only_with_trigger.py for tasks to queue
[2024-12-18T10:00:34.601+0000] {logging_mixin.py:190} INFO - [2024-12-18T10:00:34.601+0000] {dagbag.py:588} INFO - Filling up the DagBag from /home/airflow/.local/lib/python3.12/site-packages/airflow/example_dags/example_latest_only_with_trigger.py
[2024-12-18T10:00:34.610+0000] {processor.py:925} INFO - DAG(s) 'latest_only_with_trigger' retrieved from /home/airflow/.local/lib/python3.12/site-packages/airflow/example_dags/example_latest_only_with_trigger.py
[2024-12-18T10:00:34.631+0000] {logging_mixin.py:190} INFO - [2024-12-18T10:00:34.631+0000] {dag.py:3239} INFO - Sync 1 DAGs
[2024-12-18T10:00:34.654+0000] {logging_mixin.py:190} INFO - [2024-12-18T10:00:34.654+0000] {dag.py:4180} INFO - Setting next_dagrun for latest_only_with_trigger to 2024-12-18 04:00:00+00:00, run_after=2024-12-18 08:00:00+00:00
[2024-12-18T10:00:34.670+0000] {processor.py:208} INFO - Processing /home/airflow/.local/lib/python3.12/site-packages/airflow/example_dags/example_latest_only_with_trigger.py took 0.079 seconds
[2024-12-18T10:01:05.769+0000] {processor.py:186} INFO - Started process (PID=1004) to work on /home/airflow/.local/lib/python3.12/site-packages/airflow/example_dags/example_latest_only_with_trigger.py
[2024-12-18T10:01:05.770+0000] {processor.py:914} INFO - Processing file /home/airflow/.local/lib/python3.12/site-packages/airflow/example_dags/example_latest_only_with_trigger.py for tasks to queue
[2024-12-18T10:01:05.772+0000] {logging_mixin.py:190} INFO - [2024-12-18T10:01:05.772+0000] {dagbag.py:588} INFO - Filling up the DagBag from /home/airflow/.local/lib/python3.12/site-packages/airflow/example_dags/example_latest_only_with_trigger.py
[2024-12-18T10:01:05.779+0000] {processor.py:925} INFO - DAG(s) 'latest_only_with_trigger' retrieved from /home/airflow/.local/lib/python3.12/site-packages/airflow/example_dags/example_latest_only_with_trigger.py
[2024-12-18T10:01:05.798+0000] {logging_mixin.py:190} INFO - [2024-12-18T10:01:05.798+0000] {dag.py:3239} INFO - Sync 1 DAGs
[2024-12-18T10:01:05.820+0000] {logging_mixin.py:190} INFO - [2024-12-18T10:01:05.820+0000] {dag.py:4180} INFO - Setting next_dagrun for latest_only_with_trigger to 2024-12-18 04:00:00+00:00, run_after=2024-12-18 08:00:00+00:00
[2024-12-18T10:01:05.836+0000] {processor.py:208} INFO - Processing /home/airflow/.local/lib/python3.12/site-packages/airflow/example_dags/example_latest_only_with_trigger.py took 0.072 seconds
[2024-12-18T10:05:23.264+0000] {processor.py:186} INFO - Started process (PID=88) to work on /home/airflow/.local/lib/python3.12/site-packages/airflow/example_dags/example_latest_only_with_trigger.py
[2024-12-18T10:05:23.264+0000] {processor.py:914} INFO - Processing file /home/airflow/.local/lib/python3.12/site-packages/airflow/example_dags/example_latest_only_with_trigger.py for tasks to queue
[2024-12-18T10:05:23.266+0000] {logging_mixin.py:190} INFO - [2024-12-18T10:05:23.266+0000] {dagbag.py:588} INFO - Filling up the DagBag from /home/airflow/.local/lib/python3.12/site-packages/airflow/example_dags/example_latest_only_with_trigger.py
[2024-12-18T10:05:23.274+0000] {processor.py:925} INFO - DAG(s) 'latest_only_with_trigger' retrieved from /home/airflow/.local/lib/python3.12/site-packages/airflow/example_dags/example_latest_only_with_trigger.py
[2024-12-18T10:05:23.302+0000] {logging_mixin.py:190} INFO - [2024-12-18T10:05:23.302+0000] {dag.py:3239} INFO - Sync 1 DAGs
[2024-12-18T10:05:23.328+0000] {logging_mixin.py:190} INFO - [2024-12-18T10:05:23.328+0000] {dag.py:4180} INFO - Setting next_dagrun for latest_only_with_trigger to 2024-12-18 04:00:00+00:00, run_after=2024-12-18 08:00:00+00:00
[2024-12-18T10:05:23.345+0000] {processor.py:208} INFO - Processing /home/airflow/.local/lib/python3.12/site-packages/airflow/example_dags/example_latest_only_with_trigger.py took 0.087 seconds
[2024-12-18T10:05:55.348+0000] {processor.py:186} INFO - Started process (PID=160) to work on /home/airflow/.local/lib/python3.12/site-packages/airflow/example_dags/example_latest_only_with_trigger.py
[2024-12-18T10:05:55.349+0000] {processor.py:914} INFO - Processing file /home/airflow/.local/lib/python3.12/site-packages/airflow/example_dags/example_latest_only_with_trigger.py for tasks to queue
[2024-12-18T10:05:55.351+0000] {logging_mixin.py:190} INFO - [2024-12-18T10:05:55.351+0000] {dagbag.py:588} INFO - Filling up the DagBag from /home/airflow/.local/lib/python3.12/site-packages/airflow/example_dags/example_latest_only_with_trigger.py
[2024-12-18T10:05:55.358+0000] {processor.py:925} INFO - DAG(s) 'latest_only_with_trigger' retrieved from /home/airflow/.local/lib/python3.12/site-packages/airflow/example_dags/example_latest_only_with_trigger.py
[2024-12-18T10:05:55.380+0000] {logging_mixin.py:190} INFO - [2024-12-18T10:05:55.380+0000] {dag.py:3239} INFO - Sync 1 DAGs
[2024-12-18T10:05:55.406+0000] {logging_mixin.py:190} INFO - [2024-12-18T10:05:55.406+0000] {dag.py:4180} INFO - Setting next_dagrun for latest_only_with_trigger to 2024-12-18 04:00:00+00:00, run_after=2024-12-18 08:00:00+00:00
[2024-12-18T10:05:55.421+0000] {processor.py:208} INFO - Processing /home/airflow/.local/lib/python3.12/site-packages/airflow/example_dags/example_latest_only_with_trigger.py took 0.078 seconds
[2024-12-18T10:06:25.784+0000] {processor.py:186} INFO - Started process (PID=223) to work on /home/airflow/.local/lib/python3.12/site-packages/airflow/example_dags/example_latest_only_with_trigger.py
[2024-12-18T10:06:25.785+0000] {processor.py:914} INFO - Processing file /home/airflow/.local/lib/python3.12/site-packages/airflow/example_dags/example_latest_only_with_trigger.py for tasks to queue
[2024-12-18T10:06:25.786+0000] {logging_mixin.py:190} INFO - [2024-12-18T10:06:25.785+0000] {dagbag.py:588} INFO - Filling up the DagBag from /home/airflow/.local/lib/python3.12/site-packages/airflow/example_dags/example_latest_only_with_trigger.py
[2024-12-18T10:06:25.794+0000] {processor.py:925} INFO - DAG(s) 'latest_only_with_trigger' retrieved from /home/airflow/.local/lib/python3.12/site-packages/airflow/example_dags/example_latest_only_with_trigger.py
[2024-12-18T10:06:25.815+0000] {logging_mixin.py:190} INFO - [2024-12-18T10:06:25.815+0000] {dag.py:3239} INFO - Sync 1 DAGs
[2024-12-18T10:06:25.838+0000] {logging_mixin.py:190} INFO - [2024-12-18T10:06:25.838+0000] {dag.py:4180} INFO - Setting next_dagrun for latest_only_with_trigger to 2024-12-18 04:00:00+00:00, run_after=2024-12-18 08:00:00+00:00
[2024-12-18T10:06:25.855+0000] {processor.py:208} INFO - Processing /home/airflow/.local/lib/python3.12/site-packages/airflow/example_dags/example_latest_only_with_trigger.py took 0.077 seconds
[2024-12-18T10:06:57.945+0000] {processor.py:186} INFO - Started process (PID=289) to work on /home/airflow/.local/lib/python3.12/site-packages/airflow/example_dags/example_latest_only_with_trigger.py
[2024-12-18T10:06:57.946+0000] {processor.py:914} INFO - Processing file /home/airflow/.local/lib/python3.12/site-packages/airflow/example_dags/example_latest_only_with_trigger.py for tasks to queue
[2024-12-18T10:06:57.947+0000] {logging_mixin.py:190} INFO - [2024-12-18T10:06:57.946+0000] {dagbag.py:588} INFO - Filling up the DagBag from /home/airflow/.local/lib/python3.12/site-packages/airflow/example_dags/example_latest_only_with_trigger.py
[2024-12-18T10:06:57.956+0000] {processor.py:925} INFO - DAG(s) 'latest_only_with_trigger' retrieved from /home/airflow/.local/lib/python3.12/site-packages/airflow/example_dags/example_latest_only_with_trigger.py
[2024-12-18T10:06:57.977+0000] {logging_mixin.py:190} INFO - [2024-12-18T10:06:57.976+0000] {dag.py:3239} INFO - Sync 1 DAGs
[2024-12-18T10:06:58.001+0000] {logging_mixin.py:190} INFO - [2024-12-18T10:06:58.001+0000] {dag.py:4180} INFO - Setting next_dagrun for latest_only_with_trigger to 2024-12-18 04:00:00+00:00, run_after=2024-12-18 08:00:00+00:00
[2024-12-18T10:06:58.020+0000] {processor.py:208} INFO - Processing /home/airflow/.local/lib/python3.12/site-packages/airflow/example_dags/example_latest_only_with_trigger.py took 0.081 seconds
[2024-12-18T10:07:28.336+0000] {processor.py:186} INFO - Started process (PID=352) to work on /home/airflow/.local/lib/python3.12/site-packages/airflow/example_dags/example_latest_only_with_trigger.py
[2024-12-18T10:07:28.337+0000] {processor.py:914} INFO - Processing file /home/airflow/.local/lib/python3.12/site-packages/airflow/example_dags/example_latest_only_with_trigger.py for tasks to queue
[2024-12-18T10:07:28.338+0000] {logging_mixin.py:190} INFO - [2024-12-18T10:07:28.337+0000] {dagbag.py:588} INFO - Filling up the DagBag from /home/airflow/.local/lib/python3.12/site-packages/airflow/example_dags/example_latest_only_with_trigger.py
[2024-12-18T10:07:28.347+0000] {processor.py:925} INFO - DAG(s) 'latest_only_with_trigger' retrieved from /home/airflow/.local/lib/python3.12/site-packages/airflow/example_dags/example_latest_only_with_trigger.py
[2024-12-18T10:07:28.366+0000] {logging_mixin.py:190} INFO - [2024-12-18T10:07:28.366+0000] {dag.py:3239} INFO - Sync 1 DAGs
[2024-12-18T10:07:28.387+0000] {logging_mixin.py:190} INFO - [2024-12-18T10:07:28.387+0000] {dag.py:4180} INFO - Setting next_dagrun for latest_only_with_trigger to 2024-12-18 04:00:00+00:00, run_after=2024-12-18 08:00:00+00:00
[2024-12-18T10:07:28.403+0000] {processor.py:208} INFO - Processing /home/airflow/.local/lib/python3.12/site-packages/airflow/example_dags/example_latest_only_with_trigger.py took 0.074 seconds
[2024-12-18T10:08:00.109+0000] {processor.py:186} INFO - Started process (PID=418) to work on /home/airflow/.local/lib/python3.12/site-packages/airflow/example_dags/example_latest_only_with_trigger.py
[2024-12-18T10:08:00.110+0000] {processor.py:914} INFO - Processing file /home/airflow/.local/lib/python3.12/site-packages/airflow/example_dags/example_latest_only_with_trigger.py for tasks to queue
[2024-12-18T10:08:00.111+0000] {logging_mixin.py:190} INFO - [2024-12-18T10:08:00.111+0000] {dagbag.py:588} INFO - Filling up the DagBag from /home/airflow/.local/lib/python3.12/site-packages/airflow/example_dags/example_latest_only_with_trigger.py
[2024-12-18T10:08:00.119+0000] {processor.py:925} INFO - DAG(s) 'latest_only_with_trigger' retrieved from /home/airflow/.local/lib/python3.12/site-packages/airflow/example_dags/example_latest_only_with_trigger.py
[2024-12-18T10:08:00.137+0000] {logging_mixin.py:190} INFO - [2024-12-18T10:08:00.137+0000] {dag.py:3239} INFO - Sync 1 DAGs
[2024-12-18T10:08:00.156+0000] {logging_mixin.py:190} INFO - [2024-12-18T10:08:00.156+0000] {dag.py:4180} INFO - Setting next_dagrun for latest_only_with_trigger to 2024-12-18 04:00:00+00:00, run_after=2024-12-18 08:00:00+00:00
[2024-12-18T10:08:00.170+0000] {processor.py:208} INFO - Processing /home/airflow/.local/lib/python3.12/site-packages/airflow/example_dags/example_latest_only_with_trigger.py took 0.066 seconds
[2024-12-18T10:08:30.360+0000] {processor.py:186} INFO - Started process (PID=481) to work on /home/airflow/.local/lib/python3.12/site-packages/airflow/example_dags/example_latest_only_with_trigger.py
[2024-12-18T10:08:30.361+0000] {processor.py:914} INFO - Processing file /home/airflow/.local/lib/python3.12/site-packages/airflow/example_dags/example_latest_only_with_trigger.py for tasks to queue
[2024-12-18T10:08:30.362+0000] {logging_mixin.py:190} INFO - [2024-12-18T10:08:30.362+0000] {dagbag.py:588} INFO - Filling up the DagBag from /home/airflow/.local/lib/python3.12/site-packages/airflow/example_dags/example_latest_only_with_trigger.py
[2024-12-18T10:08:30.372+0000] {processor.py:925} INFO - DAG(s) 'latest_only_with_trigger' retrieved from /home/airflow/.local/lib/python3.12/site-packages/airflow/example_dags/example_latest_only_with_trigger.py
[2024-12-18T10:08:30.393+0000] {logging_mixin.py:190} INFO - [2024-12-18T10:08:30.393+0000] {dag.py:3239} INFO - Sync 1 DAGs
[2024-12-18T10:08:30.416+0000] {logging_mixin.py:190} INFO - [2024-12-18T10:08:30.416+0000] {dag.py:4180} INFO - Setting next_dagrun for latest_only_with_trigger to 2024-12-18 04:00:00+00:00, run_after=2024-12-18 08:00:00+00:00
[2024-12-18T10:08:30.432+0000] {processor.py:208} INFO - Processing /home/airflow/.local/lib/python3.12/site-packages/airflow/example_dags/example_latest_only_with_trigger.py took 0.079 seconds
[2024-12-18T10:09:02.612+0000] {processor.py:186} INFO - Started process (PID=547) to work on /home/airflow/.local/lib/python3.12/site-packages/airflow/example_dags/example_latest_only_with_trigger.py
[2024-12-18T10:09:02.613+0000] {processor.py:914} INFO - Processing file /home/airflow/.local/lib/python3.12/site-packages/airflow/example_dags/example_latest_only_with_trigger.py for tasks to queue
[2024-12-18T10:09:02.615+0000] {logging_mixin.py:190} INFO - [2024-12-18T10:09:02.614+0000] {dagbag.py:588} INFO - Filling up the DagBag from /home/airflow/.local/lib/python3.12/site-packages/airflow/example_dags/example_latest_only_with_trigger.py
[2024-12-18T10:09:02.623+0000] {processor.py:925} INFO - DAG(s) 'latest_only_with_trigger' retrieved from /home/airflow/.local/lib/python3.12/site-packages/airflow/example_dags/example_latest_only_with_trigger.py
[2024-12-18T10:09:02.643+0000] {logging_mixin.py:190} INFO - [2024-12-18T10:09:02.643+0000] {dag.py:3239} INFO - Sync 1 DAGs
[2024-12-18T10:09:02.666+0000] {logging_mixin.py:190} INFO - [2024-12-18T10:09:02.666+0000] {dag.py:4180} INFO - Setting next_dagrun for latest_only_with_trigger to 2024-12-18 04:00:00+00:00, run_after=2024-12-18 08:00:00+00:00
[2024-12-18T10:09:02.684+0000] {processor.py:208} INFO - Processing /home/airflow/.local/lib/python3.12/site-packages/airflow/example_dags/example_latest_only_with_trigger.py took 0.078 seconds
[2024-12-18T10:09:33.249+0000] {processor.py:186} INFO - Started process (PID=609) to work on /home/airflow/.local/lib/python3.12/site-packages/airflow/example_dags/example_latest_only_with_trigger.py
[2024-12-18T10:09:33.250+0000] {processor.py:914} INFO - Processing file /home/airflow/.local/lib/python3.12/site-packages/airflow/example_dags/example_latest_only_with_trigger.py for tasks to queue
[2024-12-18T10:09:33.251+0000] {logging_mixin.py:190} INFO - [2024-12-18T10:09:33.251+0000] {dagbag.py:588} INFO - Filling up the DagBag from /home/airflow/.local/lib/python3.12/site-packages/airflow/example_dags/example_latest_only_with_trigger.py
[2024-12-18T10:09:33.260+0000] {processor.py:925} INFO - DAG(s) 'latest_only_with_trigger' retrieved from /home/airflow/.local/lib/python3.12/site-packages/airflow/example_dags/example_latest_only_with_trigger.py
[2024-12-18T10:09:33.279+0000] {logging_mixin.py:190} INFO - [2024-12-18T10:09:33.279+0000] {dag.py:3239} INFO - Sync 1 DAGs
[2024-12-18T10:09:33.302+0000] {logging_mixin.py:190} INFO - [2024-12-18T10:09:33.301+0000] {dag.py:4180} INFO - Setting next_dagrun for latest_only_with_trigger to 2024-12-18 04:00:00+00:00, run_after=2024-12-18 08:00:00+00:00
[2024-12-18T10:09:33.317+0000] {processor.py:208} INFO - Processing /home/airflow/.local/lib/python3.12/site-packages/airflow/example_dags/example_latest_only_with_trigger.py took 0.074 seconds
[2024-12-18T10:10:04.340+0000] {processor.py:186} INFO - Started process (PID=674) to work on /home/airflow/.local/lib/python3.12/site-packages/airflow/example_dags/example_latest_only_with_trigger.py
[2024-12-18T10:10:04.341+0000] {processor.py:914} INFO - Processing file /home/airflow/.local/lib/python3.12/site-packages/airflow/example_dags/example_latest_only_with_trigger.py for tasks to queue
[2024-12-18T10:10:04.342+0000] {logging_mixin.py:190} INFO - [2024-12-18T10:10:04.342+0000] {dagbag.py:588} INFO - Filling up the DagBag from /home/airflow/.local/lib/python3.12/site-packages/airflow/example_dags/example_latest_only_with_trigger.py
[2024-12-18T10:10:04.350+0000] {processor.py:925} INFO - DAG(s) 'latest_only_with_trigger' retrieved from /home/airflow/.local/lib/python3.12/site-packages/airflow/example_dags/example_latest_only_with_trigger.py
[2024-12-18T10:10:04.368+0000] {logging_mixin.py:190} INFO - [2024-12-18T10:10:04.368+0000] {dag.py:3239} INFO - Sync 1 DAGs
[2024-12-18T10:10:04.388+0000] {logging_mixin.py:190} INFO - [2024-12-18T10:10:04.388+0000] {dag.py:4180} INFO - Setting next_dagrun for latest_only_with_trigger to 2024-12-18 04:00:00+00:00, run_after=2024-12-18 08:00:00+00:00
[2024-12-18T10:10:04.403+0000] {processor.py:208} INFO - Processing /home/airflow/.local/lib/python3.12/site-packages/airflow/example_dags/example_latest_only_with_trigger.py took 0.068 seconds
[2024-12-18T10:10:35.062+0000] {processor.py:186} INFO - Started process (PID=737) to work on /home/airflow/.local/lib/python3.12/site-packages/airflow/example_dags/example_latest_only_with_trigger.py
[2024-12-18T10:10:35.063+0000] {processor.py:914} INFO - Processing file /home/airflow/.local/lib/python3.12/site-packages/airflow/example_dags/example_latest_only_with_trigger.py for tasks to queue
[2024-12-18T10:10:35.064+0000] {logging_mixin.py:190} INFO - [2024-12-18T10:10:35.064+0000] {dagbag.py:588} INFO - Filling up the DagBag from /home/airflow/.local/lib/python3.12/site-packages/airflow/example_dags/example_latest_only_with_trigger.py
[2024-12-18T10:10:35.073+0000] {processor.py:925} INFO - DAG(s) 'latest_only_with_trigger' retrieved from /home/airflow/.local/lib/python3.12/site-packages/airflow/example_dags/example_latest_only_with_trigger.py
[2024-12-18T10:10:35.092+0000] {logging_mixin.py:190} INFO - [2024-12-18T10:10:35.092+0000] {dag.py:3239} INFO - Sync 1 DAGs
[2024-12-18T10:10:35.114+0000] {logging_mixin.py:190} INFO - [2024-12-18T10:10:35.114+0000] {dag.py:4180} INFO - Setting next_dagrun for latest_only_with_trigger to 2024-12-18 04:00:00+00:00, run_after=2024-12-18 08:00:00+00:00
[2024-12-18T10:10:35.130+0000] {processor.py:208} INFO - Processing /home/airflow/.local/lib/python3.12/site-packages/airflow/example_dags/example_latest_only_with_trigger.py took 0.075 seconds
[2024-12-18T10:11:05.209+0000] {processor.py:186} INFO - Started process (PID=802) to work on /home/airflow/.local/lib/python3.12/site-packages/airflow/example_dags/example_latest_only_with_trigger.py
[2024-12-18T10:11:05.211+0000] {processor.py:914} INFO - Processing file /home/airflow/.local/lib/python3.12/site-packages/airflow/example_dags/example_latest_only_with_trigger.py for tasks to queue
[2024-12-18T10:11:05.214+0000] {logging_mixin.py:190} INFO - [2024-12-18T10:11:05.213+0000] {dagbag.py:588} INFO - Filling up the DagBag from /home/airflow/.local/lib/python3.12/site-packages/airflow/example_dags/example_latest_only_with_trigger.py
[2024-12-18T10:11:05.228+0000] {processor.py:925} INFO - DAG(s) 'latest_only_with_trigger' retrieved from /home/airflow/.local/lib/python3.12/site-packages/airflow/example_dags/example_latest_only_with_trigger.py
[2024-12-18T10:11:05.248+0000] {logging_mixin.py:190} INFO - [2024-12-18T10:11:05.248+0000] {dag.py:3239} INFO - Sync 1 DAGs
[2024-12-18T10:11:05.272+0000] {logging_mixin.py:190} INFO - [2024-12-18T10:11:05.272+0000] {dag.py:4180} INFO - Setting next_dagrun for latest_only_with_trigger to 2024-12-18 04:00:00+00:00, run_after=2024-12-18 08:00:00+00:00
[2024-12-18T10:11:05.288+0000] {processor.py:208} INFO - Processing /home/airflow/.local/lib/python3.12/site-packages/airflow/example_dags/example_latest_only_with_trigger.py took 0.094 seconds
[2024-12-18T10:11:35.517+0000] {processor.py:186} INFO - Started process (PID=865) to work on /home/airflow/.local/lib/python3.12/site-packages/airflow/example_dags/example_latest_only_with_trigger.py
[2024-12-18T10:11:35.518+0000] {processor.py:914} INFO - Processing file /home/airflow/.local/lib/python3.12/site-packages/airflow/example_dags/example_latest_only_with_trigger.py for tasks to queue
[2024-12-18T10:11:35.519+0000] {logging_mixin.py:190} INFO - [2024-12-18T10:11:35.519+0000] {dagbag.py:588} INFO - Filling up the DagBag from /home/airflow/.local/lib/python3.12/site-packages/airflow/example_dags/example_latest_only_with_trigger.py
[2024-12-18T10:11:35.528+0000] {processor.py:925} INFO - DAG(s) 'latest_only_with_trigger' retrieved from /home/airflow/.local/lib/python3.12/site-packages/airflow/example_dags/example_latest_only_with_trigger.py
[2024-12-18T10:11:35.548+0000] {logging_mixin.py:190} INFO - [2024-12-18T10:11:35.547+0000] {dag.py:3239} INFO - Sync 1 DAGs
[2024-12-18T10:11:35.570+0000] {logging_mixin.py:190} INFO - [2024-12-18T10:11:35.569+0000] {dag.py:4180} INFO - Setting next_dagrun for latest_only_with_trigger to 2024-12-18 04:00:00+00:00, run_after=2024-12-18 08:00:00+00:00
[2024-12-18T10:11:35.586+0000] {processor.py:208} INFO - Processing /home/airflow/.local/lib/python3.12/site-packages/airflow/example_dags/example_latest_only_with_trigger.py took 0.079 seconds
[2024-12-18T10:12:06.398+0000] {processor.py:186} INFO - Started process (PID=931) to work on /home/airflow/.local/lib/python3.12/site-packages/airflow/example_dags/example_latest_only_with_trigger.py
[2024-12-18T10:12:06.399+0000] {processor.py:914} INFO - Processing file /home/airflow/.local/lib/python3.12/site-packages/airflow/example_dags/example_latest_only_with_trigger.py for tasks to queue
[2024-12-18T10:12:06.400+0000] {logging_mixin.py:190} INFO - [2024-12-18T10:12:06.400+0000] {dagbag.py:588} INFO - Filling up the DagBag from /home/airflow/.local/lib/python3.12/site-packages/airflow/example_dags/example_latest_only_with_trigger.py
[2024-12-18T10:12:06.412+0000] {processor.py:925} INFO - DAG(s) 'latest_only_with_trigger' retrieved from /home/airflow/.local/lib/python3.12/site-packages/airflow/example_dags/example_latest_only_with_trigger.py
[2024-12-18T10:12:06.435+0000] {logging_mixin.py:190} INFO - [2024-12-18T10:12:06.435+0000] {dag.py:3239} INFO - Sync 1 DAGs
[2024-12-18T10:12:06.458+0000] {logging_mixin.py:190} INFO - [2024-12-18T10:12:06.458+0000] {dag.py:4180} INFO - Setting next_dagrun for latest_only_with_trigger to 2024-12-18 04:00:00+00:00, run_after=2024-12-18 08:00:00+00:00
[2024-12-18T10:12:06.475+0000] {processor.py:208} INFO - Processing /home/airflow/.local/lib/python3.12/site-packages/airflow/example_dags/example_latest_only_with_trigger.py took 0.085 seconds
[2024-12-18T10:12:36.868+0000] {processor.py:186} INFO - Started process (PID=994) to work on /home/airflow/.local/lib/python3.12/site-packages/airflow/example_dags/example_latest_only_with_trigger.py
[2024-12-18T10:12:36.869+0000] {processor.py:914} INFO - Processing file /home/airflow/.local/lib/python3.12/site-packages/airflow/example_dags/example_latest_only_with_trigger.py for tasks to queue
[2024-12-18T10:12:36.870+0000] {logging_mixin.py:190} INFO - [2024-12-18T10:12:36.869+0000] {dagbag.py:588} INFO - Filling up the DagBag from /home/airflow/.local/lib/python3.12/site-packages/airflow/example_dags/example_latest_only_with_trigger.py
[2024-12-18T10:12:36.878+0000] {processor.py:925} INFO - DAG(s) 'latest_only_with_trigger' retrieved from /home/airflow/.local/lib/python3.12/site-packages/airflow/example_dags/example_latest_only_with_trigger.py
[2024-12-18T10:12:36.897+0000] {logging_mixin.py:190} INFO - [2024-12-18T10:12:36.897+0000] {dag.py:3239} INFO - Sync 1 DAGs
[2024-12-18T10:12:36.928+0000] {logging_mixin.py:190} INFO - [2024-12-18T10:12:36.928+0000] {dag.py:4180} INFO - Setting next_dagrun for latest_only_with_trigger to 2024-12-18 04:00:00+00:00, run_after=2024-12-18 08:00:00+00:00
[2024-12-18T10:12:36.949+0000] {processor.py:208} INFO - Processing /home/airflow/.local/lib/python3.12/site-packages/airflow/example_dags/example_latest_only_with_trigger.py took 0.088 seconds
[2024-12-18T10:13:07.157+0000] {processor.py:186} INFO - Started process (PID=1057) to work on /home/airflow/.local/lib/python3.12/site-packages/airflow/example_dags/example_latest_only_with_trigger.py
[2024-12-18T10:13:07.158+0000] {processor.py:914} INFO - Processing file /home/airflow/.local/lib/python3.12/site-packages/airflow/example_dags/example_latest_only_with_trigger.py for tasks to queue
[2024-12-18T10:13:07.159+0000] {logging_mixin.py:190} INFO - [2024-12-18T10:13:07.159+0000] {dagbag.py:588} INFO - Filling up the DagBag from /home/airflow/.local/lib/python3.12/site-packages/airflow/example_dags/example_latest_only_with_trigger.py
[2024-12-18T10:13:07.171+0000] {processor.py:925} INFO - DAG(s) 'latest_only_with_trigger' retrieved from /home/airflow/.local/lib/python3.12/site-packages/airflow/example_dags/example_latest_only_with_trigger.py
[2024-12-18T10:13:07.199+0000] {logging_mixin.py:190} INFO - [2024-12-18T10:13:07.199+0000] {dag.py:3239} INFO - Sync 1 DAGs
[2024-12-18T10:13:07.229+0000] {logging_mixin.py:190} INFO - [2024-12-18T10:13:07.229+0000] {dag.py:4180} INFO - Setting next_dagrun for latest_only_with_trigger to 2024-12-18 04:00:00+00:00, run_after=2024-12-18 08:00:00+00:00
[2024-12-18T10:13:07.249+0000] {processor.py:208} INFO - Processing /home/airflow/.local/lib/python3.12/site-packages/airflow/example_dags/example_latest_only_with_trigger.py took 0.101 seconds
[2024-12-18T10:13:37.847+0000] {processor.py:186} INFO - Started process (PID=1121) to work on /home/airflow/.local/lib/python3.12/site-packages/airflow/example_dags/example_latest_only_with_trigger.py
[2024-12-18T10:13:37.848+0000] {processor.py:914} INFO - Processing file /home/airflow/.local/lib/python3.12/site-packages/airflow/example_dags/example_latest_only_with_trigger.py for tasks to queue
[2024-12-18T10:13:37.849+0000] {logging_mixin.py:190} INFO - [2024-12-18T10:13:37.849+0000] {dagbag.py:588} INFO - Filling up the DagBag from /home/airflow/.local/lib/python3.12/site-packages/airflow/example_dags/example_latest_only_with_trigger.py
[2024-12-18T10:13:37.860+0000] {processor.py:925} INFO - DAG(s) 'latest_only_with_trigger' retrieved from /home/airflow/.local/lib/python3.12/site-packages/airflow/example_dags/example_latest_only_with_trigger.py
[2024-12-18T10:13:37.880+0000] {logging_mixin.py:190} INFO - [2024-12-18T10:13:37.880+0000] {dag.py:3239} INFO - Sync 1 DAGs
[2024-12-18T10:13:37.906+0000] {logging_mixin.py:190} INFO - [2024-12-18T10:13:37.906+0000] {dag.py:4180} INFO - Setting next_dagrun for latest_only_with_trigger to 2024-12-18 04:00:00+00:00, run_after=2024-12-18 08:00:00+00:00
[2024-12-18T10:13:37.925+0000] {processor.py:208} INFO - Processing /home/airflow/.local/lib/python3.12/site-packages/airflow/example_dags/example_latest_only_with_trigger.py took 0.084 seconds
[2024-12-18T10:15:25.111+0000] {processor.py:186} INFO - Started process (PID=85) to work on /home/airflow/.local/lib/python3.12/site-packages/airflow/example_dags/example_latest_only_with_trigger.py
[2024-12-18T10:15:25.112+0000] {processor.py:914} INFO - Processing file /home/airflow/.local/lib/python3.12/site-packages/airflow/example_dags/example_latest_only_with_trigger.py for tasks to queue
[2024-12-18T10:15:25.114+0000] {logging_mixin.py:190} INFO - [2024-12-18T10:15:25.113+0000] {dagbag.py:588} INFO - Filling up the DagBag from /home/airflow/.local/lib/python3.12/site-packages/airflow/example_dags/example_latest_only_with_trigger.py
[2024-12-18T10:15:25.124+0000] {processor.py:925} INFO - DAG(s) 'latest_only_with_trigger' retrieved from /home/airflow/.local/lib/python3.12/site-packages/airflow/example_dags/example_latest_only_with_trigger.py
[2024-12-18T10:15:25.155+0000] {logging_mixin.py:190} INFO - [2024-12-18T10:15:25.154+0000] {dag.py:3239} INFO - Sync 1 DAGs
[2024-12-18T10:15:25.178+0000] {logging_mixin.py:190} INFO - [2024-12-18T10:15:25.178+0000] {dag.py:4180} INFO - Setting next_dagrun for latest_only_with_trigger to 2024-12-18 04:00:00+00:00, run_after=2024-12-18 08:00:00+00:00
[2024-12-18T10:15:25.196+0000] {processor.py:208} INFO - Processing /home/airflow/.local/lib/python3.12/site-packages/airflow/example_dags/example_latest_only_with_trigger.py took 0.091 seconds
[2024-12-18T10:15:55.954+0000] {processor.py:186} INFO - Started process (PID=149) to work on /home/airflow/.local/lib/python3.12/site-packages/airflow/example_dags/example_latest_only_with_trigger.py
[2024-12-18T10:15:55.955+0000] {processor.py:914} INFO - Processing file /home/airflow/.local/lib/python3.12/site-packages/airflow/example_dags/example_latest_only_with_trigger.py for tasks to queue
[2024-12-18T10:15:55.958+0000] {logging_mixin.py:190} INFO - [2024-12-18T10:15:55.957+0000] {dagbag.py:588} INFO - Filling up the DagBag from /home/airflow/.local/lib/python3.12/site-packages/airflow/example_dags/example_latest_only_with_trigger.py
[2024-12-18T10:15:55.966+0000] {processor.py:925} INFO - DAG(s) 'latest_only_with_trigger' retrieved from /home/airflow/.local/lib/python3.12/site-packages/airflow/example_dags/example_latest_only_with_trigger.py
[2024-12-18T10:15:55.993+0000] {logging_mixin.py:190} INFO - [2024-12-18T10:15:55.992+0000] {dag.py:3239} INFO - Sync 1 DAGs
[2024-12-18T10:15:56.029+0000] {logging_mixin.py:190} INFO - [2024-12-18T10:15:56.029+0000] {dag.py:4180} INFO - Setting next_dagrun for latest_only_with_trigger to 2024-12-18 04:00:00+00:00, run_after=2024-12-18 08:00:00+00:00
[2024-12-18T10:15:56.051+0000] {processor.py:208} INFO - Processing /home/airflow/.local/lib/python3.12/site-packages/airflow/example_dags/example_latest_only_with_trigger.py took 0.104 seconds
[2024-12-18T10:16:26.135+0000] {processor.py:186} INFO - Started process (PID=218) to work on /home/airflow/.local/lib/python3.12/site-packages/airflow/example_dags/example_latest_only_with_trigger.py
[2024-12-18T10:16:26.136+0000] {processor.py:914} INFO - Processing file /home/airflow/.local/lib/python3.12/site-packages/airflow/example_dags/example_latest_only_with_trigger.py for tasks to queue
[2024-12-18T10:16:26.138+0000] {logging_mixin.py:190} INFO - [2024-12-18T10:16:26.138+0000] {dagbag.py:588} INFO - Filling up the DagBag from /home/airflow/.local/lib/python3.12/site-packages/airflow/example_dags/example_latest_only_with_trigger.py
[2024-12-18T10:16:26.146+0000] {processor.py:925} INFO - DAG(s) 'latest_only_with_trigger' retrieved from /home/airflow/.local/lib/python3.12/site-packages/airflow/example_dags/example_latest_only_with_trigger.py
[2024-12-18T10:16:26.165+0000] {logging_mixin.py:190} INFO - [2024-12-18T10:16:26.165+0000] {dag.py:3239} INFO - Sync 1 DAGs
[2024-12-18T10:16:26.189+0000] {logging_mixin.py:190} INFO - [2024-12-18T10:16:26.189+0000] {dag.py:4180} INFO - Setting next_dagrun for latest_only_with_trigger to 2024-12-18 04:00:00+00:00, run_after=2024-12-18 08:00:00+00:00
[2024-12-18T10:16:26.223+0000] {processor.py:208} INFO - Processing /home/airflow/.local/lib/python3.12/site-packages/airflow/example_dags/example_latest_only_with_trigger.py took 0.093 seconds
[2024-12-18T10:16:56.847+0000] {processor.py:186} INFO - Started process (PID=288) to work on /home/airflow/.local/lib/python3.12/site-packages/airflow/example_dags/example_latest_only_with_trigger.py
[2024-12-18T10:16:56.848+0000] {processor.py:914} INFO - Processing file /home/airflow/.local/lib/python3.12/site-packages/airflow/example_dags/example_latest_only_with_trigger.py for tasks to queue
[2024-12-18T10:16:56.850+0000] {logging_mixin.py:190} INFO - [2024-12-18T10:16:56.850+0000] {dagbag.py:588} INFO - Filling up the DagBag from /home/airflow/.local/lib/python3.12/site-packages/airflow/example_dags/example_latest_only_with_trigger.py
[2024-12-18T10:16:56.858+0000] {processor.py:925} INFO - DAG(s) 'latest_only_with_trigger' retrieved from /home/airflow/.local/lib/python3.12/site-packages/airflow/example_dags/example_latest_only_with_trigger.py
[2024-12-18T10:16:56.878+0000] {logging_mixin.py:190} INFO - [2024-12-18T10:16:56.878+0000] {dag.py:3239} INFO - Sync 1 DAGs
[2024-12-18T10:16:56.903+0000] {logging_mixin.py:190} INFO - [2024-12-18T10:16:56.902+0000] {dag.py:4180} INFO - Setting next_dagrun for latest_only_with_trigger to 2024-12-18 04:00:00+00:00, run_after=2024-12-18 08:00:00+00:00
[2024-12-18T10:16:56.920+0000] {processor.py:208} INFO - Processing /home/airflow/.local/lib/python3.12/site-packages/airflow/example_dags/example_latest_only_with_trigger.py took 0.079 seconds
[2024-12-18T10:17:27.621+0000] {processor.py:186} INFO - Started process (PID=351) to work on /home/airflow/.local/lib/python3.12/site-packages/airflow/example_dags/example_latest_only_with_trigger.py
[2024-12-18T10:17:27.622+0000] {processor.py:914} INFO - Processing file /home/airflow/.local/lib/python3.12/site-packages/airflow/example_dags/example_latest_only_with_trigger.py for tasks to queue
[2024-12-18T10:17:27.624+0000] {logging_mixin.py:190} INFO - [2024-12-18T10:17:27.624+0000] {dagbag.py:588} INFO - Filling up the DagBag from /home/airflow/.local/lib/python3.12/site-packages/airflow/example_dags/example_latest_only_with_trigger.py
[2024-12-18T10:17:27.631+0000] {processor.py:925} INFO - DAG(s) 'latest_only_with_trigger' retrieved from /home/airflow/.local/lib/python3.12/site-packages/airflow/example_dags/example_latest_only_with_trigger.py
[2024-12-18T10:17:27.650+0000] {logging_mixin.py:190} INFO - [2024-12-18T10:17:27.650+0000] {dag.py:3239} INFO - Sync 1 DAGs
[2024-12-18T10:17:27.673+0000] {logging_mixin.py:190} INFO - [2024-12-18T10:17:27.672+0000] {dag.py:4180} INFO - Setting next_dagrun for latest_only_with_trigger to 2024-12-18 04:00:00+00:00, run_after=2024-12-18 08:00:00+00:00
[2024-12-18T10:17:27.690+0000] {processor.py:208} INFO - Processing /home/airflow/.local/lib/python3.12/site-packages/airflow/example_dags/example_latest_only_with_trigger.py took 0.074 seconds
