[2024-12-18T09:53:47.847+0000] {processor.py:186} INFO - Started process (PID=81) to work on /home/airflow/.local/lib/python3.12/site-packages/airflow/example_dags/example_sla_dag.py
[2024-12-18T09:53:47.848+0000] {processor.py:914} INFO - Processing file /home/airflow/.local/lib/python3.12/site-packages/airflow/example_dags/example_sla_dag.py for tasks to queue
[2024-12-18T09:53:47.850+0000] {logging_mixin.py:190} INFO - [2024-12-18T09:53:47.850+0000] {dagbag.py:588} INFO - Filling up the DagBag from /home/airflow/.local/lib/python3.12/site-packages/airflow/example_dags/example_sla_dag.py
[2024-12-18T09:53:47.860+0000] {processor.py:925} INFO - DAG(s) 'example_sla_dag' retrieved from /home/airflow/.local/lib/python3.12/site-packages/airflow/example_dags/example_sla_dag.py
[2024-12-18T09:53:47.888+0000] {logging_mixin.py:190} INFO - [2024-12-18T09:53:47.887+0000] {dag.py:3239} INFO - Sync 1 DAGs
[2024-12-18T09:53:47.918+0000] {logging_mixin.py:190} INFO - [2024-12-18T09:53:47.918+0000] {dag.py:4180} INFO - Setting next_dagrun for example_sla_dag to 2024-12-18 09:50:00+00:00, run_after=2024-12-18 09:52:00+00:00
[2024-12-18T09:53:47.937+0000] {processor.py:208} INFO - Processing /home/airflow/.local/lib/python3.12/site-packages/airflow/example_dags/example_sla_dag.py took 0.095 seconds
[2024-12-18T09:54:19.141+0000] {processor.py:186} INFO - Started process (PID=151) to work on /home/airflow/.local/lib/python3.12/site-packages/airflow/example_dags/example_sla_dag.py
[2024-12-18T09:54:19.142+0000] {processor.py:914} INFO - Processing file /home/airflow/.local/lib/python3.12/site-packages/airflow/example_dags/example_sla_dag.py for tasks to queue
[2024-12-18T09:54:19.145+0000] {logging_mixin.py:190} INFO - [2024-12-18T09:54:19.145+0000] {dagbag.py:588} INFO - Filling up the DagBag from /home/airflow/.local/lib/python3.12/site-packages/airflow/example_dags/example_sla_dag.py
[2024-12-18T09:54:19.158+0000] {processor.py:925} INFO - DAG(s) 'example_sla_dag' retrieved from /home/airflow/.local/lib/python3.12/site-packages/airflow/example_dags/example_sla_dag.py
[2024-12-18T09:54:19.177+0000] {logging_mixin.py:190} INFO - [2024-12-18T09:54:19.177+0000] {dag.py:3239} INFO - Sync 1 DAGs
[2024-12-18T09:54:19.204+0000] {logging_mixin.py:190} INFO - [2024-12-18T09:54:19.204+0000] {dag.py:4180} INFO - Setting next_dagrun for example_sla_dag to 2024-12-18 09:52:00+00:00, run_after=2024-12-18 09:54:00+00:00
[2024-12-18T09:54:19.222+0000] {processor.py:208} INFO - Processing /home/airflow/.local/lib/python3.12/site-packages/airflow/example_dags/example_sla_dag.py took 0.090 seconds
[2024-12-18T09:54:49.810+0000] {processor.py:186} INFO - Started process (PID=215) to work on /home/airflow/.local/lib/python3.12/site-packages/airflow/example_dags/example_sla_dag.py
[2024-12-18T09:54:49.811+0000] {processor.py:914} INFO - Processing file /home/airflow/.local/lib/python3.12/site-packages/airflow/example_dags/example_sla_dag.py for tasks to queue
[2024-12-18T09:54:49.813+0000] {logging_mixin.py:190} INFO - [2024-12-18T09:54:49.812+0000] {dagbag.py:588} INFO - Filling up the DagBag from /home/airflow/.local/lib/python3.12/site-packages/airflow/example_dags/example_sla_dag.py
[2024-12-18T09:54:49.822+0000] {processor.py:925} INFO - DAG(s) 'example_sla_dag' retrieved from /home/airflow/.local/lib/python3.12/site-packages/airflow/example_dags/example_sla_dag.py
[2024-12-18T09:54:49.838+0000] {logging_mixin.py:190} INFO - [2024-12-18T09:54:49.838+0000] {dag.py:3239} INFO - Sync 1 DAGs
[2024-12-18T09:54:49.861+0000] {logging_mixin.py:190} INFO - [2024-12-18T09:54:49.861+0000] {dag.py:4180} INFO - Setting next_dagrun for example_sla_dag to 2024-12-18 09:52:00+00:00, run_after=2024-12-18 09:54:00+00:00
[2024-12-18T09:54:49.877+0000] {processor.py:208} INFO - Processing /home/airflow/.local/lib/python3.12/site-packages/airflow/example_dags/example_sla_dag.py took 0.071 seconds
[2024-12-18T09:55:20.306+0000] {processor.py:186} INFO - Started process (PID=278) to work on /home/airflow/.local/lib/python3.12/site-packages/airflow/example_dags/example_sla_dag.py
[2024-12-18T09:55:20.307+0000] {processor.py:914} INFO - Processing file /home/airflow/.local/lib/python3.12/site-packages/airflow/example_dags/example_sla_dag.py for tasks to queue
[2024-12-18T09:55:20.309+0000] {logging_mixin.py:190} INFO - [2024-12-18T09:55:20.308+0000] {dagbag.py:588} INFO - Filling up the DagBag from /home/airflow/.local/lib/python3.12/site-packages/airflow/example_dags/example_sla_dag.py
[2024-12-18T09:55:20.318+0000] {processor.py:925} INFO - DAG(s) 'example_sla_dag' retrieved from /home/airflow/.local/lib/python3.12/site-packages/airflow/example_dags/example_sla_dag.py
[2024-12-18T09:55:20.335+0000] {logging_mixin.py:190} INFO - [2024-12-18T09:55:20.334+0000] {dag.py:3239} INFO - Sync 1 DAGs
[2024-12-18T09:55:20.358+0000] {logging_mixin.py:190} INFO - [2024-12-18T09:55:20.358+0000] {dag.py:4180} INFO - Setting next_dagrun for example_sla_dag to 2024-12-18 09:52:00+00:00, run_after=2024-12-18 09:54:00+00:00
[2024-12-18T09:55:20.374+0000] {processor.py:208} INFO - Processing /home/airflow/.local/lib/python3.12/site-packages/airflow/example_dags/example_sla_dag.py took 0.073 seconds
[2024-12-18T09:55:50.588+0000] {processor.py:186} INFO - Started process (PID=344) to work on /home/airflow/.local/lib/python3.12/site-packages/airflow/example_dags/example_sla_dag.py
[2024-12-18T09:55:50.589+0000] {processor.py:914} INFO - Processing file /home/airflow/.local/lib/python3.12/site-packages/airflow/example_dags/example_sla_dag.py for tasks to queue
[2024-12-18T09:55:50.591+0000] {logging_mixin.py:190} INFO - [2024-12-18T09:55:50.591+0000] {dagbag.py:588} INFO - Filling up the DagBag from /home/airflow/.local/lib/python3.12/site-packages/airflow/example_dags/example_sla_dag.py
[2024-12-18T09:55:50.603+0000] {processor.py:925} INFO - DAG(s) 'example_sla_dag' retrieved from /home/airflow/.local/lib/python3.12/site-packages/airflow/example_dags/example_sla_dag.py
[2024-12-18T09:55:50.623+0000] {logging_mixin.py:190} INFO - [2024-12-18T09:55:50.623+0000] {dag.py:3239} INFO - Sync 1 DAGs
[2024-12-18T09:55:50.654+0000] {logging_mixin.py:190} INFO - [2024-12-18T09:55:50.654+0000] {dag.py:4180} INFO - Setting next_dagrun for example_sla_dag to 2024-12-18 09:52:00+00:00, run_after=2024-12-18 09:54:00+00:00
[2024-12-18T09:55:50.673+0000] {processor.py:208} INFO - Processing /home/airflow/.local/lib/python3.12/site-packages/airflow/example_dags/example_sla_dag.py took 0.092 seconds
[2024-12-18T09:56:20.777+0000] {processor.py:186} INFO - Started process (PID=408) to work on /home/airflow/.local/lib/python3.12/site-packages/airflow/example_dags/example_sla_dag.py
[2024-12-18T09:56:20.778+0000] {processor.py:914} INFO - Processing file /home/airflow/.local/lib/python3.12/site-packages/airflow/example_dags/example_sla_dag.py for tasks to queue
[2024-12-18T09:56:20.782+0000] {logging_mixin.py:190} INFO - [2024-12-18T09:56:20.781+0000] {dagbag.py:588} INFO - Filling up the DagBag from /home/airflow/.local/lib/python3.12/site-packages/airflow/example_dags/example_sla_dag.py
[2024-12-18T09:56:20.793+0000] {processor.py:925} INFO - DAG(s) 'example_sla_dag' retrieved from /home/airflow/.local/lib/python3.12/site-packages/airflow/example_dags/example_sla_dag.py
[2024-12-18T09:56:20.816+0000] {logging_mixin.py:190} INFO - [2024-12-18T09:56:20.816+0000] {dag.py:3239} INFO - Sync 1 DAGs
[2024-12-18T09:56:20.852+0000] {logging_mixin.py:190} INFO - [2024-12-18T09:56:20.852+0000] {dag.py:4180} INFO - Setting next_dagrun for example_sla_dag to 2024-12-18 09:54:00+00:00, run_after=2024-12-18 09:56:00+00:00
[2024-12-18T09:56:20.868+0000] {processor.py:208} INFO - Processing /home/airflow/.local/lib/python3.12/site-packages/airflow/example_dags/example_sla_dag.py took 0.097 seconds
[2024-12-18T09:56:50.983+0000] {processor.py:186} INFO - Started process (PID=486) to work on /home/airflow/.local/lib/python3.12/site-packages/airflow/example_dags/example_sla_dag.py
[2024-12-18T09:56:50.984+0000] {processor.py:914} INFO - Processing file /home/airflow/.local/lib/python3.12/site-packages/airflow/example_dags/example_sla_dag.py for tasks to queue
[2024-12-18T09:56:50.987+0000] {logging_mixin.py:190} INFO - [2024-12-18T09:56:50.986+0000] {dagbag.py:588} INFO - Filling up the DagBag from /home/airflow/.local/lib/python3.12/site-packages/airflow/example_dags/example_sla_dag.py
[2024-12-18T09:56:51.000+0000] {processor.py:925} INFO - DAG(s) 'example_sla_dag' retrieved from /home/airflow/.local/lib/python3.12/site-packages/airflow/example_dags/example_sla_dag.py
[2024-12-18T09:56:51.025+0000] {logging_mixin.py:190} INFO - [2024-12-18T09:56:51.024+0000] {dag.py:3239} INFO - Sync 1 DAGs
[2024-12-18T09:56:51.050+0000] {logging_mixin.py:190} INFO - [2024-12-18T09:56:51.050+0000] {dag.py:4180} INFO - Setting next_dagrun for example_sla_dag to 2024-12-18 09:54:00+00:00, run_after=2024-12-18 09:56:00+00:00
[2024-12-18T09:56:51.066+0000] {processor.py:208} INFO - Processing /home/airflow/.local/lib/python3.12/site-packages/airflow/example_dags/example_sla_dag.py took 0.089 seconds
[2024-12-18T09:57:21.357+0000] {processor.py:186} INFO - Started process (PID=550) to work on /home/airflow/.local/lib/python3.12/site-packages/airflow/example_dags/example_sla_dag.py
[2024-12-18T09:57:21.358+0000] {processor.py:914} INFO - Processing file /home/airflow/.local/lib/python3.12/site-packages/airflow/example_dags/example_sla_dag.py for tasks to queue
[2024-12-18T09:57:21.360+0000] {logging_mixin.py:190} INFO - [2024-12-18T09:57:21.360+0000] {dagbag.py:588} INFO - Filling up the DagBag from /home/airflow/.local/lib/python3.12/site-packages/airflow/example_dags/example_sla_dag.py
[2024-12-18T09:57:21.372+0000] {processor.py:925} INFO - DAG(s) 'example_sla_dag' retrieved from /home/airflow/.local/lib/python3.12/site-packages/airflow/example_dags/example_sla_dag.py
[2024-12-18T09:57:21.398+0000] {logging_mixin.py:190} INFO - [2024-12-18T09:57:21.397+0000] {dag.py:3239} INFO - Sync 1 DAGs
[2024-12-18T09:57:21.437+0000] {logging_mixin.py:190} INFO - [2024-12-18T09:57:21.436+0000] {dag.py:4180} INFO - Setting next_dagrun for example_sla_dag to 2024-12-18 09:54:00+00:00, run_after=2024-12-18 09:56:00+00:00
[2024-12-18T09:57:21.459+0000] {processor.py:208} INFO - Processing /home/airflow/.local/lib/python3.12/site-packages/airflow/example_dags/example_sla_dag.py took 0.109 seconds
[2024-12-18T09:57:51.674+0000] {processor.py:186} INFO - Started process (PID=614) to work on /home/airflow/.local/lib/python3.12/site-packages/airflow/example_dags/example_sla_dag.py
[2024-12-18T09:57:51.676+0000] {processor.py:914} INFO - Processing file /home/airflow/.local/lib/python3.12/site-packages/airflow/example_dags/example_sla_dag.py for tasks to queue
[2024-12-18T09:57:51.680+0000] {logging_mixin.py:190} INFO - [2024-12-18T09:57:51.679+0000] {dagbag.py:588} INFO - Filling up the DagBag from /home/airflow/.local/lib/python3.12/site-packages/airflow/example_dags/example_sla_dag.py
[2024-12-18T09:57:51.698+0000] {processor.py:925} INFO - DAG(s) 'example_sla_dag' retrieved from /home/airflow/.local/lib/python3.12/site-packages/airflow/example_dags/example_sla_dag.py
[2024-12-18T09:57:51.744+0000] {logging_mixin.py:190} INFO - [2024-12-18T09:57:51.743+0000] {dag.py:3239} INFO - Sync 1 DAGs
[2024-12-18T09:57:51.777+0000] {logging_mixin.py:190} INFO - [2024-12-18T09:57:51.777+0000] {dag.py:4180} INFO - Setting next_dagrun for example_sla_dag to 2024-12-18 09:54:00+00:00, run_after=2024-12-18 09:56:00+00:00
[2024-12-18T09:57:51.792+0000] {processor.py:208} INFO - Processing /home/airflow/.local/lib/python3.12/site-packages/airflow/example_dags/example_sla_dag.py took 0.129 seconds
[2024-12-18T09:58:21.989+0000] {processor.py:186} INFO - Started process (PID=678) to work on /home/airflow/.local/lib/python3.12/site-packages/airflow/example_dags/example_sla_dag.py
[2024-12-18T09:58:21.990+0000] {processor.py:914} INFO - Processing file /home/airflow/.local/lib/python3.12/site-packages/airflow/example_dags/example_sla_dag.py for tasks to queue
[2024-12-18T09:58:21.992+0000] {logging_mixin.py:190} INFO - [2024-12-18T09:58:21.992+0000] {dagbag.py:588} INFO - Filling up the DagBag from /home/airflow/.local/lib/python3.12/site-packages/airflow/example_dags/example_sla_dag.py
[2024-12-18T09:58:22.003+0000] {processor.py:925} INFO - DAG(s) 'example_sla_dag' retrieved from /home/airflow/.local/lib/python3.12/site-packages/airflow/example_dags/example_sla_dag.py
[2024-12-18T09:58:22.022+0000] {logging_mixin.py:190} INFO - [2024-12-18T09:58:22.022+0000] {dag.py:3239} INFO - Sync 1 DAGs
[2024-12-18T09:58:22.048+0000] {logging_mixin.py:190} INFO - [2024-12-18T09:58:22.048+0000] {dag.py:4180} INFO - Setting next_dagrun for example_sla_dag to 2024-12-18 09:56:00+00:00, run_after=2024-12-18 09:58:00+00:00
[2024-12-18T09:58:22.072+0000] {processor.py:208} INFO - Processing /home/airflow/.local/lib/python3.12/site-packages/airflow/example_dags/example_sla_dag.py took 0.088 seconds
[2024-12-18T09:58:52.780+0000] {processor.py:186} INFO - Started process (PID=742) to work on /home/airflow/.local/lib/python3.12/site-packages/airflow/example_dags/example_sla_dag.py
[2024-12-18T09:58:52.781+0000] {processor.py:914} INFO - Processing file /home/airflow/.local/lib/python3.12/site-packages/airflow/example_dags/example_sla_dag.py for tasks to queue
[2024-12-18T09:58:52.783+0000] {logging_mixin.py:190} INFO - [2024-12-18T09:58:52.782+0000] {dagbag.py:588} INFO - Filling up the DagBag from /home/airflow/.local/lib/python3.12/site-packages/airflow/example_dags/example_sla_dag.py
[2024-12-18T09:58:52.792+0000] {processor.py:925} INFO - DAG(s) 'example_sla_dag' retrieved from /home/airflow/.local/lib/python3.12/site-packages/airflow/example_dags/example_sla_dag.py
[2024-12-18T09:58:52.809+0000] {logging_mixin.py:190} INFO - [2024-12-18T09:58:52.809+0000] {dag.py:3239} INFO - Sync 1 DAGs
[2024-12-18T09:58:52.835+0000] {logging_mixin.py:190} INFO - [2024-12-18T09:58:52.835+0000] {dag.py:4180} INFO - Setting next_dagrun for example_sla_dag to 2024-12-18 09:56:00+00:00, run_after=2024-12-18 09:58:00+00:00
[2024-12-18T09:58:52.852+0000] {processor.py:208} INFO - Processing /home/airflow/.local/lib/python3.12/site-packages/airflow/example_dags/example_sla_dag.py took 0.078 seconds
[2024-12-18T09:59:23.096+0000] {processor.py:186} INFO - Started process (PID=806) to work on /home/airflow/.local/lib/python3.12/site-packages/airflow/example_dags/example_sla_dag.py
[2024-12-18T09:59:23.097+0000] {processor.py:914} INFO - Processing file /home/airflow/.local/lib/python3.12/site-packages/airflow/example_dags/example_sla_dag.py for tasks to queue
[2024-12-18T09:59:23.099+0000] {logging_mixin.py:190} INFO - [2024-12-18T09:59:23.099+0000] {dagbag.py:588} INFO - Filling up the DagBag from /home/airflow/.local/lib/python3.12/site-packages/airflow/example_dags/example_sla_dag.py
[2024-12-18T09:59:23.111+0000] {processor.py:925} INFO - DAG(s) 'example_sla_dag' retrieved from /home/airflow/.local/lib/python3.12/site-packages/airflow/example_dags/example_sla_dag.py
[2024-12-18T09:59:23.132+0000] {logging_mixin.py:190} INFO - [2024-12-18T09:59:23.132+0000] {dag.py:3239} INFO - Sync 1 DAGs
[2024-12-18T09:59:23.168+0000] {logging_mixin.py:190} INFO - [2024-12-18T09:59:23.167+0000] {dag.py:4180} INFO - Setting next_dagrun for example_sla_dag to 2024-12-18 09:56:00+00:00, run_after=2024-12-18 09:58:00+00:00
[2024-12-18T09:59:23.185+0000] {processor.py:208} INFO - Processing /home/airflow/.local/lib/python3.12/site-packages/airflow/example_dags/example_sla_dag.py took 0.095 seconds
[2024-12-18T09:59:53.701+0000] {processor.py:186} INFO - Started process (PID=870) to work on /home/airflow/.local/lib/python3.12/site-packages/airflow/example_dags/example_sla_dag.py
[2024-12-18T09:59:53.702+0000] {processor.py:914} INFO - Processing file /home/airflow/.local/lib/python3.12/site-packages/airflow/example_dags/example_sla_dag.py for tasks to queue
[2024-12-18T09:59:53.704+0000] {logging_mixin.py:190} INFO - [2024-12-18T09:59:53.703+0000] {dagbag.py:588} INFO - Filling up the DagBag from /home/airflow/.local/lib/python3.12/site-packages/airflow/example_dags/example_sla_dag.py
[2024-12-18T09:59:53.714+0000] {processor.py:925} INFO - DAG(s) 'example_sla_dag' retrieved from /home/airflow/.local/lib/python3.12/site-packages/airflow/example_dags/example_sla_dag.py
[2024-12-18T09:59:53.733+0000] {logging_mixin.py:190} INFO - [2024-12-18T09:59:53.733+0000] {dag.py:3239} INFO - Sync 1 DAGs
[2024-12-18T09:59:53.758+0000] {logging_mixin.py:190} INFO - [2024-12-18T09:59:53.758+0000] {dag.py:4180} INFO - Setting next_dagrun for example_sla_dag to 2024-12-18 09:56:00+00:00, run_after=2024-12-18 09:58:00+00:00
[2024-12-18T09:59:53.773+0000] {processor.py:208} INFO - Processing /home/airflow/.local/lib/python3.12/site-packages/airflow/example_dags/example_sla_dag.py took 0.077 seconds
[2024-12-18T10:00:24.284+0000] {processor.py:186} INFO - Started process (PID=934) to work on /home/airflow/.local/lib/python3.12/site-packages/airflow/example_dags/example_sla_dag.py
[2024-12-18T10:00:24.285+0000] {processor.py:914} INFO - Processing file /home/airflow/.local/lib/python3.12/site-packages/airflow/example_dags/example_sla_dag.py for tasks to queue
[2024-12-18T10:00:24.287+0000] {logging_mixin.py:190} INFO - [2024-12-18T10:00:24.287+0000] {dagbag.py:588} INFO - Filling up the DagBag from /home/airflow/.local/lib/python3.12/site-packages/airflow/example_dags/example_sla_dag.py
[2024-12-18T10:00:24.298+0000] {processor.py:925} INFO - DAG(s) 'example_sla_dag' retrieved from /home/airflow/.local/lib/python3.12/site-packages/airflow/example_dags/example_sla_dag.py
[2024-12-18T10:00:24.318+0000] {logging_mixin.py:190} INFO - [2024-12-18T10:00:24.317+0000] {dag.py:3239} INFO - Sync 1 DAGs
[2024-12-18T10:00:24.349+0000] {logging_mixin.py:190} INFO - [2024-12-18T10:00:24.349+0000] {dag.py:4180} INFO - Setting next_dagrun for example_sla_dag to 2024-12-18 09:58:00+00:00, run_after=2024-12-18 10:00:00+00:00
[2024-12-18T10:00:24.368+0000] {processor.py:208} INFO - Processing /home/airflow/.local/lib/python3.12/site-packages/airflow/example_dags/example_sla_dag.py took 0.090 seconds
[2024-12-18T10:00:54.724+0000] {processor.py:186} INFO - Started process (PID=998) to work on /home/airflow/.local/lib/python3.12/site-packages/airflow/example_dags/example_sla_dag.py
[2024-12-18T10:00:54.725+0000] {processor.py:914} INFO - Processing file /home/airflow/.local/lib/python3.12/site-packages/airflow/example_dags/example_sla_dag.py for tasks to queue
[2024-12-18T10:00:54.727+0000] {logging_mixin.py:190} INFO - [2024-12-18T10:00:54.726+0000] {dagbag.py:588} INFO - Filling up the DagBag from /home/airflow/.local/lib/python3.12/site-packages/airflow/example_dags/example_sla_dag.py
[2024-12-18T10:00:54.736+0000] {processor.py:925} INFO - DAG(s) 'example_sla_dag' retrieved from /home/airflow/.local/lib/python3.12/site-packages/airflow/example_dags/example_sla_dag.py
[2024-12-18T10:00:54.754+0000] {logging_mixin.py:190} INFO - [2024-12-18T10:00:54.754+0000] {dag.py:3239} INFO - Sync 1 DAGs
[2024-12-18T10:00:54.781+0000] {logging_mixin.py:190} INFO - [2024-12-18T10:00:54.780+0000] {dag.py:4180} INFO - Setting next_dagrun for example_sla_dag to 2024-12-18 09:58:00+00:00, run_after=2024-12-18 10:00:00+00:00
[2024-12-18T10:00:54.795+0000] {processor.py:208} INFO - Processing /home/airflow/.local/lib/python3.12/site-packages/airflow/example_dags/example_sla_dag.py took 0.077 seconds
[2024-12-18T10:05:22.874+0000] {processor.py:186} INFO - Started process (PID=84) to work on /home/airflow/.local/lib/python3.12/site-packages/airflow/example_dags/example_sla_dag.py
[2024-12-18T10:05:22.875+0000] {processor.py:914} INFO - Processing file /home/airflow/.local/lib/python3.12/site-packages/airflow/example_dags/example_sla_dag.py for tasks to queue
[2024-12-18T10:05:22.878+0000] {logging_mixin.py:190} INFO - [2024-12-18T10:05:22.878+0000] {dagbag.py:588} INFO - Filling up the DagBag from /home/airflow/.local/lib/python3.12/site-packages/airflow/example_dags/example_sla_dag.py
[2024-12-18T10:05:22.893+0000] {processor.py:925} INFO - DAG(s) 'example_sla_dag' retrieved from /home/airflow/.local/lib/python3.12/site-packages/airflow/example_dags/example_sla_dag.py
[2024-12-18T10:05:22.937+0000] {logging_mixin.py:190} INFO - [2024-12-18T10:05:22.937+0000] {dag.py:3239} INFO - Sync 1 DAGs
[2024-12-18T10:05:22.978+0000] {logging_mixin.py:190} INFO - [2024-12-18T10:05:22.978+0000] {dag.py:4180} INFO - Setting next_dagrun for example_sla_dag to 2024-12-18 10:02:00+00:00, run_after=2024-12-18 10:04:00+00:00
[2024-12-18T10:05:23.005+0000] {processor.py:208} INFO - Processing /home/airflow/.local/lib/python3.12/site-packages/airflow/example_dags/example_sla_dag.py took 0.140 seconds
[2024-12-18T10:05:54.904+0000] {processor.py:186} INFO - Started process (PID=150) to work on /home/airflow/.local/lib/python3.12/site-packages/airflow/example_dags/example_sla_dag.py
[2024-12-18T10:05:54.905+0000] {processor.py:914} INFO - Processing file /home/airflow/.local/lib/python3.12/site-packages/airflow/example_dags/example_sla_dag.py for tasks to queue
[2024-12-18T10:05:54.907+0000] {logging_mixin.py:190} INFO - [2024-12-18T10:05:54.907+0000] {dagbag.py:588} INFO - Filling up the DagBag from /home/airflow/.local/lib/python3.12/site-packages/airflow/example_dags/example_sla_dag.py
[2024-12-18T10:05:54.916+0000] {processor.py:925} INFO - DAG(s) 'example_sla_dag' retrieved from /home/airflow/.local/lib/python3.12/site-packages/airflow/example_dags/example_sla_dag.py
[2024-12-18T10:05:54.937+0000] {logging_mixin.py:190} INFO - [2024-12-18T10:05:54.937+0000] {dag.py:3239} INFO - Sync 1 DAGs
[2024-12-18T10:05:54.969+0000] {logging_mixin.py:190} INFO - [2024-12-18T10:05:54.969+0000] {dag.py:4180} INFO - Setting next_dagrun for example_sla_dag to 2024-12-18 10:02:00+00:00, run_after=2024-12-18 10:04:00+00:00
[2024-12-18T10:05:54.984+0000] {processor.py:208} INFO - Processing /home/airflow/.local/lib/python3.12/site-packages/airflow/example_dags/example_sla_dag.py took 0.085 seconds
[2024-12-18T10:06:25.387+0000] {processor.py:186} INFO - Started process (PID=219) to work on /home/airflow/.local/lib/python3.12/site-packages/airflow/example_dags/example_sla_dag.py
[2024-12-18T10:06:25.388+0000] {processor.py:914} INFO - Processing file /home/airflow/.local/lib/python3.12/site-packages/airflow/example_dags/example_sla_dag.py for tasks to queue
[2024-12-18T10:06:25.389+0000] {logging_mixin.py:190} INFO - [2024-12-18T10:06:25.389+0000] {dagbag.py:588} INFO - Filling up the DagBag from /home/airflow/.local/lib/python3.12/site-packages/airflow/example_dags/example_sla_dag.py
[2024-12-18T10:06:25.398+0000] {processor.py:925} INFO - DAG(s) 'example_sla_dag' retrieved from /home/airflow/.local/lib/python3.12/site-packages/airflow/example_dags/example_sla_dag.py
[2024-12-18T10:06:25.415+0000] {logging_mixin.py:190} INFO - [2024-12-18T10:06:25.415+0000] {dag.py:3239} INFO - Sync 1 DAGs
[2024-12-18T10:06:25.438+0000] {logging_mixin.py:190} INFO - [2024-12-18T10:06:25.438+0000] {dag.py:4180} INFO - Setting next_dagrun for example_sla_dag to 2024-12-18 10:04:00+00:00, run_after=2024-12-18 10:06:00+00:00
[2024-12-18T10:06:25.452+0000] {processor.py:208} INFO - Processing /home/airflow/.local/lib/python3.12/site-packages/airflow/example_dags/example_sla_dag.py took 0.070 seconds
[2024-12-18T10:06:57.506+0000] {processor.py:186} INFO - Started process (PID=285) to work on /home/airflow/.local/lib/python3.12/site-packages/airflow/example_dags/example_sla_dag.py
[2024-12-18T10:06:57.506+0000] {processor.py:914} INFO - Processing file /home/airflow/.local/lib/python3.12/site-packages/airflow/example_dags/example_sla_dag.py for tasks to queue
[2024-12-18T10:06:57.507+0000] {logging_mixin.py:190} INFO - [2024-12-18T10:06:57.507+0000] {dagbag.py:588} INFO - Filling up the DagBag from /home/airflow/.local/lib/python3.12/site-packages/airflow/example_dags/example_sla_dag.py
[2024-12-18T10:06:57.517+0000] {processor.py:925} INFO - DAG(s) 'example_sla_dag' retrieved from /home/airflow/.local/lib/python3.12/site-packages/airflow/example_dags/example_sla_dag.py
[2024-12-18T10:06:57.534+0000] {logging_mixin.py:190} INFO - [2024-12-18T10:06:57.534+0000] {dag.py:3239} INFO - Sync 1 DAGs
[2024-12-18T10:06:57.562+0000] {logging_mixin.py:190} INFO - [2024-12-18T10:06:57.562+0000] {dag.py:4180} INFO - Setting next_dagrun for example_sla_dag to 2024-12-18 10:04:00+00:00, run_after=2024-12-18 10:06:00+00:00
[2024-12-18T10:06:57.591+0000] {processor.py:208} INFO - Processing /home/airflow/.local/lib/python3.12/site-packages/airflow/example_dags/example_sla_dag.py took 0.091 seconds
[2024-12-18T10:07:27.947+0000] {processor.py:186} INFO - Started process (PID=348) to work on /home/airflow/.local/lib/python3.12/site-packages/airflow/example_dags/example_sla_dag.py
[2024-12-18T10:07:27.948+0000] {processor.py:914} INFO - Processing file /home/airflow/.local/lib/python3.12/site-packages/airflow/example_dags/example_sla_dag.py for tasks to queue
[2024-12-18T10:07:27.949+0000] {logging_mixin.py:190} INFO - [2024-12-18T10:07:27.948+0000] {dagbag.py:588} INFO - Filling up the DagBag from /home/airflow/.local/lib/python3.12/site-packages/airflow/example_dags/example_sla_dag.py
[2024-12-18T10:07:27.958+0000] {processor.py:925} INFO - DAG(s) 'example_sla_dag' retrieved from /home/airflow/.local/lib/python3.12/site-packages/airflow/example_dags/example_sla_dag.py
[2024-12-18T10:07:27.975+0000] {logging_mixin.py:190} INFO - [2024-12-18T10:07:27.974+0000] {dag.py:3239} INFO - Sync 1 DAGs
[2024-12-18T10:07:27.997+0000] {logging_mixin.py:190} INFO - [2024-12-18T10:07:27.997+0000] {dag.py:4180} INFO - Setting next_dagrun for example_sla_dag to 2024-12-18 10:04:00+00:00, run_after=2024-12-18 10:06:00+00:00
[2024-12-18T10:07:28.011+0000] {processor.py:208} INFO - Processing /home/airflow/.local/lib/python3.12/site-packages/airflow/example_dags/example_sla_dag.py took 0.069 seconds
[2024-12-18T10:07:59.159+0000] {processor.py:186} INFO - Started process (PID=413) to work on /home/airflow/.local/lib/python3.12/site-packages/airflow/example_dags/example_sla_dag.py
[2024-12-18T10:07:59.160+0000] {processor.py:914} INFO - Processing file /home/airflow/.local/lib/python3.12/site-packages/airflow/example_dags/example_sla_dag.py for tasks to queue
[2024-12-18T10:07:59.161+0000] {logging_mixin.py:190} INFO - [2024-12-18T10:07:59.160+0000] {dagbag.py:588} INFO - Filling up the DagBag from /home/airflow/.local/lib/python3.12/site-packages/airflow/example_dags/example_sla_dag.py
[2024-12-18T10:07:59.170+0000] {processor.py:925} INFO - DAG(s) 'example_sla_dag' retrieved from /home/airflow/.local/lib/python3.12/site-packages/airflow/example_dags/example_sla_dag.py
[2024-12-18T10:07:59.186+0000] {logging_mixin.py:190} INFO - [2024-12-18T10:07:59.186+0000] {dag.py:3239} INFO - Sync 1 DAGs
[2024-12-18T10:07:59.208+0000] {logging_mixin.py:190} INFO - [2024-12-18T10:07:59.208+0000] {dag.py:4180} INFO - Setting next_dagrun for example_sla_dag to 2024-12-18 10:04:00+00:00, run_after=2024-12-18 10:06:00+00:00
[2024-12-18T10:07:59.221+0000] {processor.py:208} INFO - Processing /home/airflow/.local/lib/python3.12/site-packages/airflow/example_dags/example_sla_dag.py took 0.068 seconds
[2024-12-18T10:08:29.701+0000] {processor.py:186} INFO - Started process (PID=476) to work on /home/airflow/.local/lib/python3.12/site-packages/airflow/example_dags/example_sla_dag.py
[2024-12-18T10:08:29.702+0000] {processor.py:914} INFO - Processing file /home/airflow/.local/lib/python3.12/site-packages/airflow/example_dags/example_sla_dag.py for tasks to queue
[2024-12-18T10:08:29.702+0000] {logging_mixin.py:190} INFO - [2024-12-18T10:08:29.702+0000] {dagbag.py:588} INFO - Filling up the DagBag from /home/airflow/.local/lib/python3.12/site-packages/airflow/example_dags/example_sla_dag.py
[2024-12-18T10:08:29.712+0000] {processor.py:925} INFO - DAG(s) 'example_sla_dag' retrieved from /home/airflow/.local/lib/python3.12/site-packages/airflow/example_dags/example_sla_dag.py
[2024-12-18T10:08:29.728+0000] {logging_mixin.py:190} INFO - [2024-12-18T10:08:29.728+0000] {dag.py:3239} INFO - Sync 1 DAGs
[2024-12-18T10:08:29.753+0000] {logging_mixin.py:190} INFO - [2024-12-18T10:08:29.753+0000] {dag.py:4180} INFO - Setting next_dagrun for example_sla_dag to 2024-12-18 10:06:00+00:00, run_after=2024-12-18 10:08:00+00:00
[2024-12-18T10:08:29.768+0000] {processor.py:208} INFO - Processing /home/airflow/.local/lib/python3.12/site-packages/airflow/example_dags/example_sla_dag.py took 0.072 seconds
[2024-12-18T10:08:59.834+0000] {processor.py:186} INFO - Started process (PID=541) to work on /home/airflow/.local/lib/python3.12/site-packages/airflow/example_dags/example_sla_dag.py
[2024-12-18T10:08:59.835+0000] {processor.py:914} INFO - Processing file /home/airflow/.local/lib/python3.12/site-packages/airflow/example_dags/example_sla_dag.py for tasks to queue
[2024-12-18T10:08:59.836+0000] {logging_mixin.py:190} INFO - [2024-12-18T10:08:59.836+0000] {dagbag.py:588} INFO - Filling up the DagBag from /home/airflow/.local/lib/python3.12/site-packages/airflow/example_dags/example_sla_dag.py
[2024-12-18T10:08:59.846+0000] {processor.py:925} INFO - DAG(s) 'example_sla_dag' retrieved from /home/airflow/.local/lib/python3.12/site-packages/airflow/example_dags/example_sla_dag.py
[2024-12-18T10:08:59.866+0000] {logging_mixin.py:190} INFO - [2024-12-18T10:08:59.865+0000] {dag.py:3239} INFO - Sync 1 DAGs
[2024-12-18T10:08:59.893+0000] {logging_mixin.py:190} INFO - [2024-12-18T10:08:59.893+0000] {dag.py:4180} INFO - Setting next_dagrun for example_sla_dag to 2024-12-18 10:06:00+00:00, run_after=2024-12-18 10:08:00+00:00
[2024-12-18T10:08:59.911+0000] {processor.py:208} INFO - Processing /home/airflow/.local/lib/python3.12/site-packages/airflow/example_dags/example_sla_dag.py took 0.083 seconds
[2024-12-18T10:09:30.275+0000] {processor.py:186} INFO - Started process (PID=603) to work on /home/airflow/.local/lib/python3.12/site-packages/airflow/example_dags/example_sla_dag.py
[2024-12-18T10:09:30.276+0000] {processor.py:914} INFO - Processing file /home/airflow/.local/lib/python3.12/site-packages/airflow/example_dags/example_sla_dag.py for tasks to queue
[2024-12-18T10:09:30.277+0000] {logging_mixin.py:190} INFO - [2024-12-18T10:09:30.277+0000] {dagbag.py:588} INFO - Filling up the DagBag from /home/airflow/.local/lib/python3.12/site-packages/airflow/example_dags/example_sla_dag.py
[2024-12-18T10:09:30.288+0000] {processor.py:925} INFO - DAG(s) 'example_sla_dag' retrieved from /home/airflow/.local/lib/python3.12/site-packages/airflow/example_dags/example_sla_dag.py
[2024-12-18T10:09:30.306+0000] {logging_mixin.py:190} INFO - [2024-12-18T10:09:30.305+0000] {dag.py:3239} INFO - Sync 1 DAGs
[2024-12-18T10:09:30.334+0000] {logging_mixin.py:190} INFO - [2024-12-18T10:09:30.334+0000] {dag.py:4180} INFO - Setting next_dagrun for example_sla_dag to 2024-12-18 10:06:00+00:00, run_after=2024-12-18 10:08:00+00:00
[2024-12-18T10:09:30.350+0000] {processor.py:208} INFO - Processing /home/airflow/.local/lib/python3.12/site-packages/airflow/example_dags/example_sla_dag.py took 0.082 seconds
[2024-12-18T10:10:01.315+0000] {processor.py:186} INFO - Started process (PID=669) to work on /home/airflow/.local/lib/python3.12/site-packages/airflow/example_dags/example_sla_dag.py
[2024-12-18T10:10:01.316+0000] {processor.py:914} INFO - Processing file /home/airflow/.local/lib/python3.12/site-packages/airflow/example_dags/example_sla_dag.py for tasks to queue
[2024-12-18T10:10:01.317+0000] {logging_mixin.py:190} INFO - [2024-12-18T10:10:01.317+0000] {dagbag.py:588} INFO - Filling up the DagBag from /home/airflow/.local/lib/python3.12/site-packages/airflow/example_dags/example_sla_dag.py
[2024-12-18T10:10:01.327+0000] {processor.py:925} INFO - DAG(s) 'example_sla_dag' retrieved from /home/airflow/.local/lib/python3.12/site-packages/airflow/example_dags/example_sla_dag.py
[2024-12-18T10:10:01.346+0000] {logging_mixin.py:190} INFO - [2024-12-18T10:10:01.345+0000] {dag.py:3239} INFO - Sync 1 DAGs
[2024-12-18T10:10:01.372+0000] {logging_mixin.py:190} INFO - [2024-12-18T10:10:01.372+0000] {dag.py:4180} INFO - Setting next_dagrun for example_sla_dag to 2024-12-18 10:08:00+00:00, run_after=2024-12-18 10:10:00+00:00
[2024-12-18T10:10:01.390+0000] {processor.py:208} INFO - Processing /home/airflow/.local/lib/python3.12/site-packages/airflow/example_dags/example_sla_dag.py took 0.080 seconds
[2024-12-18T10:10:31.821+0000] {processor.py:186} INFO - Started process (PID=732) to work on /home/airflow/.local/lib/python3.12/site-packages/airflow/example_dags/example_sla_dag.py
[2024-12-18T10:10:31.822+0000] {processor.py:914} INFO - Processing file /home/airflow/.local/lib/python3.12/site-packages/airflow/example_dags/example_sla_dag.py for tasks to queue
[2024-12-18T10:10:31.824+0000] {logging_mixin.py:190} INFO - [2024-12-18T10:10:31.823+0000] {dagbag.py:588} INFO - Filling up the DagBag from /home/airflow/.local/lib/python3.12/site-packages/airflow/example_dags/example_sla_dag.py
[2024-12-18T10:10:31.841+0000] {processor.py:925} INFO - DAG(s) 'example_sla_dag' retrieved from /home/airflow/.local/lib/python3.12/site-packages/airflow/example_dags/example_sla_dag.py
[2024-12-18T10:10:31.873+0000] {logging_mixin.py:190} INFO - [2024-12-18T10:10:31.873+0000] {dag.py:3239} INFO - Sync 1 DAGs
[2024-12-18T10:10:31.912+0000] {logging_mixin.py:190} INFO - [2024-12-18T10:10:31.912+0000] {dag.py:4180} INFO - Setting next_dagrun for example_sla_dag to 2024-12-18 10:08:00+00:00, run_after=2024-12-18 10:10:00+00:00
[2024-12-18T10:10:31.935+0000] {processor.py:208} INFO - Processing /home/airflow/.local/lib/python3.12/site-packages/airflow/example_dags/example_sla_dag.py took 0.128 seconds
[2024-12-18T10:11:02.845+0000] {processor.py:186} INFO - Started process (PID=798) to work on /home/airflow/.local/lib/python3.12/site-packages/airflow/example_dags/example_sla_dag.py
[2024-12-18T10:11:02.845+0000] {processor.py:914} INFO - Processing file /home/airflow/.local/lib/python3.12/site-packages/airflow/example_dags/example_sla_dag.py for tasks to queue
[2024-12-18T10:11:02.847+0000] {logging_mixin.py:190} INFO - [2024-12-18T10:11:02.846+0000] {dagbag.py:588} INFO - Filling up the DagBag from /home/airflow/.local/lib/python3.12/site-packages/airflow/example_dags/example_sla_dag.py
[2024-12-18T10:11:02.857+0000] {processor.py:925} INFO - DAG(s) 'example_sla_dag' retrieved from /home/airflow/.local/lib/python3.12/site-packages/airflow/example_dags/example_sla_dag.py
[2024-12-18T10:11:02.876+0000] {logging_mixin.py:190} INFO - [2024-12-18T10:11:02.876+0000] {dag.py:3239} INFO - Sync 1 DAGs
[2024-12-18T10:11:02.906+0000] {logging_mixin.py:190} INFO - [2024-12-18T10:11:02.906+0000] {dag.py:4180} INFO - Setting next_dagrun for example_sla_dag to 2024-12-18 10:08:00+00:00, run_after=2024-12-18 10:10:00+00:00
[2024-12-18T10:11:02.923+0000] {processor.py:208} INFO - Processing /home/airflow/.local/lib/python3.12/site-packages/airflow/example_dags/example_sla_dag.py took 0.084 seconds
[2024-12-18T10:11:33.178+0000] {processor.py:186} INFO - Started process (PID=861) to work on /home/airflow/.local/lib/python3.12/site-packages/airflow/example_dags/example_sla_dag.py
[2024-12-18T10:11:33.179+0000] {processor.py:914} INFO - Processing file /home/airflow/.local/lib/python3.12/site-packages/airflow/example_dags/example_sla_dag.py for tasks to queue
[2024-12-18T10:11:33.181+0000] {logging_mixin.py:190} INFO - [2024-12-18T10:11:33.181+0000] {dagbag.py:588} INFO - Filling up the DagBag from /home/airflow/.local/lib/python3.12/site-packages/airflow/example_dags/example_sla_dag.py
[2024-12-18T10:11:33.200+0000] {processor.py:925} INFO - DAG(s) 'example_sla_dag' retrieved from /home/airflow/.local/lib/python3.12/site-packages/airflow/example_dags/example_sla_dag.py
[2024-12-18T10:11:33.232+0000] {logging_mixin.py:190} INFO - [2024-12-18T10:11:33.231+0000] {dag.py:3239} INFO - Sync 1 DAGs
[2024-12-18T10:11:33.278+0000] {logging_mixin.py:190} INFO - [2024-12-18T10:11:33.278+0000] {dag.py:4180} INFO - Setting next_dagrun for example_sla_dag to 2024-12-18 10:08:00+00:00, run_after=2024-12-18 10:10:00+00:00
[2024-12-18T10:11:33.304+0000] {processor.py:208} INFO - Processing /home/airflow/.local/lib/python3.12/site-packages/airflow/example_dags/example_sla_dag.py took 0.133 seconds
[2024-12-18T10:12:04.033+0000] {processor.py:186} INFO - Started process (PID=927) to work on /home/airflow/.local/lib/python3.12/site-packages/airflow/example_dags/example_sla_dag.py
[2024-12-18T10:12:04.034+0000] {processor.py:914} INFO - Processing file /home/airflow/.local/lib/python3.12/site-packages/airflow/example_dags/example_sla_dag.py for tasks to queue
[2024-12-18T10:12:04.035+0000] {logging_mixin.py:190} INFO - [2024-12-18T10:12:04.035+0000] {dagbag.py:588} INFO - Filling up the DagBag from /home/airflow/.local/lib/python3.12/site-packages/airflow/example_dags/example_sla_dag.py
[2024-12-18T10:12:04.045+0000] {processor.py:925} INFO - DAG(s) 'example_sla_dag' retrieved from /home/airflow/.local/lib/python3.12/site-packages/airflow/example_dags/example_sla_dag.py
[2024-12-18T10:12:04.063+0000] {logging_mixin.py:190} INFO - [2024-12-18T10:12:04.063+0000] {dag.py:3239} INFO - Sync 1 DAGs
[2024-12-18T10:12:04.089+0000] {logging_mixin.py:190} INFO - [2024-12-18T10:12:04.089+0000] {dag.py:4180} INFO - Setting next_dagrun for example_sla_dag to 2024-12-18 10:10:00+00:00, run_after=2024-12-18 10:12:00+00:00
[2024-12-18T10:12:04.105+0000] {processor.py:208} INFO - Processing /home/airflow/.local/lib/python3.12/site-packages/airflow/example_dags/example_sla_dag.py took 0.078 seconds
[2024-12-18T10:12:34.627+0000] {processor.py:186} INFO - Started process (PID=990) to work on /home/airflow/.local/lib/python3.12/site-packages/airflow/example_dags/example_sla_dag.py
[2024-12-18T10:12:34.628+0000] {processor.py:914} INFO - Processing file /home/airflow/.local/lib/python3.12/site-packages/airflow/example_dags/example_sla_dag.py for tasks to queue
[2024-12-18T10:12:34.629+0000] {logging_mixin.py:190} INFO - [2024-12-18T10:12:34.628+0000] {dagbag.py:588} INFO - Filling up the DagBag from /home/airflow/.local/lib/python3.12/site-packages/airflow/example_dags/example_sla_dag.py
[2024-12-18T10:12:34.639+0000] {processor.py:925} INFO - DAG(s) 'example_sla_dag' retrieved from /home/airflow/.local/lib/python3.12/site-packages/airflow/example_dags/example_sla_dag.py
[2024-12-18T10:12:34.657+0000] {logging_mixin.py:190} INFO - [2024-12-18T10:12:34.656+0000] {dag.py:3239} INFO - Sync 1 DAGs
[2024-12-18T10:12:34.683+0000] {logging_mixin.py:190} INFO - [2024-12-18T10:12:34.682+0000] {dag.py:4180} INFO - Setting next_dagrun for example_sla_dag to 2024-12-18 10:10:00+00:00, run_after=2024-12-18 10:12:00+00:00
[2024-12-18T10:12:34.699+0000] {processor.py:208} INFO - Processing /home/airflow/.local/lib/python3.12/site-packages/airflow/example_dags/example_sla_dag.py took 0.079 seconds
[2024-12-18T10:13:04.907+0000] {processor.py:186} INFO - Started process (PID=1053) to work on /home/airflow/.local/lib/python3.12/site-packages/airflow/example_dags/example_sla_dag.py
[2024-12-18T10:13:04.907+0000] {processor.py:914} INFO - Processing file /home/airflow/.local/lib/python3.12/site-packages/airflow/example_dags/example_sla_dag.py for tasks to queue
[2024-12-18T10:13:04.909+0000] {logging_mixin.py:190} INFO - [2024-12-18T10:13:04.908+0000] {dagbag.py:588} INFO - Filling up the DagBag from /home/airflow/.local/lib/python3.12/site-packages/airflow/example_dags/example_sla_dag.py
[2024-12-18T10:13:04.920+0000] {processor.py:925} INFO - DAG(s) 'example_sla_dag' retrieved from /home/airflow/.local/lib/python3.12/site-packages/airflow/example_dags/example_sla_dag.py
[2024-12-18T10:13:04.940+0000] {logging_mixin.py:190} INFO - [2024-12-18T10:13:04.939+0000] {dag.py:3239} INFO - Sync 1 DAGs
[2024-12-18T10:13:04.969+0000] {logging_mixin.py:190} INFO - [2024-12-18T10:13:04.969+0000] {dag.py:4180} INFO - Setting next_dagrun for example_sla_dag to 2024-12-18 10:10:00+00:00, run_after=2024-12-18 10:12:00+00:00
[2024-12-18T10:13:04.989+0000] {processor.py:208} INFO - Processing /home/airflow/.local/lib/python3.12/site-packages/airflow/example_dags/example_sla_dag.py took 0.090 seconds
[2024-12-18T10:13:35.599+0000] {processor.py:186} INFO - Started process (PID=1117) to work on /home/airflow/.local/lib/python3.12/site-packages/airflow/example_dags/example_sla_dag.py
[2024-12-18T10:13:35.600+0000] {processor.py:914} INFO - Processing file /home/airflow/.local/lib/python3.12/site-packages/airflow/example_dags/example_sla_dag.py for tasks to queue
[2024-12-18T10:13:35.601+0000] {logging_mixin.py:190} INFO - [2024-12-18T10:13:35.601+0000] {dagbag.py:588} INFO - Filling up the DagBag from /home/airflow/.local/lib/python3.12/site-packages/airflow/example_dags/example_sla_dag.py
[2024-12-18T10:13:35.612+0000] {processor.py:925} INFO - DAG(s) 'example_sla_dag' retrieved from /home/airflow/.local/lib/python3.12/site-packages/airflow/example_dags/example_sla_dag.py
[2024-12-18T10:13:35.635+0000] {logging_mixin.py:190} INFO - [2024-12-18T10:13:35.635+0000] {dag.py:3239} INFO - Sync 1 DAGs
[2024-12-18T10:13:35.677+0000] {logging_mixin.py:190} INFO - [2024-12-18T10:13:35.677+0000] {dag.py:4180} INFO - Setting next_dagrun for example_sla_dag to 2024-12-18 10:10:00+00:00, run_after=2024-12-18 10:12:00+00:00
[2024-12-18T10:13:35.696+0000] {processor.py:208} INFO - Processing /home/airflow/.local/lib/python3.12/site-packages/airflow/example_dags/example_sla_dag.py took 0.103 seconds
[2024-12-18T10:15:24.731+0000] {processor.py:186} INFO - Started process (PID=81) to work on /home/airflow/.local/lib/python3.12/site-packages/airflow/example_dags/example_sla_dag.py
[2024-12-18T10:15:24.732+0000] {processor.py:914} INFO - Processing file /home/airflow/.local/lib/python3.12/site-packages/airflow/example_dags/example_sla_dag.py for tasks to queue
[2024-12-18T10:15:24.734+0000] {logging_mixin.py:190} INFO - [2024-12-18T10:15:24.734+0000] {dagbag.py:588} INFO - Filling up the DagBag from /home/airflow/.local/lib/python3.12/site-packages/airflow/example_dags/example_sla_dag.py
[2024-12-18T10:15:24.746+0000] {processor.py:925} INFO - DAG(s) 'example_sla_dag' retrieved from /home/airflow/.local/lib/python3.12/site-packages/airflow/example_dags/example_sla_dag.py
[2024-12-18T10:15:24.773+0000] {logging_mixin.py:190} INFO - [2024-12-18T10:15:24.772+0000] {dag.py:3239} INFO - Sync 1 DAGs
[2024-12-18T10:15:24.806+0000] {logging_mixin.py:190} INFO - [2024-12-18T10:15:24.806+0000] {dag.py:4180} INFO - Setting next_dagrun for example_sla_dag to 2024-12-18 10:12:00+00:00, run_after=2024-12-18 10:14:00+00:00
[2024-12-18T10:15:24.827+0000] {processor.py:208} INFO - Processing /home/airflow/.local/lib/python3.12/site-packages/airflow/example_dags/example_sla_dag.py took 0.103 seconds
[2024-12-18T10:15:55.466+0000] {processor.py:186} INFO - Started process (PID=145) to work on /home/airflow/.local/lib/python3.12/site-packages/airflow/example_dags/example_sla_dag.py
[2024-12-18T10:15:55.467+0000] {processor.py:914} INFO - Processing file /home/airflow/.local/lib/python3.12/site-packages/airflow/example_dags/example_sla_dag.py for tasks to queue
[2024-12-18T10:15:55.470+0000] {logging_mixin.py:190} INFO - [2024-12-18T10:15:55.470+0000] {dagbag.py:588} INFO - Filling up the DagBag from /home/airflow/.local/lib/python3.12/site-packages/airflow/example_dags/example_sla_dag.py
[2024-12-18T10:15:55.486+0000] {processor.py:925} INFO - DAG(s) 'example_sla_dag' retrieved from /home/airflow/.local/lib/python3.12/site-packages/airflow/example_dags/example_sla_dag.py
[2024-12-18T10:15:55.507+0000] {logging_mixin.py:190} INFO - [2024-12-18T10:15:55.507+0000] {dag.py:3239} INFO - Sync 1 DAGs
[2024-12-18T10:15:55.536+0000] {logging_mixin.py:190} INFO - [2024-12-18T10:15:55.535+0000] {dag.py:4180} INFO - Setting next_dagrun for example_sla_dag to 2024-12-18 10:12:00+00:00, run_after=2024-12-18 10:14:00+00:00
[2024-12-18T10:15:55.558+0000] {processor.py:208} INFO - Processing /home/airflow/.local/lib/python3.12/site-packages/airflow/example_dags/example_sla_dag.py took 0.101 seconds
[2024-12-18T10:16:25.690+0000] {processor.py:186} INFO - Started process (PID=213) to work on /home/airflow/.local/lib/python3.12/site-packages/airflow/example_dags/example_sla_dag.py
[2024-12-18T10:16:25.691+0000] {processor.py:914} INFO - Processing file /home/airflow/.local/lib/python3.12/site-packages/airflow/example_dags/example_sla_dag.py for tasks to queue
[2024-12-18T10:16:25.693+0000] {logging_mixin.py:190} INFO - [2024-12-18T10:16:25.692+0000] {dagbag.py:588} INFO - Filling up the DagBag from /home/airflow/.local/lib/python3.12/site-packages/airflow/example_dags/example_sla_dag.py
[2024-12-18T10:16:25.702+0000] {processor.py:925} INFO - DAG(s) 'example_sla_dag' retrieved from /home/airflow/.local/lib/python3.12/site-packages/airflow/example_dags/example_sla_dag.py
[2024-12-18T10:16:25.720+0000] {logging_mixin.py:190} INFO - [2024-12-18T10:16:25.720+0000] {dag.py:3239} INFO - Sync 1 DAGs
[2024-12-18T10:16:25.746+0000] {logging_mixin.py:190} INFO - [2024-12-18T10:16:25.745+0000] {dag.py:4180} INFO - Setting next_dagrun for example_sla_dag to 2024-12-18 10:14:00+00:00, run_after=2024-12-18 10:16:00+00:00
[2024-12-18T10:16:25.766+0000] {processor.py:208} INFO - Processing /home/airflow/.local/lib/python3.12/site-packages/airflow/example_dags/example_sla_dag.py took 0.082 seconds
[2024-12-18T10:16:55.917+0000] {processor.py:186} INFO - Started process (PID=276) to work on /home/airflow/.local/lib/python3.12/site-packages/airflow/example_dags/example_sla_dag.py
[2024-12-18T10:16:55.918+0000] {processor.py:914} INFO - Processing file /home/airflow/.local/lib/python3.12/site-packages/airflow/example_dags/example_sla_dag.py for tasks to queue
[2024-12-18T10:16:55.920+0000] {logging_mixin.py:190} INFO - [2024-12-18T10:16:55.920+0000] {dagbag.py:588} INFO - Filling up the DagBag from /home/airflow/.local/lib/python3.12/site-packages/airflow/example_dags/example_sla_dag.py
[2024-12-18T10:16:55.931+0000] {processor.py:925} INFO - DAG(s) 'example_sla_dag' retrieved from /home/airflow/.local/lib/python3.12/site-packages/airflow/example_dags/example_sla_dag.py
[2024-12-18T10:16:55.949+0000] {logging_mixin.py:190} INFO - [2024-12-18T10:16:55.949+0000] {dag.py:3239} INFO - Sync 1 DAGs
[2024-12-18T10:16:55.976+0000] {logging_mixin.py:190} INFO - [2024-12-18T10:16:55.976+0000] {dag.py:4180} INFO - Setting next_dagrun for example_sla_dag to 2024-12-18 10:14:00+00:00, run_after=2024-12-18 10:16:00+00:00
[2024-12-18T10:16:55.993+0000] {processor.py:208} INFO - Processing /home/airflow/.local/lib/python3.12/site-packages/airflow/example_dags/example_sla_dag.py took 0.082 seconds
[2024-12-18T10:17:26.548+0000] {processor.py:186} INFO - Started process (PID=346) to work on /home/airflow/.local/lib/python3.12/site-packages/airflow/example_dags/example_sla_dag.py
[2024-12-18T10:17:26.549+0000] {processor.py:914} INFO - Processing file /home/airflow/.local/lib/python3.12/site-packages/airflow/example_dags/example_sla_dag.py for tasks to queue
[2024-12-18T10:17:26.551+0000] {logging_mixin.py:190} INFO - [2024-12-18T10:17:26.551+0000] {dagbag.py:588} INFO - Filling up the DagBag from /home/airflow/.local/lib/python3.12/site-packages/airflow/example_dags/example_sla_dag.py
[2024-12-18T10:17:26.563+0000] {processor.py:925} INFO - DAG(s) 'example_sla_dag' retrieved from /home/airflow/.local/lib/python3.12/site-packages/airflow/example_dags/example_sla_dag.py
[2024-12-18T10:17:26.586+0000] {logging_mixin.py:190} INFO - [2024-12-18T10:17:26.586+0000] {dag.py:3239} INFO - Sync 1 DAGs
[2024-12-18T10:17:26.617+0000] {logging_mixin.py:190} INFO - [2024-12-18T10:17:26.617+0000] {dag.py:4180} INFO - Setting next_dagrun for example_sla_dag to 2024-12-18 10:14:00+00:00, run_after=2024-12-18 10:16:00+00:00
[2024-12-18T10:17:26.634+0000] {processor.py:208} INFO - Processing /home/airflow/.local/lib/python3.12/site-packages/airflow/example_dags/example_sla_dag.py took 0.094 seconds
