[2024-12-18T09:53:46.799+0000] {processor.py:186} INFO - Started process (PID=72) to work on /home/airflow/.local/lib/python3.12/site-packages/airflow/example_dags/example_nested_branch_dag.py
[2024-12-18T09:53:46.800+0000] {processor.py:914} INFO - Processing file /home/airflow/.local/lib/python3.12/site-packages/airflow/example_dags/example_nested_branch_dag.py for tasks to queue
[2024-12-18T09:53:46.802+0000] {logging_mixin.py:190} INFO - [2024-12-18T09:53:46.802+0000] {dagbag.py:588} INFO - Filling up the DagBag from /home/airflow/.local/lib/python3.12/site-packages/airflow/example_dags/example_nested_branch_dag.py
[2024-12-18T09:53:46.815+0000] {processor.py:925} INFO - DAG(s) 'example_nested_branch_dag' retrieved from /home/airflow/.local/lib/python3.12/site-packages/airflow/example_dags/example_nested_branch_dag.py
[2024-12-18T09:53:46.842+0000] {logging_mixin.py:190} INFO - [2024-12-18T09:53:46.842+0000] {dag.py:3239} INFO - Sync 1 DAGs
[2024-12-18T09:53:46.862+0000] {logging_mixin.py:190} INFO - [2024-12-18T09:53:46.862+0000] {dag.py:4180} INFO - Setting next_dagrun for example_nested_branch_dag to 2024-12-17 00:00:00+00:00, run_after=2024-12-18 00:00:00+00:00
[2024-12-18T09:53:46.876+0000] {processor.py:208} INFO - Processing /home/airflow/.local/lib/python3.12/site-packages/airflow/example_dags/example_nested_branch_dag.py took 0.083 seconds
[2024-12-18T09:54:16.918+0000] {processor.py:186} INFO - Started process (PID=135) to work on /home/airflow/.local/lib/python3.12/site-packages/airflow/example_dags/example_nested_branch_dag.py
[2024-12-18T09:54:16.918+0000] {processor.py:914} INFO - Processing file /home/airflow/.local/lib/python3.12/site-packages/airflow/example_dags/example_nested_branch_dag.py for tasks to queue
[2024-12-18T09:54:16.921+0000] {logging_mixin.py:190} INFO - [2024-12-18T09:54:16.920+0000] {dagbag.py:588} INFO - Filling up the DagBag from /home/airflow/.local/lib/python3.12/site-packages/airflow/example_dags/example_nested_branch_dag.py
[2024-12-18T09:54:16.932+0000] {processor.py:925} INFO - DAG(s) 'example_nested_branch_dag' retrieved from /home/airflow/.local/lib/python3.12/site-packages/airflow/example_dags/example_nested_branch_dag.py
[2024-12-18T09:54:16.954+0000] {logging_mixin.py:190} INFO - [2024-12-18T09:54:16.954+0000] {dag.py:3239} INFO - Sync 1 DAGs
[2024-12-18T09:54:16.977+0000] {logging_mixin.py:190} INFO - [2024-12-18T09:54:16.977+0000] {dag.py:4180} INFO - Setting next_dagrun for example_nested_branch_dag to 2024-12-17 00:00:00+00:00, run_after=2024-12-18 00:00:00+00:00
[2024-12-18T09:54:16.992+0000] {processor.py:208} INFO - Processing /home/airflow/.local/lib/python3.12/site-packages/airflow/example_dags/example_nested_branch_dag.py took 0.080 seconds
[2024-12-18T09:54:47.643+0000] {processor.py:186} INFO - Started process (PID=199) to work on /home/airflow/.local/lib/python3.12/site-packages/airflow/example_dags/example_nested_branch_dag.py
[2024-12-18T09:54:47.644+0000] {processor.py:914} INFO - Processing file /home/airflow/.local/lib/python3.12/site-packages/airflow/example_dags/example_nested_branch_dag.py for tasks to queue
[2024-12-18T09:54:47.646+0000] {logging_mixin.py:190} INFO - [2024-12-18T09:54:47.646+0000] {dagbag.py:588} INFO - Filling up the DagBag from /home/airflow/.local/lib/python3.12/site-packages/airflow/example_dags/example_nested_branch_dag.py
[2024-12-18T09:54:47.657+0000] {processor.py:925} INFO - DAG(s) 'example_nested_branch_dag' retrieved from /home/airflow/.local/lib/python3.12/site-packages/airflow/example_dags/example_nested_branch_dag.py
[2024-12-18T09:54:47.676+0000] {logging_mixin.py:190} INFO - [2024-12-18T09:54:47.675+0000] {dag.py:3239} INFO - Sync 1 DAGs
[2024-12-18T09:54:47.699+0000] {logging_mixin.py:190} INFO - [2024-12-18T09:54:47.698+0000] {dag.py:4180} INFO - Setting next_dagrun for example_nested_branch_dag to 2024-12-17 00:00:00+00:00, run_after=2024-12-18 00:00:00+00:00
[2024-12-18T09:54:47.714+0000] {processor.py:208} INFO - Processing /home/airflow/.local/lib/python3.12/site-packages/airflow/example_dags/example_nested_branch_dag.py took 0.077 seconds
[2024-12-18T09:55:18.705+0000] {processor.py:186} INFO - Started process (PID=263) to work on /home/airflow/.local/lib/python3.12/site-packages/airflow/example_dags/example_nested_branch_dag.py
[2024-12-18T09:55:18.706+0000] {processor.py:914} INFO - Processing file /home/airflow/.local/lib/python3.12/site-packages/airflow/example_dags/example_nested_branch_dag.py for tasks to queue
[2024-12-18T09:55:18.708+0000] {logging_mixin.py:190} INFO - [2024-12-18T09:55:18.708+0000] {dagbag.py:588} INFO - Filling up the DagBag from /home/airflow/.local/lib/python3.12/site-packages/airflow/example_dags/example_nested_branch_dag.py
[2024-12-18T09:55:18.719+0000] {processor.py:925} INFO - DAG(s) 'example_nested_branch_dag' retrieved from /home/airflow/.local/lib/python3.12/site-packages/airflow/example_dags/example_nested_branch_dag.py
[2024-12-18T09:55:18.738+0000] {logging_mixin.py:190} INFO - [2024-12-18T09:55:18.738+0000] {dag.py:3239} INFO - Sync 1 DAGs
[2024-12-18T09:55:18.762+0000] {logging_mixin.py:190} INFO - [2024-12-18T09:55:18.761+0000] {dag.py:4180} INFO - Setting next_dagrun for example_nested_branch_dag to 2024-12-17 00:00:00+00:00, run_after=2024-12-18 00:00:00+00:00
[2024-12-18T09:55:18.778+0000] {processor.py:208} INFO - Processing /home/airflow/.local/lib/python3.12/site-packages/airflow/example_dags/example_nested_branch_dag.py took 0.078 seconds
[2024-12-18T09:55:49.080+0000] {processor.py:186} INFO - Started process (PID=331) to work on /home/airflow/.local/lib/python3.12/site-packages/airflow/example_dags/example_nested_branch_dag.py
[2024-12-18T09:55:49.081+0000] {processor.py:914} INFO - Processing file /home/airflow/.local/lib/python3.12/site-packages/airflow/example_dags/example_nested_branch_dag.py for tasks to queue
[2024-12-18T09:55:49.084+0000] {logging_mixin.py:190} INFO - [2024-12-18T09:55:49.083+0000] {dagbag.py:588} INFO - Filling up the DagBag from /home/airflow/.local/lib/python3.12/site-packages/airflow/example_dags/example_nested_branch_dag.py
[2024-12-18T09:55:49.105+0000] {processor.py:925} INFO - DAG(s) 'example_nested_branch_dag' retrieved from /home/airflow/.local/lib/python3.12/site-packages/airflow/example_dags/example_nested_branch_dag.py
[2024-12-18T09:55:49.130+0000] {logging_mixin.py:190} INFO - [2024-12-18T09:55:49.130+0000] {dag.py:3239} INFO - Sync 1 DAGs
[2024-12-18T09:55:49.164+0000] {logging_mixin.py:190} INFO - [2024-12-18T09:55:49.164+0000] {dag.py:4180} INFO - Setting next_dagrun for example_nested_branch_dag to 2024-12-17 00:00:00+00:00, run_after=2024-12-18 00:00:00+00:00
[2024-12-18T09:55:49.186+0000] {processor.py:208} INFO - Processing /home/airflow/.local/lib/python3.12/site-packages/airflow/example_dags/example_nested_branch_dag.py took 0.117 seconds
[2024-12-18T09:56:19.260+0000] {processor.py:186} INFO - Started process (PID=400) to work on /home/airflow/.local/lib/python3.12/site-packages/airflow/example_dags/example_nested_branch_dag.py
[2024-12-18T09:56:19.261+0000] {processor.py:914} INFO - Processing file /home/airflow/.local/lib/python3.12/site-packages/airflow/example_dags/example_nested_branch_dag.py for tasks to queue
[2024-12-18T09:56:19.264+0000] {logging_mixin.py:190} INFO - [2024-12-18T09:56:19.264+0000] {dagbag.py:588} INFO - Filling up the DagBag from /home/airflow/.local/lib/python3.12/site-packages/airflow/example_dags/example_nested_branch_dag.py
[2024-12-18T09:56:19.280+0000] {processor.py:925} INFO - DAG(s) 'example_nested_branch_dag' retrieved from /home/airflow/.local/lib/python3.12/site-packages/airflow/example_dags/example_nested_branch_dag.py
[2024-12-18T09:56:19.307+0000] {logging_mixin.py:190} INFO - [2024-12-18T09:56:19.307+0000] {dag.py:3239} INFO - Sync 1 DAGs
[2024-12-18T09:56:19.334+0000] {logging_mixin.py:190} INFO - [2024-12-18T09:56:19.334+0000] {dag.py:4180} INFO - Setting next_dagrun for example_nested_branch_dag to 2024-12-17 00:00:00+00:00, run_after=2024-12-18 00:00:00+00:00
[2024-12-18T09:56:19.352+0000] {processor.py:208} INFO - Processing /home/airflow/.local/lib/python3.12/site-packages/airflow/example_dags/example_nested_branch_dag.py took 0.100 seconds
[2024-12-18T09:56:49.430+0000] {processor.py:186} INFO - Started process (PID=478) to work on /home/airflow/.local/lib/python3.12/site-packages/airflow/example_dags/example_nested_branch_dag.py
[2024-12-18T09:56:49.431+0000] {processor.py:914} INFO - Processing file /home/airflow/.local/lib/python3.12/site-packages/airflow/example_dags/example_nested_branch_dag.py for tasks to queue
[2024-12-18T09:56:49.433+0000] {logging_mixin.py:190} INFO - [2024-12-18T09:56:49.433+0000] {dagbag.py:588} INFO - Filling up the DagBag from /home/airflow/.local/lib/python3.12/site-packages/airflow/example_dags/example_nested_branch_dag.py
[2024-12-18T09:56:49.444+0000] {processor.py:925} INFO - DAG(s) 'example_nested_branch_dag' retrieved from /home/airflow/.local/lib/python3.12/site-packages/airflow/example_dags/example_nested_branch_dag.py
[2024-12-18T09:56:49.463+0000] {logging_mixin.py:190} INFO - [2024-12-18T09:56:49.463+0000] {dag.py:3239} INFO - Sync 1 DAGs
[2024-12-18T09:56:49.486+0000] {logging_mixin.py:190} INFO - [2024-12-18T09:56:49.486+0000] {dag.py:4180} INFO - Setting next_dagrun for example_nested_branch_dag to 2024-12-17 00:00:00+00:00, run_after=2024-12-18 00:00:00+00:00
[2024-12-18T09:56:49.501+0000] {processor.py:208} INFO - Processing /home/airflow/.local/lib/python3.12/site-packages/airflow/example_dags/example_nested_branch_dag.py took 0.077 seconds
[2024-12-18T09:57:19.943+0000] {processor.py:186} INFO - Started process (PID=542) to work on /home/airflow/.local/lib/python3.12/site-packages/airflow/example_dags/example_nested_branch_dag.py
[2024-12-18T09:57:19.944+0000] {processor.py:914} INFO - Processing file /home/airflow/.local/lib/python3.12/site-packages/airflow/example_dags/example_nested_branch_dag.py for tasks to queue
[2024-12-18T09:57:19.946+0000] {logging_mixin.py:190} INFO - [2024-12-18T09:57:19.945+0000] {dagbag.py:588} INFO - Filling up the DagBag from /home/airflow/.local/lib/python3.12/site-packages/airflow/example_dags/example_nested_branch_dag.py
[2024-12-18T09:57:19.957+0000] {processor.py:925} INFO - DAG(s) 'example_nested_branch_dag' retrieved from /home/airflow/.local/lib/python3.12/site-packages/airflow/example_dags/example_nested_branch_dag.py
[2024-12-18T09:57:19.976+0000] {logging_mixin.py:190} INFO - [2024-12-18T09:57:19.975+0000] {dag.py:3239} INFO - Sync 1 DAGs
[2024-12-18T09:57:19.998+0000] {logging_mixin.py:190} INFO - [2024-12-18T09:57:19.998+0000] {dag.py:4180} INFO - Setting next_dagrun for example_nested_branch_dag to 2024-12-17 00:00:00+00:00, run_after=2024-12-18 00:00:00+00:00
[2024-12-18T09:57:20.015+0000] {processor.py:208} INFO - Processing /home/airflow/.local/lib/python3.12/site-packages/airflow/example_dags/example_nested_branch_dag.py took 0.078 seconds
[2024-12-18T09:57:50.273+0000] {processor.py:186} INFO - Started process (PID=606) to work on /home/airflow/.local/lib/python3.12/site-packages/airflow/example_dags/example_nested_branch_dag.py
[2024-12-18T09:57:50.273+0000] {processor.py:914} INFO - Processing file /home/airflow/.local/lib/python3.12/site-packages/airflow/example_dags/example_nested_branch_dag.py for tasks to queue
[2024-12-18T09:57:50.276+0000] {logging_mixin.py:190} INFO - [2024-12-18T09:57:50.275+0000] {dagbag.py:588} INFO - Filling up the DagBag from /home/airflow/.local/lib/python3.12/site-packages/airflow/example_dags/example_nested_branch_dag.py
[2024-12-18T09:57:50.287+0000] {processor.py:925} INFO - DAG(s) 'example_nested_branch_dag' retrieved from /home/airflow/.local/lib/python3.12/site-packages/airflow/example_dags/example_nested_branch_dag.py
[2024-12-18T09:57:50.309+0000] {logging_mixin.py:190} INFO - [2024-12-18T09:57:50.309+0000] {dag.py:3239} INFO - Sync 1 DAGs
[2024-12-18T09:57:50.335+0000] {logging_mixin.py:190} INFO - [2024-12-18T09:57:50.335+0000] {dag.py:4180} INFO - Setting next_dagrun for example_nested_branch_dag to 2024-12-17 00:00:00+00:00, run_after=2024-12-18 00:00:00+00:00
[2024-12-18T09:57:50.352+0000] {processor.py:208} INFO - Processing /home/airflow/.local/lib/python3.12/site-packages/airflow/example_dags/example_nested_branch_dag.py took 0.086 seconds
[2024-12-18T09:58:20.571+0000] {processor.py:186} INFO - Started process (PID=670) to work on /home/airflow/.local/lib/python3.12/site-packages/airflow/example_dags/example_nested_branch_dag.py
[2024-12-18T09:58:20.571+0000] {processor.py:914} INFO - Processing file /home/airflow/.local/lib/python3.12/site-packages/airflow/example_dags/example_nested_branch_dag.py for tasks to queue
[2024-12-18T09:58:20.574+0000] {logging_mixin.py:190} INFO - [2024-12-18T09:58:20.573+0000] {dagbag.py:588} INFO - Filling up the DagBag from /home/airflow/.local/lib/python3.12/site-packages/airflow/example_dags/example_nested_branch_dag.py
[2024-12-18T09:58:20.586+0000] {processor.py:925} INFO - DAG(s) 'example_nested_branch_dag' retrieved from /home/airflow/.local/lib/python3.12/site-packages/airflow/example_dags/example_nested_branch_dag.py
[2024-12-18T09:58:20.611+0000] {logging_mixin.py:190} INFO - [2024-12-18T09:58:20.611+0000] {dag.py:3239} INFO - Sync 1 DAGs
[2024-12-18T09:58:20.643+0000] {logging_mixin.py:190} INFO - [2024-12-18T09:58:20.643+0000] {dag.py:4180} INFO - Setting next_dagrun for example_nested_branch_dag to 2024-12-17 00:00:00+00:00, run_after=2024-12-18 00:00:00+00:00
[2024-12-18T09:58:20.660+0000] {processor.py:208} INFO - Processing /home/airflow/.local/lib/python3.12/site-packages/airflow/example_dags/example_nested_branch_dag.py took 0.095 seconds
[2024-12-18T09:58:51.347+0000] {processor.py:186} INFO - Started process (PID=734) to work on /home/airflow/.local/lib/python3.12/site-packages/airflow/example_dags/example_nested_branch_dag.py
[2024-12-18T09:58:51.348+0000] {processor.py:914} INFO - Processing file /home/airflow/.local/lib/python3.12/site-packages/airflow/example_dags/example_nested_branch_dag.py for tasks to queue
[2024-12-18T09:58:51.351+0000] {logging_mixin.py:190} INFO - [2024-12-18T09:58:51.350+0000] {dagbag.py:588} INFO - Filling up the DagBag from /home/airflow/.local/lib/python3.12/site-packages/airflow/example_dags/example_nested_branch_dag.py
[2024-12-18T09:58:51.363+0000] {processor.py:925} INFO - DAG(s) 'example_nested_branch_dag' retrieved from /home/airflow/.local/lib/python3.12/site-packages/airflow/example_dags/example_nested_branch_dag.py
[2024-12-18T09:58:51.387+0000] {logging_mixin.py:190} INFO - [2024-12-18T09:58:51.386+0000] {dag.py:3239} INFO - Sync 1 DAGs
[2024-12-18T09:58:51.415+0000] {logging_mixin.py:190} INFO - [2024-12-18T09:58:51.415+0000] {dag.py:4180} INFO - Setting next_dagrun for example_nested_branch_dag to 2024-12-17 00:00:00+00:00, run_after=2024-12-18 00:00:00+00:00
[2024-12-18T09:58:51.432+0000] {processor.py:208} INFO - Processing /home/airflow/.local/lib/python3.12/site-packages/airflow/example_dags/example_nested_branch_dag.py took 0.092 seconds
[2024-12-18T09:59:21.740+0000] {processor.py:186} INFO - Started process (PID=798) to work on /home/airflow/.local/lib/python3.12/site-packages/airflow/example_dags/example_nested_branch_dag.py
[2024-12-18T09:59:21.741+0000] {processor.py:914} INFO - Processing file /home/airflow/.local/lib/python3.12/site-packages/airflow/example_dags/example_nested_branch_dag.py for tasks to queue
[2024-12-18T09:59:21.743+0000] {logging_mixin.py:190} INFO - [2024-12-18T09:59:21.743+0000] {dagbag.py:588} INFO - Filling up the DagBag from /home/airflow/.local/lib/python3.12/site-packages/airflow/example_dags/example_nested_branch_dag.py
[2024-12-18T09:59:21.754+0000] {processor.py:925} INFO - DAG(s) 'example_nested_branch_dag' retrieved from /home/airflow/.local/lib/python3.12/site-packages/airflow/example_dags/example_nested_branch_dag.py
[2024-12-18T09:59:21.774+0000] {logging_mixin.py:190} INFO - [2024-12-18T09:59:21.774+0000] {dag.py:3239} INFO - Sync 1 DAGs
[2024-12-18T09:59:21.798+0000] {logging_mixin.py:190} INFO - [2024-12-18T09:59:21.798+0000] {dag.py:4180} INFO - Setting next_dagrun for example_nested_branch_dag to 2024-12-17 00:00:00+00:00, run_after=2024-12-18 00:00:00+00:00
[2024-12-18T09:59:21.814+0000] {processor.py:208} INFO - Processing /home/airflow/.local/lib/python3.12/site-packages/airflow/example_dags/example_nested_branch_dag.py took 0.079 seconds
[2024-12-18T09:59:52.242+0000] {processor.py:186} INFO - Started process (PID=862) to work on /home/airflow/.local/lib/python3.12/site-packages/airflow/example_dags/example_nested_branch_dag.py
[2024-12-18T09:59:52.242+0000] {processor.py:914} INFO - Processing file /home/airflow/.local/lib/python3.12/site-packages/airflow/example_dags/example_nested_branch_dag.py for tasks to queue
[2024-12-18T09:59:52.246+0000] {logging_mixin.py:190} INFO - [2024-12-18T09:59:52.246+0000] {dagbag.py:588} INFO - Filling up the DagBag from /home/airflow/.local/lib/python3.12/site-packages/airflow/example_dags/example_nested_branch_dag.py
[2024-12-18T09:59:52.261+0000] {processor.py:925} INFO - DAG(s) 'example_nested_branch_dag' retrieved from /home/airflow/.local/lib/python3.12/site-packages/airflow/example_dags/example_nested_branch_dag.py
[2024-12-18T09:59:52.287+0000] {logging_mixin.py:190} INFO - [2024-12-18T09:59:52.286+0000] {dag.py:3239} INFO - Sync 1 DAGs
[2024-12-18T09:59:52.324+0000] {logging_mixin.py:190} INFO - [2024-12-18T09:59:52.323+0000] {dag.py:4180} INFO - Setting next_dagrun for example_nested_branch_dag to 2024-12-17 00:00:00+00:00, run_after=2024-12-18 00:00:00+00:00
[2024-12-18T09:59:52.348+0000] {processor.py:208} INFO - Processing /home/airflow/.local/lib/python3.12/site-packages/airflow/example_dags/example_nested_branch_dag.py took 0.115 seconds
[2024-12-18T10:00:22.877+0000] {processor.py:186} INFO - Started process (PID=926) to work on /home/airflow/.local/lib/python3.12/site-packages/airflow/example_dags/example_nested_branch_dag.py
[2024-12-18T10:00:22.879+0000] {processor.py:914} INFO - Processing file /home/airflow/.local/lib/python3.12/site-packages/airflow/example_dags/example_nested_branch_dag.py for tasks to queue
[2024-12-18T10:00:22.881+0000] {logging_mixin.py:190} INFO - [2024-12-18T10:00:22.881+0000] {dagbag.py:588} INFO - Filling up the DagBag from /home/airflow/.local/lib/python3.12/site-packages/airflow/example_dags/example_nested_branch_dag.py
[2024-12-18T10:00:22.899+0000] {processor.py:925} INFO - DAG(s) 'example_nested_branch_dag' retrieved from /home/airflow/.local/lib/python3.12/site-packages/airflow/example_dags/example_nested_branch_dag.py
[2024-12-18T10:00:22.922+0000] {logging_mixin.py:190} INFO - [2024-12-18T10:00:22.922+0000] {dag.py:3239} INFO - Sync 1 DAGs
[2024-12-18T10:00:22.949+0000] {logging_mixin.py:190} INFO - [2024-12-18T10:00:22.949+0000] {dag.py:4180} INFO - Setting next_dagrun for example_nested_branch_dag to 2024-12-17 00:00:00+00:00, run_after=2024-12-18 00:00:00+00:00
[2024-12-18T10:00:22.966+0000] {processor.py:208} INFO - Processing /home/airflow/.local/lib/python3.12/site-packages/airflow/example_dags/example_nested_branch_dag.py took 0.095 seconds
[2024-12-18T10:00:53.302+0000] {processor.py:186} INFO - Started process (PID=990) to work on /home/airflow/.local/lib/python3.12/site-packages/airflow/example_dags/example_nested_branch_dag.py
[2024-12-18T10:00:53.303+0000] {processor.py:914} INFO - Processing file /home/airflow/.local/lib/python3.12/site-packages/airflow/example_dags/example_nested_branch_dag.py for tasks to queue
[2024-12-18T10:00:53.306+0000] {logging_mixin.py:190} INFO - [2024-12-18T10:00:53.305+0000] {dagbag.py:588} INFO - Filling up the DagBag from /home/airflow/.local/lib/python3.12/site-packages/airflow/example_dags/example_nested_branch_dag.py
[2024-12-18T10:00:53.317+0000] {processor.py:925} INFO - DAG(s) 'example_nested_branch_dag' retrieved from /home/airflow/.local/lib/python3.12/site-packages/airflow/example_dags/example_nested_branch_dag.py
[2024-12-18T10:00:53.337+0000] {logging_mixin.py:190} INFO - [2024-12-18T10:00:53.337+0000] {dag.py:3239} INFO - Sync 1 DAGs
[2024-12-18T10:00:53.361+0000] {logging_mixin.py:190} INFO - [2024-12-18T10:00:53.361+0000] {dag.py:4180} INFO - Setting next_dagrun for example_nested_branch_dag to 2024-12-17 00:00:00+00:00, run_after=2024-12-18 00:00:00+00:00
[2024-12-18T10:00:53.377+0000] {processor.py:208} INFO - Processing /home/airflow/.local/lib/python3.12/site-packages/airflow/example_dags/example_nested_branch_dag.py took 0.083 seconds
[2024-12-18T10:05:21.702+0000] {processor.py:186} INFO - Started process (PID=75) to work on /home/airflow/.local/lib/python3.12/site-packages/airflow/example_dags/example_nested_branch_dag.py
[2024-12-18T10:05:21.703+0000] {processor.py:914} INFO - Processing file /home/airflow/.local/lib/python3.12/site-packages/airflow/example_dags/example_nested_branch_dag.py for tasks to queue
[2024-12-18T10:05:21.709+0000] {logging_mixin.py:190} INFO - [2024-12-18T10:05:21.708+0000] {dagbag.py:588} INFO - Filling up the DagBag from /home/airflow/.local/lib/python3.12/site-packages/airflow/example_dags/example_nested_branch_dag.py
[2024-12-18T10:05:21.727+0000] {processor.py:925} INFO - DAG(s) 'example_nested_branch_dag' retrieved from /home/airflow/.local/lib/python3.12/site-packages/airflow/example_dags/example_nested_branch_dag.py
[2024-12-18T10:05:21.760+0000] {logging_mixin.py:190} INFO - [2024-12-18T10:05:21.760+0000] {dag.py:3239} INFO - Sync 1 DAGs
[2024-12-18T10:05:21.789+0000] {logging_mixin.py:190} INFO - [2024-12-18T10:05:21.789+0000] {dag.py:4180} INFO - Setting next_dagrun for example_nested_branch_dag to 2024-12-17 00:00:00+00:00, run_after=2024-12-18 00:00:00+00:00
[2024-12-18T10:05:21.809+0000] {processor.py:208} INFO - Processing /home/airflow/.local/lib/python3.12/site-packages/airflow/example_dags/example_nested_branch_dag.py took 0.120 seconds
[2024-12-18T10:05:51.895+0000] {processor.py:186} INFO - Started process (PID=140) to work on /home/airflow/.local/lib/python3.12/site-packages/airflow/example_dags/example_nested_branch_dag.py
[2024-12-18T10:05:51.896+0000] {processor.py:914} INFO - Processing file /home/airflow/.local/lib/python3.12/site-packages/airflow/example_dags/example_nested_branch_dag.py for tasks to queue
[2024-12-18T10:05:51.898+0000] {logging_mixin.py:190} INFO - [2024-12-18T10:05:51.898+0000] {dagbag.py:588} INFO - Filling up the DagBag from /home/airflow/.local/lib/python3.12/site-packages/airflow/example_dags/example_nested_branch_dag.py
[2024-12-18T10:05:51.909+0000] {processor.py:925} INFO - DAG(s) 'example_nested_branch_dag' retrieved from /home/airflow/.local/lib/python3.12/site-packages/airflow/example_dags/example_nested_branch_dag.py
[2024-12-18T10:05:51.929+0000] {logging_mixin.py:190} INFO - [2024-12-18T10:05:51.929+0000] {dag.py:3239} INFO - Sync 1 DAGs
[2024-12-18T10:05:51.951+0000] {logging_mixin.py:190} INFO - [2024-12-18T10:05:51.951+0000] {dag.py:4180} INFO - Setting next_dagrun for example_nested_branch_dag to 2024-12-17 00:00:00+00:00, run_after=2024-12-18 00:00:00+00:00
[2024-12-18T10:05:51.966+0000] {processor.py:208} INFO - Processing /home/airflow/.local/lib/python3.12/site-packages/airflow/example_dags/example_nested_branch_dag.py took 0.077 seconds
[2024-12-18T10:06:22.475+0000] {processor.py:186} INFO - Started process (PID=203) to work on /home/airflow/.local/lib/python3.12/site-packages/airflow/example_dags/example_nested_branch_dag.py
[2024-12-18T10:06:22.476+0000] {processor.py:914} INFO - Processing file /home/airflow/.local/lib/python3.12/site-packages/airflow/example_dags/example_nested_branch_dag.py for tasks to queue
[2024-12-18T10:06:22.477+0000] {logging_mixin.py:190} INFO - [2024-12-18T10:06:22.477+0000] {dagbag.py:588} INFO - Filling up the DagBag from /home/airflow/.local/lib/python3.12/site-packages/airflow/example_dags/example_nested_branch_dag.py
[2024-12-18T10:06:22.488+0000] {processor.py:925} INFO - DAG(s) 'example_nested_branch_dag' retrieved from /home/airflow/.local/lib/python3.12/site-packages/airflow/example_dags/example_nested_branch_dag.py
[2024-12-18T10:06:22.509+0000] {logging_mixin.py:190} INFO - [2024-12-18T10:06:22.509+0000] {dag.py:3239} INFO - Sync 1 DAGs
[2024-12-18T10:06:22.534+0000] {logging_mixin.py:190} INFO - [2024-12-18T10:06:22.534+0000] {dag.py:4180} INFO - Setting next_dagrun for example_nested_branch_dag to 2024-12-17 00:00:00+00:00, run_after=2024-12-18 00:00:00+00:00
[2024-12-18T10:06:22.552+0000] {processor.py:208} INFO - Processing /home/airflow/.local/lib/python3.12/site-packages/airflow/example_dags/example_nested_branch_dag.py took 0.083 seconds
[2024-12-18T10:06:53.314+0000] {processor.py:186} INFO - Started process (PID=269) to work on /home/airflow/.local/lib/python3.12/site-packages/airflow/example_dags/example_nested_branch_dag.py
[2024-12-18T10:06:53.315+0000] {processor.py:914} INFO - Processing file /home/airflow/.local/lib/python3.12/site-packages/airflow/example_dags/example_nested_branch_dag.py for tasks to queue
[2024-12-18T10:06:53.316+0000] {logging_mixin.py:190} INFO - [2024-12-18T10:06:53.316+0000] {dagbag.py:588} INFO - Filling up the DagBag from /home/airflow/.local/lib/python3.12/site-packages/airflow/example_dags/example_nested_branch_dag.py
[2024-12-18T10:06:53.328+0000] {processor.py:925} INFO - DAG(s) 'example_nested_branch_dag' retrieved from /home/airflow/.local/lib/python3.12/site-packages/airflow/example_dags/example_nested_branch_dag.py
[2024-12-18T10:06:53.348+0000] {logging_mixin.py:190} INFO - [2024-12-18T10:06:53.348+0000] {dag.py:3239} INFO - Sync 1 DAGs
[2024-12-18T10:06:53.374+0000] {logging_mixin.py:190} INFO - [2024-12-18T10:06:53.374+0000] {dag.py:4180} INFO - Setting next_dagrun for example_nested_branch_dag to 2024-12-17 00:00:00+00:00, run_after=2024-12-18 00:00:00+00:00
[2024-12-18T10:06:53.389+0000] {processor.py:208} INFO - Processing /home/airflow/.local/lib/python3.12/site-packages/airflow/example_dags/example_nested_branch_dag.py took 0.081 seconds
[2024-12-18T10:07:24.114+0000] {processor.py:186} INFO - Started process (PID=332) to work on /home/airflow/.local/lib/python3.12/site-packages/airflow/example_dags/example_nested_branch_dag.py
[2024-12-18T10:07:24.115+0000] {processor.py:914} INFO - Processing file /home/airflow/.local/lib/python3.12/site-packages/airflow/example_dags/example_nested_branch_dag.py for tasks to queue
[2024-12-18T10:07:24.116+0000] {logging_mixin.py:190} INFO - [2024-12-18T10:07:24.115+0000] {dagbag.py:588} INFO - Filling up the DagBag from /home/airflow/.local/lib/python3.12/site-packages/airflow/example_dags/example_nested_branch_dag.py
[2024-12-18T10:07:24.129+0000] {processor.py:925} INFO - DAG(s) 'example_nested_branch_dag' retrieved from /home/airflow/.local/lib/python3.12/site-packages/airflow/example_dags/example_nested_branch_dag.py
[2024-12-18T10:07:24.151+0000] {logging_mixin.py:190} INFO - [2024-12-18T10:07:24.151+0000] {dag.py:3239} INFO - Sync 1 DAGs
[2024-12-18T10:07:24.179+0000] {logging_mixin.py:190} INFO - [2024-12-18T10:07:24.179+0000] {dag.py:4180} INFO - Setting next_dagrun for example_nested_branch_dag to 2024-12-17 00:00:00+00:00, run_after=2024-12-18 00:00:00+00:00
[2024-12-18T10:07:24.200+0000] {processor.py:208} INFO - Processing /home/airflow/.local/lib/python3.12/site-packages/airflow/example_dags/example_nested_branch_dag.py took 0.092 seconds
[2024-12-18T10:07:54.780+0000] {processor.py:186} INFO - Started process (PID=398) to work on /home/airflow/.local/lib/python3.12/site-packages/airflow/example_dags/example_nested_branch_dag.py
[2024-12-18T10:07:54.781+0000] {processor.py:914} INFO - Processing file /home/airflow/.local/lib/python3.12/site-packages/airflow/example_dags/example_nested_branch_dag.py for tasks to queue
[2024-12-18T10:07:54.782+0000] {logging_mixin.py:190} INFO - [2024-12-18T10:07:54.782+0000] {dagbag.py:588} INFO - Filling up the DagBag from /home/airflow/.local/lib/python3.12/site-packages/airflow/example_dags/example_nested_branch_dag.py
[2024-12-18T10:07:54.793+0000] {processor.py:925} INFO - DAG(s) 'example_nested_branch_dag' retrieved from /home/airflow/.local/lib/python3.12/site-packages/airflow/example_dags/example_nested_branch_dag.py
[2024-12-18T10:07:54.813+0000] {logging_mixin.py:190} INFO - [2024-12-18T10:07:54.813+0000] {dag.py:3239} INFO - Sync 1 DAGs
[2024-12-18T10:07:54.835+0000] {logging_mixin.py:190} INFO - [2024-12-18T10:07:54.835+0000] {dag.py:4180} INFO - Setting next_dagrun for example_nested_branch_dag to 2024-12-17 00:00:00+00:00, run_after=2024-12-18 00:00:00+00:00
[2024-12-18T10:07:54.850+0000] {processor.py:208} INFO - Processing /home/airflow/.local/lib/python3.12/site-packages/airflow/example_dags/example_nested_branch_dag.py took 0.075 seconds
[2024-12-18T10:08:25.246+0000] {processor.py:186} INFO - Started process (PID=461) to work on /home/airflow/.local/lib/python3.12/site-packages/airflow/example_dags/example_nested_branch_dag.py
[2024-12-18T10:08:25.247+0000] {processor.py:914} INFO - Processing file /home/airflow/.local/lib/python3.12/site-packages/airflow/example_dags/example_nested_branch_dag.py for tasks to queue
[2024-12-18T10:08:25.248+0000] {logging_mixin.py:190} INFO - [2024-12-18T10:08:25.248+0000] {dagbag.py:588} INFO - Filling up the DagBag from /home/airflow/.local/lib/python3.12/site-packages/airflow/example_dags/example_nested_branch_dag.py
[2024-12-18T10:08:25.261+0000] {processor.py:925} INFO - DAG(s) 'example_nested_branch_dag' retrieved from /home/airflow/.local/lib/python3.12/site-packages/airflow/example_dags/example_nested_branch_dag.py
[2024-12-18T10:08:25.280+0000] {logging_mixin.py:190} INFO - [2024-12-18T10:08:25.280+0000] {dag.py:3239} INFO - Sync 1 DAGs
[2024-12-18T10:08:25.307+0000] {logging_mixin.py:190} INFO - [2024-12-18T10:08:25.307+0000] {dag.py:4180} INFO - Setting next_dagrun for example_nested_branch_dag to 2024-12-17 00:00:00+00:00, run_after=2024-12-18 00:00:00+00:00
[2024-12-18T10:08:25.328+0000] {processor.py:208} INFO - Processing /home/airflow/.local/lib/python3.12/site-packages/airflow/example_dags/example_nested_branch_dag.py took 0.087 seconds
[2024-12-18T10:08:56.091+0000] {processor.py:186} INFO - Started process (PID=533) to work on /home/airflow/.local/lib/python3.12/site-packages/airflow/example_dags/example_nested_branch_dag.py
[2024-12-18T10:08:56.092+0000] {processor.py:914} INFO - Processing file /home/airflow/.local/lib/python3.12/site-packages/airflow/example_dags/example_nested_branch_dag.py for tasks to queue
[2024-12-18T10:08:56.093+0000] {logging_mixin.py:190} INFO - [2024-12-18T10:08:56.093+0000] {dagbag.py:588} INFO - Filling up the DagBag from /home/airflow/.local/lib/python3.12/site-packages/airflow/example_dags/example_nested_branch_dag.py
[2024-12-18T10:08:56.105+0000] {processor.py:925} INFO - DAG(s) 'example_nested_branch_dag' retrieved from /home/airflow/.local/lib/python3.12/site-packages/airflow/example_dags/example_nested_branch_dag.py
[2024-12-18T10:08:56.126+0000] {logging_mixin.py:190} INFO - [2024-12-18T10:08:56.126+0000] {dag.py:3239} INFO - Sync 1 DAGs
[2024-12-18T10:08:56.150+0000] {logging_mixin.py:190} INFO - [2024-12-18T10:08:56.150+0000] {dag.py:4180} INFO - Setting next_dagrun for example_nested_branch_dag to 2024-12-17 00:00:00+00:00, run_after=2024-12-18 00:00:00+00:00
[2024-12-18T10:08:56.166+0000] {processor.py:208} INFO - Processing /home/airflow/.local/lib/python3.12/site-packages/airflow/example_dags/example_nested_branch_dag.py took 0.081 seconds
[2024-12-18T10:09:26.786+0000] {processor.py:186} INFO - Started process (PID=595) to work on /home/airflow/.local/lib/python3.12/site-packages/airflow/example_dags/example_nested_branch_dag.py
[2024-12-18T10:09:26.786+0000] {processor.py:914} INFO - Processing file /home/airflow/.local/lib/python3.12/site-packages/airflow/example_dags/example_nested_branch_dag.py for tasks to queue
[2024-12-18T10:09:26.788+0000] {logging_mixin.py:190} INFO - [2024-12-18T10:09:26.787+0000] {dagbag.py:588} INFO - Filling up the DagBag from /home/airflow/.local/lib/python3.12/site-packages/airflow/example_dags/example_nested_branch_dag.py
[2024-12-18T10:09:26.800+0000] {processor.py:925} INFO - DAG(s) 'example_nested_branch_dag' retrieved from /home/airflow/.local/lib/python3.12/site-packages/airflow/example_dags/example_nested_branch_dag.py
[2024-12-18T10:09:26.820+0000] {logging_mixin.py:190} INFO - [2024-12-18T10:09:26.820+0000] {dag.py:3239} INFO - Sync 1 DAGs
[2024-12-18T10:09:26.844+0000] {logging_mixin.py:190} INFO - [2024-12-18T10:09:26.844+0000] {dag.py:4180} INFO - Setting next_dagrun for example_nested_branch_dag to 2024-12-17 00:00:00+00:00, run_after=2024-12-18 00:00:00+00:00
[2024-12-18T10:09:26.859+0000] {processor.py:208} INFO - Processing /home/airflow/.local/lib/python3.12/site-packages/airflow/example_dags/example_nested_branch_dag.py took 0.080 seconds
[2024-12-18T10:09:57.579+0000] {processor.py:186} INFO - Started process (PID=661) to work on /home/airflow/.local/lib/python3.12/site-packages/airflow/example_dags/example_nested_branch_dag.py
[2024-12-18T10:09:57.580+0000] {processor.py:914} INFO - Processing file /home/airflow/.local/lib/python3.12/site-packages/airflow/example_dags/example_nested_branch_dag.py for tasks to queue
[2024-12-18T10:09:57.582+0000] {logging_mixin.py:190} INFO - [2024-12-18T10:09:57.582+0000] {dagbag.py:588} INFO - Filling up the DagBag from /home/airflow/.local/lib/python3.12/site-packages/airflow/example_dags/example_nested_branch_dag.py
[2024-12-18T10:09:57.599+0000] {processor.py:925} INFO - DAG(s) 'example_nested_branch_dag' retrieved from /home/airflow/.local/lib/python3.12/site-packages/airflow/example_dags/example_nested_branch_dag.py
[2024-12-18T10:09:57.631+0000] {logging_mixin.py:190} INFO - [2024-12-18T10:09:57.631+0000] {dag.py:3239} INFO - Sync 1 DAGs
[2024-12-18T10:09:57.655+0000] {logging_mixin.py:190} INFO - [2024-12-18T10:09:57.654+0000] {dag.py:4180} INFO - Setting next_dagrun for example_nested_branch_dag to 2024-12-17 00:00:00+00:00, run_after=2024-12-18 00:00:00+00:00
[2024-12-18T10:09:57.669+0000] {processor.py:208} INFO - Processing /home/airflow/.local/lib/python3.12/site-packages/airflow/example_dags/example_nested_branch_dag.py took 0.099 seconds
[2024-12-18T10:10:28.123+0000] {processor.py:186} INFO - Started process (PID=724) to work on /home/airflow/.local/lib/python3.12/site-packages/airflow/example_dags/example_nested_branch_dag.py
[2024-12-18T10:10:28.124+0000] {processor.py:914} INFO - Processing file /home/airflow/.local/lib/python3.12/site-packages/airflow/example_dags/example_nested_branch_dag.py for tasks to queue
[2024-12-18T10:10:28.126+0000] {logging_mixin.py:190} INFO - [2024-12-18T10:10:28.125+0000] {dagbag.py:588} INFO - Filling up the DagBag from /home/airflow/.local/lib/python3.12/site-packages/airflow/example_dags/example_nested_branch_dag.py
[2024-12-18T10:10:28.145+0000] {processor.py:925} INFO - DAG(s) 'example_nested_branch_dag' retrieved from /home/airflow/.local/lib/python3.12/site-packages/airflow/example_dags/example_nested_branch_dag.py
[2024-12-18T10:10:28.192+0000] {logging_mixin.py:190} INFO - [2024-12-18T10:10:28.191+0000] {dag.py:3239} INFO - Sync 1 DAGs
[2024-12-18T10:10:28.242+0000] {logging_mixin.py:190} INFO - [2024-12-18T10:10:28.241+0000] {dag.py:4180} INFO - Setting next_dagrun for example_nested_branch_dag to 2024-12-17 00:00:00+00:00, run_after=2024-12-18 00:00:00+00:00
[2024-12-18T10:10:28.266+0000] {processor.py:208} INFO - Processing /home/airflow/.local/lib/python3.12/site-packages/airflow/example_dags/example_nested_branch_dag.py took 0.153 seconds
[2024-12-18T10:10:59.114+0000] {processor.py:186} INFO - Started process (PID=790) to work on /home/airflow/.local/lib/python3.12/site-packages/airflow/example_dags/example_nested_branch_dag.py
[2024-12-18T10:10:59.115+0000] {processor.py:914} INFO - Processing file /home/airflow/.local/lib/python3.12/site-packages/airflow/example_dags/example_nested_branch_dag.py for tasks to queue
[2024-12-18T10:10:59.116+0000] {logging_mixin.py:190} INFO - [2024-12-18T10:10:59.116+0000] {dagbag.py:588} INFO - Filling up the DagBag from /home/airflow/.local/lib/python3.12/site-packages/airflow/example_dags/example_nested_branch_dag.py
[2024-12-18T10:10:59.127+0000] {processor.py:925} INFO - DAG(s) 'example_nested_branch_dag' retrieved from /home/airflow/.local/lib/python3.12/site-packages/airflow/example_dags/example_nested_branch_dag.py
[2024-12-18T10:10:59.147+0000] {logging_mixin.py:190} INFO - [2024-12-18T10:10:59.146+0000] {dag.py:3239} INFO - Sync 1 DAGs
[2024-12-18T10:10:59.170+0000] {logging_mixin.py:190} INFO - [2024-12-18T10:10:59.170+0000] {dag.py:4180} INFO - Setting next_dagrun for example_nested_branch_dag to 2024-12-17 00:00:00+00:00, run_after=2024-12-18 00:00:00+00:00
[2024-12-18T10:10:59.187+0000] {processor.py:208} INFO - Processing /home/airflow/.local/lib/python3.12/site-packages/airflow/example_dags/example_nested_branch_dag.py took 0.079 seconds
[2024-12-18T10:11:29.679+0000] {processor.py:186} INFO - Started process (PID=853) to work on /home/airflow/.local/lib/python3.12/site-packages/airflow/example_dags/example_nested_branch_dag.py
[2024-12-18T10:11:29.680+0000] {processor.py:914} INFO - Processing file /home/airflow/.local/lib/python3.12/site-packages/airflow/example_dags/example_nested_branch_dag.py for tasks to queue
[2024-12-18T10:11:29.682+0000] {logging_mixin.py:190} INFO - [2024-12-18T10:11:29.681+0000] {dagbag.py:588} INFO - Filling up the DagBag from /home/airflow/.local/lib/python3.12/site-packages/airflow/example_dags/example_nested_branch_dag.py
[2024-12-18T10:11:29.698+0000] {processor.py:925} INFO - DAG(s) 'example_nested_branch_dag' retrieved from /home/airflow/.local/lib/python3.12/site-packages/airflow/example_dags/example_nested_branch_dag.py
[2024-12-18T10:11:29.730+0000] {logging_mixin.py:190} INFO - [2024-12-18T10:11:29.729+0000] {dag.py:3239} INFO - Sync 1 DAGs
[2024-12-18T10:11:29.759+0000] {logging_mixin.py:190} INFO - [2024-12-18T10:11:29.758+0000] {dag.py:4180} INFO - Setting next_dagrun for example_nested_branch_dag to 2024-12-17 00:00:00+00:00, run_after=2024-12-18 00:00:00+00:00
[2024-12-18T10:11:29.774+0000] {processor.py:208} INFO - Processing /home/airflow/.local/lib/python3.12/site-packages/airflow/example_dags/example_nested_branch_dag.py took 0.105 seconds
[2024-12-18T10:12:00.287+0000] {processor.py:186} INFO - Started process (PID=919) to work on /home/airflow/.local/lib/python3.12/site-packages/airflow/example_dags/example_nested_branch_dag.py
[2024-12-18T10:12:00.288+0000] {processor.py:914} INFO - Processing file /home/airflow/.local/lib/python3.12/site-packages/airflow/example_dags/example_nested_branch_dag.py for tasks to queue
[2024-12-18T10:12:00.289+0000] {logging_mixin.py:190} INFO - [2024-12-18T10:12:00.289+0000] {dagbag.py:588} INFO - Filling up the DagBag from /home/airflow/.local/lib/python3.12/site-packages/airflow/example_dags/example_nested_branch_dag.py
[2024-12-18T10:12:00.301+0000] {processor.py:925} INFO - DAG(s) 'example_nested_branch_dag' retrieved from /home/airflow/.local/lib/python3.12/site-packages/airflow/example_dags/example_nested_branch_dag.py
[2024-12-18T10:12:00.321+0000] {logging_mixin.py:190} INFO - [2024-12-18T10:12:00.321+0000] {dag.py:3239} INFO - Sync 1 DAGs
[2024-12-18T10:12:00.344+0000] {logging_mixin.py:190} INFO - [2024-12-18T10:12:00.344+0000] {dag.py:4180} INFO - Setting next_dagrun for example_nested_branch_dag to 2024-12-17 00:00:00+00:00, run_after=2024-12-18 00:00:00+00:00
[2024-12-18T10:12:00.360+0000] {processor.py:208} INFO - Processing /home/airflow/.local/lib/python3.12/site-packages/airflow/example_dags/example_nested_branch_dag.py took 0.078 seconds
[2024-12-18T10:12:31.162+0000] {processor.py:186} INFO - Started process (PID=982) to work on /home/airflow/.local/lib/python3.12/site-packages/airflow/example_dags/example_nested_branch_dag.py
[2024-12-18T10:12:31.163+0000] {processor.py:914} INFO - Processing file /home/airflow/.local/lib/python3.12/site-packages/airflow/example_dags/example_nested_branch_dag.py for tasks to queue
[2024-12-18T10:12:31.164+0000] {logging_mixin.py:190} INFO - [2024-12-18T10:12:31.164+0000] {dagbag.py:588} INFO - Filling up the DagBag from /home/airflow/.local/lib/python3.12/site-packages/airflow/example_dags/example_nested_branch_dag.py
[2024-12-18T10:12:31.181+0000] {processor.py:925} INFO - DAG(s) 'example_nested_branch_dag' retrieved from /home/airflow/.local/lib/python3.12/site-packages/airflow/example_dags/example_nested_branch_dag.py
[2024-12-18T10:12:31.205+0000] {logging_mixin.py:190} INFO - [2024-12-18T10:12:31.205+0000] {dag.py:3239} INFO - Sync 1 DAGs
[2024-12-18T10:12:31.233+0000] {logging_mixin.py:190} INFO - [2024-12-18T10:12:31.233+0000] {dag.py:4180} INFO - Setting next_dagrun for example_nested_branch_dag to 2024-12-17 00:00:00+00:00, run_after=2024-12-18 00:00:00+00:00
[2024-12-18T10:12:31.253+0000] {processor.py:208} INFO - Processing /home/airflow/.local/lib/python3.12/site-packages/airflow/example_dags/example_nested_branch_dag.py took 0.100 seconds
[2024-12-18T10:13:01.393+0000] {processor.py:186} INFO - Started process (PID=1045) to work on /home/airflow/.local/lib/python3.12/site-packages/airflow/example_dags/example_nested_branch_dag.py
[2024-12-18T10:13:01.394+0000] {processor.py:914} INFO - Processing file /home/airflow/.local/lib/python3.12/site-packages/airflow/example_dags/example_nested_branch_dag.py for tasks to queue
[2024-12-18T10:13:01.396+0000] {logging_mixin.py:190} INFO - [2024-12-18T10:13:01.395+0000] {dagbag.py:588} INFO - Filling up the DagBag from /home/airflow/.local/lib/python3.12/site-packages/airflow/example_dags/example_nested_branch_dag.py
[2024-12-18T10:13:01.410+0000] {processor.py:925} INFO - DAG(s) 'example_nested_branch_dag' retrieved from /home/airflow/.local/lib/python3.12/site-packages/airflow/example_dags/example_nested_branch_dag.py
[2024-12-18T10:13:01.436+0000] {logging_mixin.py:190} INFO - [2024-12-18T10:13:01.436+0000] {dag.py:3239} INFO - Sync 1 DAGs
[2024-12-18T10:13:01.467+0000] {logging_mixin.py:190} INFO - [2024-12-18T10:13:01.467+0000] {dag.py:4180} INFO - Setting next_dagrun for example_nested_branch_dag to 2024-12-17 00:00:00+00:00, run_after=2024-12-18 00:00:00+00:00
[2024-12-18T10:13:01.488+0000] {processor.py:208} INFO - Processing /home/airflow/.local/lib/python3.12/site-packages/airflow/example_dags/example_nested_branch_dag.py took 0.101 seconds
[2024-12-18T10:13:32.137+0000] {processor.py:186} INFO - Started process (PID=1109) to work on /home/airflow/.local/lib/python3.12/site-packages/airflow/example_dags/example_nested_branch_dag.py
[2024-12-18T10:13:32.137+0000] {processor.py:914} INFO - Processing file /home/airflow/.local/lib/python3.12/site-packages/airflow/example_dags/example_nested_branch_dag.py for tasks to queue
[2024-12-18T10:13:32.139+0000] {logging_mixin.py:190} INFO - [2024-12-18T10:13:32.138+0000] {dagbag.py:588} INFO - Filling up the DagBag from /home/airflow/.local/lib/python3.12/site-packages/airflow/example_dags/example_nested_branch_dag.py
[2024-12-18T10:13:32.150+0000] {processor.py:925} INFO - DAG(s) 'example_nested_branch_dag' retrieved from /home/airflow/.local/lib/python3.12/site-packages/airflow/example_dags/example_nested_branch_dag.py
[2024-12-18T10:13:32.170+0000] {logging_mixin.py:190} INFO - [2024-12-18T10:13:32.170+0000] {dag.py:3239} INFO - Sync 1 DAGs
[2024-12-18T10:13:32.194+0000] {logging_mixin.py:190} INFO - [2024-12-18T10:13:32.194+0000] {dag.py:4180} INFO - Setting next_dagrun for example_nested_branch_dag to 2024-12-17 00:00:00+00:00, run_after=2024-12-18 00:00:00+00:00
[2024-12-18T10:13:32.212+0000] {processor.py:208} INFO - Processing /home/airflow/.local/lib/python3.12/site-packages/airflow/example_dags/example_nested_branch_dag.py took 0.081 seconds
[2024-12-18T10:15:23.655+0000] {processor.py:186} INFO - Started process (PID=72) to work on /home/airflow/.local/lib/python3.12/site-packages/airflow/example_dags/example_nested_branch_dag.py
[2024-12-18T10:15:23.655+0000] {processor.py:914} INFO - Processing file /home/airflow/.local/lib/python3.12/site-packages/airflow/example_dags/example_nested_branch_dag.py for tasks to queue
[2024-12-18T10:15:23.657+0000] {logging_mixin.py:190} INFO - [2024-12-18T10:15:23.657+0000] {dagbag.py:588} INFO - Filling up the DagBag from /home/airflow/.local/lib/python3.12/site-packages/airflow/example_dags/example_nested_branch_dag.py
[2024-12-18T10:15:23.669+0000] {processor.py:925} INFO - DAG(s) 'example_nested_branch_dag' retrieved from /home/airflow/.local/lib/python3.12/site-packages/airflow/example_dags/example_nested_branch_dag.py
[2024-12-18T10:15:23.704+0000] {logging_mixin.py:190} INFO - [2024-12-18T10:15:23.704+0000] {dag.py:3239} INFO - Sync 1 DAGs
[2024-12-18T10:15:23.728+0000] {logging_mixin.py:190} INFO - [2024-12-18T10:15:23.728+0000] {dag.py:4180} INFO - Setting next_dagrun for example_nested_branch_dag to 2024-12-17 00:00:00+00:00, run_after=2024-12-18 00:00:00+00:00
[2024-12-18T10:15:23.744+0000] {processor.py:208} INFO - Processing /home/airflow/.local/lib/python3.12/site-packages/airflow/example_dags/example_nested_branch_dag.py took 0.095 seconds
[2024-12-18T10:15:54.165+0000] {processor.py:186} INFO - Started process (PID=135) to work on /home/airflow/.local/lib/python3.12/site-packages/airflow/example_dags/example_nested_branch_dag.py
[2024-12-18T10:15:54.166+0000] {processor.py:914} INFO - Processing file /home/airflow/.local/lib/python3.12/site-packages/airflow/example_dags/example_nested_branch_dag.py for tasks to queue
[2024-12-18T10:15:54.168+0000] {logging_mixin.py:190} INFO - [2024-12-18T10:15:54.168+0000] {dagbag.py:588} INFO - Filling up the DagBag from /home/airflow/.local/lib/python3.12/site-packages/airflow/example_dags/example_nested_branch_dag.py
[2024-12-18T10:15:54.180+0000] {processor.py:925} INFO - DAG(s) 'example_nested_branch_dag' retrieved from /home/airflow/.local/lib/python3.12/site-packages/airflow/example_dags/example_nested_branch_dag.py
[2024-12-18T10:15:54.203+0000] {logging_mixin.py:190} INFO - [2024-12-18T10:15:54.203+0000] {dag.py:3239} INFO - Sync 1 DAGs
[2024-12-18T10:15:54.229+0000] {logging_mixin.py:190} INFO - [2024-12-18T10:15:54.229+0000] {dag.py:4180} INFO - Setting next_dagrun for example_nested_branch_dag to 2024-12-17 00:00:00+00:00, run_after=2024-12-18 00:00:00+00:00
[2024-12-18T10:15:54.247+0000] {processor.py:208} INFO - Processing /home/airflow/.local/lib/python3.12/site-packages/airflow/example_dags/example_nested_branch_dag.py took 0.088 seconds
[2024-12-18T10:16:25.091+0000] {processor.py:186} INFO - Started process (PID=204) to work on /home/airflow/.local/lib/python3.12/site-packages/airflow/example_dags/example_nested_branch_dag.py
[2024-12-18T10:16:25.092+0000] {processor.py:914} INFO - Processing file /home/airflow/.local/lib/python3.12/site-packages/airflow/example_dags/example_nested_branch_dag.py for tasks to queue
[2024-12-18T10:16:25.094+0000] {logging_mixin.py:190} INFO - [2024-12-18T10:16:25.093+0000] {dagbag.py:588} INFO - Filling up the DagBag from /home/airflow/.local/lib/python3.12/site-packages/airflow/example_dags/example_nested_branch_dag.py
[2024-12-18T10:16:25.105+0000] {processor.py:925} INFO - DAG(s) 'example_nested_branch_dag' retrieved from /home/airflow/.local/lib/python3.12/site-packages/airflow/example_dags/example_nested_branch_dag.py
[2024-12-18T10:16:25.125+0000] {logging_mixin.py:190} INFO - [2024-12-18T10:16:25.124+0000] {dag.py:3239} INFO - Sync 1 DAGs
[2024-12-18T10:16:25.148+0000] {logging_mixin.py:190} INFO - [2024-12-18T10:16:25.148+0000] {dag.py:4180} INFO - Setting next_dagrun for example_nested_branch_dag to 2024-12-17 00:00:00+00:00, run_after=2024-12-18 00:00:00+00:00
[2024-12-18T10:16:25.165+0000] {processor.py:208} INFO - Processing /home/airflow/.local/lib/python3.12/site-packages/airflow/example_dags/example_nested_branch_dag.py took 0.080 seconds
[2024-12-18T10:16:55.397+0000] {processor.py:186} INFO - Started process (PID=268) to work on /home/airflow/.local/lib/python3.12/site-packages/airflow/example_dags/example_nested_branch_dag.py
[2024-12-18T10:16:55.398+0000] {processor.py:914} INFO - Processing file /home/airflow/.local/lib/python3.12/site-packages/airflow/example_dags/example_nested_branch_dag.py for tasks to queue
[2024-12-18T10:16:55.401+0000] {logging_mixin.py:190} INFO - [2024-12-18T10:16:55.400+0000] {dagbag.py:588} INFO - Filling up the DagBag from /home/airflow/.local/lib/python3.12/site-packages/airflow/example_dags/example_nested_branch_dag.py
[2024-12-18T10:16:55.413+0000] {processor.py:925} INFO - DAG(s) 'example_nested_branch_dag' retrieved from /home/airflow/.local/lib/python3.12/site-packages/airflow/example_dags/example_nested_branch_dag.py
[2024-12-18T10:16:55.434+0000] {logging_mixin.py:190} INFO - [2024-12-18T10:16:55.434+0000] {dag.py:3239} INFO - Sync 1 DAGs
[2024-12-18T10:16:55.460+0000] {logging_mixin.py:190} INFO - [2024-12-18T10:16:55.459+0000] {dag.py:4180} INFO - Setting next_dagrun for example_nested_branch_dag to 2024-12-17 00:00:00+00:00, run_after=2024-12-18 00:00:00+00:00
[2024-12-18T10:16:55.478+0000] {processor.py:208} INFO - Processing /home/airflow/.local/lib/python3.12/site-packages/airflow/example_dags/example_nested_branch_dag.py took 0.087 seconds
[2024-12-18T10:17:26.065+0000] {processor.py:186} INFO - Started process (PID=332) to work on /home/airflow/.local/lib/python3.12/site-packages/airflow/example_dags/example_nested_branch_dag.py
[2024-12-18T10:17:26.066+0000] {processor.py:914} INFO - Processing file /home/airflow/.local/lib/python3.12/site-packages/airflow/example_dags/example_nested_branch_dag.py for tasks to queue
[2024-12-18T10:17:26.069+0000] {logging_mixin.py:190} INFO - [2024-12-18T10:17:26.068+0000] {dagbag.py:588} INFO - Filling up the DagBag from /home/airflow/.local/lib/python3.12/site-packages/airflow/example_dags/example_nested_branch_dag.py
[2024-12-18T10:17:26.081+0000] {processor.py:925} INFO - DAG(s) 'example_nested_branch_dag' retrieved from /home/airflow/.local/lib/python3.12/site-packages/airflow/example_dags/example_nested_branch_dag.py
[2024-12-18T10:17:26.102+0000] {logging_mixin.py:190} INFO - [2024-12-18T10:17:26.102+0000] {dag.py:3239} INFO - Sync 1 DAGs
[2024-12-18T10:17:26.126+0000] {logging_mixin.py:190} INFO - [2024-12-18T10:17:26.126+0000] {dag.py:4180} INFO - Setting next_dagrun for example_nested_branch_dag to 2024-12-17 00:00:00+00:00, run_after=2024-12-18 00:00:00+00:00
[2024-12-18T10:17:26.142+0000] {processor.py:208} INFO - Processing /home/airflow/.local/lib/python3.12/site-packages/airflow/example_dags/example_nested_branch_dag.py took 0.083 seconds
