[2024-12-18T09:53:50.287+0000] {processor.py:186} INFO - Started process (PID=118) to work on /home/airflow/.local/lib/python3.12/site-packages/airflow/example_dags/example_inlet_event_extra.py
[2024-12-18T09:53:50.288+0000] {processor.py:914} INFO - Processing file /home/airflow/.local/lib/python3.12/site-packages/airflow/example_dags/example_inlet_event_extra.py for tasks to queue
[2024-12-18T09:53:50.291+0000] {logging_mixin.py:190} INFO - [2024-12-18T09:53:50.290+0000] {dagbag.py:588} INFO - Filling up the DagBag from /home/airflow/.local/lib/python3.12/site-packages/airflow/example_dags/example_inlet_event_extra.py
[2024-12-18T09:53:50.827+0000] {processor.py:925} INFO - DAG(s) 'read_dataset_event_from_classic', 'read_dataset_event' retrieved from /home/airflow/.local/lib/python3.12/site-packages/airflow/example_dags/example_inlet_event_extra.py
[2024-12-18T09:53:50.848+0000] {logging_mixin.py:190} INFO - [2024-12-18T09:53:50.848+0000] {dag.py:3239} INFO - Sync 2 DAGs
[2024-12-18T09:53:50.876+0000] {logging_mixin.py:190} INFO - [2024-12-18T09:53:50.876+0000] {dag.py:4180} INFO - Setting next_dagrun for read_dataset_event to 2024-12-17 00:00:00+00:00, run_after=2024-12-18 00:00:00+00:00
[2024-12-18T09:53:50.883+0000] {logging_mixin.py:190} INFO - [2024-12-18T09:53:50.882+0000] {dag.py:4180} INFO - Setting next_dagrun for read_dataset_event_from_classic to 2024-12-17 00:00:00+00:00, run_after=2024-12-18 00:00:00+00:00
[2024-12-18T09:53:50.900+0000] {processor.py:208} INFO - Processing /home/airflow/.local/lib/python3.12/site-packages/airflow/example_dags/example_inlet_event_extra.py took 0.618 seconds
[2024-12-18T09:54:20.991+0000] {processor.py:186} INFO - Started process (PID=183) to work on /home/airflow/.local/lib/python3.12/site-packages/airflow/example_dags/example_inlet_event_extra.py
[2024-12-18T09:54:20.992+0000] {processor.py:914} INFO - Processing file /home/airflow/.local/lib/python3.12/site-packages/airflow/example_dags/example_inlet_event_extra.py for tasks to queue
[2024-12-18T09:54:20.994+0000] {logging_mixin.py:190} INFO - [2024-12-18T09:54:20.994+0000] {dagbag.py:588} INFO - Filling up the DagBag from /home/airflow/.local/lib/python3.12/site-packages/airflow/example_dags/example_inlet_event_extra.py
[2024-12-18T09:54:21.535+0000] {processor.py:925} INFO - DAG(s) 'read_dataset_event', 'read_dataset_event_from_classic' retrieved from /home/airflow/.local/lib/python3.12/site-packages/airflow/example_dags/example_inlet_event_extra.py
[2024-12-18T09:54:21.552+0000] {logging_mixin.py:190} INFO - [2024-12-18T09:54:21.552+0000] {dag.py:3239} INFO - Sync 2 DAGs
[2024-12-18T09:54:21.572+0000] {logging_mixin.py:190} INFO - [2024-12-18T09:54:21.572+0000] {dag.py:4180} INFO - Setting next_dagrun for read_dataset_event to 2024-12-17 00:00:00+00:00, run_after=2024-12-18 00:00:00+00:00
[2024-12-18T09:54:21.577+0000] {logging_mixin.py:190} INFO - [2024-12-18T09:54:21.576+0000] {dag.py:4180} INFO - Setting next_dagrun for read_dataset_event_from_classic to 2024-12-17 00:00:00+00:00, run_after=2024-12-18 00:00:00+00:00
[2024-12-18T09:54:21.589+0000] {processor.py:208} INFO - Processing /home/airflow/.local/lib/python3.12/site-packages/airflow/example_dags/example_inlet_event_extra.py took 0.602 seconds
[2024-12-18T09:54:51.689+0000] {processor.py:186} INFO - Started process (PID=247) to work on /home/airflow/.local/lib/python3.12/site-packages/airflow/example_dags/example_inlet_event_extra.py
[2024-12-18T09:54:51.690+0000] {processor.py:914} INFO - Processing file /home/airflow/.local/lib/python3.12/site-packages/airflow/example_dags/example_inlet_event_extra.py for tasks to queue
[2024-12-18T09:54:51.692+0000] {logging_mixin.py:190} INFO - [2024-12-18T09:54:51.691+0000] {dagbag.py:588} INFO - Filling up the DagBag from /home/airflow/.local/lib/python3.12/site-packages/airflow/example_dags/example_inlet_event_extra.py
[2024-12-18T09:54:52.223+0000] {processor.py:925} INFO - DAG(s) 'read_dataset_event', 'read_dataset_event_from_classic' retrieved from /home/airflow/.local/lib/python3.12/site-packages/airflow/example_dags/example_inlet_event_extra.py
[2024-12-18T09:54:52.241+0000] {logging_mixin.py:190} INFO - [2024-12-18T09:54:52.241+0000] {dag.py:3239} INFO - Sync 2 DAGs
[2024-12-18T09:54:52.266+0000] {logging_mixin.py:190} INFO - [2024-12-18T09:54:52.266+0000] {dag.py:4180} INFO - Setting next_dagrun for read_dataset_event to 2024-12-17 00:00:00+00:00, run_after=2024-12-18 00:00:00+00:00
[2024-12-18T09:54:52.271+0000] {logging_mixin.py:190} INFO - [2024-12-18T09:54:52.271+0000] {dag.py:4180} INFO - Setting next_dagrun for read_dataset_event_from_classic to 2024-12-17 00:00:00+00:00, run_after=2024-12-18 00:00:00+00:00
[2024-12-18T09:54:52.284+0000] {processor.py:208} INFO - Processing /home/airflow/.local/lib/python3.12/site-packages/airflow/example_dags/example_inlet_event_extra.py took 0.600 seconds
[2024-12-18T09:55:23.443+0000] {processor.py:186} INFO - Started process (PID=314) to work on /home/airflow/.local/lib/python3.12/site-packages/airflow/example_dags/example_inlet_event_extra.py
[2024-12-18T09:55:23.448+0000] {processor.py:914} INFO - Processing file /home/airflow/.local/lib/python3.12/site-packages/airflow/example_dags/example_inlet_event_extra.py for tasks to queue
[2024-12-18T09:55:23.452+0000] {logging_mixin.py:190} INFO - [2024-12-18T09:55:23.451+0000] {dagbag.py:588} INFO - Filling up the DagBag from /home/airflow/.local/lib/python3.12/site-packages/airflow/example_dags/example_inlet_event_extra.py
[2024-12-18T09:55:24.468+0000] {processor.py:925} INFO - DAG(s) 'read_dataset_event_from_classic', 'read_dataset_event' retrieved from /home/airflow/.local/lib/python3.12/site-packages/airflow/example_dags/example_inlet_event_extra.py
[2024-12-18T09:55:24.527+0000] {logging_mixin.py:190} INFO - [2024-12-18T09:55:24.527+0000] {dag.py:3239} INFO - Sync 2 DAGs
[2024-12-18T09:55:24.596+0000] {logging_mixin.py:190} INFO - [2024-12-18T09:55:24.595+0000] {dag.py:4180} INFO - Setting next_dagrun for read_dataset_event to 2024-12-17 00:00:00+00:00, run_after=2024-12-18 00:00:00+00:00
[2024-12-18T09:55:24.610+0000] {logging_mixin.py:190} INFO - [2024-12-18T09:55:24.610+0000] {dag.py:4180} INFO - Setting next_dagrun for read_dataset_event_from_classic to 2024-12-17 00:00:00+00:00, run_after=2024-12-18 00:00:00+00:00
[2024-12-18T09:55:24.646+0000] {processor.py:208} INFO - Processing /home/airflow/.local/lib/python3.12/site-packages/airflow/example_dags/example_inlet_event_extra.py took 1.212 seconds
[2024-12-18T09:55:54.864+0000] {processor.py:186} INFO - Started process (PID=378) to work on /home/airflow/.local/lib/python3.12/site-packages/airflow/example_dags/example_inlet_event_extra.py
[2024-12-18T09:55:54.865+0000] {processor.py:914} INFO - Processing file /home/airflow/.local/lib/python3.12/site-packages/airflow/example_dags/example_inlet_event_extra.py for tasks to queue
[2024-12-18T09:55:54.867+0000] {logging_mixin.py:190} INFO - [2024-12-18T09:55:54.867+0000] {dagbag.py:588} INFO - Filling up the DagBag from /home/airflow/.local/lib/python3.12/site-packages/airflow/example_dags/example_inlet_event_extra.py
[2024-12-18T09:55:55.575+0000] {processor.py:925} INFO - DAG(s) 'read_dataset_event', 'read_dataset_event_from_classic' retrieved from /home/airflow/.local/lib/python3.12/site-packages/airflow/example_dags/example_inlet_event_extra.py
[2024-12-18T09:55:55.598+0000] {logging_mixin.py:190} INFO - [2024-12-18T09:55:55.598+0000] {dag.py:3239} INFO - Sync 2 DAGs
[2024-12-18T09:55:55.626+0000] {logging_mixin.py:190} INFO - [2024-12-18T09:55:55.625+0000] {dag.py:4180} INFO - Setting next_dagrun for read_dataset_event to 2024-12-17 00:00:00+00:00, run_after=2024-12-18 00:00:00+00:00
[2024-12-18T09:55:55.631+0000] {logging_mixin.py:190} INFO - [2024-12-18T09:55:55.631+0000] {dag.py:4180} INFO - Setting next_dagrun for read_dataset_event_from_classic to 2024-12-17 00:00:00+00:00, run_after=2024-12-18 00:00:00+00:00
[2024-12-18T09:55:55.649+0000] {processor.py:208} INFO - Processing /home/airflow/.local/lib/python3.12/site-packages/airflow/example_dags/example_inlet_event_extra.py took 0.791 seconds
[2024-12-18T09:56:26.201+0000] {processor.py:186} INFO - Started process (PID=442) to work on /home/airflow/.local/lib/python3.12/site-packages/airflow/example_dags/example_inlet_event_extra.py
[2024-12-18T09:56:26.202+0000] {processor.py:914} INFO - Processing file /home/airflow/.local/lib/python3.12/site-packages/airflow/example_dags/example_inlet_event_extra.py for tasks to queue
[2024-12-18T09:56:26.204+0000] {logging_mixin.py:190} INFO - [2024-12-18T09:56:26.204+0000] {dagbag.py:588} INFO - Filling up the DagBag from /home/airflow/.local/lib/python3.12/site-packages/airflow/example_dags/example_inlet_event_extra.py
[2024-12-18T09:56:26.864+0000] {processor.py:925} INFO - DAG(s) 'read_dataset_event_from_classic', 'read_dataset_event' retrieved from /home/airflow/.local/lib/python3.12/site-packages/airflow/example_dags/example_inlet_event_extra.py
[2024-12-18T09:56:26.885+0000] {logging_mixin.py:190} INFO - [2024-12-18T09:56:26.885+0000] {dag.py:3239} INFO - Sync 2 DAGs
[2024-12-18T09:56:26.913+0000] {logging_mixin.py:190} INFO - [2024-12-18T09:56:26.912+0000] {dag.py:4180} INFO - Setting next_dagrun for read_dataset_event to 2024-12-17 00:00:00+00:00, run_after=2024-12-18 00:00:00+00:00
[2024-12-18T09:56:26.918+0000] {logging_mixin.py:190} INFO - [2024-12-18T09:56:26.918+0000] {dag.py:4180} INFO - Setting next_dagrun for read_dataset_event_from_classic to 2024-12-17 00:00:00+00:00, run_after=2024-12-18 00:00:00+00:00
[2024-12-18T09:56:26.933+0000] {processor.py:208} INFO - Processing /home/airflow/.local/lib/python3.12/site-packages/airflow/example_dags/example_inlet_event_extra.py took 0.738 seconds
[2024-12-18T09:56:57.215+0000] {processor.py:186} INFO - Started process (PID=526) to work on /home/airflow/.local/lib/python3.12/site-packages/airflow/example_dags/example_inlet_event_extra.py
[2024-12-18T09:56:57.216+0000] {processor.py:914} INFO - Processing file /home/airflow/.local/lib/python3.12/site-packages/airflow/example_dags/example_inlet_event_extra.py for tasks to queue
[2024-12-18T09:56:57.218+0000] {logging_mixin.py:190} INFO - [2024-12-18T09:56:57.218+0000] {dagbag.py:588} INFO - Filling up the DagBag from /home/airflow/.local/lib/python3.12/site-packages/airflow/example_dags/example_inlet_event_extra.py
[2024-12-18T09:56:57.756+0000] {processor.py:925} INFO - DAG(s) 'read_dataset_event', 'read_dataset_event_from_classic' retrieved from /home/airflow/.local/lib/python3.12/site-packages/airflow/example_dags/example_inlet_event_extra.py
[2024-12-18T09:56:57.773+0000] {logging_mixin.py:190} INFO - [2024-12-18T09:56:57.773+0000] {dag.py:3239} INFO - Sync 2 DAGs
[2024-12-18T09:56:57.795+0000] {logging_mixin.py:190} INFO - [2024-12-18T09:56:57.795+0000] {dag.py:4180} INFO - Setting next_dagrun for read_dataset_event to 2024-12-17 00:00:00+00:00, run_after=2024-12-18 00:00:00+00:00
[2024-12-18T09:56:57.799+0000] {logging_mixin.py:190} INFO - [2024-12-18T09:56:57.799+0000] {dag.py:4180} INFO - Setting next_dagrun for read_dataset_event_from_classic to 2024-12-17 00:00:00+00:00, run_after=2024-12-18 00:00:00+00:00
[2024-12-18T09:56:57.811+0000] {processor.py:208} INFO - Processing /home/airflow/.local/lib/python3.12/site-packages/airflow/example_dags/example_inlet_event_extra.py took 0.602 seconds
[2024-12-18T09:57:28.104+0000] {processor.py:186} INFO - Started process (PID=589) to work on /home/airflow/.local/lib/python3.12/site-packages/airflow/example_dags/example_inlet_event_extra.py
[2024-12-18T09:57:28.105+0000] {processor.py:914} INFO - Processing file /home/airflow/.local/lib/python3.12/site-packages/airflow/example_dags/example_inlet_event_extra.py for tasks to queue
[2024-12-18T09:57:28.107+0000] {logging_mixin.py:190} INFO - [2024-12-18T09:57:28.107+0000] {dagbag.py:588} INFO - Filling up the DagBag from /home/airflow/.local/lib/python3.12/site-packages/airflow/example_dags/example_inlet_event_extra.py
[2024-12-18T09:57:28.704+0000] {processor.py:925} INFO - DAG(s) 'read_dataset_event', 'read_dataset_event_from_classic' retrieved from /home/airflow/.local/lib/python3.12/site-packages/airflow/example_dags/example_inlet_event_extra.py
[2024-12-18T09:57:28.729+0000] {logging_mixin.py:190} INFO - [2024-12-18T09:57:28.729+0000] {dag.py:3239} INFO - Sync 2 DAGs
[2024-12-18T09:57:28.761+0000] {logging_mixin.py:190} INFO - [2024-12-18T09:57:28.760+0000] {dag.py:4180} INFO - Setting next_dagrun for read_dataset_event to 2024-12-17 00:00:00+00:00, run_after=2024-12-18 00:00:00+00:00
[2024-12-18T09:57:28.765+0000] {logging_mixin.py:190} INFO - [2024-12-18T09:57:28.765+0000] {dag.py:4180} INFO - Setting next_dagrun for read_dataset_event_from_classic to 2024-12-17 00:00:00+00:00, run_after=2024-12-18 00:00:00+00:00
[2024-12-18T09:57:28.780+0000] {processor.py:208} INFO - Processing /home/airflow/.local/lib/python3.12/site-packages/airflow/example_dags/example_inlet_event_extra.py took 0.681 seconds
[2024-12-18T09:57:59.836+0000] {processor.py:186} INFO - Started process (PID=653) to work on /home/airflow/.local/lib/python3.12/site-packages/airflow/example_dags/example_inlet_event_extra.py
[2024-12-18T09:57:59.837+0000] {processor.py:914} INFO - Processing file /home/airflow/.local/lib/python3.12/site-packages/airflow/example_dags/example_inlet_event_extra.py for tasks to queue
[2024-12-18T09:57:59.839+0000] {logging_mixin.py:190} INFO - [2024-12-18T09:57:59.839+0000] {dagbag.py:588} INFO - Filling up the DagBag from /home/airflow/.local/lib/python3.12/site-packages/airflow/example_dags/example_inlet_event_extra.py
[2024-12-18T09:58:00.484+0000] {processor.py:925} INFO - DAG(s) 'read_dataset_event_from_classic', 'read_dataset_event' retrieved from /home/airflow/.local/lib/python3.12/site-packages/airflow/example_dags/example_inlet_event_extra.py
[2024-12-18T09:58:00.503+0000] {logging_mixin.py:190} INFO - [2024-12-18T09:58:00.503+0000] {dag.py:3239} INFO - Sync 2 DAGs
[2024-12-18T09:58:00.530+0000] {logging_mixin.py:190} INFO - [2024-12-18T09:58:00.530+0000] {dag.py:4180} INFO - Setting next_dagrun for read_dataset_event to 2024-12-17 00:00:00+00:00, run_after=2024-12-18 00:00:00+00:00
[2024-12-18T09:58:00.536+0000] {logging_mixin.py:190} INFO - [2024-12-18T09:58:00.535+0000] {dag.py:4180} INFO - Setting next_dagrun for read_dataset_event_from_classic to 2024-12-17 00:00:00+00:00, run_after=2024-12-18 00:00:00+00:00
[2024-12-18T09:58:00.551+0000] {processor.py:208} INFO - Processing /home/airflow/.local/lib/python3.12/site-packages/airflow/example_dags/example_inlet_event_extra.py took 0.721 seconds
[2024-12-18T09:58:31.016+0000] {processor.py:186} INFO - Started process (PID=717) to work on /home/airflow/.local/lib/python3.12/site-packages/airflow/example_dags/example_inlet_event_extra.py
[2024-12-18T09:58:31.018+0000] {processor.py:914} INFO - Processing file /home/airflow/.local/lib/python3.12/site-packages/airflow/example_dags/example_inlet_event_extra.py for tasks to queue
[2024-12-18T09:58:31.020+0000] {logging_mixin.py:190} INFO - [2024-12-18T09:58:31.020+0000] {dagbag.py:588} INFO - Filling up the DagBag from /home/airflow/.local/lib/python3.12/site-packages/airflow/example_dags/example_inlet_event_extra.py
[2024-12-18T09:58:31.702+0000] {processor.py:925} INFO - DAG(s) 'read_dataset_event', 'read_dataset_event_from_classic' retrieved from /home/airflow/.local/lib/python3.12/site-packages/airflow/example_dags/example_inlet_event_extra.py
[2024-12-18T09:58:31.730+0000] {logging_mixin.py:190} INFO - [2024-12-18T09:58:31.730+0000] {dag.py:3239} INFO - Sync 2 DAGs
[2024-12-18T09:58:31.760+0000] {logging_mixin.py:190} INFO - [2024-12-18T09:58:31.759+0000] {dag.py:4180} INFO - Setting next_dagrun for read_dataset_event to 2024-12-17 00:00:00+00:00, run_after=2024-12-18 00:00:00+00:00
[2024-12-18T09:58:31.766+0000] {logging_mixin.py:190} INFO - [2024-12-18T09:58:31.765+0000] {dag.py:4180} INFO - Setting next_dagrun for read_dataset_event_from_classic to 2024-12-17 00:00:00+00:00, run_after=2024-12-18 00:00:00+00:00
[2024-12-18T09:58:31.785+0000] {processor.py:208} INFO - Processing /home/airflow/.local/lib/python3.12/site-packages/airflow/example_dags/example_inlet_event_extra.py took 0.777 seconds
[2024-12-18T09:59:02.774+0000] {processor.py:186} INFO - Started process (PID=781) to work on /home/airflow/.local/lib/python3.12/site-packages/airflow/example_dags/example_inlet_event_extra.py
[2024-12-18T09:59:02.775+0000] {processor.py:914} INFO - Processing file /home/airflow/.local/lib/python3.12/site-packages/airflow/example_dags/example_inlet_event_extra.py for tasks to queue
[2024-12-18T09:59:02.777+0000] {logging_mixin.py:190} INFO - [2024-12-18T09:59:02.776+0000] {dagbag.py:588} INFO - Filling up the DagBag from /home/airflow/.local/lib/python3.12/site-packages/airflow/example_dags/example_inlet_event_extra.py
[2024-12-18T09:59:03.363+0000] {processor.py:925} INFO - DAG(s) 'read_dataset_event', 'read_dataset_event_from_classic' retrieved from /home/airflow/.local/lib/python3.12/site-packages/airflow/example_dags/example_inlet_event_extra.py
[2024-12-18T09:59:03.381+0000] {logging_mixin.py:190} INFO - [2024-12-18T09:59:03.381+0000] {dag.py:3239} INFO - Sync 2 DAGs
[2024-12-18T09:59:03.410+0000] {logging_mixin.py:190} INFO - [2024-12-18T09:59:03.410+0000] {dag.py:4180} INFO - Setting next_dagrun for read_dataset_event to 2024-12-17 00:00:00+00:00, run_after=2024-12-18 00:00:00+00:00
[2024-12-18T09:59:03.417+0000] {logging_mixin.py:190} INFO - [2024-12-18T09:59:03.417+0000] {dag.py:4180} INFO - Setting next_dagrun for read_dataset_event_from_classic to 2024-12-17 00:00:00+00:00, run_after=2024-12-18 00:00:00+00:00
[2024-12-18T09:59:03.432+0000] {processor.py:208} INFO - Processing /home/airflow/.local/lib/python3.12/site-packages/airflow/example_dags/example_inlet_event_extra.py took 0.665 seconds
[2024-12-18T09:59:33.854+0000] {processor.py:186} INFO - Started process (PID=845) to work on /home/airflow/.local/lib/python3.12/site-packages/airflow/example_dags/example_inlet_event_extra.py
[2024-12-18T09:59:33.855+0000] {processor.py:914} INFO - Processing file /home/airflow/.local/lib/python3.12/site-packages/airflow/example_dags/example_inlet_event_extra.py for tasks to queue
[2024-12-18T09:59:33.858+0000] {logging_mixin.py:190} INFO - [2024-12-18T09:59:33.857+0000] {dagbag.py:588} INFO - Filling up the DagBag from /home/airflow/.local/lib/python3.12/site-packages/airflow/example_dags/example_inlet_event_extra.py
[2024-12-18T09:59:34.449+0000] {processor.py:925} INFO - DAG(s) 'read_dataset_event_from_classic', 'read_dataset_event' retrieved from /home/airflow/.local/lib/python3.12/site-packages/airflow/example_dags/example_inlet_event_extra.py
[2024-12-18T09:59:34.466+0000] {logging_mixin.py:190} INFO - [2024-12-18T09:59:34.466+0000] {dag.py:3239} INFO - Sync 2 DAGs
[2024-12-18T09:59:34.489+0000] {logging_mixin.py:190} INFO - [2024-12-18T09:59:34.489+0000] {dag.py:4180} INFO - Setting next_dagrun for read_dataset_event to 2024-12-17 00:00:00+00:00, run_after=2024-12-18 00:00:00+00:00
[2024-12-18T09:59:34.494+0000] {logging_mixin.py:190} INFO - [2024-12-18T09:59:34.494+0000] {dag.py:4180} INFO - Setting next_dagrun for read_dataset_event_from_classic to 2024-12-17 00:00:00+00:00, run_after=2024-12-18 00:00:00+00:00
[2024-12-18T09:59:34.507+0000] {processor.py:208} INFO - Processing /home/airflow/.local/lib/python3.12/site-packages/airflow/example_dags/example_inlet_event_extra.py took 0.660 seconds
[2024-12-18T10:00:04.836+0000] {processor.py:186} INFO - Started process (PID=909) to work on /home/airflow/.local/lib/python3.12/site-packages/airflow/example_dags/example_inlet_event_extra.py
[2024-12-18T10:00:04.836+0000] {processor.py:914} INFO - Processing file /home/airflow/.local/lib/python3.12/site-packages/airflow/example_dags/example_inlet_event_extra.py for tasks to queue
[2024-12-18T10:00:04.838+0000] {logging_mixin.py:190} INFO - [2024-12-18T10:00:04.838+0000] {dagbag.py:588} INFO - Filling up the DagBag from /home/airflow/.local/lib/python3.12/site-packages/airflow/example_dags/example_inlet_event_extra.py
[2024-12-18T10:00:05.418+0000] {processor.py:925} INFO - DAG(s) 'read_dataset_event', 'read_dataset_event_from_classic' retrieved from /home/airflow/.local/lib/python3.12/site-packages/airflow/example_dags/example_inlet_event_extra.py
[2024-12-18T10:00:05.437+0000] {logging_mixin.py:190} INFO - [2024-12-18T10:00:05.437+0000] {dag.py:3239} INFO - Sync 2 DAGs
[2024-12-18T10:00:05.462+0000] {logging_mixin.py:190} INFO - [2024-12-18T10:00:05.461+0000] {dag.py:4180} INFO - Setting next_dagrun for read_dataset_event to 2024-12-17 00:00:00+00:00, run_after=2024-12-18 00:00:00+00:00
[2024-12-18T10:00:05.467+0000] {logging_mixin.py:190} INFO - [2024-12-18T10:00:05.467+0000] {dag.py:4180} INFO - Setting next_dagrun for read_dataset_event_from_classic to 2024-12-17 00:00:00+00:00, run_after=2024-12-18 00:00:00+00:00
[2024-12-18T10:00:05.484+0000] {processor.py:208} INFO - Processing /home/airflow/.local/lib/python3.12/site-packages/airflow/example_dags/example_inlet_event_extra.py took 0.655 seconds
[2024-12-18T10:00:36.516+0000] {processor.py:186} INFO - Started process (PID=973) to work on /home/airflow/.local/lib/python3.12/site-packages/airflow/example_dags/example_inlet_event_extra.py
[2024-12-18T10:00:36.516+0000] {processor.py:914} INFO - Processing file /home/airflow/.local/lib/python3.12/site-packages/airflow/example_dags/example_inlet_event_extra.py for tasks to queue
[2024-12-18T10:00:36.519+0000] {logging_mixin.py:190} INFO - [2024-12-18T10:00:36.518+0000] {dagbag.py:588} INFO - Filling up the DagBag from /home/airflow/.local/lib/python3.12/site-packages/airflow/example_dags/example_inlet_event_extra.py
[2024-12-18T10:00:37.094+0000] {processor.py:925} INFO - DAG(s) 'read_dataset_event_from_classic', 'read_dataset_event' retrieved from /home/airflow/.local/lib/python3.12/site-packages/airflow/example_dags/example_inlet_event_extra.py
[2024-12-18T10:00:37.112+0000] {logging_mixin.py:190} INFO - [2024-12-18T10:00:37.112+0000] {dag.py:3239} INFO - Sync 2 DAGs
[2024-12-18T10:00:37.146+0000] {logging_mixin.py:190} INFO - [2024-12-18T10:00:37.145+0000] {dag.py:4180} INFO - Setting next_dagrun for read_dataset_event to 2024-12-17 00:00:00+00:00, run_after=2024-12-18 00:00:00+00:00
[2024-12-18T10:00:37.153+0000] {logging_mixin.py:190} INFO - [2024-12-18T10:00:37.153+0000] {dag.py:4180} INFO - Setting next_dagrun for read_dataset_event_from_classic to 2024-12-17 00:00:00+00:00, run_after=2024-12-18 00:00:00+00:00
[2024-12-18T10:00:37.175+0000] {processor.py:208} INFO - Processing /home/airflow/.local/lib/python3.12/site-packages/airflow/example_dags/example_inlet_event_extra.py took 0.665 seconds
[2024-12-18T10:05:25.611+0000] {processor.py:186} INFO - Started process (PID=121) to work on /home/airflow/.local/lib/python3.12/site-packages/airflow/example_dags/example_inlet_event_extra.py
[2024-12-18T10:05:25.612+0000] {processor.py:914} INFO - Processing file /home/airflow/.local/lib/python3.12/site-packages/airflow/example_dags/example_inlet_event_extra.py for tasks to queue
[2024-12-18T10:05:25.615+0000] {logging_mixin.py:190} INFO - [2024-12-18T10:05:25.614+0000] {dagbag.py:588} INFO - Filling up the DagBag from /home/airflow/.local/lib/python3.12/site-packages/airflow/example_dags/example_inlet_event_extra.py
[2024-12-18T10:05:26.389+0000] {processor.py:925} INFO - DAG(s) 'read_dataset_event', 'read_dataset_event_from_classic' retrieved from /home/airflow/.local/lib/python3.12/site-packages/airflow/example_dags/example_inlet_event_extra.py
[2024-12-18T10:05:26.418+0000] {logging_mixin.py:190} INFO - [2024-12-18T10:05:26.417+0000] {dag.py:3239} INFO - Sync 2 DAGs
[2024-12-18T10:05:26.459+0000] {logging_mixin.py:190} INFO - [2024-12-18T10:05:26.459+0000] {dag.py:4180} INFO - Setting next_dagrun for read_dataset_event to 2024-12-17 00:00:00+00:00, run_after=2024-12-18 00:00:00+00:00
[2024-12-18T10:05:26.466+0000] {logging_mixin.py:190} INFO - [2024-12-18T10:05:26.466+0000] {dag.py:4180} INFO - Setting next_dagrun for read_dataset_event_from_classic to 2024-12-17 00:00:00+00:00, run_after=2024-12-18 00:00:00+00:00
[2024-12-18T10:05:26.488+0000] {processor.py:208} INFO - Processing /home/airflow/.local/lib/python3.12/site-packages/airflow/example_dags/example_inlet_event_extra.py took 0.884 seconds
[2024-12-18T10:05:58.921+0000] {processor.py:186} INFO - Started process (PID=187) to work on /home/airflow/.local/lib/python3.12/site-packages/airflow/example_dags/example_inlet_event_extra.py
[2024-12-18T10:05:58.922+0000] {processor.py:914} INFO - Processing file /home/airflow/.local/lib/python3.12/site-packages/airflow/example_dags/example_inlet_event_extra.py for tasks to queue
[2024-12-18T10:05:58.925+0000] {logging_mixin.py:190} INFO - [2024-12-18T10:05:58.924+0000] {dagbag.py:588} INFO - Filling up the DagBag from /home/airflow/.local/lib/python3.12/site-packages/airflow/example_dags/example_inlet_event_extra.py
[2024-12-18T10:05:59.454+0000] {processor.py:925} INFO - DAG(s) 'read_dataset_event', 'read_dataset_event_from_classic' retrieved from /home/airflow/.local/lib/python3.12/site-packages/airflow/example_dags/example_inlet_event_extra.py
[2024-12-18T10:05:59.474+0000] {logging_mixin.py:190} INFO - [2024-12-18T10:05:59.473+0000] {dag.py:3239} INFO - Sync 2 DAGs
[2024-12-18T10:05:59.497+0000] {logging_mixin.py:190} INFO - [2024-12-18T10:05:59.497+0000] {dag.py:4180} INFO - Setting next_dagrun for read_dataset_event to 2024-12-17 00:00:00+00:00, run_after=2024-12-18 00:00:00+00:00
[2024-12-18T10:05:59.502+0000] {logging_mixin.py:190} INFO - [2024-12-18T10:05:59.501+0000] {dag.py:4180} INFO - Setting next_dagrun for read_dataset_event_from_classic to 2024-12-17 00:00:00+00:00, run_after=2024-12-18 00:00:00+00:00
[2024-12-18T10:05:59.520+0000] {processor.py:208} INFO - Processing /home/airflow/.local/lib/python3.12/site-packages/airflow/example_dags/example_inlet_event_extra.py took 0.605 seconds
[2024-12-18T10:06:29.700+0000] {processor.py:186} INFO - Started process (PID=250) to work on /home/airflow/.local/lib/python3.12/site-packages/airflow/example_dags/example_inlet_event_extra.py
[2024-12-18T10:06:29.701+0000] {processor.py:914} INFO - Processing file /home/airflow/.local/lib/python3.12/site-packages/airflow/example_dags/example_inlet_event_extra.py for tasks to queue
[2024-12-18T10:06:29.702+0000] {logging_mixin.py:190} INFO - [2024-12-18T10:06:29.702+0000] {dagbag.py:588} INFO - Filling up the DagBag from /home/airflow/.local/lib/python3.12/site-packages/airflow/example_dags/example_inlet_event_extra.py
[2024-12-18T10:06:30.282+0000] {processor.py:925} INFO - DAG(s) 'read_dataset_event_from_classic', 'read_dataset_event' retrieved from /home/airflow/.local/lib/python3.12/site-packages/airflow/example_dags/example_inlet_event_extra.py
[2024-12-18T10:06:30.301+0000] {logging_mixin.py:190} INFO - [2024-12-18T10:06:30.301+0000] {dag.py:3239} INFO - Sync 2 DAGs
[2024-12-18T10:06:30.329+0000] {logging_mixin.py:190} INFO - [2024-12-18T10:06:30.329+0000] {dag.py:4180} INFO - Setting next_dagrun for read_dataset_event to 2024-12-17 00:00:00+00:00, run_after=2024-12-18 00:00:00+00:00
[2024-12-18T10:06:30.336+0000] {logging_mixin.py:190} INFO - [2024-12-18T10:06:30.335+0000] {dag.py:4180} INFO - Setting next_dagrun for read_dataset_event_from_classic to 2024-12-17 00:00:00+00:00, run_after=2024-12-18 00:00:00+00:00
[2024-12-18T10:06:30.352+0000] {processor.py:208} INFO - Processing /home/airflow/.local/lib/python3.12/site-packages/airflow/example_dags/example_inlet_event_extra.py took 0.658 seconds
[2024-12-18T10:07:01.403+0000] {processor.py:186} INFO - Started process (PID=317) to work on /home/airflow/.local/lib/python3.12/site-packages/airflow/example_dags/example_inlet_event_extra.py
[2024-12-18T10:07:01.404+0000] {processor.py:914} INFO - Processing file /home/airflow/.local/lib/python3.12/site-packages/airflow/example_dags/example_inlet_event_extra.py for tasks to queue
[2024-12-18T10:07:01.405+0000] {logging_mixin.py:190} INFO - [2024-12-18T10:07:01.405+0000] {dagbag.py:588} INFO - Filling up the DagBag from /home/airflow/.local/lib/python3.12/site-packages/airflow/example_dags/example_inlet_event_extra.py
[2024-12-18T10:07:01.976+0000] {processor.py:925} INFO - DAG(s) 'read_dataset_event_from_classic', 'read_dataset_event' retrieved from /home/airflow/.local/lib/python3.12/site-packages/airflow/example_dags/example_inlet_event_extra.py
[2024-12-18T10:07:01.995+0000] {logging_mixin.py:190} INFO - [2024-12-18T10:07:01.995+0000] {dag.py:3239} INFO - Sync 2 DAGs
[2024-12-18T10:07:02.021+0000] {logging_mixin.py:190} INFO - [2024-12-18T10:07:02.021+0000] {dag.py:4180} INFO - Setting next_dagrun for read_dataset_event to 2024-12-17 00:00:00+00:00, run_after=2024-12-18 00:00:00+00:00
[2024-12-18T10:07:02.026+0000] {logging_mixin.py:190} INFO - [2024-12-18T10:07:02.026+0000] {dag.py:4180} INFO - Setting next_dagrun for read_dataset_event_from_classic to 2024-12-17 00:00:00+00:00, run_after=2024-12-18 00:00:00+00:00
[2024-12-18T10:07:02.039+0000] {processor.py:208} INFO - Processing /home/airflow/.local/lib/python3.12/site-packages/airflow/example_dags/example_inlet_event_extra.py took 0.642 seconds
[2024-12-18T10:07:32.223+0000] {processor.py:186} INFO - Started process (PID=380) to work on /home/airflow/.local/lib/python3.12/site-packages/airflow/example_dags/example_inlet_event_extra.py
[2024-12-18T10:07:32.223+0000] {processor.py:914} INFO - Processing file /home/airflow/.local/lib/python3.12/site-packages/airflow/example_dags/example_inlet_event_extra.py for tasks to queue
[2024-12-18T10:07:32.225+0000] {logging_mixin.py:190} INFO - [2024-12-18T10:07:32.224+0000] {dagbag.py:588} INFO - Filling up the DagBag from /home/airflow/.local/lib/python3.12/site-packages/airflow/example_dags/example_inlet_event_extra.py
[2024-12-18T10:07:32.781+0000] {processor.py:925} INFO - DAG(s) 'read_dataset_event_from_classic', 'read_dataset_event' retrieved from /home/airflow/.local/lib/python3.12/site-packages/airflow/example_dags/example_inlet_event_extra.py
[2024-12-18T10:07:32.803+0000] {logging_mixin.py:190} INFO - [2024-12-18T10:07:32.803+0000] {dag.py:3239} INFO - Sync 2 DAGs
[2024-12-18T10:07:32.832+0000] {logging_mixin.py:190} INFO - [2024-12-18T10:07:32.831+0000] {dag.py:4180} INFO - Setting next_dagrun for read_dataset_event to 2024-12-17 00:00:00+00:00, run_after=2024-12-18 00:00:00+00:00
[2024-12-18T10:07:32.836+0000] {logging_mixin.py:190} INFO - [2024-12-18T10:07:32.835+0000] {dag.py:4180} INFO - Setting next_dagrun for read_dataset_event_from_classic to 2024-12-17 00:00:00+00:00, run_after=2024-12-18 00:00:00+00:00
[2024-12-18T10:07:32.848+0000] {processor.py:208} INFO - Processing /home/airflow/.local/lib/python3.12/site-packages/airflow/example_dags/example_inlet_event_extra.py took 0.631 seconds
[2024-12-18T10:08:03.097+0000] {processor.py:186} INFO - Started process (PID=446) to work on /home/airflow/.local/lib/python3.12/site-packages/airflow/example_dags/example_inlet_event_extra.py
[2024-12-18T10:08:03.098+0000] {processor.py:914} INFO - Processing file /home/airflow/.local/lib/python3.12/site-packages/airflow/example_dags/example_inlet_event_extra.py for tasks to queue
[2024-12-18T10:08:03.099+0000] {logging_mixin.py:190} INFO - [2024-12-18T10:08:03.099+0000] {dagbag.py:588} INFO - Filling up the DagBag from /home/airflow/.local/lib/python3.12/site-packages/airflow/example_dags/example_inlet_event_extra.py
[2024-12-18T10:08:03.591+0000] {processor.py:925} INFO - DAG(s) 'read_dataset_event', 'read_dataset_event_from_classic' retrieved from /home/airflow/.local/lib/python3.12/site-packages/airflow/example_dags/example_inlet_event_extra.py
[2024-12-18T10:08:03.608+0000] {logging_mixin.py:190} INFO - [2024-12-18T10:08:03.608+0000] {dag.py:3239} INFO - Sync 2 DAGs
[2024-12-18T10:08:03.629+0000] {logging_mixin.py:190} INFO - [2024-12-18T10:08:03.628+0000] {dag.py:4180} INFO - Setting next_dagrun for read_dataset_event to 2024-12-17 00:00:00+00:00, run_after=2024-12-18 00:00:00+00:00
[2024-12-18T10:08:03.633+0000] {logging_mixin.py:190} INFO - [2024-12-18T10:08:03.633+0000] {dag.py:4180} INFO - Setting next_dagrun for read_dataset_event_from_classic to 2024-12-17 00:00:00+00:00, run_after=2024-12-18 00:00:00+00:00
[2024-12-18T10:08:03.645+0000] {processor.py:208} INFO - Processing /home/airflow/.local/lib/python3.12/site-packages/airflow/example_dags/example_inlet_event_extra.py took 0.553 seconds
[2024-12-18T10:08:33.690+0000] {processor.py:186} INFO - Started process (PID=509) to work on /home/airflow/.local/lib/python3.12/site-packages/airflow/example_dags/example_inlet_event_extra.py
[2024-12-18T10:08:33.690+0000] {processor.py:914} INFO - Processing file /home/airflow/.local/lib/python3.12/site-packages/airflow/example_dags/example_inlet_event_extra.py for tasks to queue
[2024-12-18T10:08:33.691+0000] {logging_mixin.py:190} INFO - [2024-12-18T10:08:33.691+0000] {dagbag.py:588} INFO - Filling up the DagBag from /home/airflow/.local/lib/python3.12/site-packages/airflow/example_dags/example_inlet_event_extra.py
[2024-12-18T10:08:34.191+0000] {processor.py:925} INFO - DAG(s) 'read_dataset_event_from_classic', 'read_dataset_event' retrieved from /home/airflow/.local/lib/python3.12/site-packages/airflow/example_dags/example_inlet_event_extra.py
[2024-12-18T10:08:34.207+0000] {logging_mixin.py:190} INFO - [2024-12-18T10:08:34.206+0000] {dag.py:3239} INFO - Sync 2 DAGs
[2024-12-18T10:08:34.228+0000] {logging_mixin.py:190} INFO - [2024-12-18T10:08:34.228+0000] {dag.py:4180} INFO - Setting next_dagrun for read_dataset_event to 2024-12-17 00:00:00+00:00, run_after=2024-12-18 00:00:00+00:00
[2024-12-18T10:08:34.232+0000] {logging_mixin.py:190} INFO - [2024-12-18T10:08:34.232+0000] {dag.py:4180} INFO - Setting next_dagrun for read_dataset_event_from_classic to 2024-12-17 00:00:00+00:00, run_after=2024-12-18 00:00:00+00:00
[2024-12-18T10:08:34.244+0000] {processor.py:208} INFO - Processing /home/airflow/.local/lib/python3.12/site-packages/airflow/example_dags/example_inlet_event_extra.py took 0.560 seconds
[2024-12-18T10:09:06.080+0000] {processor.py:186} INFO - Started process (PID=574) to work on /home/airflow/.local/lib/python3.12/site-packages/airflow/example_dags/example_inlet_event_extra.py
[2024-12-18T10:09:06.081+0000] {processor.py:914} INFO - Processing file /home/airflow/.local/lib/python3.12/site-packages/airflow/example_dags/example_inlet_event_extra.py for tasks to queue
[2024-12-18T10:09:06.082+0000] {logging_mixin.py:190} INFO - [2024-12-18T10:09:06.082+0000] {dagbag.py:588} INFO - Filling up the DagBag from /home/airflow/.local/lib/python3.12/site-packages/airflow/example_dags/example_inlet_event_extra.py
[2024-12-18T10:09:06.605+0000] {processor.py:925} INFO - DAG(s) 'read_dataset_event', 'read_dataset_event_from_classic' retrieved from /home/airflow/.local/lib/python3.12/site-packages/airflow/example_dags/example_inlet_event_extra.py
[2024-12-18T10:09:06.622+0000] {logging_mixin.py:190} INFO - [2024-12-18T10:09:06.621+0000] {dag.py:3239} INFO - Sync 2 DAGs
[2024-12-18T10:09:06.641+0000] {logging_mixin.py:190} INFO - [2024-12-18T10:09:06.641+0000] {dag.py:4180} INFO - Setting next_dagrun for read_dataset_event to 2024-12-17 00:00:00+00:00, run_after=2024-12-18 00:00:00+00:00
[2024-12-18T10:09:06.645+0000] {logging_mixin.py:190} INFO - [2024-12-18T10:09:06.645+0000] {dag.py:4180} INFO - Setting next_dagrun for read_dataset_event_from_classic to 2024-12-17 00:00:00+00:00, run_after=2024-12-18 00:00:00+00:00
[2024-12-18T10:09:06.657+0000] {processor.py:208} INFO - Processing /home/airflow/.local/lib/python3.12/site-packages/airflow/example_dags/example_inlet_event_extra.py took 0.583 seconds
[2024-12-18T10:09:36.941+0000] {processor.py:186} INFO - Started process (PID=636) to work on /home/airflow/.local/lib/python3.12/site-packages/airflow/example_dags/example_inlet_event_extra.py
[2024-12-18T10:09:36.942+0000] {processor.py:914} INFO - Processing file /home/airflow/.local/lib/python3.12/site-packages/airflow/example_dags/example_inlet_event_extra.py for tasks to queue
[2024-12-18T10:09:36.943+0000] {logging_mixin.py:190} INFO - [2024-12-18T10:09:36.942+0000] {dagbag.py:588} INFO - Filling up the DagBag from /home/airflow/.local/lib/python3.12/site-packages/airflow/example_dags/example_inlet_event_extra.py
[2024-12-18T10:09:37.617+0000] {processor.py:925} INFO - DAG(s) 'read_dataset_event', 'read_dataset_event_from_classic' retrieved from /home/airflow/.local/lib/python3.12/site-packages/airflow/example_dags/example_inlet_event_extra.py
[2024-12-18T10:09:37.637+0000] {logging_mixin.py:190} INFO - [2024-12-18T10:09:37.636+0000] {dag.py:3239} INFO - Sync 2 DAGs
[2024-12-18T10:09:37.666+0000] {logging_mixin.py:190} INFO - [2024-12-18T10:09:37.666+0000] {dag.py:4180} INFO - Setting next_dagrun for read_dataset_event to 2024-12-17 00:00:00+00:00, run_after=2024-12-18 00:00:00+00:00
[2024-12-18T10:09:37.673+0000] {logging_mixin.py:190} INFO - [2024-12-18T10:09:37.673+0000] {dag.py:4180} INFO - Setting next_dagrun for read_dataset_event_from_classic to 2024-12-17 00:00:00+00:00, run_after=2024-12-18 00:00:00+00:00
[2024-12-18T10:09:37.691+0000] {processor.py:208} INFO - Processing /home/airflow/.local/lib/python3.12/site-packages/airflow/example_dags/example_inlet_event_extra.py took 0.756 seconds
[2024-12-18T10:10:08.135+0000] {processor.py:186} INFO - Started process (PID=705) to work on /home/airflow/.local/lib/python3.12/site-packages/airflow/example_dags/example_inlet_event_extra.py
[2024-12-18T10:10:08.136+0000] {processor.py:914} INFO - Processing file /home/airflow/.local/lib/python3.12/site-packages/airflow/example_dags/example_inlet_event_extra.py for tasks to queue
[2024-12-18T10:10:08.137+0000] {logging_mixin.py:190} INFO - [2024-12-18T10:10:08.137+0000] {dagbag.py:588} INFO - Filling up the DagBag from /home/airflow/.local/lib/python3.12/site-packages/airflow/example_dags/example_inlet_event_extra.py
[2024-12-18T10:10:08.640+0000] {processor.py:925} INFO - DAG(s) 'read_dataset_event_from_classic', 'read_dataset_event' retrieved from /home/airflow/.local/lib/python3.12/site-packages/airflow/example_dags/example_inlet_event_extra.py
[2024-12-18T10:10:08.657+0000] {logging_mixin.py:190} INFO - [2024-12-18T10:10:08.657+0000] {dag.py:3239} INFO - Sync 2 DAGs
[2024-12-18T10:10:08.676+0000] {logging_mixin.py:190} INFO - [2024-12-18T10:10:08.676+0000] {dag.py:4180} INFO - Setting next_dagrun for read_dataset_event to 2024-12-17 00:00:00+00:00, run_after=2024-12-18 00:00:00+00:00
[2024-12-18T10:10:08.680+0000] {logging_mixin.py:190} INFO - [2024-12-18T10:10:08.680+0000] {dag.py:4180} INFO - Setting next_dagrun for read_dataset_event_from_classic to 2024-12-17 00:00:00+00:00, run_after=2024-12-18 00:00:00+00:00
[2024-12-18T10:10:08.696+0000] {processor.py:208} INFO - Processing /home/airflow/.local/lib/python3.12/site-packages/airflow/example_dags/example_inlet_event_extra.py took 0.567 seconds
[2024-12-18T10:10:38.832+0000] {processor.py:186} INFO - Started process (PID=768) to work on /home/airflow/.local/lib/python3.12/site-packages/airflow/example_dags/example_inlet_event_extra.py
[2024-12-18T10:10:38.832+0000] {processor.py:914} INFO - Processing file /home/airflow/.local/lib/python3.12/site-packages/airflow/example_dags/example_inlet_event_extra.py for tasks to queue
[2024-12-18T10:10:38.833+0000] {logging_mixin.py:190} INFO - [2024-12-18T10:10:38.833+0000] {dagbag.py:588} INFO - Filling up the DagBag from /home/airflow/.local/lib/python3.12/site-packages/airflow/example_dags/example_inlet_event_extra.py
[2024-12-18T10:10:39.495+0000] {processor.py:925} INFO - DAG(s) 'read_dataset_event', 'read_dataset_event_from_classic' retrieved from /home/airflow/.local/lib/python3.12/site-packages/airflow/example_dags/example_inlet_event_extra.py
[2024-12-18T10:10:39.516+0000] {logging_mixin.py:190} INFO - [2024-12-18T10:10:39.515+0000] {dag.py:3239} INFO - Sync 2 DAGs
[2024-12-18T10:10:39.543+0000] {logging_mixin.py:190} INFO - [2024-12-18T10:10:39.543+0000] {dag.py:4180} INFO - Setting next_dagrun for read_dataset_event to 2024-12-17 00:00:00+00:00, run_after=2024-12-18 00:00:00+00:00
[2024-12-18T10:10:39.550+0000] {logging_mixin.py:190} INFO - [2024-12-18T10:10:39.550+0000] {dag.py:4180} INFO - Setting next_dagrun for read_dataset_event_from_classic to 2024-12-17 00:00:00+00:00, run_after=2024-12-18 00:00:00+00:00
[2024-12-18T10:10:39.569+0000] {processor.py:208} INFO - Processing /home/airflow/.local/lib/python3.12/site-packages/airflow/example_dags/example_inlet_event_extra.py took 0.744 seconds
[2024-12-18T10:11:11.158+0000] {processor.py:186} INFO - Started process (PID=832) to work on /home/airflow/.local/lib/python3.12/site-packages/airflow/example_dags/example_inlet_event_extra.py
[2024-12-18T10:11:11.159+0000] {processor.py:914} INFO - Processing file /home/airflow/.local/lib/python3.12/site-packages/airflow/example_dags/example_inlet_event_extra.py for tasks to queue
[2024-12-18T10:11:11.161+0000] {logging_mixin.py:190} INFO - [2024-12-18T10:11:11.160+0000] {dagbag.py:588} INFO - Filling up the DagBag from /home/airflow/.local/lib/python3.12/site-packages/airflow/example_dags/example_inlet_event_extra.py
[2024-12-18T10:11:11.696+0000] {processor.py:925} INFO - DAG(s) 'read_dataset_event_from_classic', 'read_dataset_event' retrieved from /home/airflow/.local/lib/python3.12/site-packages/airflow/example_dags/example_inlet_event_extra.py
[2024-12-18T10:11:11.712+0000] {logging_mixin.py:190} INFO - [2024-12-18T10:11:11.711+0000] {dag.py:3239} INFO - Sync 2 DAGs
[2024-12-18T10:11:11.732+0000] {logging_mixin.py:190} INFO - [2024-12-18T10:11:11.732+0000] {dag.py:4180} INFO - Setting next_dagrun for read_dataset_event to 2024-12-17 00:00:00+00:00, run_after=2024-12-18 00:00:00+00:00
[2024-12-18T10:11:11.737+0000] {logging_mixin.py:190} INFO - [2024-12-18T10:11:11.736+0000] {dag.py:4180} INFO - Setting next_dagrun for read_dataset_event_from_classic to 2024-12-17 00:00:00+00:00, run_after=2024-12-18 00:00:00+00:00
[2024-12-18T10:11:11.753+0000] {processor.py:208} INFO - Processing /home/airflow/.local/lib/python3.12/site-packages/airflow/example_dags/example_inlet_event_extra.py took 0.602 seconds
[2024-12-18T10:11:41.869+0000] {processor.py:186} INFO - Started process (PID=895) to work on /home/airflow/.local/lib/python3.12/site-packages/airflow/example_dags/example_inlet_event_extra.py
[2024-12-18T10:11:41.870+0000] {processor.py:914} INFO - Processing file /home/airflow/.local/lib/python3.12/site-packages/airflow/example_dags/example_inlet_event_extra.py for tasks to queue
[2024-12-18T10:11:41.871+0000] {logging_mixin.py:190} INFO - [2024-12-18T10:11:41.870+0000] {dagbag.py:588} INFO - Filling up the DagBag from /home/airflow/.local/lib/python3.12/site-packages/airflow/example_dags/example_inlet_event_extra.py
[2024-12-18T10:11:42.463+0000] {processor.py:925} INFO - DAG(s) 'read_dataset_event', 'read_dataset_event_from_classic' retrieved from /home/airflow/.local/lib/python3.12/site-packages/airflow/example_dags/example_inlet_event_extra.py
[2024-12-18T10:11:42.480+0000] {logging_mixin.py:190} INFO - [2024-12-18T10:11:42.480+0000] {dag.py:3239} INFO - Sync 2 DAGs
[2024-12-18T10:11:42.504+0000] {logging_mixin.py:190} INFO - [2024-12-18T10:11:42.504+0000] {dag.py:4180} INFO - Setting next_dagrun for read_dataset_event to 2024-12-17 00:00:00+00:00, run_after=2024-12-18 00:00:00+00:00
[2024-12-18T10:11:42.509+0000] {logging_mixin.py:190} INFO - [2024-12-18T10:11:42.509+0000] {dag.py:4180} INFO - Setting next_dagrun for read_dataset_event_from_classic to 2024-12-17 00:00:00+00:00, run_after=2024-12-18 00:00:00+00:00
[2024-12-18T10:11:42.525+0000] {processor.py:208} INFO - Processing /home/airflow/.local/lib/python3.12/site-packages/airflow/example_dags/example_inlet_event_extra.py took 0.661 seconds
[2024-12-18T10:12:13.614+0000] {processor.py:186} INFO - Started process (PID=962) to work on /home/airflow/.local/lib/python3.12/site-packages/airflow/example_dags/example_inlet_event_extra.py
[2024-12-18T10:12:13.614+0000] {processor.py:914} INFO - Processing file /home/airflow/.local/lib/python3.12/site-packages/airflow/example_dags/example_inlet_event_extra.py for tasks to queue
[2024-12-18T10:12:13.615+0000] {logging_mixin.py:190} INFO - [2024-12-18T10:12:13.615+0000] {dagbag.py:588} INFO - Filling up the DagBag from /home/airflow/.local/lib/python3.12/site-packages/airflow/example_dags/example_inlet_event_extra.py
[2024-12-18T10:12:14.171+0000] {processor.py:925} INFO - DAG(s) 'read_dataset_event', 'read_dataset_event_from_classic' retrieved from /home/airflow/.local/lib/python3.12/site-packages/airflow/example_dags/example_inlet_event_extra.py
[2024-12-18T10:12:14.187+0000] {logging_mixin.py:190} INFO - [2024-12-18T10:12:14.187+0000] {dag.py:3239} INFO - Sync 2 DAGs
[2024-12-18T10:12:14.208+0000] {logging_mixin.py:190} INFO - [2024-12-18T10:12:14.208+0000] {dag.py:4180} INFO - Setting next_dagrun for read_dataset_event to 2024-12-17 00:00:00+00:00, run_after=2024-12-18 00:00:00+00:00
[2024-12-18T10:12:14.213+0000] {logging_mixin.py:190} INFO - [2024-12-18T10:12:14.213+0000] {dag.py:4180} INFO - Setting next_dagrun for read_dataset_event_from_classic to 2024-12-17 00:00:00+00:00, run_after=2024-12-18 00:00:00+00:00
[2024-12-18T10:12:14.229+0000] {processor.py:208} INFO - Processing /home/airflow/.local/lib/python3.12/site-packages/airflow/example_dags/example_inlet_event_extra.py took 0.621 seconds
[2024-12-18T10:12:44.995+0000] {processor.py:186} INFO - Started process (PID=1025) to work on /home/airflow/.local/lib/python3.12/site-packages/airflow/example_dags/example_inlet_event_extra.py
[2024-12-18T10:12:44.996+0000] {processor.py:914} INFO - Processing file /home/airflow/.local/lib/python3.12/site-packages/airflow/example_dags/example_inlet_event_extra.py for tasks to queue
[2024-12-18T10:12:44.997+0000] {logging_mixin.py:190} INFO - [2024-12-18T10:12:44.997+0000] {dagbag.py:588} INFO - Filling up the DagBag from /home/airflow/.local/lib/python3.12/site-packages/airflow/example_dags/example_inlet_event_extra.py
[2024-12-18T10:12:45.622+0000] {processor.py:925} INFO - DAG(s) 'read_dataset_event_from_classic', 'read_dataset_event' retrieved from /home/airflow/.local/lib/python3.12/site-packages/airflow/example_dags/example_inlet_event_extra.py
[2024-12-18T10:12:45.643+0000] {logging_mixin.py:190} INFO - [2024-12-18T10:12:45.643+0000] {dag.py:3239} INFO - Sync 2 DAGs
[2024-12-18T10:12:45.669+0000] {logging_mixin.py:190} INFO - [2024-12-18T10:12:45.668+0000] {dag.py:4180} INFO - Setting next_dagrun for read_dataset_event to 2024-12-17 00:00:00+00:00, run_after=2024-12-18 00:00:00+00:00
[2024-12-18T10:12:45.674+0000] {logging_mixin.py:190} INFO - [2024-12-18T10:12:45.674+0000] {dag.py:4180} INFO - Setting next_dagrun for read_dataset_event_from_classic to 2024-12-17 00:00:00+00:00, run_after=2024-12-18 00:00:00+00:00
[2024-12-18T10:12:45.694+0000] {processor.py:208} INFO - Processing /home/airflow/.local/lib/python3.12/site-packages/airflow/example_dags/example_inlet_event_extra.py took 0.706 seconds
[2024-12-18T10:13:15.862+0000] {processor.py:186} INFO - Started process (PID=1088) to work on /home/airflow/.local/lib/python3.12/site-packages/airflow/example_dags/example_inlet_event_extra.py
[2024-12-18T10:13:15.863+0000] {processor.py:914} INFO - Processing file /home/airflow/.local/lib/python3.12/site-packages/airflow/example_dags/example_inlet_event_extra.py for tasks to queue
[2024-12-18T10:13:15.865+0000] {logging_mixin.py:190} INFO - [2024-12-18T10:13:15.865+0000] {dagbag.py:588} INFO - Filling up the DagBag from /home/airflow/.local/lib/python3.12/site-packages/airflow/example_dags/example_inlet_event_extra.py
[2024-12-18T10:13:16.528+0000] {processor.py:925} INFO - DAG(s) 'read_dataset_event', 'read_dataset_event_from_classic' retrieved from /home/airflow/.local/lib/python3.12/site-packages/airflow/example_dags/example_inlet_event_extra.py
[2024-12-18T10:13:16.548+0000] {logging_mixin.py:190} INFO - [2024-12-18T10:13:16.548+0000] {dag.py:3239} INFO - Sync 2 DAGs
[2024-12-18T10:13:16.574+0000] {logging_mixin.py:190} INFO - [2024-12-18T10:13:16.574+0000] {dag.py:4180} INFO - Setting next_dagrun for read_dataset_event to 2024-12-17 00:00:00+00:00, run_after=2024-12-18 00:00:00+00:00
[2024-12-18T10:13:16.579+0000] {logging_mixin.py:190} INFO - [2024-12-18T10:13:16.579+0000] {dag.py:4180} INFO - Setting next_dagrun for read_dataset_event_from_classic to 2024-12-17 00:00:00+00:00, run_after=2024-12-18 00:00:00+00:00
[2024-12-18T10:13:16.595+0000] {processor.py:208} INFO - Processing /home/airflow/.local/lib/python3.12/site-packages/airflow/example_dags/example_inlet_event_extra.py took 0.740 seconds
[2024-12-18T10:13:47.282+0000] {processor.py:186} INFO - Started process (PID=1158) to work on /home/airflow/.local/lib/python3.12/site-packages/airflow/example_dags/example_inlet_event_extra.py
[2024-12-18T10:13:47.283+0000] {processor.py:914} INFO - Processing file /home/airflow/.local/lib/python3.12/site-packages/airflow/example_dags/example_inlet_event_extra.py for tasks to queue
[2024-12-18T10:13:47.285+0000] {logging_mixin.py:190} INFO - [2024-12-18T10:13:47.285+0000] {dagbag.py:588} INFO - Filling up the DagBag from /home/airflow/.local/lib/python3.12/site-packages/airflow/example_dags/example_inlet_event_extra.py
[2024-12-18T10:13:47.810+0000] {processor.py:925} INFO - DAG(s) 'read_dataset_event_from_classic', 'read_dataset_event' retrieved from /home/airflow/.local/lib/python3.12/site-packages/airflow/example_dags/example_inlet_event_extra.py
[2024-12-18T10:13:47.829+0000] {logging_mixin.py:190} INFO - [2024-12-18T10:13:47.829+0000] {dag.py:3239} INFO - Sync 2 DAGs
[2024-12-18T10:13:47.851+0000] {logging_mixin.py:190} INFO - [2024-12-18T10:13:47.851+0000] {dag.py:4180} INFO - Setting next_dagrun for read_dataset_event to 2024-12-17 00:00:00+00:00, run_after=2024-12-18 00:00:00+00:00
[2024-12-18T10:13:47.857+0000] {logging_mixin.py:190} INFO - [2024-12-18T10:13:47.857+0000] {dag.py:4180} INFO - Setting next_dagrun for read_dataset_event_from_classic to 2024-12-17 00:00:00+00:00, run_after=2024-12-18 00:00:00+00:00
[2024-12-18T10:13:47.871+0000] {processor.py:208} INFO - Processing /home/airflow/.local/lib/python3.12/site-packages/airflow/example_dags/example_inlet_event_extra.py took 0.600 seconds
[2024-12-18T10:15:27.479+0000] {processor.py:186} INFO - Started process (PID=118) to work on /home/airflow/.local/lib/python3.12/site-packages/airflow/example_dags/example_inlet_event_extra.py
[2024-12-18T10:15:27.480+0000] {processor.py:914} INFO - Processing file /home/airflow/.local/lib/python3.12/site-packages/airflow/example_dags/example_inlet_event_extra.py for tasks to queue
[2024-12-18T10:15:27.482+0000] {logging_mixin.py:190} INFO - [2024-12-18T10:15:27.482+0000] {dagbag.py:588} INFO - Filling up the DagBag from /home/airflow/.local/lib/python3.12/site-packages/airflow/example_dags/example_inlet_event_extra.py
[2024-12-18T10:15:28.078+0000] {processor.py:925} INFO - DAG(s) 'read_dataset_event', 'read_dataset_event_from_classic' retrieved from /home/airflow/.local/lib/python3.12/site-packages/airflow/example_dags/example_inlet_event_extra.py
[2024-12-18T10:15:28.096+0000] {logging_mixin.py:190} INFO - [2024-12-18T10:15:28.096+0000] {dag.py:3239} INFO - Sync 2 DAGs
[2024-12-18T10:15:28.121+0000] {logging_mixin.py:190} INFO - [2024-12-18T10:15:28.121+0000] {dag.py:4180} INFO - Setting next_dagrun for read_dataset_event to 2024-12-17 00:00:00+00:00, run_after=2024-12-18 00:00:00+00:00
[2024-12-18T10:15:28.127+0000] {logging_mixin.py:190} INFO - [2024-12-18T10:15:28.126+0000] {dag.py:4180} INFO - Setting next_dagrun for read_dataset_event_from_classic to 2024-12-17 00:00:00+00:00, run_after=2024-12-18 00:00:00+00:00
[2024-12-18T10:15:28.143+0000] {processor.py:208} INFO - Processing /home/airflow/.local/lib/python3.12/site-packages/airflow/example_dags/example_inlet_event_extra.py took 0.670 seconds
[2024-12-18T10:15:58.492+0000] {processor.py:186} INFO - Started process (PID=184) to work on /home/airflow/.local/lib/python3.12/site-packages/airflow/example_dags/example_inlet_event_extra.py
[2024-12-18T10:15:58.492+0000] {processor.py:914} INFO - Processing file /home/airflow/.local/lib/python3.12/site-packages/airflow/example_dags/example_inlet_event_extra.py for tasks to queue
[2024-12-18T10:15:58.494+0000] {logging_mixin.py:190} INFO - [2024-12-18T10:15:58.494+0000] {dagbag.py:588} INFO - Filling up the DagBag from /home/airflow/.local/lib/python3.12/site-packages/airflow/example_dags/example_inlet_event_extra.py
[2024-12-18T10:15:59.045+0000] {processor.py:925} INFO - DAG(s) 'read_dataset_event', 'read_dataset_event_from_classic' retrieved from /home/airflow/.local/lib/python3.12/site-packages/airflow/example_dags/example_inlet_event_extra.py
[2024-12-18T10:15:59.063+0000] {logging_mixin.py:190} INFO - [2024-12-18T10:15:59.063+0000] {dag.py:3239} INFO - Sync 2 DAGs
[2024-12-18T10:15:59.087+0000] {logging_mixin.py:190} INFO - [2024-12-18T10:15:59.087+0000] {dag.py:4180} INFO - Setting next_dagrun for read_dataset_event to 2024-12-17 00:00:00+00:00, run_after=2024-12-18 00:00:00+00:00
[2024-12-18T10:15:59.093+0000] {logging_mixin.py:190} INFO - [2024-12-18T10:15:59.092+0000] {dag.py:4180} INFO - Setting next_dagrun for read_dataset_event_from_classic to 2024-12-17 00:00:00+00:00, run_after=2024-12-18 00:00:00+00:00
[2024-12-18T10:15:59.107+0000] {processor.py:208} INFO - Processing /home/airflow/.local/lib/python3.12/site-packages/airflow/example_dags/example_inlet_event_extra.py took 0.621 seconds
[2024-12-18T10:16:29.280+0000] {processor.py:186} INFO - Started process (PID=252) to work on /home/airflow/.local/lib/python3.12/site-packages/airflow/example_dags/example_inlet_event_extra.py
[2024-12-18T10:16:29.281+0000] {processor.py:914} INFO - Processing file /home/airflow/.local/lib/python3.12/site-packages/airflow/example_dags/example_inlet_event_extra.py for tasks to queue
[2024-12-18T10:16:29.283+0000] {logging_mixin.py:190} INFO - [2024-12-18T10:16:29.283+0000] {dagbag.py:588} INFO - Filling up the DagBag from /home/airflow/.local/lib/python3.12/site-packages/airflow/example_dags/example_inlet_event_extra.py
[2024-12-18T10:16:29.952+0000] {processor.py:925} INFO - DAG(s) 'read_dataset_event_from_classic', 'read_dataset_event' retrieved from /home/airflow/.local/lib/python3.12/site-packages/airflow/example_dags/example_inlet_event_extra.py
[2024-12-18T10:16:29.976+0000] {logging_mixin.py:190} INFO - [2024-12-18T10:16:29.976+0000] {dag.py:3239} INFO - Sync 2 DAGs
[2024-12-18T10:16:30.008+0000] {logging_mixin.py:190} INFO - [2024-12-18T10:16:30.008+0000] {dag.py:4180} INFO - Setting next_dagrun for read_dataset_event to 2024-12-17 00:00:00+00:00, run_after=2024-12-18 00:00:00+00:00
[2024-12-18T10:16:30.013+0000] {logging_mixin.py:190} INFO - [2024-12-18T10:16:30.013+0000] {dag.py:4180} INFO - Setting next_dagrun for read_dataset_event_from_classic to 2024-12-17 00:00:00+00:00, run_after=2024-12-18 00:00:00+00:00
[2024-12-18T10:16:30.029+0000] {processor.py:208} INFO - Processing /home/airflow/.local/lib/python3.12/site-packages/airflow/example_dags/example_inlet_event_extra.py took 0.754 seconds
[2024-12-18T10:17:00.558+0000] {processor.py:186} INFO - Started process (PID=316) to work on /home/airflow/.local/lib/python3.12/site-packages/airflow/example_dags/example_inlet_event_extra.py
[2024-12-18T10:17:00.558+0000] {processor.py:914} INFO - Processing file /home/airflow/.local/lib/python3.12/site-packages/airflow/example_dags/example_inlet_event_extra.py for tasks to queue
[2024-12-18T10:17:00.560+0000] {logging_mixin.py:190} INFO - [2024-12-18T10:17:00.560+0000] {dagbag.py:588} INFO - Filling up the DagBag from /home/airflow/.local/lib/python3.12/site-packages/airflow/example_dags/example_inlet_event_extra.py
[2024-12-18T10:17:01.147+0000] {processor.py:925} INFO - DAG(s) 'read_dataset_event_from_classic', 'read_dataset_event' retrieved from /home/airflow/.local/lib/python3.12/site-packages/airflow/example_dags/example_inlet_event_extra.py
[2024-12-18T10:17:01.167+0000] {logging_mixin.py:190} INFO - [2024-12-18T10:17:01.167+0000] {dag.py:3239} INFO - Sync 2 DAGs
[2024-12-18T10:17:01.194+0000] {logging_mixin.py:190} INFO - [2024-12-18T10:17:01.193+0000] {dag.py:4180} INFO - Setting next_dagrun for read_dataset_event to 2024-12-17 00:00:00+00:00, run_after=2024-12-18 00:00:00+00:00
[2024-12-18T10:17:01.199+0000] {logging_mixin.py:190} INFO - [2024-12-18T10:17:01.198+0000] {dag.py:4180} INFO - Setting next_dagrun for read_dataset_event_from_classic to 2024-12-17 00:00:00+00:00, run_after=2024-12-18 00:00:00+00:00
[2024-12-18T10:17:01.215+0000] {processor.py:208} INFO - Processing /home/airflow/.local/lib/python3.12/site-packages/airflow/example_dags/example_inlet_event_extra.py took 0.663 seconds
[2024-12-18T10:17:31.404+0000] {processor.py:186} INFO - Started process (PID=385) to work on /home/airflow/.local/lib/python3.12/site-packages/airflow/example_dags/example_inlet_event_extra.py
[2024-12-18T10:17:31.405+0000] {processor.py:914} INFO - Processing file /home/airflow/.local/lib/python3.12/site-packages/airflow/example_dags/example_inlet_event_extra.py for tasks to queue
[2024-12-18T10:17:31.407+0000] {logging_mixin.py:190} INFO - [2024-12-18T10:17:31.407+0000] {dagbag.py:588} INFO - Filling up the DagBag from /home/airflow/.local/lib/python3.12/site-packages/airflow/example_dags/example_inlet_event_extra.py
[2024-12-18T10:17:32.009+0000] {processor.py:925} INFO - DAG(s) 'read_dataset_event', 'read_dataset_event_from_classic' retrieved from /home/airflow/.local/lib/python3.12/site-packages/airflow/example_dags/example_inlet_event_extra.py
[2024-12-18T10:17:32.028+0000] {logging_mixin.py:190} INFO - [2024-12-18T10:17:32.027+0000] {dag.py:3239} INFO - Sync 2 DAGs
[2024-12-18T10:17:32.053+0000] {logging_mixin.py:190} INFO - [2024-12-18T10:17:32.052+0000] {dag.py:4180} INFO - Setting next_dagrun for read_dataset_event to 2024-12-17 00:00:00+00:00, run_after=2024-12-18 00:00:00+00:00
[2024-12-18T10:17:32.057+0000] {logging_mixin.py:190} INFO - [2024-12-18T10:17:32.057+0000] {dag.py:4180} INFO - Setting next_dagrun for read_dataset_event_from_classic to 2024-12-17 00:00:00+00:00, run_after=2024-12-18 00:00:00+00:00
[2024-12-18T10:17:32.071+0000] {processor.py:208} INFO - Processing /home/airflow/.local/lib/python3.12/site-packages/airflow/example_dags/example_inlet_event_extra.py took 0.672 seconds
