[2024-12-18T09:53:48.260+0000] {processor.py:186} INFO - Started process (PID=87) to work on /home/airflow/.local/lib/python3.12/site-packages/airflow/example_dags/example_latest_only.py
[2024-12-18T09:53:48.261+0000] {processor.py:914} INFO - Processing file /home/airflow/.local/lib/python3.12/site-packages/airflow/example_dags/example_latest_only.py for tasks to queue
[2024-12-18T09:53:48.263+0000] {logging_mixin.py:190} INFO - [2024-12-18T09:53:48.263+0000] {dagbag.py:588} INFO - Filling up the DagBag from /home/airflow/.local/lib/python3.12/site-packages/airflow/example_dags/example_latest_only.py
[2024-12-18T09:53:48.271+0000] {processor.py:925} INFO - DAG(s) 'latest_only' retrieved from /home/airflow/.local/lib/python3.12/site-packages/airflow/example_dags/example_latest_only.py
[2024-12-18T09:53:48.303+0000] {logging_mixin.py:190} INFO - [2024-12-18T09:53:48.303+0000] {dag.py:3239} INFO - Sync 1 DAGs
[2024-12-18T09:53:48.333+0000] {logging_mixin.py:190} INFO - [2024-12-18T09:53:48.332+0000] {dag.py:4180} INFO - Setting next_dagrun for latest_only to 2024-12-18 04:00:00+00:00, run_after=2024-12-18 08:00:00+00:00
[2024-12-18T09:53:48.350+0000] {processor.py:208} INFO - Processing /home/airflow/.local/lib/python3.12/site-packages/airflow/example_dags/example_latest_only.py took 0.096 seconds
[2024-12-18T09:54:19.458+0000] {processor.py:186} INFO - Started process (PID=157) to work on /home/airflow/.local/lib/python3.12/site-packages/airflow/example_dags/example_latest_only.py
[2024-12-18T09:54:19.459+0000] {processor.py:914} INFO - Processing file /home/airflow/.local/lib/python3.12/site-packages/airflow/example_dags/example_latest_only.py for tasks to queue
[2024-12-18T09:54:19.461+0000] {logging_mixin.py:190} INFO - [2024-12-18T09:54:19.461+0000] {dagbag.py:588} INFO - Filling up the DagBag from /home/airflow/.local/lib/python3.12/site-packages/airflow/example_dags/example_latest_only.py
[2024-12-18T09:54:19.468+0000] {processor.py:925} INFO - DAG(s) 'latest_only' retrieved from /home/airflow/.local/lib/python3.12/site-packages/airflow/example_dags/example_latest_only.py
[2024-12-18T09:54:19.486+0000] {logging_mixin.py:190} INFO - [2024-12-18T09:54:19.486+0000] {dag.py:3239} INFO - Sync 1 DAGs
[2024-12-18T09:54:19.511+0000] {logging_mixin.py:190} INFO - [2024-12-18T09:54:19.511+0000] {dag.py:4180} INFO - Setting next_dagrun for latest_only to 2024-12-18 04:00:00+00:00, run_after=2024-12-18 08:00:00+00:00
[2024-12-18T09:54:19.527+0000] {processor.py:208} INFO - Processing /home/airflow/.local/lib/python3.12/site-packages/airflow/example_dags/example_latest_only.py took 0.075 seconds
[2024-12-18T09:54:50.353+0000] {processor.py:186} INFO - Started process (PID=221) to work on /home/airflow/.local/lib/python3.12/site-packages/airflow/example_dags/example_latest_only.py
[2024-12-18T09:54:50.354+0000] {processor.py:914} INFO - Processing file /home/airflow/.local/lib/python3.12/site-packages/airflow/example_dags/example_latest_only.py for tasks to queue
[2024-12-18T09:54:50.356+0000] {logging_mixin.py:190} INFO - [2024-12-18T09:54:50.355+0000] {dagbag.py:588} INFO - Filling up the DagBag from /home/airflow/.local/lib/python3.12/site-packages/airflow/example_dags/example_latest_only.py
[2024-12-18T09:54:50.362+0000] {processor.py:925} INFO - DAG(s) 'latest_only' retrieved from /home/airflow/.local/lib/python3.12/site-packages/airflow/example_dags/example_latest_only.py
[2024-12-18T09:54:50.381+0000] {logging_mixin.py:190} INFO - [2024-12-18T09:54:50.381+0000] {dag.py:3239} INFO - Sync 1 DAGs
[2024-12-18T09:54:50.404+0000] {logging_mixin.py:190} INFO - [2024-12-18T09:54:50.403+0000] {dag.py:4180} INFO - Setting next_dagrun for latest_only to 2024-12-18 04:00:00+00:00, run_after=2024-12-18 08:00:00+00:00
[2024-12-18T09:54:50.419+0000] {processor.py:208} INFO - Processing /home/airflow/.local/lib/python3.12/site-packages/airflow/example_dags/example_latest_only.py took 0.071 seconds
[2024-12-18T09:55:21.245+0000] {processor.py:186} INFO - Started process (PID=285) to work on /home/airflow/.local/lib/python3.12/site-packages/airflow/example_dags/example_latest_only.py
[2024-12-18T09:55:21.245+0000] {processor.py:914} INFO - Processing file /home/airflow/.local/lib/python3.12/site-packages/airflow/example_dags/example_latest_only.py for tasks to queue
[2024-12-18T09:55:21.248+0000] {logging_mixin.py:190} INFO - [2024-12-18T09:55:21.248+0000] {dagbag.py:588} INFO - Filling up the DagBag from /home/airflow/.local/lib/python3.12/site-packages/airflow/example_dags/example_latest_only.py
[2024-12-18T09:55:21.256+0000] {processor.py:925} INFO - DAG(s) 'latest_only' retrieved from /home/airflow/.local/lib/python3.12/site-packages/airflow/example_dags/example_latest_only.py
[2024-12-18T09:55:21.275+0000] {logging_mixin.py:190} INFO - [2024-12-18T09:55:21.274+0000] {dag.py:3239} INFO - Sync 1 DAGs
[2024-12-18T09:55:21.300+0000] {logging_mixin.py:190} INFO - [2024-12-18T09:55:21.300+0000] {dag.py:4180} INFO - Setting next_dagrun for latest_only to 2024-12-18 04:00:00+00:00, run_after=2024-12-18 08:00:00+00:00
[2024-12-18T09:55:21.319+0000] {processor.py:208} INFO - Processing /home/airflow/.local/lib/python3.12/site-packages/airflow/example_dags/example_latest_only.py took 0.081 seconds
[2024-12-18T09:55:52.794+0000] {processor.py:186} INFO - Started process (PID=352) to work on /home/airflow/.local/lib/python3.12/site-packages/airflow/example_dags/example_latest_only.py
[2024-12-18T09:55:52.795+0000] {processor.py:914} INFO - Processing file /home/airflow/.local/lib/python3.12/site-packages/airflow/example_dags/example_latest_only.py for tasks to queue
[2024-12-18T09:55:52.799+0000] {logging_mixin.py:190} INFO - [2024-12-18T09:55:52.798+0000] {dagbag.py:588} INFO - Filling up the DagBag from /home/airflow/.local/lib/python3.12/site-packages/airflow/example_dags/example_latest_only.py
[2024-12-18T09:55:52.805+0000] {processor.py:925} INFO - DAG(s) 'latest_only' retrieved from /home/airflow/.local/lib/python3.12/site-packages/airflow/example_dags/example_latest_only.py
[2024-12-18T09:55:52.825+0000] {logging_mixin.py:190} INFO - [2024-12-18T09:55:52.825+0000] {dag.py:3239} INFO - Sync 1 DAGs
[2024-12-18T09:55:52.848+0000] {logging_mixin.py:190} INFO - [2024-12-18T09:55:52.847+0000] {dag.py:4180} INFO - Setting next_dagrun for latest_only to 2024-12-18 04:00:00+00:00, run_after=2024-12-18 08:00:00+00:00
[2024-12-18T09:55:52.866+0000] {processor.py:208} INFO - Processing /home/airflow/.local/lib/python3.12/site-packages/airflow/example_dags/example_latest_only.py took 0.077 seconds
[2024-12-18T09:56:23.911+0000] {processor.py:186} INFO - Started process (PID=416) to work on /home/airflow/.local/lib/python3.12/site-packages/airflow/example_dags/example_latest_only.py
[2024-12-18T09:56:23.912+0000] {processor.py:914} INFO - Processing file /home/airflow/.local/lib/python3.12/site-packages/airflow/example_dags/example_latest_only.py for tasks to queue
[2024-12-18T09:56:23.915+0000] {logging_mixin.py:190} INFO - [2024-12-18T09:56:23.915+0000] {dagbag.py:588} INFO - Filling up the DagBag from /home/airflow/.local/lib/python3.12/site-packages/airflow/example_dags/example_latest_only.py
[2024-12-18T09:56:23.922+0000] {processor.py:925} INFO - DAG(s) 'latest_only' retrieved from /home/airflow/.local/lib/python3.12/site-packages/airflow/example_dags/example_latest_only.py
[2024-12-18T09:56:23.942+0000] {logging_mixin.py:190} INFO - [2024-12-18T09:56:23.942+0000] {dag.py:3239} INFO - Sync 1 DAGs
[2024-12-18T09:56:23.969+0000] {logging_mixin.py:190} INFO - [2024-12-18T09:56:23.969+0000] {dag.py:4180} INFO - Setting next_dagrun for latest_only to 2024-12-18 04:00:00+00:00, run_after=2024-12-18 08:00:00+00:00
[2024-12-18T09:56:23.987+0000] {processor.py:208} INFO - Processing /home/airflow/.local/lib/python3.12/site-packages/airflow/example_dags/example_latest_only.py took 0.082 seconds
[2024-12-18T09:56:54.982+0000] {processor.py:186} INFO - Started process (PID=494) to work on /home/airflow/.local/lib/python3.12/site-packages/airflow/example_dags/example_latest_only.py
[2024-12-18T09:56:54.983+0000] {processor.py:914} INFO - Processing file /home/airflow/.local/lib/python3.12/site-packages/airflow/example_dags/example_latest_only.py for tasks to queue
[2024-12-18T09:56:54.985+0000] {logging_mixin.py:190} INFO - [2024-12-18T09:56:54.985+0000] {dagbag.py:588} INFO - Filling up the DagBag from /home/airflow/.local/lib/python3.12/site-packages/airflow/example_dags/example_latest_only.py
[2024-12-18T09:56:54.991+0000] {processor.py:925} INFO - DAG(s) 'latest_only' retrieved from /home/airflow/.local/lib/python3.12/site-packages/airflow/example_dags/example_latest_only.py
[2024-12-18T09:56:55.012+0000] {logging_mixin.py:190} INFO - [2024-12-18T09:56:55.012+0000] {dag.py:3239} INFO - Sync 1 DAGs
[2024-12-18T09:56:55.039+0000] {logging_mixin.py:190} INFO - [2024-12-18T09:56:55.039+0000] {dag.py:4180} INFO - Setting next_dagrun for latest_only to 2024-12-18 04:00:00+00:00, run_after=2024-12-18 08:00:00+00:00
[2024-12-18T09:56:55.063+0000] {processor.py:208} INFO - Processing /home/airflow/.local/lib/python3.12/site-packages/airflow/example_dags/example_latest_only.py took 0.086 seconds
[2024-12-18T09:57:26.437+0000] {processor.py:186} INFO - Started process (PID=558) to work on /home/airflow/.local/lib/python3.12/site-packages/airflow/example_dags/example_latest_only.py
[2024-12-18T09:57:26.438+0000] {processor.py:914} INFO - Processing file /home/airflow/.local/lib/python3.12/site-packages/airflow/example_dags/example_latest_only.py for tasks to queue
[2024-12-18T09:57:26.441+0000] {logging_mixin.py:190} INFO - [2024-12-18T09:57:26.441+0000] {dagbag.py:588} INFO - Filling up the DagBag from /home/airflow/.local/lib/python3.12/site-packages/airflow/example_dags/example_latest_only.py
[2024-12-18T09:57:26.449+0000] {processor.py:925} INFO - DAG(s) 'latest_only' retrieved from /home/airflow/.local/lib/python3.12/site-packages/airflow/example_dags/example_latest_only.py
[2024-12-18T09:57:26.472+0000] {logging_mixin.py:190} INFO - [2024-12-18T09:57:26.471+0000] {dag.py:3239} INFO - Sync 1 DAGs
[2024-12-18T09:57:26.500+0000] {logging_mixin.py:190} INFO - [2024-12-18T09:57:26.500+0000] {dag.py:4180} INFO - Setting next_dagrun for latest_only to 2024-12-18 04:00:00+00:00, run_after=2024-12-18 08:00:00+00:00
[2024-12-18T09:57:26.520+0000] {processor.py:208} INFO - Processing /home/airflow/.local/lib/python3.12/site-packages/airflow/example_dags/example_latest_only.py took 0.090 seconds
[2024-12-18T09:57:57.899+0000] {processor.py:186} INFO - Started process (PID=622) to work on /home/airflow/.local/lib/python3.12/site-packages/airflow/example_dags/example_latest_only.py
[2024-12-18T09:57:57.900+0000] {processor.py:914} INFO - Processing file /home/airflow/.local/lib/python3.12/site-packages/airflow/example_dags/example_latest_only.py for tasks to queue
[2024-12-18T09:57:57.902+0000] {logging_mixin.py:190} INFO - [2024-12-18T09:57:57.902+0000] {dagbag.py:588} INFO - Filling up the DagBag from /home/airflow/.local/lib/python3.12/site-packages/airflow/example_dags/example_latest_only.py
[2024-12-18T09:57:57.909+0000] {processor.py:925} INFO - DAG(s) 'latest_only' retrieved from /home/airflow/.local/lib/python3.12/site-packages/airflow/example_dags/example_latest_only.py
[2024-12-18T09:57:57.927+0000] {logging_mixin.py:190} INFO - [2024-12-18T09:57:57.927+0000] {dag.py:3239} INFO - Sync 1 DAGs
[2024-12-18T09:57:57.950+0000] {logging_mixin.py:190} INFO - [2024-12-18T09:57:57.950+0000] {dag.py:4180} INFO - Setting next_dagrun for latest_only to 2024-12-18 04:00:00+00:00, run_after=2024-12-18 08:00:00+00:00
[2024-12-18T09:57:57.968+0000] {processor.py:208} INFO - Processing /home/airflow/.local/lib/python3.12/site-packages/airflow/example_dags/example_latest_only.py took 0.075 seconds
[2024-12-18T09:58:29.146+0000] {processor.py:186} INFO - Started process (PID=686) to work on /home/airflow/.local/lib/python3.12/site-packages/airflow/example_dags/example_latest_only.py
[2024-12-18T09:58:29.146+0000] {processor.py:914} INFO - Processing file /home/airflow/.local/lib/python3.12/site-packages/airflow/example_dags/example_latest_only.py for tasks to queue
[2024-12-18T09:58:29.148+0000] {logging_mixin.py:190} INFO - [2024-12-18T09:58:29.148+0000] {dagbag.py:588} INFO - Filling up the DagBag from /home/airflow/.local/lib/python3.12/site-packages/airflow/example_dags/example_latest_only.py
[2024-12-18T09:58:29.155+0000] {processor.py:925} INFO - DAG(s) 'latest_only' retrieved from /home/airflow/.local/lib/python3.12/site-packages/airflow/example_dags/example_latest_only.py
[2024-12-18T09:58:29.172+0000] {logging_mixin.py:190} INFO - [2024-12-18T09:58:29.172+0000] {dag.py:3239} INFO - Sync 1 DAGs
[2024-12-18T09:58:29.194+0000] {logging_mixin.py:190} INFO - [2024-12-18T09:58:29.194+0000] {dag.py:4180} INFO - Setting next_dagrun for latest_only to 2024-12-18 04:00:00+00:00, run_after=2024-12-18 08:00:00+00:00
[2024-12-18T09:58:29.209+0000] {processor.py:208} INFO - Processing /home/airflow/.local/lib/python3.12/site-packages/airflow/example_dags/example_latest_only.py took 0.069 seconds
[2024-12-18T09:58:59.979+0000] {processor.py:186} INFO - Started process (PID=750) to work on /home/airflow/.local/lib/python3.12/site-packages/airflow/example_dags/example_latest_only.py
[2024-12-18T09:58:59.980+0000] {processor.py:914} INFO - Processing file /home/airflow/.local/lib/python3.12/site-packages/airflow/example_dags/example_latest_only.py for tasks to queue
[2024-12-18T09:58:59.982+0000] {logging_mixin.py:190} INFO - [2024-12-18T09:58:59.981+0000] {dagbag.py:588} INFO - Filling up the DagBag from /home/airflow/.local/lib/python3.12/site-packages/airflow/example_dags/example_latest_only.py
[2024-12-18T09:58:59.988+0000] {processor.py:925} INFO - DAG(s) 'latest_only' retrieved from /home/airflow/.local/lib/python3.12/site-packages/airflow/example_dags/example_latest_only.py
[2024-12-18T09:59:00.008+0000] {logging_mixin.py:190} INFO - [2024-12-18T09:59:00.007+0000] {dag.py:3239} INFO - Sync 1 DAGs
[2024-12-18T09:59:00.029+0000] {logging_mixin.py:190} INFO - [2024-12-18T09:59:00.029+0000] {dag.py:4180} INFO - Setting next_dagrun for latest_only to 2024-12-18 04:00:00+00:00, run_after=2024-12-18 08:00:00+00:00
[2024-12-18T09:59:00.045+0000] {processor.py:208} INFO - Processing /home/airflow/.local/lib/python3.12/site-packages/airflow/example_dags/example_latest_only.py took 0.071 seconds
[2024-12-18T09:59:31.205+0000] {processor.py:186} INFO - Started process (PID=814) to work on /home/airflow/.local/lib/python3.12/site-packages/airflow/example_dags/example_latest_only.py
[2024-12-18T09:59:31.205+0000] {processor.py:914} INFO - Processing file /home/airflow/.local/lib/python3.12/site-packages/airflow/example_dags/example_latest_only.py for tasks to queue
[2024-12-18T09:59:31.207+0000] {logging_mixin.py:190} INFO - [2024-12-18T09:59:31.207+0000] {dagbag.py:588} INFO - Filling up the DagBag from /home/airflow/.local/lib/python3.12/site-packages/airflow/example_dags/example_latest_only.py
[2024-12-18T09:59:31.215+0000] {processor.py:925} INFO - DAG(s) 'latest_only' retrieved from /home/airflow/.local/lib/python3.12/site-packages/airflow/example_dags/example_latest_only.py
[2024-12-18T09:59:31.232+0000] {logging_mixin.py:190} INFO - [2024-12-18T09:59:31.232+0000] {dag.py:3239} INFO - Sync 1 DAGs
[2024-12-18T09:59:31.256+0000] {logging_mixin.py:190} INFO - [2024-12-18T09:59:31.256+0000] {dag.py:4180} INFO - Setting next_dagrun for latest_only to 2024-12-18 04:00:00+00:00, run_after=2024-12-18 08:00:00+00:00
[2024-12-18T09:59:31.273+0000] {processor.py:208} INFO - Processing /home/airflow/.local/lib/python3.12/site-packages/airflow/example_dags/example_latest_only.py took 0.074 seconds
[2024-12-18T10:00:03.040+0000] {processor.py:186} INFO - Started process (PID=878) to work on /home/airflow/.local/lib/python3.12/site-packages/airflow/example_dags/example_latest_only.py
[2024-12-18T10:00:03.041+0000] {processor.py:914} INFO - Processing file /home/airflow/.local/lib/python3.12/site-packages/airflow/example_dags/example_latest_only.py for tasks to queue
[2024-12-18T10:00:03.043+0000] {logging_mixin.py:190} INFO - [2024-12-18T10:00:03.042+0000] {dagbag.py:588} INFO - Filling up the DagBag from /home/airflow/.local/lib/python3.12/site-packages/airflow/example_dags/example_latest_only.py
[2024-12-18T10:00:03.050+0000] {processor.py:925} INFO - DAG(s) 'latest_only' retrieved from /home/airflow/.local/lib/python3.12/site-packages/airflow/example_dags/example_latest_only.py
[2024-12-18T10:00:03.068+0000] {logging_mixin.py:190} INFO - [2024-12-18T10:00:03.068+0000] {dag.py:3239} INFO - Sync 1 DAGs
[2024-12-18T10:00:03.091+0000] {logging_mixin.py:190} INFO - [2024-12-18T10:00:03.091+0000] {dag.py:4180} INFO - Setting next_dagrun for latest_only to 2024-12-18 04:00:00+00:00, run_after=2024-12-18 08:00:00+00:00
[2024-12-18T10:00:03.107+0000] {processor.py:208} INFO - Processing /home/airflow/.local/lib/python3.12/site-packages/airflow/example_dags/example_latest_only.py took 0.073 seconds
[2024-12-18T10:00:34.705+0000] {processor.py:186} INFO - Started process (PID=942) to work on /home/airflow/.local/lib/python3.12/site-packages/airflow/example_dags/example_latest_only.py
[2024-12-18T10:00:34.706+0000] {processor.py:914} INFO - Processing file /home/airflow/.local/lib/python3.12/site-packages/airflow/example_dags/example_latest_only.py for tasks to queue
[2024-12-18T10:00:34.708+0000] {logging_mixin.py:190} INFO - [2024-12-18T10:00:34.708+0000] {dagbag.py:588} INFO - Filling up the DagBag from /home/airflow/.local/lib/python3.12/site-packages/airflow/example_dags/example_latest_only.py
[2024-12-18T10:00:34.715+0000] {processor.py:925} INFO - DAG(s) 'latest_only' retrieved from /home/airflow/.local/lib/python3.12/site-packages/airflow/example_dags/example_latest_only.py
[2024-12-18T10:00:34.733+0000] {logging_mixin.py:190} INFO - [2024-12-18T10:00:34.733+0000] {dag.py:3239} INFO - Sync 1 DAGs
[2024-12-18T10:00:34.754+0000] {logging_mixin.py:190} INFO - [2024-12-18T10:00:34.754+0000] {dag.py:4180} INFO - Setting next_dagrun for latest_only to 2024-12-18 04:00:00+00:00, run_after=2024-12-18 08:00:00+00:00
[2024-12-18T10:00:34.771+0000] {processor.py:208} INFO - Processing /home/airflow/.local/lib/python3.12/site-packages/airflow/example_dags/example_latest_only.py took 0.072 seconds
[2024-12-18T10:01:05.861+0000] {processor.py:186} INFO - Started process (PID=1006) to work on /home/airflow/.local/lib/python3.12/site-packages/airflow/example_dags/example_latest_only.py
[2024-12-18T10:01:05.862+0000] {processor.py:914} INFO - Processing file /home/airflow/.local/lib/python3.12/site-packages/airflow/example_dags/example_latest_only.py for tasks to queue
[2024-12-18T10:01:05.864+0000] {logging_mixin.py:190} INFO - [2024-12-18T10:01:05.864+0000] {dagbag.py:588} INFO - Filling up the DagBag from /home/airflow/.local/lib/python3.12/site-packages/airflow/example_dags/example_latest_only.py
[2024-12-18T10:01:05.870+0000] {processor.py:925} INFO - DAG(s) 'latest_only' retrieved from /home/airflow/.local/lib/python3.12/site-packages/airflow/example_dags/example_latest_only.py
[2024-12-18T10:01:05.887+0000] {logging_mixin.py:190} INFO - [2024-12-18T10:01:05.887+0000] {dag.py:3239} INFO - Sync 1 DAGs
[2024-12-18T10:01:05.908+0000] {logging_mixin.py:190} INFO - [2024-12-18T10:01:05.908+0000] {dag.py:4180} INFO - Setting next_dagrun for latest_only to 2024-12-18 04:00:00+00:00, run_after=2024-12-18 08:00:00+00:00
[2024-12-18T10:01:05.923+0000] {processor.py:208} INFO - Processing /home/airflow/.local/lib/python3.12/site-packages/airflow/example_dags/example_latest_only.py took 0.067 seconds
[2024-12-18T10:05:23.372+0000] {processor.py:186} INFO - Started process (PID=90) to work on /home/airflow/.local/lib/python3.12/site-packages/airflow/example_dags/example_latest_only.py
[2024-12-18T10:05:23.374+0000] {processor.py:914} INFO - Processing file /home/airflow/.local/lib/python3.12/site-packages/airflow/example_dags/example_latest_only.py for tasks to queue
[2024-12-18T10:05:23.376+0000] {logging_mixin.py:190} INFO - [2024-12-18T10:05:23.375+0000] {dagbag.py:588} INFO - Filling up the DagBag from /home/airflow/.local/lib/python3.12/site-packages/airflow/example_dags/example_latest_only.py
[2024-12-18T10:05:23.384+0000] {processor.py:925} INFO - DAG(s) 'latest_only' retrieved from /home/airflow/.local/lib/python3.12/site-packages/airflow/example_dags/example_latest_only.py
[2024-12-18T10:05:23.412+0000] {logging_mixin.py:190} INFO - [2024-12-18T10:05:23.411+0000] {dag.py:3239} INFO - Sync 1 DAGs
[2024-12-18T10:05:23.434+0000] {logging_mixin.py:190} INFO - [2024-12-18T10:05:23.433+0000] {dag.py:4180} INFO - Setting next_dagrun for latest_only to 2024-12-18 04:00:00+00:00, run_after=2024-12-18 08:00:00+00:00
[2024-12-18T10:05:23.452+0000] {processor.py:208} INFO - Processing /home/airflow/.local/lib/python3.12/site-packages/airflow/example_dags/example_latest_only.py took 0.085 seconds
[2024-12-18T10:05:55.541+0000] {processor.py:186} INFO - Started process (PID=162) to work on /home/airflow/.local/lib/python3.12/site-packages/airflow/example_dags/example_latest_only.py
[2024-12-18T10:05:55.542+0000] {processor.py:914} INFO - Processing file /home/airflow/.local/lib/python3.12/site-packages/airflow/example_dags/example_latest_only.py for tasks to queue
[2024-12-18T10:05:55.544+0000] {logging_mixin.py:190} INFO - [2024-12-18T10:05:55.544+0000] {dagbag.py:588} INFO - Filling up the DagBag from /home/airflow/.local/lib/python3.12/site-packages/airflow/example_dags/example_latest_only.py
[2024-12-18T10:05:55.550+0000] {processor.py:925} INFO - DAG(s) 'latest_only' retrieved from /home/airflow/.local/lib/python3.12/site-packages/airflow/example_dags/example_latest_only.py
[2024-12-18T10:05:55.568+0000] {logging_mixin.py:190} INFO - [2024-12-18T10:05:55.567+0000] {dag.py:3239} INFO - Sync 1 DAGs
[2024-12-18T10:05:55.587+0000] {logging_mixin.py:190} INFO - [2024-12-18T10:05:55.587+0000] {dag.py:4180} INFO - Setting next_dagrun for latest_only to 2024-12-18 04:00:00+00:00, run_after=2024-12-18 08:00:00+00:00
[2024-12-18T10:05:55.606+0000] {processor.py:208} INFO - Processing /home/airflow/.local/lib/python3.12/site-packages/airflow/example_dags/example_latest_only.py took 0.070 seconds
[2024-12-18T10:06:25.933+0000] {processor.py:186} INFO - Started process (PID=225) to work on /home/airflow/.local/lib/python3.12/site-packages/airflow/example_dags/example_latest_only.py
[2024-12-18T10:06:25.934+0000] {processor.py:914} INFO - Processing file /home/airflow/.local/lib/python3.12/site-packages/airflow/example_dags/example_latest_only.py for tasks to queue
[2024-12-18T10:06:25.935+0000] {logging_mixin.py:190} INFO - [2024-12-18T10:06:25.935+0000] {dagbag.py:588} INFO - Filling up the DagBag from /home/airflow/.local/lib/python3.12/site-packages/airflow/example_dags/example_latest_only.py
[2024-12-18T10:06:25.942+0000] {processor.py:925} INFO - DAG(s) 'latest_only' retrieved from /home/airflow/.local/lib/python3.12/site-packages/airflow/example_dags/example_latest_only.py
[2024-12-18T10:06:25.960+0000] {logging_mixin.py:190} INFO - [2024-12-18T10:06:25.960+0000] {dag.py:3239} INFO - Sync 1 DAGs
[2024-12-18T10:06:25.983+0000] {logging_mixin.py:190} INFO - [2024-12-18T10:06:25.983+0000] {dag.py:4180} INFO - Setting next_dagrun for latest_only to 2024-12-18 04:00:00+00:00, run_after=2024-12-18 08:00:00+00:00
[2024-12-18T10:06:25.999+0000] {processor.py:208} INFO - Processing /home/airflow/.local/lib/python3.12/site-packages/airflow/example_dags/example_latest_only.py took 0.071 seconds
[2024-12-18T10:06:58.161+0000] {processor.py:186} INFO - Started process (PID=291) to work on /home/airflow/.local/lib/python3.12/site-packages/airflow/example_dags/example_latest_only.py
[2024-12-18T10:06:58.162+0000] {processor.py:914} INFO - Processing file /home/airflow/.local/lib/python3.12/site-packages/airflow/example_dags/example_latest_only.py for tasks to queue
[2024-12-18T10:06:58.163+0000] {logging_mixin.py:190} INFO - [2024-12-18T10:06:58.163+0000] {dagbag.py:588} INFO - Filling up the DagBag from /home/airflow/.local/lib/python3.12/site-packages/airflow/example_dags/example_latest_only.py
[2024-12-18T10:06:58.172+0000] {processor.py:925} INFO - DAG(s) 'latest_only' retrieved from /home/airflow/.local/lib/python3.12/site-packages/airflow/example_dags/example_latest_only.py
[2024-12-18T10:06:58.193+0000] {logging_mixin.py:190} INFO - [2024-12-18T10:06:58.192+0000] {dag.py:3239} INFO - Sync 1 DAGs
[2024-12-18T10:06:58.218+0000] {logging_mixin.py:190} INFO - [2024-12-18T10:06:58.218+0000] {dag.py:4180} INFO - Setting next_dagrun for latest_only to 2024-12-18 04:00:00+00:00, run_after=2024-12-18 08:00:00+00:00
[2024-12-18T10:06:58.236+0000] {processor.py:208} INFO - Processing /home/airflow/.local/lib/python3.12/site-packages/airflow/example_dags/example_latest_only.py took 0.082 seconds
[2024-12-18T10:07:28.509+0000] {processor.py:186} INFO - Started process (PID=354) to work on /home/airflow/.local/lib/python3.12/site-packages/airflow/example_dags/example_latest_only.py
[2024-12-18T10:07:28.510+0000] {processor.py:914} INFO - Processing file /home/airflow/.local/lib/python3.12/site-packages/airflow/example_dags/example_latest_only.py for tasks to queue
[2024-12-18T10:07:28.511+0000] {logging_mixin.py:190} INFO - [2024-12-18T10:07:28.510+0000] {dagbag.py:588} INFO - Filling up the DagBag from /home/airflow/.local/lib/python3.12/site-packages/airflow/example_dags/example_latest_only.py
[2024-12-18T10:07:28.518+0000] {processor.py:925} INFO - DAG(s) 'latest_only' retrieved from /home/airflow/.local/lib/python3.12/site-packages/airflow/example_dags/example_latest_only.py
[2024-12-18T10:07:28.539+0000] {logging_mixin.py:190} INFO - [2024-12-18T10:07:28.539+0000] {dag.py:3239} INFO - Sync 1 DAGs
[2024-12-18T10:07:28.570+0000] {logging_mixin.py:190} INFO - [2024-12-18T10:07:28.570+0000] {dag.py:4180} INFO - Setting next_dagrun for latest_only to 2024-12-18 04:00:00+00:00, run_after=2024-12-18 08:00:00+00:00
[2024-12-18T10:07:28.590+0000] {processor.py:208} INFO - Processing /home/airflow/.local/lib/python3.12/site-packages/airflow/example_dags/example_latest_only.py took 0.086 seconds
[2024-12-18T10:08:00.279+0000] {processor.py:186} INFO - Started process (PID=420) to work on /home/airflow/.local/lib/python3.12/site-packages/airflow/example_dags/example_latest_only.py
[2024-12-18T10:08:00.279+0000] {processor.py:914} INFO - Processing file /home/airflow/.local/lib/python3.12/site-packages/airflow/example_dags/example_latest_only.py for tasks to queue
[2024-12-18T10:08:00.280+0000] {logging_mixin.py:190} INFO - [2024-12-18T10:08:00.280+0000] {dagbag.py:588} INFO - Filling up the DagBag from /home/airflow/.local/lib/python3.12/site-packages/airflow/example_dags/example_latest_only.py
[2024-12-18T10:08:00.288+0000] {processor.py:925} INFO - DAG(s) 'latest_only' retrieved from /home/airflow/.local/lib/python3.12/site-packages/airflow/example_dags/example_latest_only.py
[2024-12-18T10:08:00.304+0000] {logging_mixin.py:190} INFO - [2024-12-18T10:08:00.304+0000] {dag.py:3239} INFO - Sync 1 DAGs
[2024-12-18T10:08:00.323+0000] {logging_mixin.py:190} INFO - [2024-12-18T10:08:00.323+0000] {dag.py:4180} INFO - Setting next_dagrun for latest_only to 2024-12-18 04:00:00+00:00, run_after=2024-12-18 08:00:00+00:00
[2024-12-18T10:08:00.336+0000] {processor.py:208} INFO - Processing /home/airflow/.local/lib/python3.12/site-packages/airflow/example_dags/example_latest_only.py took 0.063 seconds
[2024-12-18T10:08:30.550+0000] {processor.py:186} INFO - Started process (PID=483) to work on /home/airflow/.local/lib/python3.12/site-packages/airflow/example_dags/example_latest_only.py
[2024-12-18T10:08:30.551+0000] {processor.py:914} INFO - Processing file /home/airflow/.local/lib/python3.12/site-packages/airflow/example_dags/example_latest_only.py for tasks to queue
[2024-12-18T10:08:30.551+0000] {logging_mixin.py:190} INFO - [2024-12-18T10:08:30.551+0000] {dagbag.py:588} INFO - Filling up the DagBag from /home/airflow/.local/lib/python3.12/site-packages/airflow/example_dags/example_latest_only.py
[2024-12-18T10:08:30.559+0000] {processor.py:925} INFO - DAG(s) 'latest_only' retrieved from /home/airflow/.local/lib/python3.12/site-packages/airflow/example_dags/example_latest_only.py
[2024-12-18T10:08:30.581+0000] {logging_mixin.py:190} INFO - [2024-12-18T10:08:30.580+0000] {dag.py:3239} INFO - Sync 1 DAGs
[2024-12-18T10:08:30.612+0000] {logging_mixin.py:190} INFO - [2024-12-18T10:08:30.612+0000] {dag.py:4180} INFO - Setting next_dagrun for latest_only to 2024-12-18 04:00:00+00:00, run_after=2024-12-18 08:00:00+00:00
[2024-12-18T10:08:30.627+0000] {processor.py:208} INFO - Processing /home/airflow/.local/lib/python3.12/site-packages/airflow/example_dags/example_latest_only.py took 0.082 seconds
[2024-12-18T10:09:02.810+0000] {processor.py:186} INFO - Started process (PID=549) to work on /home/airflow/.local/lib/python3.12/site-packages/airflow/example_dags/example_latest_only.py
[2024-12-18T10:09:02.811+0000] {processor.py:914} INFO - Processing file /home/airflow/.local/lib/python3.12/site-packages/airflow/example_dags/example_latest_only.py for tasks to queue
[2024-12-18T10:09:02.812+0000] {logging_mixin.py:190} INFO - [2024-12-18T10:09:02.812+0000] {dagbag.py:588} INFO - Filling up the DagBag from /home/airflow/.local/lib/python3.12/site-packages/airflow/example_dags/example_latest_only.py
[2024-12-18T10:09:02.820+0000] {processor.py:925} INFO - DAG(s) 'latest_only' retrieved from /home/airflow/.local/lib/python3.12/site-packages/airflow/example_dags/example_latest_only.py
[2024-12-18T10:09:02.838+0000] {logging_mixin.py:190} INFO - [2024-12-18T10:09:02.838+0000] {dag.py:3239} INFO - Sync 1 DAGs
[2024-12-18T10:09:02.861+0000] {logging_mixin.py:190} INFO - [2024-12-18T10:09:02.860+0000] {dag.py:4180} INFO - Setting next_dagrun for latest_only to 2024-12-18 04:00:00+00:00, run_after=2024-12-18 08:00:00+00:00
[2024-12-18T10:09:02.880+0000] {processor.py:208} INFO - Processing /home/airflow/.local/lib/python3.12/site-packages/airflow/example_dags/example_latest_only.py took 0.075 seconds
[2024-12-18T10:09:33.434+0000] {processor.py:186} INFO - Started process (PID=611) to work on /home/airflow/.local/lib/python3.12/site-packages/airflow/example_dags/example_latest_only.py
[2024-12-18T10:09:33.434+0000] {processor.py:914} INFO - Processing file /home/airflow/.local/lib/python3.12/site-packages/airflow/example_dags/example_latest_only.py for tasks to queue
[2024-12-18T10:09:33.435+0000] {logging_mixin.py:190} INFO - [2024-12-18T10:09:33.435+0000] {dagbag.py:588} INFO - Filling up the DagBag from /home/airflow/.local/lib/python3.12/site-packages/airflow/example_dags/example_latest_only.py
[2024-12-18T10:09:33.443+0000] {processor.py:925} INFO - DAG(s) 'latest_only' retrieved from /home/airflow/.local/lib/python3.12/site-packages/airflow/example_dags/example_latest_only.py
[2024-12-18T10:09:33.462+0000] {logging_mixin.py:190} INFO - [2024-12-18T10:09:33.462+0000] {dag.py:3239} INFO - Sync 1 DAGs
[2024-12-18T10:09:33.486+0000] {logging_mixin.py:190} INFO - [2024-12-18T10:09:33.485+0000] {dag.py:4180} INFO - Setting next_dagrun for latest_only to 2024-12-18 04:00:00+00:00, run_after=2024-12-18 08:00:00+00:00
[2024-12-18T10:09:33.505+0000] {processor.py:208} INFO - Processing /home/airflow/.local/lib/python3.12/site-packages/airflow/example_dags/example_latest_only.py took 0.076 seconds
[2024-12-18T10:10:04.516+0000] {processor.py:186} INFO - Started process (PID=676) to work on /home/airflow/.local/lib/python3.12/site-packages/airflow/example_dags/example_latest_only.py
[2024-12-18T10:10:04.517+0000] {processor.py:914} INFO - Processing file /home/airflow/.local/lib/python3.12/site-packages/airflow/example_dags/example_latest_only.py for tasks to queue
[2024-12-18T10:10:04.518+0000] {logging_mixin.py:190} INFO - [2024-12-18T10:10:04.518+0000] {dagbag.py:588} INFO - Filling up the DagBag from /home/airflow/.local/lib/python3.12/site-packages/airflow/example_dags/example_latest_only.py
[2024-12-18T10:10:04.525+0000] {processor.py:925} INFO - DAG(s) 'latest_only' retrieved from /home/airflow/.local/lib/python3.12/site-packages/airflow/example_dags/example_latest_only.py
[2024-12-18T10:10:04.542+0000] {logging_mixin.py:190} INFO - [2024-12-18T10:10:04.542+0000] {dag.py:3239} INFO - Sync 1 DAGs
[2024-12-18T10:10:04.562+0000] {logging_mixin.py:190} INFO - [2024-12-18T10:10:04.562+0000] {dag.py:4180} INFO - Setting next_dagrun for latest_only to 2024-12-18 04:00:00+00:00, run_after=2024-12-18 08:00:00+00:00
[2024-12-18T10:10:04.577+0000] {processor.py:208} INFO - Processing /home/airflow/.local/lib/python3.12/site-packages/airflow/example_dags/example_latest_only.py took 0.066 seconds
[2024-12-18T10:10:35.245+0000] {processor.py:186} INFO - Started process (PID=739) to work on /home/airflow/.local/lib/python3.12/site-packages/airflow/example_dags/example_latest_only.py
[2024-12-18T10:10:35.246+0000] {processor.py:914} INFO - Processing file /home/airflow/.local/lib/python3.12/site-packages/airflow/example_dags/example_latest_only.py for tasks to queue
[2024-12-18T10:10:35.247+0000] {logging_mixin.py:190} INFO - [2024-12-18T10:10:35.247+0000] {dagbag.py:588} INFO - Filling up the DagBag from /home/airflow/.local/lib/python3.12/site-packages/airflow/example_dags/example_latest_only.py
[2024-12-18T10:10:35.255+0000] {processor.py:925} INFO - DAG(s) 'latest_only' retrieved from /home/airflow/.local/lib/python3.12/site-packages/airflow/example_dags/example_latest_only.py
[2024-12-18T10:10:35.271+0000] {logging_mixin.py:190} INFO - [2024-12-18T10:10:35.271+0000] {dag.py:3239} INFO - Sync 1 DAGs
[2024-12-18T10:10:35.295+0000] {logging_mixin.py:190} INFO - [2024-12-18T10:10:35.294+0000] {dag.py:4180} INFO - Setting next_dagrun for latest_only to 2024-12-18 04:00:00+00:00, run_after=2024-12-18 08:00:00+00:00
[2024-12-18T10:10:35.311+0000] {processor.py:208} INFO - Processing /home/airflow/.local/lib/python3.12/site-packages/airflow/example_dags/example_latest_only.py took 0.071 seconds
[2024-12-18T10:11:05.411+0000] {processor.py:186} INFO - Started process (PID=804) to work on /home/airflow/.local/lib/python3.12/site-packages/airflow/example_dags/example_latest_only.py
[2024-12-18T10:11:05.411+0000] {processor.py:914} INFO - Processing file /home/airflow/.local/lib/python3.12/site-packages/airflow/example_dags/example_latest_only.py for tasks to queue
[2024-12-18T10:11:05.412+0000] {logging_mixin.py:190} INFO - [2024-12-18T10:11:05.412+0000] {dagbag.py:588} INFO - Filling up the DagBag from /home/airflow/.local/lib/python3.12/site-packages/airflow/example_dags/example_latest_only.py
[2024-12-18T10:11:05.420+0000] {processor.py:925} INFO - DAG(s) 'latest_only' retrieved from /home/airflow/.local/lib/python3.12/site-packages/airflow/example_dags/example_latest_only.py
[2024-12-18T10:11:05.438+0000] {logging_mixin.py:190} INFO - [2024-12-18T10:11:05.437+0000] {dag.py:3239} INFO - Sync 1 DAGs
[2024-12-18T10:11:05.461+0000] {logging_mixin.py:190} INFO - [2024-12-18T10:11:05.461+0000] {dag.py:4180} INFO - Setting next_dagrun for latest_only to 2024-12-18 04:00:00+00:00, run_after=2024-12-18 08:00:00+00:00
[2024-12-18T10:11:05.480+0000] {processor.py:208} INFO - Processing /home/airflow/.local/lib/python3.12/site-packages/airflow/example_dags/example_latest_only.py took 0.075 seconds
[2024-12-18T10:11:35.610+0000] {processor.py:186} INFO - Started process (PID=867) to work on /home/airflow/.local/lib/python3.12/site-packages/airflow/example_dags/example_latest_only.py
[2024-12-18T10:11:35.611+0000] {processor.py:914} INFO - Processing file /home/airflow/.local/lib/python3.12/site-packages/airflow/example_dags/example_latest_only.py for tasks to queue
[2024-12-18T10:11:35.612+0000] {logging_mixin.py:190} INFO - [2024-12-18T10:11:35.612+0000] {dagbag.py:588} INFO - Filling up the DagBag from /home/airflow/.local/lib/python3.12/site-packages/airflow/example_dags/example_latest_only.py
[2024-12-18T10:11:35.619+0000] {processor.py:925} INFO - DAG(s) 'latest_only' retrieved from /home/airflow/.local/lib/python3.12/site-packages/airflow/example_dags/example_latest_only.py
[2024-12-18T10:11:35.638+0000] {logging_mixin.py:190} INFO - [2024-12-18T10:11:35.637+0000] {dag.py:3239} INFO - Sync 1 DAGs
[2024-12-18T10:11:35.663+0000] {logging_mixin.py:190} INFO - [2024-12-18T10:11:35.663+0000] {dag.py:4180} INFO - Setting next_dagrun for latest_only to 2024-12-18 04:00:00+00:00, run_after=2024-12-18 08:00:00+00:00
[2024-12-18T10:11:35.680+0000] {processor.py:208} INFO - Processing /home/airflow/.local/lib/python3.12/site-packages/airflow/example_dags/example_latest_only.py took 0.075 seconds
[2024-12-18T10:12:06.597+0000] {processor.py:186} INFO - Started process (PID=933) to work on /home/airflow/.local/lib/python3.12/site-packages/airflow/example_dags/example_latest_only.py
[2024-12-18T10:12:06.598+0000] {processor.py:914} INFO - Processing file /home/airflow/.local/lib/python3.12/site-packages/airflow/example_dags/example_latest_only.py for tasks to queue
[2024-12-18T10:12:06.599+0000] {logging_mixin.py:190} INFO - [2024-12-18T10:12:06.599+0000] {dagbag.py:588} INFO - Filling up the DagBag from /home/airflow/.local/lib/python3.12/site-packages/airflow/example_dags/example_latest_only.py
[2024-12-18T10:12:06.608+0000] {processor.py:925} INFO - DAG(s) 'latest_only' retrieved from /home/airflow/.local/lib/python3.12/site-packages/airflow/example_dags/example_latest_only.py
[2024-12-18T10:12:06.630+0000] {logging_mixin.py:190} INFO - [2024-12-18T10:12:06.629+0000] {dag.py:3239} INFO - Sync 1 DAGs
[2024-12-18T10:12:06.652+0000] {logging_mixin.py:190} INFO - [2024-12-18T10:12:06.652+0000] {dag.py:4180} INFO - Setting next_dagrun for latest_only to 2024-12-18 04:00:00+00:00, run_after=2024-12-18 08:00:00+00:00
[2024-12-18T10:12:06.669+0000] {processor.py:208} INFO - Processing /home/airflow/.local/lib/python3.12/site-packages/airflow/example_dags/example_latest_only.py took 0.078 seconds
[2024-12-18T10:12:36.978+0000] {processor.py:186} INFO - Started process (PID=996) to work on /home/airflow/.local/lib/python3.12/site-packages/airflow/example_dags/example_latest_only.py
[2024-12-18T10:12:36.979+0000] {processor.py:914} INFO - Processing file /home/airflow/.local/lib/python3.12/site-packages/airflow/example_dags/example_latest_only.py for tasks to queue
[2024-12-18T10:12:36.980+0000] {logging_mixin.py:190} INFO - [2024-12-18T10:12:36.980+0000] {dagbag.py:588} INFO - Filling up the DagBag from /home/airflow/.local/lib/python3.12/site-packages/airflow/example_dags/example_latest_only.py
[2024-12-18T10:12:36.989+0000] {processor.py:925} INFO - DAG(s) 'latest_only' retrieved from /home/airflow/.local/lib/python3.12/site-packages/airflow/example_dags/example_latest_only.py
[2024-12-18T10:12:37.007+0000] {logging_mixin.py:190} INFO - [2024-12-18T10:12:37.007+0000] {dag.py:3239} INFO - Sync 1 DAGs
[2024-12-18T10:12:37.030+0000] {logging_mixin.py:190} INFO - [2024-12-18T10:12:37.030+0000] {dag.py:4180} INFO - Setting next_dagrun for latest_only to 2024-12-18 04:00:00+00:00, run_after=2024-12-18 08:00:00+00:00
[2024-12-18T10:12:37.046+0000] {processor.py:208} INFO - Processing /home/airflow/.local/lib/python3.12/site-packages/airflow/example_dags/example_latest_only.py took 0.074 seconds
[2024-12-18T10:13:07.282+0000] {processor.py:186} INFO - Started process (PID=1059) to work on /home/airflow/.local/lib/python3.12/site-packages/airflow/example_dags/example_latest_only.py
[2024-12-18T10:13:07.283+0000] {processor.py:914} INFO - Processing file /home/airflow/.local/lib/python3.12/site-packages/airflow/example_dags/example_latest_only.py for tasks to queue
[2024-12-18T10:13:07.285+0000] {logging_mixin.py:190} INFO - [2024-12-18T10:13:07.284+0000] {dagbag.py:588} INFO - Filling up the DagBag from /home/airflow/.local/lib/python3.12/site-packages/airflow/example_dags/example_latest_only.py
[2024-12-18T10:13:07.297+0000] {processor.py:925} INFO - DAG(s) 'latest_only' retrieved from /home/airflow/.local/lib/python3.12/site-packages/airflow/example_dags/example_latest_only.py
[2024-12-18T10:13:07.319+0000] {logging_mixin.py:190} INFO - [2024-12-18T10:13:07.319+0000] {dag.py:3239} INFO - Sync 1 DAGs
[2024-12-18T10:13:07.345+0000] {logging_mixin.py:190} INFO - [2024-12-18T10:13:07.345+0000] {dag.py:4180} INFO - Setting next_dagrun for latest_only to 2024-12-18 04:00:00+00:00, run_after=2024-12-18 08:00:00+00:00
[2024-12-18T10:13:07.366+0000] {processor.py:208} INFO - Processing /home/airflow/.local/lib/python3.12/site-packages/airflow/example_dags/example_latest_only.py took 0.091 seconds
[2024-12-18T10:13:37.958+0000] {processor.py:186} INFO - Started process (PID=1123) to work on /home/airflow/.local/lib/python3.12/site-packages/airflow/example_dags/example_latest_only.py
[2024-12-18T10:13:37.959+0000] {processor.py:914} INFO - Processing file /home/airflow/.local/lib/python3.12/site-packages/airflow/example_dags/example_latest_only.py for tasks to queue
[2024-12-18T10:13:37.960+0000] {logging_mixin.py:190} INFO - [2024-12-18T10:13:37.960+0000] {dagbag.py:588} INFO - Filling up the DagBag from /home/airflow/.local/lib/python3.12/site-packages/airflow/example_dags/example_latest_only.py
[2024-12-18T10:13:37.969+0000] {processor.py:925} INFO - DAG(s) 'latest_only' retrieved from /home/airflow/.local/lib/python3.12/site-packages/airflow/example_dags/example_latest_only.py
[2024-12-18T10:13:37.990+0000] {logging_mixin.py:190} INFO - [2024-12-18T10:13:37.990+0000] {dag.py:3239} INFO - Sync 1 DAGs
[2024-12-18T10:13:38.021+0000] {logging_mixin.py:190} INFO - [2024-12-18T10:13:38.020+0000] {dag.py:4180} INFO - Setting next_dagrun for latest_only to 2024-12-18 04:00:00+00:00, run_after=2024-12-18 08:00:00+00:00
[2024-12-18T10:13:38.042+0000] {processor.py:208} INFO - Processing /home/airflow/.local/lib/python3.12/site-packages/airflow/example_dags/example_latest_only.py took 0.092 seconds
[2024-12-18T10:15:25.230+0000] {processor.py:186} INFO - Started process (PID=87) to work on /home/airflow/.local/lib/python3.12/site-packages/airflow/example_dags/example_latest_only.py
[2024-12-18T10:15:25.231+0000] {processor.py:914} INFO - Processing file /home/airflow/.local/lib/python3.12/site-packages/airflow/example_dags/example_latest_only.py for tasks to queue
[2024-12-18T10:15:25.233+0000] {logging_mixin.py:190} INFO - [2024-12-18T10:15:25.233+0000] {dagbag.py:588} INFO - Filling up the DagBag from /home/airflow/.local/lib/python3.12/site-packages/airflow/example_dags/example_latest_only.py
[2024-12-18T10:15:25.242+0000] {processor.py:925} INFO - DAG(s) 'latest_only' retrieved from /home/airflow/.local/lib/python3.12/site-packages/airflow/example_dags/example_latest_only.py
[2024-12-18T10:15:25.271+0000] {logging_mixin.py:190} INFO - [2024-12-18T10:15:25.270+0000] {dag.py:3239} INFO - Sync 1 DAGs
[2024-12-18T10:15:25.295+0000] {logging_mixin.py:190} INFO - [2024-12-18T10:15:25.295+0000] {dag.py:4180} INFO - Setting next_dagrun for latest_only to 2024-12-18 04:00:00+00:00, run_after=2024-12-18 08:00:00+00:00
[2024-12-18T10:15:25.313+0000] {processor.py:208} INFO - Processing /home/airflow/.local/lib/python3.12/site-packages/airflow/example_dags/example_latest_only.py took 0.089 seconds
[2024-12-18T10:15:56.109+0000] {processor.py:186} INFO - Started process (PID=151) to work on /home/airflow/.local/lib/python3.12/site-packages/airflow/example_dags/example_latest_only.py
[2024-12-18T10:15:56.110+0000] {processor.py:914} INFO - Processing file /home/airflow/.local/lib/python3.12/site-packages/airflow/example_dags/example_latest_only.py for tasks to queue
[2024-12-18T10:15:56.113+0000] {logging_mixin.py:190} INFO - [2024-12-18T10:15:56.113+0000] {dagbag.py:588} INFO - Filling up the DagBag from /home/airflow/.local/lib/python3.12/site-packages/airflow/example_dags/example_latest_only.py
[2024-12-18T10:15:56.125+0000] {processor.py:925} INFO - DAG(s) 'latest_only' retrieved from /home/airflow/.local/lib/python3.12/site-packages/airflow/example_dags/example_latest_only.py
[2024-12-18T10:15:56.157+0000] {logging_mixin.py:190} INFO - [2024-12-18T10:15:56.157+0000] {dag.py:3239} INFO - Sync 1 DAGs
[2024-12-18T10:15:56.193+0000] {logging_mixin.py:190} INFO - [2024-12-18T10:15:56.193+0000] {dag.py:4180} INFO - Setting next_dagrun for latest_only to 2024-12-18 04:00:00+00:00, run_after=2024-12-18 08:00:00+00:00
[2024-12-18T10:15:56.215+0000] {processor.py:208} INFO - Processing /home/airflow/.local/lib/python3.12/site-packages/airflow/example_dags/example_latest_only.py took 0.132 seconds
[2024-12-18T10:16:26.357+0000] {processor.py:186} INFO - Started process (PID=226) to work on /home/airflow/.local/lib/python3.12/site-packages/airflow/example_dags/example_latest_only.py
[2024-12-18T10:16:26.357+0000] {processor.py:914} INFO - Processing file /home/airflow/.local/lib/python3.12/site-packages/airflow/example_dags/example_latest_only.py for tasks to queue
[2024-12-18T10:16:26.360+0000] {logging_mixin.py:190} INFO - [2024-12-18T10:16:26.359+0000] {dagbag.py:588} INFO - Filling up the DagBag from /home/airflow/.local/lib/python3.12/site-packages/airflow/example_dags/example_latest_only.py
[2024-12-18T10:16:26.367+0000] {processor.py:925} INFO - DAG(s) 'latest_only' retrieved from /home/airflow/.local/lib/python3.12/site-packages/airflow/example_dags/example_latest_only.py
[2024-12-18T10:16:26.386+0000] {logging_mixin.py:190} INFO - [2024-12-18T10:16:26.386+0000] {dag.py:3239} INFO - Sync 1 DAGs
[2024-12-18T10:16:26.411+0000] {logging_mixin.py:190} INFO - [2024-12-18T10:16:26.411+0000] {dag.py:4180} INFO - Setting next_dagrun for latest_only to 2024-12-18 04:00:00+00:00, run_after=2024-12-18 08:00:00+00:00
[2024-12-18T10:16:26.429+0000] {processor.py:208} INFO - Processing /home/airflow/.local/lib/python3.12/site-packages/airflow/example_dags/example_latest_only.py took 0.079 seconds
[2024-12-18T10:16:57.072+0000] {processor.py:186} INFO - Started process (PID=290) to work on /home/airflow/.local/lib/python3.12/site-packages/airflow/example_dags/example_latest_only.py
[2024-12-18T10:16:57.073+0000] {processor.py:914} INFO - Processing file /home/airflow/.local/lib/python3.12/site-packages/airflow/example_dags/example_latest_only.py for tasks to queue
[2024-12-18T10:16:57.076+0000] {logging_mixin.py:190} INFO - [2024-12-18T10:16:57.075+0000] {dagbag.py:588} INFO - Filling up the DagBag from /home/airflow/.local/lib/python3.12/site-packages/airflow/example_dags/example_latest_only.py
[2024-12-18T10:16:57.082+0000] {processor.py:925} INFO - DAG(s) 'latest_only' retrieved from /home/airflow/.local/lib/python3.12/site-packages/airflow/example_dags/example_latest_only.py
[2024-12-18T10:16:57.100+0000] {logging_mixin.py:190} INFO - [2024-12-18T10:16:57.100+0000] {dag.py:3239} INFO - Sync 1 DAGs
[2024-12-18T10:16:57.123+0000] {logging_mixin.py:190} INFO - [2024-12-18T10:16:57.123+0000] {dag.py:4180} INFO - Setting next_dagrun for latest_only to 2024-12-18 04:00:00+00:00, run_after=2024-12-18 08:00:00+00:00
[2024-12-18T10:16:57.140+0000] {processor.py:208} INFO - Processing /home/airflow/.local/lib/python3.12/site-packages/airflow/example_dags/example_latest_only.py took 0.074 seconds
[2024-12-18T10:17:27.718+0000] {processor.py:186} INFO - Started process (PID=353) to work on /home/airflow/.local/lib/python3.12/site-packages/airflow/example_dags/example_latest_only.py
[2024-12-18T10:17:27.719+0000] {processor.py:914} INFO - Processing file /home/airflow/.local/lib/python3.12/site-packages/airflow/example_dags/example_latest_only.py for tasks to queue
[2024-12-18T10:17:27.720+0000] {logging_mixin.py:190} INFO - [2024-12-18T10:17:27.720+0000] {dagbag.py:588} INFO - Filling up the DagBag from /home/airflow/.local/lib/python3.12/site-packages/airflow/example_dags/example_latest_only.py
[2024-12-18T10:17:27.727+0000] {processor.py:925} INFO - DAG(s) 'latest_only' retrieved from /home/airflow/.local/lib/python3.12/site-packages/airflow/example_dags/example_latest_only.py
[2024-12-18T10:17:27.744+0000] {logging_mixin.py:190} INFO - [2024-12-18T10:17:27.744+0000] {dag.py:3239} INFO - Sync 1 DAGs
[2024-12-18T10:17:27.767+0000] {logging_mixin.py:190} INFO - [2024-12-18T10:17:27.767+0000] {dag.py:4180} INFO - Setting next_dagrun for latest_only to 2024-12-18 04:00:00+00:00, run_after=2024-12-18 08:00:00+00:00
[2024-12-18T10:17:27.783+0000] {processor.py:208} INFO - Processing /home/airflow/.local/lib/python3.12/site-packages/airflow/example_dags/example_latest_only.py took 0.071 seconds
