[2024-12-18T09:53:45.922+0000] {processor.py:186} INFO - Started process (PID=67) to work on /home/airflow/.local/lib/python3.12/site-packages/airflow/example_dags/example_skip_dag.py
[2024-12-18T09:53:45.923+0000] {processor.py:914} INFO - Processing file /home/airflow/.local/lib/python3.12/site-packages/airflow/example_dags/example_skip_dag.py for tasks to queue
[2024-12-18T09:53:45.925+0000] {logging_mixin.py:190} INFO - [2024-12-18T09:53:45.924+0000] {dagbag.py:588} INFO - Filling up the DagBag from /home/airflow/.local/lib/python3.12/site-packages/airflow/example_dags/example_skip_dag.py
[2024-12-18T09:53:45.933+0000] {processor.py:925} INFO - DAG(s) 'example_skip_dag' retrieved from /home/airflow/.local/lib/python3.12/site-packages/airflow/example_dags/example_skip_dag.py
[2024-12-18T09:53:45.968+0000] {logging_mixin.py:190} INFO - [2024-12-18T09:53:45.968+0000] {dag.py:3239} INFO - Sync 1 DAGs
[2024-12-18T09:53:46.000+0000] {logging_mixin.py:190} INFO - [2024-12-18T09:53:45.999+0000] {dag.py:4180} INFO - Setting next_dagrun for example_skip_dag to 2024-12-17 00:00:00+00:00, run_after=2024-12-18 00:00:00+00:00
[2024-12-18T09:53:46.022+0000] {processor.py:208} INFO - Processing /home/airflow/.local/lib/python3.12/site-packages/airflow/example_dags/example_skip_dag.py took 0.105 seconds
[2024-12-18T09:54:16.643+0000] {processor.py:186} INFO - Started process (PID=130) to work on /home/airflow/.local/lib/python3.12/site-packages/airflow/example_dags/example_skip_dag.py
[2024-12-18T09:54:16.643+0000] {processor.py:914} INFO - Processing file /home/airflow/.local/lib/python3.12/site-packages/airflow/example_dags/example_skip_dag.py for tasks to queue
[2024-12-18T09:54:16.645+0000] {logging_mixin.py:190} INFO - [2024-12-18T09:54:16.645+0000] {dagbag.py:588} INFO - Filling up the DagBag from /home/airflow/.local/lib/python3.12/site-packages/airflow/example_dags/example_skip_dag.py
[2024-12-18T09:54:16.653+0000] {processor.py:925} INFO - DAG(s) 'example_skip_dag' retrieved from /home/airflow/.local/lib/python3.12/site-packages/airflow/example_dags/example_skip_dag.py
[2024-12-18T09:54:16.672+0000] {logging_mixin.py:190} INFO - [2024-12-18T09:54:16.672+0000] {dag.py:3239} INFO - Sync 1 DAGs
[2024-12-18T09:54:16.694+0000] {logging_mixin.py:190} INFO - [2024-12-18T09:54:16.694+0000] {dag.py:4180} INFO - Setting next_dagrun for example_skip_dag to 2024-12-17 00:00:00+00:00, run_after=2024-12-18 00:00:00+00:00
[2024-12-18T09:54:16.710+0000] {processor.py:208} INFO - Processing /home/airflow/.local/lib/python3.12/site-packages/airflow/example_dags/example_skip_dag.py took 0.073 seconds
[2024-12-18T09:54:47.394+0000] {processor.py:186} INFO - Started process (PID=194) to work on /home/airflow/.local/lib/python3.12/site-packages/airflow/example_dags/example_skip_dag.py
[2024-12-18T09:54:47.395+0000] {processor.py:914} INFO - Processing file /home/airflow/.local/lib/python3.12/site-packages/airflow/example_dags/example_skip_dag.py for tasks to queue
[2024-12-18T09:54:47.397+0000] {logging_mixin.py:190} INFO - [2024-12-18T09:54:47.397+0000] {dagbag.py:588} INFO - Filling up the DagBag from /home/airflow/.local/lib/python3.12/site-packages/airflow/example_dags/example_skip_dag.py
[2024-12-18T09:54:47.404+0000] {processor.py:925} INFO - DAG(s) 'example_skip_dag' retrieved from /home/airflow/.local/lib/python3.12/site-packages/airflow/example_dags/example_skip_dag.py
[2024-12-18T09:54:47.424+0000] {logging_mixin.py:190} INFO - [2024-12-18T09:54:47.423+0000] {dag.py:3239} INFO - Sync 1 DAGs
[2024-12-18T09:54:47.450+0000] {logging_mixin.py:190} INFO - [2024-12-18T09:54:47.450+0000] {dag.py:4180} INFO - Setting next_dagrun for example_skip_dag to 2024-12-17 00:00:00+00:00, run_after=2024-12-18 00:00:00+00:00
[2024-12-18T09:54:47.469+0000] {processor.py:208} INFO - Processing /home/airflow/.local/lib/python3.12/site-packages/airflow/example_dags/example_skip_dag.py took 0.080 seconds
[2024-12-18T09:55:18.448+0000] {processor.py:186} INFO - Started process (PID=258) to work on /home/airflow/.local/lib/python3.12/site-packages/airflow/example_dags/example_skip_dag.py
[2024-12-18T09:55:18.449+0000] {processor.py:914} INFO - Processing file /home/airflow/.local/lib/python3.12/site-packages/airflow/example_dags/example_skip_dag.py for tasks to queue
[2024-12-18T09:55:18.451+0000] {logging_mixin.py:190} INFO - [2024-12-18T09:55:18.451+0000] {dagbag.py:588} INFO - Filling up the DagBag from /home/airflow/.local/lib/python3.12/site-packages/airflow/example_dags/example_skip_dag.py
[2024-12-18T09:55:18.459+0000] {processor.py:925} INFO - DAG(s) 'example_skip_dag' retrieved from /home/airflow/.local/lib/python3.12/site-packages/airflow/example_dags/example_skip_dag.py
[2024-12-18T09:55:18.479+0000] {logging_mixin.py:190} INFO - [2024-12-18T09:55:18.479+0000] {dag.py:3239} INFO - Sync 1 DAGs
[2024-12-18T09:55:18.502+0000] {logging_mixin.py:190} INFO - [2024-12-18T09:55:18.502+0000] {dag.py:4180} INFO - Setting next_dagrun for example_skip_dag to 2024-12-17 00:00:00+00:00, run_after=2024-12-18 00:00:00+00:00
[2024-12-18T09:55:18.520+0000] {processor.py:208} INFO - Processing /home/airflow/.local/lib/python3.12/site-packages/airflow/example_dags/example_skip_dag.py took 0.077 seconds
[2024-12-18T09:55:48.580+0000] {processor.py:186} INFO - Started process (PID=326) to work on /home/airflow/.local/lib/python3.12/site-packages/airflow/example_dags/example_skip_dag.py
[2024-12-18T09:55:48.581+0000] {processor.py:914} INFO - Processing file /home/airflow/.local/lib/python3.12/site-packages/airflow/example_dags/example_skip_dag.py for tasks to queue
[2024-12-18T09:55:48.583+0000] {logging_mixin.py:190} INFO - [2024-12-18T09:55:48.583+0000] {dagbag.py:588} INFO - Filling up the DagBag from /home/airflow/.local/lib/python3.12/site-packages/airflow/example_dags/example_skip_dag.py
[2024-12-18T09:55:48.591+0000] {processor.py:925} INFO - DAG(s) 'example_skip_dag' retrieved from /home/airflow/.local/lib/python3.12/site-packages/airflow/example_dags/example_skip_dag.py
[2024-12-18T09:55:48.613+0000] {logging_mixin.py:190} INFO - [2024-12-18T09:55:48.613+0000] {dag.py:3239} INFO - Sync 1 DAGs
[2024-12-18T09:55:48.636+0000] {logging_mixin.py:190} INFO - [2024-12-18T09:55:48.635+0000] {dag.py:4180} INFO - Setting next_dagrun for example_skip_dag to 2024-12-17 00:00:00+00:00, run_after=2024-12-18 00:00:00+00:00
[2024-12-18T09:55:48.653+0000] {processor.py:208} INFO - Processing /home/airflow/.local/lib/python3.12/site-packages/airflow/example_dags/example_skip_dag.py took 0.079 seconds
[2024-12-18T09:56:18.730+0000] {processor.py:186} INFO - Started process (PID=388) to work on /home/airflow/.local/lib/python3.12/site-packages/airflow/example_dags/example_skip_dag.py
[2024-12-18T09:56:18.731+0000] {processor.py:914} INFO - Processing file /home/airflow/.local/lib/python3.12/site-packages/airflow/example_dags/example_skip_dag.py for tasks to queue
[2024-12-18T09:56:18.734+0000] {logging_mixin.py:190} INFO - [2024-12-18T09:56:18.733+0000] {dagbag.py:588} INFO - Filling up the DagBag from /home/airflow/.local/lib/python3.12/site-packages/airflow/example_dags/example_skip_dag.py
[2024-12-18T09:56:18.742+0000] {processor.py:925} INFO - DAG(s) 'example_skip_dag' retrieved from /home/airflow/.local/lib/python3.12/site-packages/airflow/example_dags/example_skip_dag.py
[2024-12-18T09:56:18.764+0000] {logging_mixin.py:190} INFO - [2024-12-18T09:56:18.764+0000] {dag.py:3239} INFO - Sync 1 DAGs
[2024-12-18T09:56:18.790+0000] {logging_mixin.py:190} INFO - [2024-12-18T09:56:18.790+0000] {dag.py:4180} INFO - Setting next_dagrun for example_skip_dag to 2024-12-17 00:00:00+00:00, run_after=2024-12-18 00:00:00+00:00
[2024-12-18T09:56:18.807+0000] {processor.py:208} INFO - Processing /home/airflow/.local/lib/python3.12/site-packages/airflow/example_dags/example_skip_dag.py took 0.085 seconds
[2024-12-18T09:56:48.907+0000] {processor.py:186} INFO - Started process (PID=466) to work on /home/airflow/.local/lib/python3.12/site-packages/airflow/example_dags/example_skip_dag.py
[2024-12-18T09:56:48.908+0000] {processor.py:914} INFO - Processing file /home/airflow/.local/lib/python3.12/site-packages/airflow/example_dags/example_skip_dag.py for tasks to queue
[2024-12-18T09:56:48.910+0000] {logging_mixin.py:190} INFO - [2024-12-18T09:56:48.910+0000] {dagbag.py:588} INFO - Filling up the DagBag from /home/airflow/.local/lib/python3.12/site-packages/airflow/example_dags/example_skip_dag.py
[2024-12-18T09:56:48.918+0000] {processor.py:925} INFO - DAG(s) 'example_skip_dag' retrieved from /home/airflow/.local/lib/python3.12/site-packages/airflow/example_dags/example_skip_dag.py
[2024-12-18T09:56:48.938+0000] {logging_mixin.py:190} INFO - [2024-12-18T09:56:48.938+0000] {dag.py:3239} INFO - Sync 1 DAGs
[2024-12-18T09:56:48.959+0000] {logging_mixin.py:190} INFO - [2024-12-18T09:56:48.959+0000] {dag.py:4180} INFO - Setting next_dagrun for example_skip_dag to 2024-12-17 00:00:00+00:00, run_after=2024-12-18 00:00:00+00:00
[2024-12-18T09:56:48.974+0000] {processor.py:208} INFO - Processing /home/airflow/.local/lib/python3.12/site-packages/airflow/example_dags/example_skip_dag.py took 0.073 seconds
[2024-12-18T09:57:19.677+0000] {processor.py:186} INFO - Started process (PID=537) to work on /home/airflow/.local/lib/python3.12/site-packages/airflow/example_dags/example_skip_dag.py
[2024-12-18T09:57:19.678+0000] {processor.py:914} INFO - Processing file /home/airflow/.local/lib/python3.12/site-packages/airflow/example_dags/example_skip_dag.py for tasks to queue
[2024-12-18T09:57:19.680+0000] {logging_mixin.py:190} INFO - [2024-12-18T09:57:19.679+0000] {dagbag.py:588} INFO - Filling up the DagBag from /home/airflow/.local/lib/python3.12/site-packages/airflow/example_dags/example_skip_dag.py
[2024-12-18T09:57:19.688+0000] {processor.py:925} INFO - DAG(s) 'example_skip_dag' retrieved from /home/airflow/.local/lib/python3.12/site-packages/airflow/example_dags/example_skip_dag.py
[2024-12-18T09:57:19.709+0000] {logging_mixin.py:190} INFO - [2024-12-18T09:57:19.709+0000] {dag.py:3239} INFO - Sync 1 DAGs
[2024-12-18T09:57:19.736+0000] {logging_mixin.py:190} INFO - [2024-12-18T09:57:19.735+0000] {dag.py:4180} INFO - Setting next_dagrun for example_skip_dag to 2024-12-17 00:00:00+00:00, run_after=2024-12-18 00:00:00+00:00
[2024-12-18T09:57:19.754+0000] {processor.py:208} INFO - Processing /home/airflow/.local/lib/python3.12/site-packages/airflow/example_dags/example_skip_dag.py took 0.083 seconds
[2024-12-18T09:57:49.997+0000] {processor.py:186} INFO - Started process (PID=601) to work on /home/airflow/.local/lib/python3.12/site-packages/airflow/example_dags/example_skip_dag.py
[2024-12-18T09:57:49.998+0000] {processor.py:914} INFO - Processing file /home/airflow/.local/lib/python3.12/site-packages/airflow/example_dags/example_skip_dag.py for tasks to queue
[2024-12-18T09:57:50.000+0000] {logging_mixin.py:190} INFO - [2024-12-18T09:57:49.999+0000] {dagbag.py:588} INFO - Filling up the DagBag from /home/airflow/.local/lib/python3.12/site-packages/airflow/example_dags/example_skip_dag.py
[2024-12-18T09:57:50.008+0000] {processor.py:925} INFO - DAG(s) 'example_skip_dag' retrieved from /home/airflow/.local/lib/python3.12/site-packages/airflow/example_dags/example_skip_dag.py
[2024-12-18T09:57:50.028+0000] {logging_mixin.py:190} INFO - [2024-12-18T09:57:50.028+0000] {dag.py:3239} INFO - Sync 1 DAGs
[2024-12-18T09:57:50.053+0000] {logging_mixin.py:190} INFO - [2024-12-18T09:57:50.053+0000] {dag.py:4180} INFO - Setting next_dagrun for example_skip_dag to 2024-12-17 00:00:00+00:00, run_after=2024-12-18 00:00:00+00:00
[2024-12-18T09:57:50.070+0000] {processor.py:208} INFO - Processing /home/airflow/.local/lib/python3.12/site-packages/airflow/example_dags/example_skip_dag.py took 0.082 seconds
[2024-12-18T09:58:20.302+0000] {processor.py:186} INFO - Started process (PID=665) to work on /home/airflow/.local/lib/python3.12/site-packages/airflow/example_dags/example_skip_dag.py
[2024-12-18T09:58:20.302+0000] {processor.py:914} INFO - Processing file /home/airflow/.local/lib/python3.12/site-packages/airflow/example_dags/example_skip_dag.py for tasks to queue
[2024-12-18T09:58:20.304+0000] {logging_mixin.py:190} INFO - [2024-12-18T09:58:20.304+0000] {dagbag.py:588} INFO - Filling up the DagBag from /home/airflow/.local/lib/python3.12/site-packages/airflow/example_dags/example_skip_dag.py
[2024-12-18T09:58:20.312+0000] {processor.py:925} INFO - DAG(s) 'example_skip_dag' retrieved from /home/airflow/.local/lib/python3.12/site-packages/airflow/example_dags/example_skip_dag.py
[2024-12-18T09:58:20.333+0000] {logging_mixin.py:190} INFO - [2024-12-18T09:58:20.333+0000] {dag.py:3239} INFO - Sync 1 DAGs
[2024-12-18T09:58:20.358+0000] {logging_mixin.py:190} INFO - [2024-12-18T09:58:20.358+0000] {dag.py:4180} INFO - Setting next_dagrun for example_skip_dag to 2024-12-17 00:00:00+00:00, run_after=2024-12-18 00:00:00+00:00
[2024-12-18T09:58:20.376+0000] {processor.py:208} INFO - Processing /home/airflow/.local/lib/python3.12/site-packages/airflow/example_dags/example_skip_dag.py took 0.080 seconds
[2024-12-18T09:58:51.045+0000] {processor.py:186} INFO - Started process (PID=729) to work on /home/airflow/.local/lib/python3.12/site-packages/airflow/example_dags/example_skip_dag.py
[2024-12-18T09:58:51.046+0000] {processor.py:914} INFO - Processing file /home/airflow/.local/lib/python3.12/site-packages/airflow/example_dags/example_skip_dag.py for tasks to queue
[2024-12-18T09:58:51.048+0000] {logging_mixin.py:190} INFO - [2024-12-18T09:58:51.048+0000] {dagbag.py:588} INFO - Filling up the DagBag from /home/airflow/.local/lib/python3.12/site-packages/airflow/example_dags/example_skip_dag.py
[2024-12-18T09:58:51.056+0000] {processor.py:925} INFO - DAG(s) 'example_skip_dag' retrieved from /home/airflow/.local/lib/python3.12/site-packages/airflow/example_dags/example_skip_dag.py
[2024-12-18T09:58:51.082+0000] {logging_mixin.py:190} INFO - [2024-12-18T09:58:51.081+0000] {dag.py:3239} INFO - Sync 1 DAGs
[2024-12-18T09:58:51.118+0000] {logging_mixin.py:190} INFO - [2024-12-18T09:58:51.117+0000] {dag.py:4180} INFO - Setting next_dagrun for example_skip_dag to 2024-12-17 00:00:00+00:00, run_after=2024-12-18 00:00:00+00:00
[2024-12-18T09:58:51.136+0000] {processor.py:208} INFO - Processing /home/airflow/.local/lib/python3.12/site-packages/airflow/example_dags/example_skip_dag.py took 0.097 seconds
[2024-12-18T09:59:21.486+0000] {processor.py:186} INFO - Started process (PID=793) to work on /home/airflow/.local/lib/python3.12/site-packages/airflow/example_dags/example_skip_dag.py
[2024-12-18T09:59:21.487+0000] {processor.py:914} INFO - Processing file /home/airflow/.local/lib/python3.12/site-packages/airflow/example_dags/example_skip_dag.py for tasks to queue
[2024-12-18T09:59:21.489+0000] {logging_mixin.py:190} INFO - [2024-12-18T09:59:21.489+0000] {dagbag.py:588} INFO - Filling up the DagBag from /home/airflow/.local/lib/python3.12/site-packages/airflow/example_dags/example_skip_dag.py
[2024-12-18T09:59:21.497+0000] {processor.py:925} INFO - DAG(s) 'example_skip_dag' retrieved from /home/airflow/.local/lib/python3.12/site-packages/airflow/example_dags/example_skip_dag.py
[2024-12-18T09:59:21.516+0000] {logging_mixin.py:190} INFO - [2024-12-18T09:59:21.515+0000] {dag.py:3239} INFO - Sync 1 DAGs
[2024-12-18T09:59:21.537+0000] {logging_mixin.py:190} INFO - [2024-12-18T09:59:21.537+0000] {dag.py:4180} INFO - Setting next_dagrun for example_skip_dag to 2024-12-17 00:00:00+00:00, run_after=2024-12-18 00:00:00+00:00
[2024-12-18T09:59:21.554+0000] {processor.py:208} INFO - Processing /home/airflow/.local/lib/python3.12/site-packages/airflow/example_dags/example_skip_dag.py took 0.073 seconds
[2024-12-18T09:59:51.908+0000] {processor.py:186} INFO - Started process (PID=857) to work on /home/airflow/.local/lib/python3.12/site-packages/airflow/example_dags/example_skip_dag.py
[2024-12-18T09:59:51.909+0000] {processor.py:914} INFO - Processing file /home/airflow/.local/lib/python3.12/site-packages/airflow/example_dags/example_skip_dag.py for tasks to queue
[2024-12-18T09:59:51.911+0000] {logging_mixin.py:190} INFO - [2024-12-18T09:59:51.911+0000] {dagbag.py:588} INFO - Filling up the DagBag from /home/airflow/.local/lib/python3.12/site-packages/airflow/example_dags/example_skip_dag.py
[2024-12-18T09:59:51.922+0000] {processor.py:925} INFO - DAG(s) 'example_skip_dag' retrieved from /home/airflow/.local/lib/python3.12/site-packages/airflow/example_dags/example_skip_dag.py
[2024-12-18T09:59:51.946+0000] {logging_mixin.py:190} INFO - [2024-12-18T09:59:51.946+0000] {dag.py:3239} INFO - Sync 1 DAGs
[2024-12-18T09:59:51.979+0000] {logging_mixin.py:190} INFO - [2024-12-18T09:59:51.978+0000] {dag.py:4180} INFO - Setting next_dagrun for example_skip_dag to 2024-12-17 00:00:00+00:00, run_after=2024-12-18 00:00:00+00:00
[2024-12-18T09:59:51.998+0000] {processor.py:208} INFO - Processing /home/airflow/.local/lib/python3.12/site-packages/airflow/example_dags/example_skip_dag.py took 0.097 seconds
[2024-12-18T10:00:22.577+0000] {processor.py:186} INFO - Started process (PID=921) to work on /home/airflow/.local/lib/python3.12/site-packages/airflow/example_dags/example_skip_dag.py
[2024-12-18T10:00:22.577+0000] {processor.py:914} INFO - Processing file /home/airflow/.local/lib/python3.12/site-packages/airflow/example_dags/example_skip_dag.py for tasks to queue
[2024-12-18T10:00:22.579+0000] {logging_mixin.py:190} INFO - [2024-12-18T10:00:22.579+0000] {dagbag.py:588} INFO - Filling up the DagBag from /home/airflow/.local/lib/python3.12/site-packages/airflow/example_dags/example_skip_dag.py
[2024-12-18T10:00:22.587+0000] {processor.py:925} INFO - DAG(s) 'example_skip_dag' retrieved from /home/airflow/.local/lib/python3.12/site-packages/airflow/example_dags/example_skip_dag.py
[2024-12-18T10:00:22.608+0000] {logging_mixin.py:190} INFO - [2024-12-18T10:00:22.608+0000] {dag.py:3239} INFO - Sync 1 DAGs
[2024-12-18T10:00:22.633+0000] {logging_mixin.py:190} INFO - [2024-12-18T10:00:22.632+0000] {dag.py:4180} INFO - Setting next_dagrun for example_skip_dag to 2024-12-17 00:00:00+00:00, run_after=2024-12-18 00:00:00+00:00
[2024-12-18T10:00:22.649+0000] {processor.py:208} INFO - Processing /home/airflow/.local/lib/python3.12/site-packages/airflow/example_dags/example_skip_dag.py took 0.079 seconds
[2024-12-18T10:00:52.984+0000] {processor.py:186} INFO - Started process (PID=985) to work on /home/airflow/.local/lib/python3.12/site-packages/airflow/example_dags/example_skip_dag.py
[2024-12-18T10:00:52.985+0000] {processor.py:914} INFO - Processing file /home/airflow/.local/lib/python3.12/site-packages/airflow/example_dags/example_skip_dag.py for tasks to queue
[2024-12-18T10:00:52.987+0000] {logging_mixin.py:190} INFO - [2024-12-18T10:00:52.987+0000] {dagbag.py:588} INFO - Filling up the DagBag from /home/airflow/.local/lib/python3.12/site-packages/airflow/example_dags/example_skip_dag.py
[2024-12-18T10:00:52.994+0000] {processor.py:925} INFO - DAG(s) 'example_skip_dag' retrieved from /home/airflow/.local/lib/python3.12/site-packages/airflow/example_dags/example_skip_dag.py
[2024-12-18T10:00:53.020+0000] {logging_mixin.py:190} INFO - [2024-12-18T10:00:53.020+0000] {dag.py:3239} INFO - Sync 1 DAGs
[2024-12-18T10:00:53.046+0000] {logging_mixin.py:190} INFO - [2024-12-18T10:00:53.046+0000] {dag.py:4180} INFO - Setting next_dagrun for example_skip_dag to 2024-12-17 00:00:00+00:00, run_after=2024-12-18 00:00:00+00:00
[2024-12-18T10:00:53.062+0000] {processor.py:208} INFO - Processing /home/airflow/.local/lib/python3.12/site-packages/airflow/example_dags/example_skip_dag.py took 0.084 seconds
[2024-12-18T10:05:20.624+0000] {processor.py:186} INFO - Started process (PID=70) to work on /home/airflow/.local/lib/python3.12/site-packages/airflow/example_dags/example_skip_dag.py
[2024-12-18T10:05:20.625+0000] {processor.py:914} INFO - Processing file /home/airflow/.local/lib/python3.12/site-packages/airflow/example_dags/example_skip_dag.py for tasks to queue
[2024-12-18T10:05:20.627+0000] {logging_mixin.py:190} INFO - [2024-12-18T10:05:20.627+0000] {dagbag.py:588} INFO - Filling up the DagBag from /home/airflow/.local/lib/python3.12/site-packages/airflow/example_dags/example_skip_dag.py
[2024-12-18T10:05:20.638+0000] {processor.py:925} INFO - DAG(s) 'example_skip_dag' retrieved from /home/airflow/.local/lib/python3.12/site-packages/airflow/example_dags/example_skip_dag.py
[2024-12-18T10:05:20.675+0000] {logging_mixin.py:190} INFO - [2024-12-18T10:05:20.674+0000] {dag.py:3239} INFO - Sync 1 DAGs
[2024-12-18T10:05:20.701+0000] {logging_mixin.py:190} INFO - [2024-12-18T10:05:20.701+0000] {dag.py:4180} INFO - Setting next_dagrun for example_skip_dag to 2024-12-17 00:00:00+00:00, run_after=2024-12-18 00:00:00+00:00
[2024-12-18T10:05:20.720+0000] {processor.py:208} INFO - Processing /home/airflow/.local/lib/python3.12/site-packages/airflow/example_dags/example_skip_dag.py took 0.103 seconds
[2024-12-18T10:05:51.313+0000] {processor.py:186} INFO - Started process (PID=135) to work on /home/airflow/.local/lib/python3.12/site-packages/airflow/example_dags/example_skip_dag.py
[2024-12-18T10:05:51.314+0000] {processor.py:914} INFO - Processing file /home/airflow/.local/lib/python3.12/site-packages/airflow/example_dags/example_skip_dag.py for tasks to queue
[2024-12-18T10:05:51.317+0000] {logging_mixin.py:190} INFO - [2024-12-18T10:05:51.316+0000] {dagbag.py:588} INFO - Filling up the DagBag from /home/airflow/.local/lib/python3.12/site-packages/airflow/example_dags/example_skip_dag.py
[2024-12-18T10:05:51.326+0000] {processor.py:925} INFO - DAG(s) 'example_skip_dag' retrieved from /home/airflow/.local/lib/python3.12/site-packages/airflow/example_dags/example_skip_dag.py
[2024-12-18T10:05:51.351+0000] {logging_mixin.py:190} INFO - [2024-12-18T10:05:51.351+0000] {dag.py:3239} INFO - Sync 1 DAGs
[2024-12-18T10:05:51.379+0000] {logging_mixin.py:190} INFO - [2024-12-18T10:05:51.379+0000] {dag.py:4180} INFO - Setting next_dagrun for example_skip_dag to 2024-12-17 00:00:00+00:00, run_after=2024-12-18 00:00:00+00:00
[2024-12-18T10:05:51.398+0000] {processor.py:208} INFO - Processing /home/airflow/.local/lib/python3.12/site-packages/airflow/example_dags/example_skip_dag.py took 0.091 seconds
[2024-12-18T10:06:22.118+0000] {processor.py:186} INFO - Started process (PID=198) to work on /home/airflow/.local/lib/python3.12/site-packages/airflow/example_dags/example_skip_dag.py
[2024-12-18T10:06:22.119+0000] {processor.py:914} INFO - Processing file /home/airflow/.local/lib/python3.12/site-packages/airflow/example_dags/example_skip_dag.py for tasks to queue
[2024-12-18T10:06:22.120+0000] {logging_mixin.py:190} INFO - [2024-12-18T10:06:22.120+0000] {dagbag.py:588} INFO - Filling up the DagBag from /home/airflow/.local/lib/python3.12/site-packages/airflow/example_dags/example_skip_dag.py
[2024-12-18T10:06:22.129+0000] {processor.py:925} INFO - DAG(s) 'example_skip_dag' retrieved from /home/airflow/.local/lib/python3.12/site-packages/airflow/example_dags/example_skip_dag.py
[2024-12-18T10:06:22.149+0000] {logging_mixin.py:190} INFO - [2024-12-18T10:06:22.149+0000] {dag.py:3239} INFO - Sync 1 DAGs
[2024-12-18T10:06:22.172+0000] {logging_mixin.py:190} INFO - [2024-12-18T10:06:22.172+0000] {dag.py:4180} INFO - Setting next_dagrun for example_skip_dag to 2024-12-17 00:00:00+00:00, run_after=2024-12-18 00:00:00+00:00
[2024-12-18T10:06:22.189+0000] {processor.py:208} INFO - Processing /home/airflow/.local/lib/python3.12/site-packages/airflow/example_dags/example_skip_dag.py took 0.077 seconds
[2024-12-18T10:06:52.754+0000] {processor.py:186} INFO - Started process (PID=264) to work on /home/airflow/.local/lib/python3.12/site-packages/airflow/example_dags/example_skip_dag.py
[2024-12-18T10:06:52.755+0000] {processor.py:914} INFO - Processing file /home/airflow/.local/lib/python3.12/site-packages/airflow/example_dags/example_skip_dag.py for tasks to queue
[2024-12-18T10:06:52.756+0000] {logging_mixin.py:190} INFO - [2024-12-18T10:06:52.756+0000] {dagbag.py:588} INFO - Filling up the DagBag from /home/airflow/.local/lib/python3.12/site-packages/airflow/example_dags/example_skip_dag.py
[2024-12-18T10:06:52.767+0000] {processor.py:925} INFO - DAG(s) 'example_skip_dag' retrieved from /home/airflow/.local/lib/python3.12/site-packages/airflow/example_dags/example_skip_dag.py
[2024-12-18T10:06:52.794+0000] {logging_mixin.py:190} INFO - [2024-12-18T10:06:52.794+0000] {dag.py:3239} INFO - Sync 1 DAGs
[2024-12-18T10:06:52.825+0000] {logging_mixin.py:190} INFO - [2024-12-18T10:06:52.824+0000] {dag.py:4180} INFO - Setting next_dagrun for example_skip_dag to 2024-12-17 00:00:00+00:00, run_after=2024-12-18 00:00:00+00:00
[2024-12-18T10:06:52.848+0000] {processor.py:208} INFO - Processing /home/airflow/.local/lib/python3.12/site-packages/airflow/example_dags/example_skip_dag.py took 0.103 seconds
[2024-12-18T10:07:22.893+0000] {processor.py:186} INFO - Started process (PID=327) to work on /home/airflow/.local/lib/python3.12/site-packages/airflow/example_dags/example_skip_dag.py
[2024-12-18T10:07:22.894+0000] {processor.py:914} INFO - Processing file /home/airflow/.local/lib/python3.12/site-packages/airflow/example_dags/example_skip_dag.py for tasks to queue
[2024-12-18T10:07:22.895+0000] {logging_mixin.py:190} INFO - [2024-12-18T10:07:22.895+0000] {dagbag.py:588} INFO - Filling up the DagBag from /home/airflow/.local/lib/python3.12/site-packages/airflow/example_dags/example_skip_dag.py
[2024-12-18T10:07:22.903+0000] {processor.py:925} INFO - DAG(s) 'example_skip_dag' retrieved from /home/airflow/.local/lib/python3.12/site-packages/airflow/example_dags/example_skip_dag.py
[2024-12-18T10:07:22.923+0000] {logging_mixin.py:190} INFO - [2024-12-18T10:07:22.923+0000] {dag.py:3239} INFO - Sync 1 DAGs
[2024-12-18T10:07:22.947+0000] {logging_mixin.py:190} INFO - [2024-12-18T10:07:22.946+0000] {dag.py:4180} INFO - Setting next_dagrun for example_skip_dag to 2024-12-17 00:00:00+00:00, run_after=2024-12-18 00:00:00+00:00
[2024-12-18T10:07:22.963+0000] {processor.py:208} INFO - Processing /home/airflow/.local/lib/python3.12/site-packages/airflow/example_dags/example_skip_dag.py took 0.075 seconds
[2024-12-18T10:07:53.335+0000] {processor.py:186} INFO - Started process (PID=393) to work on /home/airflow/.local/lib/python3.12/site-packages/airflow/example_dags/example_skip_dag.py
[2024-12-18T10:07:53.336+0000] {processor.py:914} INFO - Processing file /home/airflow/.local/lib/python3.12/site-packages/airflow/example_dags/example_skip_dag.py for tasks to queue
[2024-12-18T10:07:53.337+0000] {logging_mixin.py:190} INFO - [2024-12-18T10:07:53.336+0000] {dagbag.py:588} INFO - Filling up the DagBag from /home/airflow/.local/lib/python3.12/site-packages/airflow/example_dags/example_skip_dag.py
[2024-12-18T10:07:53.345+0000] {processor.py:925} INFO - DAG(s) 'example_skip_dag' retrieved from /home/airflow/.local/lib/python3.12/site-packages/airflow/example_dags/example_skip_dag.py
[2024-12-18T10:07:53.364+0000] {logging_mixin.py:190} INFO - [2024-12-18T10:07:53.363+0000] {dag.py:3239} INFO - Sync 1 DAGs
[2024-12-18T10:07:53.386+0000] {logging_mixin.py:190} INFO - [2024-12-18T10:07:53.386+0000] {dag.py:4180} INFO - Setting next_dagrun for example_skip_dag to 2024-12-17 00:00:00+00:00, run_after=2024-12-18 00:00:00+00:00
[2024-12-18T10:07:53.401+0000] {processor.py:208} INFO - Processing /home/airflow/.local/lib/python3.12/site-packages/airflow/example_dags/example_skip_dag.py took 0.072 seconds
[2024-12-18T10:08:23.916+0000] {processor.py:186} INFO - Started process (PID=456) to work on /home/airflow/.local/lib/python3.12/site-packages/airflow/example_dags/example_skip_dag.py
[2024-12-18T10:08:23.917+0000] {processor.py:914} INFO - Processing file /home/airflow/.local/lib/python3.12/site-packages/airflow/example_dags/example_skip_dag.py for tasks to queue
[2024-12-18T10:08:23.918+0000] {logging_mixin.py:190} INFO - [2024-12-18T10:08:23.917+0000] {dagbag.py:588} INFO - Filling up the DagBag from /home/airflow/.local/lib/python3.12/site-packages/airflow/example_dags/example_skip_dag.py
[2024-12-18T10:08:23.927+0000] {processor.py:925} INFO - DAG(s) 'example_skip_dag' retrieved from /home/airflow/.local/lib/python3.12/site-packages/airflow/example_dags/example_skip_dag.py
[2024-12-18T10:08:23.955+0000] {logging_mixin.py:190} INFO - [2024-12-18T10:08:23.955+0000] {dag.py:3239} INFO - Sync 1 DAGs
[2024-12-18T10:08:23.984+0000] {logging_mixin.py:190} INFO - [2024-12-18T10:08:23.984+0000] {dag.py:4180} INFO - Setting next_dagrun for example_skip_dag to 2024-12-17 00:00:00+00:00, run_after=2024-12-18 00:00:00+00:00
[2024-12-18T10:08:24.001+0000] {processor.py:208} INFO - Processing /home/airflow/.local/lib/python3.12/site-packages/airflow/example_dags/example_skip_dag.py took 0.092 seconds
[2024-12-18T10:08:54.552+0000] {processor.py:186} INFO - Started process (PID=522) to work on /home/airflow/.local/lib/python3.12/site-packages/airflow/example_dags/example_skip_dag.py
[2024-12-18T10:08:54.553+0000] {processor.py:914} INFO - Processing file /home/airflow/.local/lib/python3.12/site-packages/airflow/example_dags/example_skip_dag.py for tasks to queue
[2024-12-18T10:08:54.554+0000] {logging_mixin.py:190} INFO - [2024-12-18T10:08:54.554+0000] {dagbag.py:588} INFO - Filling up the DagBag from /home/airflow/.local/lib/python3.12/site-packages/airflow/example_dags/example_skip_dag.py
[2024-12-18T10:08:54.566+0000] {processor.py:925} INFO - DAG(s) 'example_skip_dag' retrieved from /home/airflow/.local/lib/python3.12/site-packages/airflow/example_dags/example_skip_dag.py
[2024-12-18T10:08:54.592+0000] {logging_mixin.py:190} INFO - [2024-12-18T10:08:54.592+0000] {dag.py:3239} INFO - Sync 1 DAGs
[2024-12-18T10:08:54.619+0000] {logging_mixin.py:190} INFO - [2024-12-18T10:08:54.618+0000] {dag.py:4180} INFO - Setting next_dagrun for example_skip_dag to 2024-12-17 00:00:00+00:00, run_after=2024-12-18 00:00:00+00:00
[2024-12-18T10:08:54.638+0000] {processor.py:208} INFO - Processing /home/airflow/.local/lib/python3.12/site-packages/airflow/example_dags/example_skip_dag.py took 0.094 seconds
[2024-12-18T10:09:25.404+0000] {processor.py:186} INFO - Started process (PID=585) to work on /home/airflow/.local/lib/python3.12/site-packages/airflow/example_dags/example_skip_dag.py
[2024-12-18T10:09:25.406+0000] {processor.py:914} INFO - Processing file /home/airflow/.local/lib/python3.12/site-packages/airflow/example_dags/example_skip_dag.py for tasks to queue
[2024-12-18T10:09:25.408+0000] {logging_mixin.py:190} INFO - [2024-12-18T10:09:25.407+0000] {dagbag.py:588} INFO - Filling up the DagBag from /home/airflow/.local/lib/python3.12/site-packages/airflow/example_dags/example_skip_dag.py
[2024-12-18T10:09:25.421+0000] {processor.py:925} INFO - DAG(s) 'example_skip_dag' retrieved from /home/airflow/.local/lib/python3.12/site-packages/airflow/example_dags/example_skip_dag.py
[2024-12-18T10:09:25.447+0000] {logging_mixin.py:190} INFO - [2024-12-18T10:09:25.447+0000] {dag.py:3239} INFO - Sync 1 DAGs
[2024-12-18T10:09:25.474+0000] {logging_mixin.py:190} INFO - [2024-12-18T10:09:25.473+0000] {dag.py:4180} INFO - Setting next_dagrun for example_skip_dag to 2024-12-17 00:00:00+00:00, run_after=2024-12-18 00:00:00+00:00
[2024-12-18T10:09:25.496+0000] {processor.py:208} INFO - Processing /home/airflow/.local/lib/python3.12/site-packages/airflow/example_dags/example_skip_dag.py took 0.101 seconds
[2024-12-18T10:09:56.100+0000] {processor.py:186} INFO - Started process (PID=656) to work on /home/airflow/.local/lib/python3.12/site-packages/airflow/example_dags/example_skip_dag.py
[2024-12-18T10:09:56.101+0000] {processor.py:914} INFO - Processing file /home/airflow/.local/lib/python3.12/site-packages/airflow/example_dags/example_skip_dag.py for tasks to queue
[2024-12-18T10:09:56.102+0000] {logging_mixin.py:190} INFO - [2024-12-18T10:09:56.102+0000] {dagbag.py:588} INFO - Filling up the DagBag from /home/airflow/.local/lib/python3.12/site-packages/airflow/example_dags/example_skip_dag.py
[2024-12-18T10:09:56.112+0000] {processor.py:925} INFO - DAG(s) 'example_skip_dag' retrieved from /home/airflow/.local/lib/python3.12/site-packages/airflow/example_dags/example_skip_dag.py
[2024-12-18T10:09:56.134+0000] {logging_mixin.py:190} INFO - [2024-12-18T10:09:56.134+0000] {dag.py:3239} INFO - Sync 1 DAGs
[2024-12-18T10:09:56.157+0000] {logging_mixin.py:190} INFO - [2024-12-18T10:09:56.157+0000] {dag.py:4180} INFO - Setting next_dagrun for example_skip_dag to 2024-12-17 00:00:00+00:00, run_after=2024-12-18 00:00:00+00:00
[2024-12-18T10:09:56.174+0000] {processor.py:208} INFO - Processing /home/airflow/.local/lib/python3.12/site-packages/airflow/example_dags/example_skip_dag.py took 0.082 seconds
[2024-12-18T10:10:26.769+0000] {processor.py:186} INFO - Started process (PID=719) to work on /home/airflow/.local/lib/python3.12/site-packages/airflow/example_dags/example_skip_dag.py
[2024-12-18T10:10:26.771+0000] {processor.py:914} INFO - Processing file /home/airflow/.local/lib/python3.12/site-packages/airflow/example_dags/example_skip_dag.py for tasks to queue
[2024-12-18T10:10:26.772+0000] {logging_mixin.py:190} INFO - [2024-12-18T10:10:26.771+0000] {dagbag.py:588} INFO - Filling up the DagBag from /home/airflow/.local/lib/python3.12/site-packages/airflow/example_dags/example_skip_dag.py
[2024-12-18T10:10:26.780+0000] {processor.py:925} INFO - DAG(s) 'example_skip_dag' retrieved from /home/airflow/.local/lib/python3.12/site-packages/airflow/example_dags/example_skip_dag.py
[2024-12-18T10:10:26.806+0000] {logging_mixin.py:190} INFO - [2024-12-18T10:10:26.805+0000] {dag.py:3239} INFO - Sync 1 DAGs
[2024-12-18T10:10:26.836+0000] {logging_mixin.py:190} INFO - [2024-12-18T10:10:26.836+0000] {dag.py:4180} INFO - Setting next_dagrun for example_skip_dag to 2024-12-17 00:00:00+00:00, run_after=2024-12-18 00:00:00+00:00
[2024-12-18T10:10:26.852+0000] {processor.py:208} INFO - Processing /home/airflow/.local/lib/python3.12/site-packages/airflow/example_dags/example_skip_dag.py took 0.090 seconds
[2024-12-18T10:10:57.588+0000] {processor.py:186} INFO - Started process (PID=785) to work on /home/airflow/.local/lib/python3.12/site-packages/airflow/example_dags/example_skip_dag.py
[2024-12-18T10:10:57.589+0000] {processor.py:914} INFO - Processing file /home/airflow/.local/lib/python3.12/site-packages/airflow/example_dags/example_skip_dag.py for tasks to queue
[2024-12-18T10:10:57.590+0000] {logging_mixin.py:190} INFO - [2024-12-18T10:10:57.590+0000] {dagbag.py:588} INFO - Filling up the DagBag from /home/airflow/.local/lib/python3.12/site-packages/airflow/example_dags/example_skip_dag.py
[2024-12-18T10:10:57.600+0000] {processor.py:925} INFO - DAG(s) 'example_skip_dag' retrieved from /home/airflow/.local/lib/python3.12/site-packages/airflow/example_dags/example_skip_dag.py
[2024-12-18T10:10:57.623+0000] {logging_mixin.py:190} INFO - [2024-12-18T10:10:57.623+0000] {dag.py:3239} INFO - Sync 1 DAGs
[2024-12-18T10:10:57.648+0000] {logging_mixin.py:190} INFO - [2024-12-18T10:10:57.648+0000] {dag.py:4180} INFO - Setting next_dagrun for example_skip_dag to 2024-12-17 00:00:00+00:00, run_after=2024-12-18 00:00:00+00:00
[2024-12-18T10:10:57.668+0000] {processor.py:208} INFO - Processing /home/airflow/.local/lib/python3.12/site-packages/airflow/example_dags/example_skip_dag.py took 0.087 seconds
[2024-12-18T10:11:28.345+0000] {processor.py:186} INFO - Started process (PID=848) to work on /home/airflow/.local/lib/python3.12/site-packages/airflow/example_dags/example_skip_dag.py
[2024-12-18T10:11:28.346+0000] {processor.py:914} INFO - Processing file /home/airflow/.local/lib/python3.12/site-packages/airflow/example_dags/example_skip_dag.py for tasks to queue
[2024-12-18T10:11:28.347+0000] {logging_mixin.py:190} INFO - [2024-12-18T10:11:28.347+0000] {dagbag.py:588} INFO - Filling up the DagBag from /home/airflow/.local/lib/python3.12/site-packages/airflow/example_dags/example_skip_dag.py
[2024-12-18T10:11:28.358+0000] {processor.py:925} INFO - DAG(s) 'example_skip_dag' retrieved from /home/airflow/.local/lib/python3.12/site-packages/airflow/example_dags/example_skip_dag.py
[2024-12-18T10:11:28.379+0000] {logging_mixin.py:190} INFO - [2024-12-18T10:11:28.379+0000] {dag.py:3239} INFO - Sync 1 DAGs
[2024-12-18T10:11:28.404+0000] {logging_mixin.py:190} INFO - [2024-12-18T10:11:28.403+0000] {dag.py:4180} INFO - Setting next_dagrun for example_skip_dag to 2024-12-17 00:00:00+00:00, run_after=2024-12-18 00:00:00+00:00
[2024-12-18T10:11:28.422+0000] {processor.py:208} INFO - Processing /home/airflow/.local/lib/python3.12/site-packages/airflow/example_dags/example_skip_dag.py took 0.085 seconds
[2024-12-18T10:11:58.857+0000] {processor.py:186} INFO - Started process (PID=914) to work on /home/airflow/.local/lib/python3.12/site-packages/airflow/example_dags/example_skip_dag.py
[2024-12-18T10:11:58.858+0000] {processor.py:914} INFO - Processing file /home/airflow/.local/lib/python3.12/site-packages/airflow/example_dags/example_skip_dag.py for tasks to queue
[2024-12-18T10:11:58.859+0000] {logging_mixin.py:190} INFO - [2024-12-18T10:11:58.859+0000] {dagbag.py:588} INFO - Filling up the DagBag from /home/airflow/.local/lib/python3.12/site-packages/airflow/example_dags/example_skip_dag.py
[2024-12-18T10:11:58.872+0000] {processor.py:925} INFO - DAG(s) 'example_skip_dag' retrieved from /home/airflow/.local/lib/python3.12/site-packages/airflow/example_dags/example_skip_dag.py
[2024-12-18T10:11:58.903+0000] {logging_mixin.py:190} INFO - [2024-12-18T10:11:58.903+0000] {dag.py:3239} INFO - Sync 1 DAGs
[2024-12-18T10:11:58.939+0000] {logging_mixin.py:190} INFO - [2024-12-18T10:11:58.939+0000] {dag.py:4180} INFO - Setting next_dagrun for example_skip_dag to 2024-12-17 00:00:00+00:00, run_after=2024-12-18 00:00:00+00:00
[2024-12-18T10:11:58.967+0000] {processor.py:208} INFO - Processing /home/airflow/.local/lib/python3.12/site-packages/airflow/example_dags/example_skip_dag.py took 0.117 seconds
[2024-12-18T10:12:29.721+0000] {processor.py:186} INFO - Started process (PID=977) to work on /home/airflow/.local/lib/python3.12/site-packages/airflow/example_dags/example_skip_dag.py
[2024-12-18T10:12:29.722+0000] {processor.py:914} INFO - Processing file /home/airflow/.local/lib/python3.12/site-packages/airflow/example_dags/example_skip_dag.py for tasks to queue
[2024-12-18T10:12:29.724+0000] {logging_mixin.py:190} INFO - [2024-12-18T10:12:29.723+0000] {dagbag.py:588} INFO - Filling up the DagBag from /home/airflow/.local/lib/python3.12/site-packages/airflow/example_dags/example_skip_dag.py
[2024-12-18T10:12:29.735+0000] {processor.py:925} INFO - DAG(s) 'example_skip_dag' retrieved from /home/airflow/.local/lib/python3.12/site-packages/airflow/example_dags/example_skip_dag.py
[2024-12-18T10:12:29.763+0000] {logging_mixin.py:190} INFO - [2024-12-18T10:12:29.762+0000] {dag.py:3239} INFO - Sync 1 DAGs
[2024-12-18T10:12:29.796+0000] {logging_mixin.py:190} INFO - [2024-12-18T10:12:29.796+0000] {dag.py:4180} INFO - Setting next_dagrun for example_skip_dag to 2024-12-17 00:00:00+00:00, run_after=2024-12-18 00:00:00+00:00
[2024-12-18T10:12:29.822+0000] {processor.py:208} INFO - Processing /home/airflow/.local/lib/python3.12/site-packages/airflow/example_dags/example_skip_dag.py took 0.108 seconds
[2024-12-18T10:12:59.910+0000] {processor.py:186} INFO - Started process (PID=1040) to work on /home/airflow/.local/lib/python3.12/site-packages/airflow/example_dags/example_skip_dag.py
[2024-12-18T10:12:59.911+0000] {processor.py:914} INFO - Processing file /home/airflow/.local/lib/python3.12/site-packages/airflow/example_dags/example_skip_dag.py for tasks to queue
[2024-12-18T10:12:59.912+0000] {logging_mixin.py:190} INFO - [2024-12-18T10:12:59.912+0000] {dagbag.py:588} INFO - Filling up the DagBag from /home/airflow/.local/lib/python3.12/site-packages/airflow/example_dags/example_skip_dag.py
[2024-12-18T10:12:59.921+0000] {processor.py:925} INFO - DAG(s) 'example_skip_dag' retrieved from /home/airflow/.local/lib/python3.12/site-packages/airflow/example_dags/example_skip_dag.py
[2024-12-18T10:12:59.940+0000] {logging_mixin.py:190} INFO - [2024-12-18T10:12:59.940+0000] {dag.py:3239} INFO - Sync 1 DAGs
[2024-12-18T10:12:59.962+0000] {logging_mixin.py:190} INFO - [2024-12-18T10:12:59.962+0000] {dag.py:4180} INFO - Setting next_dagrun for example_skip_dag to 2024-12-17 00:00:00+00:00, run_after=2024-12-18 00:00:00+00:00
[2024-12-18T10:12:59.979+0000] {processor.py:208} INFO - Processing /home/airflow/.local/lib/python3.12/site-packages/airflow/example_dags/example_skip_dag.py took 0.075 seconds
[2024-12-18T10:13:30.770+0000] {processor.py:186} INFO - Started process (PID=1104) to work on /home/airflow/.local/lib/python3.12/site-packages/airflow/example_dags/example_skip_dag.py
[2024-12-18T10:13:30.771+0000] {processor.py:914} INFO - Processing file /home/airflow/.local/lib/python3.12/site-packages/airflow/example_dags/example_skip_dag.py for tasks to queue
[2024-12-18T10:13:30.773+0000] {logging_mixin.py:190} INFO - [2024-12-18T10:13:30.772+0000] {dagbag.py:588} INFO - Filling up the DagBag from /home/airflow/.local/lib/python3.12/site-packages/airflow/example_dags/example_skip_dag.py
[2024-12-18T10:13:30.783+0000] {processor.py:925} INFO - DAG(s) 'example_skip_dag' retrieved from /home/airflow/.local/lib/python3.12/site-packages/airflow/example_dags/example_skip_dag.py
[2024-12-18T10:13:30.811+0000] {logging_mixin.py:190} INFO - [2024-12-18T10:13:30.810+0000] {dag.py:3239} INFO - Sync 1 DAGs
[2024-12-18T10:13:30.840+0000] {logging_mixin.py:190} INFO - [2024-12-18T10:13:30.840+0000] {dag.py:4180} INFO - Setting next_dagrun for example_skip_dag to 2024-12-17 00:00:00+00:00, run_after=2024-12-18 00:00:00+00:00
[2024-12-18T10:13:30.860+0000] {processor.py:208} INFO - Processing /home/airflow/.local/lib/python3.12/site-packages/airflow/example_dags/example_skip_dag.py took 0.097 seconds
[2024-12-18T10:15:22.860+0000] {processor.py:186} INFO - Started process (PID=67) to work on /home/airflow/.local/lib/python3.12/site-packages/airflow/example_dags/example_skip_dag.py
[2024-12-18T10:15:22.861+0000] {processor.py:914} INFO - Processing file /home/airflow/.local/lib/python3.12/site-packages/airflow/example_dags/example_skip_dag.py for tasks to queue
[2024-12-18T10:15:22.863+0000] {logging_mixin.py:190} INFO - [2024-12-18T10:15:22.863+0000] {dagbag.py:588} INFO - Filling up the DagBag from /home/airflow/.local/lib/python3.12/site-packages/airflow/example_dags/example_skip_dag.py
[2024-12-18T10:15:22.871+0000] {processor.py:925} INFO - DAG(s) 'example_skip_dag' retrieved from /home/airflow/.local/lib/python3.12/site-packages/airflow/example_dags/example_skip_dag.py
[2024-12-18T10:15:22.907+0000] {logging_mixin.py:190} INFO - [2024-12-18T10:15:22.907+0000] {dag.py:3239} INFO - Sync 1 DAGs
[2024-12-18T10:15:22.935+0000] {logging_mixin.py:190} INFO - [2024-12-18T10:15:22.935+0000] {dag.py:4180} INFO - Setting next_dagrun for example_skip_dag to 2024-12-17 00:00:00+00:00, run_after=2024-12-18 00:00:00+00:00
[2024-12-18T10:15:22.951+0000] {processor.py:208} INFO - Processing /home/airflow/.local/lib/python3.12/site-packages/airflow/example_dags/example_skip_dag.py took 0.096 seconds
[2024-12-18T10:15:53.908+0000] {processor.py:186} INFO - Started process (PID=130) to work on /home/airflow/.local/lib/python3.12/site-packages/airflow/example_dags/example_skip_dag.py
[2024-12-18T10:15:53.909+0000] {processor.py:914} INFO - Processing file /home/airflow/.local/lib/python3.12/site-packages/airflow/example_dags/example_skip_dag.py for tasks to queue
[2024-12-18T10:15:53.911+0000] {logging_mixin.py:190} INFO - [2024-12-18T10:15:53.910+0000] {dagbag.py:588} INFO - Filling up the DagBag from /home/airflow/.local/lib/python3.12/site-packages/airflow/example_dags/example_skip_dag.py
[2024-12-18T10:15:53.918+0000] {processor.py:925} INFO - DAG(s) 'example_skip_dag' retrieved from /home/airflow/.local/lib/python3.12/site-packages/airflow/example_dags/example_skip_dag.py
[2024-12-18T10:15:53.937+0000] {logging_mixin.py:190} INFO - [2024-12-18T10:15:53.936+0000] {dag.py:3239} INFO - Sync 1 DAGs
[2024-12-18T10:15:53.959+0000] {logging_mixin.py:190} INFO - [2024-12-18T10:15:53.959+0000] {dag.py:4180} INFO - Setting next_dagrun for example_skip_dag to 2024-12-17 00:00:00+00:00, run_after=2024-12-18 00:00:00+00:00
[2024-12-18T10:15:53.976+0000] {processor.py:208} INFO - Processing /home/airflow/.local/lib/python3.12/site-packages/airflow/example_dags/example_skip_dag.py took 0.073 seconds
[2024-12-18T10:16:24.804+0000] {processor.py:186} INFO - Started process (PID=199) to work on /home/airflow/.local/lib/python3.12/site-packages/airflow/example_dags/example_skip_dag.py
[2024-12-18T10:16:24.805+0000] {processor.py:914} INFO - Processing file /home/airflow/.local/lib/python3.12/site-packages/airflow/example_dags/example_skip_dag.py for tasks to queue
[2024-12-18T10:16:24.808+0000] {logging_mixin.py:190} INFO - [2024-12-18T10:16:24.807+0000] {dagbag.py:588} INFO - Filling up the DagBag from /home/airflow/.local/lib/python3.12/site-packages/airflow/example_dags/example_skip_dag.py
[2024-12-18T10:16:24.819+0000] {processor.py:925} INFO - DAG(s) 'example_skip_dag' retrieved from /home/airflow/.local/lib/python3.12/site-packages/airflow/example_dags/example_skip_dag.py
[2024-12-18T10:16:24.841+0000] {logging_mixin.py:190} INFO - [2024-12-18T10:16:24.841+0000] {dag.py:3239} INFO - Sync 1 DAGs
[2024-12-18T10:16:24.868+0000] {logging_mixin.py:190} INFO - [2024-12-18T10:16:24.868+0000] {dag.py:4180} INFO - Setting next_dagrun for example_skip_dag to 2024-12-17 00:00:00+00:00, run_after=2024-12-18 00:00:00+00:00
[2024-12-18T10:16:24.886+0000] {processor.py:208} INFO - Processing /home/airflow/.local/lib/python3.12/site-packages/airflow/example_dags/example_skip_dag.py took 0.089 seconds
[2024-12-18T10:16:55.014+0000] {processor.py:186} INFO - Started process (PID=263) to work on /home/airflow/.local/lib/python3.12/site-packages/airflow/example_dags/example_skip_dag.py
[2024-12-18T10:16:55.015+0000] {processor.py:914} INFO - Processing file /home/airflow/.local/lib/python3.12/site-packages/airflow/example_dags/example_skip_dag.py for tasks to queue
[2024-12-18T10:16:55.017+0000] {logging_mixin.py:190} INFO - [2024-12-18T10:16:55.017+0000] {dagbag.py:588} INFO - Filling up the DagBag from /home/airflow/.local/lib/python3.12/site-packages/airflow/example_dags/example_skip_dag.py
[2024-12-18T10:16:55.024+0000] {processor.py:925} INFO - DAG(s) 'example_skip_dag' retrieved from /home/airflow/.local/lib/python3.12/site-packages/airflow/example_dags/example_skip_dag.py
[2024-12-18T10:16:55.044+0000] {logging_mixin.py:190} INFO - [2024-12-18T10:16:55.043+0000] {dag.py:3239} INFO - Sync 1 DAGs
[2024-12-18T10:16:55.065+0000] {logging_mixin.py:190} INFO - [2024-12-18T10:16:55.065+0000] {dag.py:4180} INFO - Setting next_dagrun for example_skip_dag to 2024-12-17 00:00:00+00:00, run_after=2024-12-18 00:00:00+00:00
[2024-12-18T10:16:55.081+0000] {processor.py:208} INFO - Processing /home/airflow/.local/lib/python3.12/site-packages/airflow/example_dags/example_skip_dag.py took 0.073 seconds
[2024-12-18T10:17:25.757+0000] {processor.py:186} INFO - Started process (PID=327) to work on /home/airflow/.local/lib/python3.12/site-packages/airflow/example_dags/example_skip_dag.py
[2024-12-18T10:17:25.758+0000] {processor.py:914} INFO - Processing file /home/airflow/.local/lib/python3.12/site-packages/airflow/example_dags/example_skip_dag.py for tasks to queue
[2024-12-18T10:17:25.760+0000] {logging_mixin.py:190} INFO - [2024-12-18T10:17:25.760+0000] {dagbag.py:588} INFO - Filling up the DagBag from /home/airflow/.local/lib/python3.12/site-packages/airflow/example_dags/example_skip_dag.py
[2024-12-18T10:17:25.771+0000] {processor.py:925} INFO - DAG(s) 'example_skip_dag' retrieved from /home/airflow/.local/lib/python3.12/site-packages/airflow/example_dags/example_skip_dag.py
[2024-12-18T10:17:25.798+0000] {logging_mixin.py:190} INFO - [2024-12-18T10:17:25.798+0000] {dag.py:3239} INFO - Sync 1 DAGs
[2024-12-18T10:17:25.830+0000] {logging_mixin.py:190} INFO - [2024-12-18T10:17:25.830+0000] {dag.py:4180} INFO - Setting next_dagrun for example_skip_dag to 2024-12-17 00:00:00+00:00, run_after=2024-12-18 00:00:00+00:00
[2024-12-18T10:17:25.854+0000] {processor.py:208} INFO - Processing /home/airflow/.local/lib/python3.12/site-packages/airflow/example_dags/example_skip_dag.py took 0.104 seconds
