[2024-12-18T09:53:45.895+0000] {processor.py:186} INFO - Started process (PID=66) to work on /home/airflow/.local/lib/python3.12/site-packages/airflow/example_dags/example_outlet_event_extra.py
[2024-12-18T09:53:45.896+0000] {processor.py:914} INFO - Processing file /home/airflow/.local/lib/python3.12/site-packages/airflow/example_dags/example_outlet_event_extra.py for tasks to queue
[2024-12-18T09:53:45.898+0000] {logging_mixin.py:190} INFO - [2024-12-18T09:53:45.898+0000] {dagbag.py:588} INFO - Filling up the DagBag from /home/airflow/.local/lib/python3.12/site-packages/airflow/example_dags/example_outlet_event_extra.py
[2024-12-18T09:53:47.411+0000] {processor.py:925} INFO - DAG(s) 'dataset_with_extra_by_context', 'dataset_with_extra_by_yield', 'dataset_with_extra_from_classic_operator' retrieved from /home/airflow/.local/lib/python3.12/site-packages/airflow/example_dags/example_outlet_event_extra.py
[2024-12-18T09:53:47.443+0000] {logging_mixin.py:190} INFO - [2024-12-18T09:53:47.443+0000] {dag.py:3239} INFO - Sync 3 DAGs
[2024-12-18T09:53:47.475+0000] {logging_mixin.py:190} INFO - [2024-12-18T09:53:47.475+0000] {dag.py:4180} INFO - Setting next_dagrun for dataset_with_extra_by_context to 2024-12-17 00:00:00+00:00, run_after=2024-12-18 00:00:00+00:00
[2024-12-18T09:53:47.479+0000] {logging_mixin.py:190} INFO - [2024-12-18T09:53:47.479+0000] {dag.py:4180} INFO - Setting next_dagrun for dataset_with_extra_by_yield to 2024-12-17 00:00:00+00:00, run_after=2024-12-18 00:00:00+00:00
[2024-12-18T09:53:47.482+0000] {logging_mixin.py:190} INFO - [2024-12-18T09:53:47.481+0000] {dag.py:4180} INFO - Setting next_dagrun for dataset_with_extra_from_classic_operator to 2024-12-17 00:00:00+00:00, run_after=2024-12-18 00:00:00+00:00
[2024-12-18T09:53:47.497+0000] {processor.py:208} INFO - Processing /home/airflow/.local/lib/python3.12/site-packages/airflow/example_dags/example_outlet_event_extra.py took 1.607 seconds
[2024-12-18T09:54:18.107+0000] {processor.py:186} INFO - Started process (PID=138) to work on /home/airflow/.local/lib/python3.12/site-packages/airflow/example_dags/example_outlet_event_extra.py
[2024-12-18T09:54:18.108+0000] {processor.py:914} INFO - Processing file /home/airflow/.local/lib/python3.12/site-packages/airflow/example_dags/example_outlet_event_extra.py for tasks to queue
[2024-12-18T09:54:18.110+0000] {logging_mixin.py:190} INFO - [2024-12-18T09:54:18.109+0000] {dagbag.py:588} INFO - Filling up the DagBag from /home/airflow/.local/lib/python3.12/site-packages/airflow/example_dags/example_outlet_event_extra.py
[2024-12-18T09:54:18.681+0000] {processor.py:925} INFO - DAG(s) 'dataset_with_extra_by_yield', 'dataset_with_extra_by_context', 'dataset_with_extra_from_classic_operator' retrieved from /home/airflow/.local/lib/python3.12/site-packages/airflow/example_dags/example_outlet_event_extra.py
[2024-12-18T09:54:18.708+0000] {logging_mixin.py:190} INFO - [2024-12-18T09:54:18.707+0000] {dag.py:3239} INFO - Sync 3 DAGs
[2024-12-18T09:54:18.740+0000] {logging_mixin.py:190} INFO - [2024-12-18T09:54:18.740+0000] {dag.py:4180} INFO - Setting next_dagrun for dataset_with_extra_by_context to 2024-12-17 00:00:00+00:00, run_after=2024-12-18 00:00:00+00:00
[2024-12-18T09:54:18.747+0000] {logging_mixin.py:190} INFO - [2024-12-18T09:54:18.747+0000] {dag.py:4180} INFO - Setting next_dagrun for dataset_with_extra_by_yield to 2024-12-17 00:00:00+00:00, run_after=2024-12-18 00:00:00+00:00
[2024-12-18T09:54:18.751+0000] {logging_mixin.py:190} INFO - [2024-12-18T09:54:18.751+0000] {dag.py:4180} INFO - Setting next_dagrun for dataset_with_extra_from_classic_operator to 2024-12-17 00:00:00+00:00, run_after=2024-12-18 00:00:00+00:00
[2024-12-18T09:54:18.774+0000] {processor.py:208} INFO - Processing /home/airflow/.local/lib/python3.12/site-packages/airflow/example_dags/example_outlet_event_extra.py took 0.672 seconds
[2024-12-18T09:54:48.882+0000] {processor.py:186} INFO - Started process (PID=204) to work on /home/airflow/.local/lib/python3.12/site-packages/airflow/example_dags/example_outlet_event_extra.py
[2024-12-18T09:54:48.883+0000] {processor.py:914} INFO - Processing file /home/airflow/.local/lib/python3.12/site-packages/airflow/example_dags/example_outlet_event_extra.py for tasks to queue
[2024-12-18T09:54:48.885+0000] {logging_mixin.py:190} INFO - [2024-12-18T09:54:48.885+0000] {dagbag.py:588} INFO - Filling up the DagBag from /home/airflow/.local/lib/python3.12/site-packages/airflow/example_dags/example_outlet_event_extra.py
[2024-12-18T09:54:49.447+0000] {processor.py:925} INFO - DAG(s) 'dataset_with_extra_by_yield', 'dataset_with_extra_by_context', 'dataset_with_extra_from_classic_operator' retrieved from /home/airflow/.local/lib/python3.12/site-packages/airflow/example_dags/example_outlet_event_extra.py
[2024-12-18T09:54:49.467+0000] {logging_mixin.py:190} INFO - [2024-12-18T09:54:49.467+0000] {dag.py:3239} INFO - Sync 3 DAGs
[2024-12-18T09:54:49.487+0000] {logging_mixin.py:190} INFO - [2024-12-18T09:54:49.487+0000] {dag.py:4180} INFO - Setting next_dagrun for dataset_with_extra_by_context to 2024-12-17 00:00:00+00:00, run_after=2024-12-18 00:00:00+00:00
[2024-12-18T09:54:49.492+0000] {logging_mixin.py:190} INFO - [2024-12-18T09:54:49.491+0000] {dag.py:4180} INFO - Setting next_dagrun for dataset_with_extra_by_yield to 2024-12-17 00:00:00+00:00, run_after=2024-12-18 00:00:00+00:00
[2024-12-18T09:54:49.494+0000] {logging_mixin.py:190} INFO - [2024-12-18T09:54:49.493+0000] {dag.py:4180} INFO - Setting next_dagrun for dataset_with_extra_from_classic_operator to 2024-12-17 00:00:00+00:00, run_after=2024-12-18 00:00:00+00:00
[2024-12-18T09:54:49.510+0000] {processor.py:208} INFO - Processing /home/airflow/.local/lib/python3.12/site-packages/airflow/example_dags/example_outlet_event_extra.py took 0.633 seconds
[2024-12-18T09:55:19.992+0000] {processor.py:186} INFO - Started process (PID=274) to work on /home/airflow/.local/lib/python3.12/site-packages/airflow/example_dags/example_outlet_event_extra.py
[2024-12-18T09:55:19.993+0000] {processor.py:914} INFO - Processing file /home/airflow/.local/lib/python3.12/site-packages/airflow/example_dags/example_outlet_event_extra.py for tasks to queue
[2024-12-18T09:55:19.996+0000] {logging_mixin.py:190} INFO - [2024-12-18T09:55:19.995+0000] {dagbag.py:588} INFO - Filling up the DagBag from /home/airflow/.local/lib/python3.12/site-packages/airflow/example_dags/example_outlet_event_extra.py
[2024-12-18T09:55:20.638+0000] {processor.py:925} INFO - DAG(s) 'dataset_with_extra_by_context', 'dataset_with_extra_by_yield', 'dataset_with_extra_from_classic_operator' retrieved from /home/airflow/.local/lib/python3.12/site-packages/airflow/example_dags/example_outlet_event_extra.py
[2024-12-18T09:55:20.664+0000] {logging_mixin.py:190} INFO - [2024-12-18T09:55:20.664+0000] {dag.py:3239} INFO - Sync 3 DAGs
[2024-12-18T09:55:20.693+0000] {logging_mixin.py:190} INFO - [2024-12-18T09:55:20.692+0000] {dag.py:4180} INFO - Setting next_dagrun for dataset_with_extra_by_context to 2024-12-17 00:00:00+00:00, run_after=2024-12-18 00:00:00+00:00
[2024-12-18T09:55:20.699+0000] {logging_mixin.py:190} INFO - [2024-12-18T09:55:20.698+0000] {dag.py:4180} INFO - Setting next_dagrun for dataset_with_extra_by_yield to 2024-12-17 00:00:00+00:00, run_after=2024-12-18 00:00:00+00:00
[2024-12-18T09:55:20.702+0000] {logging_mixin.py:190} INFO - [2024-12-18T09:55:20.702+0000] {dag.py:4180} INFO - Setting next_dagrun for dataset_with_extra_from_classic_operator to 2024-12-17 00:00:00+00:00, run_after=2024-12-18 00:00:00+00:00
[2024-12-18T09:55:20.723+0000] {processor.py:208} INFO - Processing /home/airflow/.local/lib/python3.12/site-packages/airflow/example_dags/example_outlet_event_extra.py took 0.739 seconds
[2024-12-18T09:55:51.696+0000] {processor.py:186} INFO - Started process (PID=345) to work on /home/airflow/.local/lib/python3.12/site-packages/airflow/example_dags/example_outlet_event_extra.py
[2024-12-18T09:55:51.702+0000] {processor.py:914} INFO - Processing file /home/airflow/.local/lib/python3.12/site-packages/airflow/example_dags/example_outlet_event_extra.py for tasks to queue
[2024-12-18T09:55:51.705+0000] {logging_mixin.py:190} INFO - [2024-12-18T09:55:51.705+0000] {dagbag.py:588} INFO - Filling up the DagBag from /home/airflow/.local/lib/python3.12/site-packages/airflow/example_dags/example_outlet_event_extra.py
[2024-12-18T09:55:52.351+0000] {processor.py:925} INFO - DAG(s) 'dataset_with_extra_from_classic_operator', 'dataset_with_extra_by_yield', 'dataset_with_extra_by_context' retrieved from /home/airflow/.local/lib/python3.12/site-packages/airflow/example_dags/example_outlet_event_extra.py
[2024-12-18T09:55:52.375+0000] {logging_mixin.py:190} INFO - [2024-12-18T09:55:52.375+0000] {dag.py:3239} INFO - Sync 3 DAGs
[2024-12-18T09:55:52.407+0000] {logging_mixin.py:190} INFO - [2024-12-18T09:55:52.406+0000] {dag.py:4180} INFO - Setting next_dagrun for dataset_with_extra_by_context to 2024-12-17 00:00:00+00:00, run_after=2024-12-18 00:00:00+00:00
[2024-12-18T09:55:52.415+0000] {logging_mixin.py:190} INFO - [2024-12-18T09:55:52.415+0000] {dag.py:4180} INFO - Setting next_dagrun for dataset_with_extra_by_yield to 2024-12-17 00:00:00+00:00, run_after=2024-12-18 00:00:00+00:00
[2024-12-18T09:55:52.419+0000] {logging_mixin.py:190} INFO - [2024-12-18T09:55:52.419+0000] {dag.py:4180} INFO - Setting next_dagrun for dataset_with_extra_from_classic_operator to 2024-12-17 00:00:00+00:00, run_after=2024-12-18 00:00:00+00:00
[2024-12-18T09:55:52.441+0000] {processor.py:208} INFO - Processing /home/airflow/.local/lib/python3.12/site-packages/airflow/example_dags/example_outlet_event_extra.py took 0.753 seconds
[2024-12-18T09:56:22.870+0000] {processor.py:186} INFO - Started process (PID=409) to work on /home/airflow/.local/lib/python3.12/site-packages/airflow/example_dags/example_outlet_event_extra.py
[2024-12-18T09:56:22.871+0000] {processor.py:914} INFO - Processing file /home/airflow/.local/lib/python3.12/site-packages/airflow/example_dags/example_outlet_event_extra.py for tasks to queue
[2024-12-18T09:56:22.874+0000] {logging_mixin.py:190} INFO - [2024-12-18T09:56:22.874+0000] {dagbag.py:588} INFO - Filling up the DagBag from /home/airflow/.local/lib/python3.12/site-packages/airflow/example_dags/example_outlet_event_extra.py
[2024-12-18T09:56:23.520+0000] {processor.py:925} INFO - DAG(s) 'dataset_with_extra_from_classic_operator', 'dataset_with_extra_by_context', 'dataset_with_extra_by_yield' retrieved from /home/airflow/.local/lib/python3.12/site-packages/airflow/example_dags/example_outlet_event_extra.py
[2024-12-18T09:56:23.545+0000] {logging_mixin.py:190} INFO - [2024-12-18T09:56:23.544+0000] {dag.py:3239} INFO - Sync 3 DAGs
[2024-12-18T09:56:23.576+0000] {logging_mixin.py:190} INFO - [2024-12-18T09:56:23.575+0000] {dag.py:4180} INFO - Setting next_dagrun for dataset_with_extra_by_context to 2024-12-17 00:00:00+00:00, run_after=2024-12-18 00:00:00+00:00
[2024-12-18T09:56:23.584+0000] {logging_mixin.py:190} INFO - [2024-12-18T09:56:23.583+0000] {dag.py:4180} INFO - Setting next_dagrun for dataset_with_extra_by_yield to 2024-12-17 00:00:00+00:00, run_after=2024-12-18 00:00:00+00:00
[2024-12-18T09:56:23.587+0000] {logging_mixin.py:190} INFO - [2024-12-18T09:56:23.587+0000] {dag.py:4180} INFO - Setting next_dagrun for dataset_with_extra_from_classic_operator to 2024-12-17 00:00:00+00:00, run_after=2024-12-18 00:00:00+00:00
[2024-12-18T09:56:23.614+0000] {processor.py:208} INFO - Processing /home/airflow/.local/lib/python3.12/site-packages/airflow/example_dags/example_outlet_event_extra.py took 0.753 seconds
[2024-12-18T09:56:54.071+0000] {processor.py:186} INFO - Started process (PID=487) to work on /home/airflow/.local/lib/python3.12/site-packages/airflow/example_dags/example_outlet_event_extra.py
[2024-12-18T09:56:54.072+0000] {processor.py:914} INFO - Processing file /home/airflow/.local/lib/python3.12/site-packages/airflow/example_dags/example_outlet_event_extra.py for tasks to queue
[2024-12-18T09:56:54.074+0000] {logging_mixin.py:190} INFO - [2024-12-18T09:56:54.074+0000] {dagbag.py:588} INFO - Filling up the DagBag from /home/airflow/.local/lib/python3.12/site-packages/airflow/example_dags/example_outlet_event_extra.py
[2024-12-18T09:56:54.649+0000] {processor.py:925} INFO - DAG(s) 'dataset_with_extra_by_context', 'dataset_with_extra_by_yield', 'dataset_with_extra_from_classic_operator' retrieved from /home/airflow/.local/lib/python3.12/site-packages/airflow/example_dags/example_outlet_event_extra.py
[2024-12-18T09:56:54.671+0000] {logging_mixin.py:190} INFO - [2024-12-18T09:56:54.671+0000] {dag.py:3239} INFO - Sync 3 DAGs
[2024-12-18T09:56:54.694+0000] {logging_mixin.py:190} INFO - [2024-12-18T09:56:54.694+0000] {dag.py:4180} INFO - Setting next_dagrun for dataset_with_extra_by_context to 2024-12-17 00:00:00+00:00, run_after=2024-12-18 00:00:00+00:00
[2024-12-18T09:56:54.699+0000] {logging_mixin.py:190} INFO - [2024-12-18T09:56:54.699+0000] {dag.py:4180} INFO - Setting next_dagrun for dataset_with_extra_by_yield to 2024-12-17 00:00:00+00:00, run_after=2024-12-18 00:00:00+00:00
[2024-12-18T09:56:54.702+0000] {logging_mixin.py:190} INFO - [2024-12-18T09:56:54.702+0000] {dag.py:4180} INFO - Setting next_dagrun for dataset_with_extra_from_classic_operator to 2024-12-17 00:00:00+00:00, run_after=2024-12-18 00:00:00+00:00
[2024-12-18T09:56:54.722+0000] {processor.py:208} INFO - Processing /home/airflow/.local/lib/python3.12/site-packages/airflow/example_dags/example_outlet_event_extra.py took 0.656 seconds
[2024-12-18T09:57:25.495+0000] {processor.py:186} INFO - Started process (PID=551) to work on /home/airflow/.local/lib/python3.12/site-packages/airflow/example_dags/example_outlet_event_extra.py
[2024-12-18T09:57:25.496+0000] {processor.py:914} INFO - Processing file /home/airflow/.local/lib/python3.12/site-packages/airflow/example_dags/example_outlet_event_extra.py for tasks to queue
[2024-12-18T09:57:25.498+0000] {logging_mixin.py:190} INFO - [2024-12-18T09:57:25.498+0000] {dagbag.py:588} INFO - Filling up the DagBag from /home/airflow/.local/lib/python3.12/site-packages/airflow/example_dags/example_outlet_event_extra.py
[2024-12-18T09:57:26.073+0000] {processor.py:925} INFO - DAG(s) 'dataset_with_extra_by_context', 'dataset_with_extra_by_yield', 'dataset_with_extra_from_classic_operator' retrieved from /home/airflow/.local/lib/python3.12/site-packages/airflow/example_dags/example_outlet_event_extra.py
[2024-12-18T09:57:26.096+0000] {logging_mixin.py:190} INFO - [2024-12-18T09:57:26.096+0000] {dag.py:3239} INFO - Sync 3 DAGs
[2024-12-18T09:57:26.120+0000] {logging_mixin.py:190} INFO - [2024-12-18T09:57:26.120+0000] {dag.py:4180} INFO - Setting next_dagrun for dataset_with_extra_by_context to 2024-12-17 00:00:00+00:00, run_after=2024-12-18 00:00:00+00:00
[2024-12-18T09:57:26.125+0000] {logging_mixin.py:190} INFO - [2024-12-18T09:57:26.125+0000] {dag.py:4180} INFO - Setting next_dagrun for dataset_with_extra_by_yield to 2024-12-17 00:00:00+00:00, run_after=2024-12-18 00:00:00+00:00
[2024-12-18T09:57:26.127+0000] {logging_mixin.py:190} INFO - [2024-12-18T09:57:26.127+0000] {dag.py:4180} INFO - Setting next_dagrun for dataset_with_extra_from_classic_operator to 2024-12-17 00:00:00+00:00, run_after=2024-12-18 00:00:00+00:00
[2024-12-18T09:57:26.144+0000] {processor.py:208} INFO - Processing /home/airflow/.local/lib/python3.12/site-packages/airflow/example_dags/example_outlet_event_extra.py took 0.658 seconds
[2024-12-18T09:57:56.824+0000] {processor.py:186} INFO - Started process (PID=615) to work on /home/airflow/.local/lib/python3.12/site-packages/airflow/example_dags/example_outlet_event_extra.py
[2024-12-18T09:57:56.825+0000] {processor.py:914} INFO - Processing file /home/airflow/.local/lib/python3.12/site-packages/airflow/example_dags/example_outlet_event_extra.py for tasks to queue
[2024-12-18T09:57:56.828+0000] {logging_mixin.py:190} INFO - [2024-12-18T09:57:56.828+0000] {dagbag.py:588} INFO - Filling up the DagBag from /home/airflow/.local/lib/python3.12/site-packages/airflow/example_dags/example_outlet_event_extra.py
[2024-12-18T09:57:57.453+0000] {processor.py:925} INFO - DAG(s) 'dataset_with_extra_from_classic_operator', 'dataset_with_extra_by_context', 'dataset_with_extra_by_yield' retrieved from /home/airflow/.local/lib/python3.12/site-packages/airflow/example_dags/example_outlet_event_extra.py
[2024-12-18T09:57:57.485+0000] {logging_mixin.py:190} INFO - [2024-12-18T09:57:57.485+0000] {dag.py:3239} INFO - Sync 3 DAGs
[2024-12-18T09:57:57.524+0000] {logging_mixin.py:190} INFO - [2024-12-18T09:57:57.524+0000] {dag.py:4180} INFO - Setting next_dagrun for dataset_with_extra_by_context to 2024-12-17 00:00:00+00:00, run_after=2024-12-18 00:00:00+00:00
[2024-12-18T09:57:57.532+0000] {logging_mixin.py:190} INFO - [2024-12-18T09:57:57.531+0000] {dag.py:4180} INFO - Setting next_dagrun for dataset_with_extra_by_yield to 2024-12-17 00:00:00+00:00, run_after=2024-12-18 00:00:00+00:00
[2024-12-18T09:57:57.535+0000] {logging_mixin.py:190} INFO - [2024-12-18T09:57:57.535+0000] {dag.py:4180} INFO - Setting next_dagrun for dataset_with_extra_from_classic_operator to 2024-12-17 00:00:00+00:00, run_after=2024-12-18 00:00:00+00:00
[2024-12-18T09:57:57.555+0000] {processor.py:208} INFO - Processing /home/airflow/.local/lib/python3.12/site-packages/airflow/example_dags/example_outlet_event_extra.py took 0.737 seconds
[2024-12-18T09:58:28.145+0000] {processor.py:186} INFO - Started process (PID=679) to work on /home/airflow/.local/lib/python3.12/site-packages/airflow/example_dags/example_outlet_event_extra.py
[2024-12-18T09:58:28.146+0000] {processor.py:914} INFO - Processing file /home/airflow/.local/lib/python3.12/site-packages/airflow/example_dags/example_outlet_event_extra.py for tasks to queue
[2024-12-18T09:58:28.149+0000] {logging_mixin.py:190} INFO - [2024-12-18T09:58:28.148+0000] {dagbag.py:588} INFO - Filling up the DagBag from /home/airflow/.local/lib/python3.12/site-packages/airflow/example_dags/example_outlet_event_extra.py
[2024-12-18T09:58:28.709+0000] {processor.py:925} INFO - DAG(s) 'dataset_with_extra_by_context', 'dataset_with_extra_by_yield', 'dataset_with_extra_from_classic_operator' retrieved from /home/airflow/.local/lib/python3.12/site-packages/airflow/example_dags/example_outlet_event_extra.py
[2024-12-18T09:58:28.729+0000] {logging_mixin.py:190} INFO - [2024-12-18T09:58:28.729+0000] {dag.py:3239} INFO - Sync 3 DAGs
[2024-12-18T09:58:28.754+0000] {logging_mixin.py:190} INFO - [2024-12-18T09:58:28.753+0000] {dag.py:4180} INFO - Setting next_dagrun for dataset_with_extra_by_context to 2024-12-17 00:00:00+00:00, run_after=2024-12-18 00:00:00+00:00
[2024-12-18T09:58:28.758+0000] {logging_mixin.py:190} INFO - [2024-12-18T09:58:28.758+0000] {dag.py:4180} INFO - Setting next_dagrun for dataset_with_extra_by_yield to 2024-12-17 00:00:00+00:00, run_after=2024-12-18 00:00:00+00:00
[2024-12-18T09:58:28.761+0000] {logging_mixin.py:190} INFO - [2024-12-18T09:58:28.761+0000] {dag.py:4180} INFO - Setting next_dagrun for dataset_with_extra_from_classic_operator to 2024-12-17 00:00:00+00:00, run_after=2024-12-18 00:00:00+00:00
[2024-12-18T09:58:28.778+0000] {processor.py:208} INFO - Processing /home/airflow/.local/lib/python3.12/site-packages/airflow/example_dags/example_outlet_event_extra.py took 0.640 seconds
[2024-12-18T09:58:58.928+0000] {processor.py:186} INFO - Started process (PID=743) to work on /home/airflow/.local/lib/python3.12/site-packages/airflow/example_dags/example_outlet_event_extra.py
[2024-12-18T09:58:58.929+0000] {processor.py:914} INFO - Processing file /home/airflow/.local/lib/python3.12/site-packages/airflow/example_dags/example_outlet_event_extra.py for tasks to queue
[2024-12-18T09:58:58.932+0000] {logging_mixin.py:190} INFO - [2024-12-18T09:58:58.931+0000] {dagbag.py:588} INFO - Filling up the DagBag from /home/airflow/.local/lib/python3.12/site-packages/airflow/example_dags/example_outlet_event_extra.py
[2024-12-18T09:58:59.560+0000] {processor.py:925} INFO - DAG(s) 'dataset_with_extra_by_yield', 'dataset_with_extra_from_classic_operator', 'dataset_with_extra_by_context' retrieved from /home/airflow/.local/lib/python3.12/site-packages/airflow/example_dags/example_outlet_event_extra.py
[2024-12-18T09:58:59.588+0000] {logging_mixin.py:190} INFO - [2024-12-18T09:58:59.587+0000] {dag.py:3239} INFO - Sync 3 DAGs
[2024-12-18T09:58:59.616+0000] {logging_mixin.py:190} INFO - [2024-12-18T09:58:59.616+0000] {dag.py:4180} INFO - Setting next_dagrun for dataset_with_extra_by_context to 2024-12-17 00:00:00+00:00, run_after=2024-12-18 00:00:00+00:00
[2024-12-18T09:58:59.622+0000] {logging_mixin.py:190} INFO - [2024-12-18T09:58:59.622+0000] {dag.py:4180} INFO - Setting next_dagrun for dataset_with_extra_by_yield to 2024-12-17 00:00:00+00:00, run_after=2024-12-18 00:00:00+00:00
[2024-12-18T09:58:59.625+0000] {logging_mixin.py:190} INFO - [2024-12-18T09:58:59.624+0000] {dag.py:4180} INFO - Setting next_dagrun for dataset_with_extra_from_classic_operator to 2024-12-17 00:00:00+00:00, run_after=2024-12-18 00:00:00+00:00
[2024-12-18T09:58:59.649+0000] {processor.py:208} INFO - Processing /home/airflow/.local/lib/python3.12/site-packages/airflow/example_dags/example_outlet_event_extra.py took 0.729 seconds
[2024-12-18T09:59:30.266+0000] {processor.py:186} INFO - Started process (PID=807) to work on /home/airflow/.local/lib/python3.12/site-packages/airflow/example_dags/example_outlet_event_extra.py
[2024-12-18T09:59:30.267+0000] {processor.py:914} INFO - Processing file /home/airflow/.local/lib/python3.12/site-packages/airflow/example_dags/example_outlet_event_extra.py for tasks to queue
[2024-12-18T09:59:30.271+0000] {logging_mixin.py:190} INFO - [2024-12-18T09:59:30.270+0000] {dagbag.py:588} INFO - Filling up the DagBag from /home/airflow/.local/lib/python3.12/site-packages/airflow/example_dags/example_outlet_event_extra.py
[2024-12-18T09:59:30.868+0000] {processor.py:925} INFO - DAG(s) 'dataset_with_extra_by_yield', 'dataset_with_extra_by_context', 'dataset_with_extra_from_classic_operator' retrieved from /home/airflow/.local/lib/python3.12/site-packages/airflow/example_dags/example_outlet_event_extra.py
[2024-12-18T09:59:30.889+0000] {logging_mixin.py:190} INFO - [2024-12-18T09:59:30.888+0000] {dag.py:3239} INFO - Sync 3 DAGs
[2024-12-18T09:59:30.912+0000] {logging_mixin.py:190} INFO - [2024-12-18T09:59:30.912+0000] {dag.py:4180} INFO - Setting next_dagrun for dataset_with_extra_by_context to 2024-12-17 00:00:00+00:00, run_after=2024-12-18 00:00:00+00:00
[2024-12-18T09:59:30.917+0000] {logging_mixin.py:190} INFO - [2024-12-18T09:59:30.917+0000] {dag.py:4180} INFO - Setting next_dagrun for dataset_with_extra_by_yield to 2024-12-17 00:00:00+00:00, run_after=2024-12-18 00:00:00+00:00
[2024-12-18T09:59:30.920+0000] {logging_mixin.py:190} INFO - [2024-12-18T09:59:30.919+0000] {dag.py:4180} INFO - Setting next_dagrun for dataset_with_extra_from_classic_operator to 2024-12-17 00:00:00+00:00, run_after=2024-12-18 00:00:00+00:00
[2024-12-18T09:59:30.937+0000] {processor.py:208} INFO - Processing /home/airflow/.local/lib/python3.12/site-packages/airflow/example_dags/example_outlet_event_extra.py took 0.679 seconds
[2024-12-18T10:00:01.815+0000] {processor.py:186} INFO - Started process (PID=871) to work on /home/airflow/.local/lib/python3.12/site-packages/airflow/example_dags/example_outlet_event_extra.py
[2024-12-18T10:00:01.816+0000] {processor.py:914} INFO - Processing file /home/airflow/.local/lib/python3.12/site-packages/airflow/example_dags/example_outlet_event_extra.py for tasks to queue
[2024-12-18T10:00:01.819+0000] {logging_mixin.py:190} INFO - [2024-12-18T10:00:01.818+0000] {dagbag.py:588} INFO - Filling up the DagBag from /home/airflow/.local/lib/python3.12/site-packages/airflow/example_dags/example_outlet_event_extra.py
[2024-12-18T10:00:02.573+0000] {processor.py:925} INFO - DAG(s) 'dataset_with_extra_by_context', 'dataset_with_extra_by_yield', 'dataset_with_extra_from_classic_operator' retrieved from /home/airflow/.local/lib/python3.12/site-packages/airflow/example_dags/example_outlet_event_extra.py
[2024-12-18T10:00:02.615+0000] {logging_mixin.py:190} INFO - [2024-12-18T10:00:02.615+0000] {dag.py:3239} INFO - Sync 3 DAGs
[2024-12-18T10:00:02.648+0000] {logging_mixin.py:190} INFO - [2024-12-18T10:00:02.647+0000] {dag.py:4180} INFO - Setting next_dagrun for dataset_with_extra_by_context to 2024-12-17 00:00:00+00:00, run_after=2024-12-18 00:00:00+00:00
[2024-12-18T10:00:02.654+0000] {logging_mixin.py:190} INFO - [2024-12-18T10:00:02.654+0000] {dag.py:4180} INFO - Setting next_dagrun for dataset_with_extra_by_yield to 2024-12-17 00:00:00+00:00, run_after=2024-12-18 00:00:00+00:00
[2024-12-18T10:00:02.659+0000] {logging_mixin.py:190} INFO - [2024-12-18T10:00:02.658+0000] {dag.py:4180} INFO - Setting next_dagrun for dataset_with_extra_from_classic_operator to 2024-12-17 00:00:00+00:00, run_after=2024-12-18 00:00:00+00:00
[2024-12-18T10:00:02.685+0000] {processor.py:208} INFO - Processing /home/airflow/.local/lib/python3.12/site-packages/airflow/example_dags/example_outlet_event_extra.py took 0.877 seconds
[2024-12-18T10:00:33.432+0000] {processor.py:186} INFO - Started process (PID=935) to work on /home/airflow/.local/lib/python3.12/site-packages/airflow/example_dags/example_outlet_event_extra.py
[2024-12-18T10:00:33.434+0000] {processor.py:914} INFO - Processing file /home/airflow/.local/lib/python3.12/site-packages/airflow/example_dags/example_outlet_event_extra.py for tasks to queue
[2024-12-18T10:00:33.437+0000] {logging_mixin.py:190} INFO - [2024-12-18T10:00:33.437+0000] {dagbag.py:588} INFO - Filling up the DagBag from /home/airflow/.local/lib/python3.12/site-packages/airflow/example_dags/example_outlet_event_extra.py
[2024-12-18T10:00:34.201+0000] {processor.py:925} INFO - DAG(s) 'dataset_with_extra_from_classic_operator', 'dataset_with_extra_by_context', 'dataset_with_extra_by_yield' retrieved from /home/airflow/.local/lib/python3.12/site-packages/airflow/example_dags/example_outlet_event_extra.py
[2024-12-18T10:00:34.227+0000] {logging_mixin.py:190} INFO - [2024-12-18T10:00:34.227+0000] {dag.py:3239} INFO - Sync 3 DAGs
[2024-12-18T10:00:34.257+0000] {logging_mixin.py:190} INFO - [2024-12-18T10:00:34.257+0000] {dag.py:4180} INFO - Setting next_dagrun for dataset_with_extra_by_context to 2024-12-17 00:00:00+00:00, run_after=2024-12-18 00:00:00+00:00
[2024-12-18T10:00:34.264+0000] {logging_mixin.py:190} INFO - [2024-12-18T10:00:34.264+0000] {dag.py:4180} INFO - Setting next_dagrun for dataset_with_extra_by_yield to 2024-12-17 00:00:00+00:00, run_after=2024-12-18 00:00:00+00:00
[2024-12-18T10:00:34.269+0000] {logging_mixin.py:190} INFO - [2024-12-18T10:00:34.268+0000] {dag.py:4180} INFO - Setting next_dagrun for dataset_with_extra_from_classic_operator to 2024-12-17 00:00:00+00:00, run_after=2024-12-18 00:00:00+00:00
[2024-12-18T10:00:34.291+0000] {processor.py:208} INFO - Processing /home/airflow/.local/lib/python3.12/site-packages/airflow/example_dags/example_outlet_event_extra.py took 0.871 seconds
[2024-12-18T10:01:04.901+0000] {processor.py:186} INFO - Started process (PID=999) to work on /home/airflow/.local/lib/python3.12/site-packages/airflow/example_dags/example_outlet_event_extra.py
[2024-12-18T10:01:04.902+0000] {processor.py:914} INFO - Processing file /home/airflow/.local/lib/python3.12/site-packages/airflow/example_dags/example_outlet_event_extra.py for tasks to queue
[2024-12-18T10:01:04.905+0000] {logging_mixin.py:190} INFO - [2024-12-18T10:01:04.904+0000] {dagbag.py:588} INFO - Filling up the DagBag from /home/airflow/.local/lib/python3.12/site-packages/airflow/example_dags/example_outlet_event_extra.py
[2024-12-18T10:01:05.485+0000] {processor.py:925} INFO - DAG(s) 'dataset_with_extra_from_classic_operator', 'dataset_with_extra_by_context', 'dataset_with_extra_by_yield' retrieved from /home/airflow/.local/lib/python3.12/site-packages/airflow/example_dags/example_outlet_event_extra.py
[2024-12-18T10:01:05.506+0000] {logging_mixin.py:190} INFO - [2024-12-18T10:01:05.506+0000] {dag.py:3239} INFO - Sync 3 DAGs
[2024-12-18T10:01:05.529+0000] {logging_mixin.py:190} INFO - [2024-12-18T10:01:05.529+0000] {dag.py:4180} INFO - Setting next_dagrun for dataset_with_extra_by_context to 2024-12-17 00:00:00+00:00, run_after=2024-12-18 00:00:00+00:00
[2024-12-18T10:01:05.534+0000] {logging_mixin.py:190} INFO - [2024-12-18T10:01:05.534+0000] {dag.py:4180} INFO - Setting next_dagrun for dataset_with_extra_by_yield to 2024-12-17 00:00:00+00:00, run_after=2024-12-18 00:00:00+00:00
[2024-12-18T10:01:05.536+0000] {logging_mixin.py:190} INFO - [2024-12-18T10:01:05.536+0000] {dag.py:4180} INFO - Setting next_dagrun for dataset_with_extra_from_classic_operator to 2024-12-17 00:00:00+00:00, run_after=2024-12-18 00:00:00+00:00
[2024-12-18T10:01:05.553+0000] {processor.py:208} INFO - Processing /home/airflow/.local/lib/python3.12/site-packages/airflow/example_dags/example_outlet_event_extra.py took 0.660 seconds
[2024-12-18T10:05:20.589+0000] {processor.py:186} INFO - Started process (PID=69) to work on /home/airflow/.local/lib/python3.12/site-packages/airflow/example_dags/example_outlet_event_extra.py
[2024-12-18T10:05:20.590+0000] {processor.py:914} INFO - Processing file /home/airflow/.local/lib/python3.12/site-packages/airflow/example_dags/example_outlet_event_extra.py for tasks to queue
[2024-12-18T10:05:20.593+0000] {logging_mixin.py:190} INFO - [2024-12-18T10:05:20.592+0000] {dagbag.py:588} INFO - Filling up the DagBag from /home/airflow/.local/lib/python3.12/site-packages/airflow/example_dags/example_outlet_event_extra.py
[2024-12-18T10:05:22.395+0000] {processor.py:925} INFO - DAG(s) 'dataset_with_extra_by_yield', 'dataset_with_extra_by_context', 'dataset_with_extra_from_classic_operator' retrieved from /home/airflow/.local/lib/python3.12/site-packages/airflow/example_dags/example_outlet_event_extra.py
[2024-12-18T10:05:22.421+0000] {logging_mixin.py:190} INFO - [2024-12-18T10:05:22.421+0000] {dag.py:3239} INFO - Sync 3 DAGs
[2024-12-18T10:05:22.442+0000] {logging_mixin.py:190} INFO - [2024-12-18T10:05:22.442+0000] {dag.py:4180} INFO - Setting next_dagrun for dataset_with_extra_by_context to 2024-12-17 00:00:00+00:00, run_after=2024-12-18 00:00:00+00:00
[2024-12-18T10:05:22.447+0000] {logging_mixin.py:190} INFO - [2024-12-18T10:05:22.447+0000] {dag.py:4180} INFO - Setting next_dagrun for dataset_with_extra_by_yield to 2024-12-17 00:00:00+00:00, run_after=2024-12-18 00:00:00+00:00
[2024-12-18T10:05:22.449+0000] {logging_mixin.py:190} INFO - [2024-12-18T10:05:22.449+0000] {dag.py:4180} INFO - Setting next_dagrun for dataset_with_extra_from_classic_operator to 2024-12-17 00:00:00+00:00, run_after=2024-12-18 00:00:00+00:00
[2024-12-18T10:05:22.466+0000] {processor.py:208} INFO - Processing /home/airflow/.local/lib/python3.12/site-packages/airflow/example_dags/example_outlet_event_extra.py took 1.883 seconds
[2024-12-18T10:05:53.016+0000] {processor.py:186} INFO - Started process (PID=142) to work on /home/airflow/.local/lib/python3.12/site-packages/airflow/example_dags/example_outlet_event_extra.py
[2024-12-18T10:05:53.017+0000] {processor.py:914} INFO - Processing file /home/airflow/.local/lib/python3.12/site-packages/airflow/example_dags/example_outlet_event_extra.py for tasks to queue
[2024-12-18T10:05:53.018+0000] {logging_mixin.py:190} INFO - [2024-12-18T10:05:53.018+0000] {dagbag.py:588} INFO - Filling up the DagBag from /home/airflow/.local/lib/python3.12/site-packages/airflow/example_dags/example_outlet_event_extra.py
[2024-12-18T10:05:53.547+0000] {processor.py:925} INFO - DAG(s) 'dataset_with_extra_from_classic_operator', 'dataset_with_extra_by_yield', 'dataset_with_extra_by_context' retrieved from /home/airflow/.local/lib/python3.12/site-packages/airflow/example_dags/example_outlet_event_extra.py
[2024-12-18T10:05:53.569+0000] {logging_mixin.py:190} INFO - [2024-12-18T10:05:53.568+0000] {dag.py:3239} INFO - Sync 3 DAGs
[2024-12-18T10:05:53.591+0000] {logging_mixin.py:190} INFO - [2024-12-18T10:05:53.591+0000] {dag.py:4180} INFO - Setting next_dagrun for dataset_with_extra_by_context to 2024-12-17 00:00:00+00:00, run_after=2024-12-18 00:00:00+00:00
[2024-12-18T10:05:53.597+0000] {logging_mixin.py:190} INFO - [2024-12-18T10:05:53.597+0000] {dag.py:4180} INFO - Setting next_dagrun for dataset_with_extra_by_yield to 2024-12-17 00:00:00+00:00, run_after=2024-12-18 00:00:00+00:00
[2024-12-18T10:05:53.599+0000] {logging_mixin.py:190} INFO - [2024-12-18T10:05:53.599+0000] {dag.py:4180} INFO - Setting next_dagrun for dataset_with_extra_from_classic_operator to 2024-12-17 00:00:00+00:00, run_after=2024-12-18 00:00:00+00:00
[2024-12-18T10:05:53.615+0000] {processor.py:208} INFO - Processing /home/airflow/.local/lib/python3.12/site-packages/airflow/example_dags/example_outlet_event_extra.py took 0.604 seconds
[2024-12-18T10:06:24.619+0000] {processor.py:186} INFO - Started process (PID=205) to work on /home/airflow/.local/lib/python3.12/site-packages/airflow/example_dags/example_outlet_event_extra.py
[2024-12-18T10:06:24.625+0000] {processor.py:914} INFO - Processing file /home/airflow/.local/lib/python3.12/site-packages/airflow/example_dags/example_outlet_event_extra.py for tasks to queue
[2024-12-18T10:06:24.626+0000] {logging_mixin.py:190} INFO - [2024-12-18T10:06:24.626+0000] {dagbag.py:588} INFO - Filling up the DagBag from /home/airflow/.local/lib/python3.12/site-packages/airflow/example_dags/example_outlet_event_extra.py
[2024-12-18T10:06:25.285+0000] {processor.py:925} INFO - DAG(s) 'dataset_with_extra_by_context', 'dataset_with_extra_by_yield', 'dataset_with_extra_from_classic_operator' retrieved from /home/airflow/.local/lib/python3.12/site-packages/airflow/example_dags/example_outlet_event_extra.py
[2024-12-18T10:06:25.307+0000] {logging_mixin.py:190} INFO - [2024-12-18T10:06:25.307+0000] {dag.py:3239} INFO - Sync 3 DAGs
[2024-12-18T10:06:25.330+0000] {logging_mixin.py:190} INFO - [2024-12-18T10:06:25.330+0000] {dag.py:4180} INFO - Setting next_dagrun for dataset_with_extra_by_context to 2024-12-17 00:00:00+00:00, run_after=2024-12-18 00:00:00+00:00
[2024-12-18T10:06:25.335+0000] {logging_mixin.py:190} INFO - [2024-12-18T10:06:25.335+0000] {dag.py:4180} INFO - Setting next_dagrun for dataset_with_extra_by_yield to 2024-12-17 00:00:00+00:00, run_after=2024-12-18 00:00:00+00:00
[2024-12-18T10:06:25.338+0000] {logging_mixin.py:190} INFO - [2024-12-18T10:06:25.338+0000] {dag.py:4180} INFO - Setting next_dagrun for dataset_with_extra_from_classic_operator to 2024-12-17 00:00:00+00:00, run_after=2024-12-18 00:00:00+00:00
[2024-12-18T10:06:25.355+0000] {processor.py:208} INFO - Processing /home/airflow/.local/lib/python3.12/site-packages/airflow/example_dags/example_outlet_event_extra.py took 0.745 seconds
[2024-12-18T10:06:55.489+0000] {processor.py:186} INFO - Started process (PID=277) to work on /home/airflow/.local/lib/python3.12/site-packages/airflow/example_dags/example_outlet_event_extra.py
[2024-12-18T10:06:55.493+0000] {processor.py:914} INFO - Processing file /home/airflow/.local/lib/python3.12/site-packages/airflow/example_dags/example_outlet_event_extra.py for tasks to queue
[2024-12-18T10:06:55.496+0000] {logging_mixin.py:190} INFO - [2024-12-18T10:06:55.495+0000] {dagbag.py:588} INFO - Filling up the DagBag from /home/airflow/.local/lib/python3.12/site-packages/airflow/example_dags/example_outlet_event_extra.py
[2024-12-18T10:06:56.162+0000] {processor.py:925} INFO - DAG(s) 'dataset_with_extra_by_context', 'dataset_with_extra_from_classic_operator', 'dataset_with_extra_by_yield' retrieved from /home/airflow/.local/lib/python3.12/site-packages/airflow/example_dags/example_outlet_event_extra.py
[2024-12-18T10:06:56.189+0000] {logging_mixin.py:190} INFO - [2024-12-18T10:06:56.189+0000] {dag.py:3239} INFO - Sync 3 DAGs
[2024-12-18T10:06:56.215+0000] {logging_mixin.py:190} INFO - [2024-12-18T10:06:56.215+0000] {dag.py:4180} INFO - Setting next_dagrun for dataset_with_extra_by_context to 2024-12-17 00:00:00+00:00, run_after=2024-12-18 00:00:00+00:00
[2024-12-18T10:06:56.221+0000] {logging_mixin.py:190} INFO - [2024-12-18T10:06:56.221+0000] {dag.py:4180} INFO - Setting next_dagrun for dataset_with_extra_by_yield to 2024-12-17 00:00:00+00:00, run_after=2024-12-18 00:00:00+00:00
[2024-12-18T10:06:56.224+0000] {logging_mixin.py:190} INFO - [2024-12-18T10:06:56.224+0000] {dag.py:4180} INFO - Setting next_dagrun for dataset_with_extra_from_classic_operator to 2024-12-17 00:00:00+00:00, run_after=2024-12-18 00:00:00+00:00
[2024-12-18T10:06:56.246+0000] {processor.py:208} INFO - Processing /home/airflow/.local/lib/python3.12/site-packages/airflow/example_dags/example_outlet_event_extra.py took 0.782 seconds
[2024-12-18T10:07:27.267+0000] {processor.py:186} INFO - Started process (PID=340) to work on /home/airflow/.local/lib/python3.12/site-packages/airflow/example_dags/example_outlet_event_extra.py
[2024-12-18T10:07:27.268+0000] {processor.py:914} INFO - Processing file /home/airflow/.local/lib/python3.12/site-packages/airflow/example_dags/example_outlet_event_extra.py for tasks to queue
[2024-12-18T10:07:27.270+0000] {logging_mixin.py:190} INFO - [2024-12-18T10:07:27.269+0000] {dagbag.py:588} INFO - Filling up the DagBag from /home/airflow/.local/lib/python3.12/site-packages/airflow/example_dags/example_outlet_event_extra.py
[2024-12-18T10:07:27.846+0000] {processor.py:925} INFO - DAG(s) 'dataset_with_extra_by_yield', 'dataset_with_extra_from_classic_operator', 'dataset_with_extra_by_context' retrieved from /home/airflow/.local/lib/python3.12/site-packages/airflow/example_dags/example_outlet_event_extra.py
[2024-12-18T10:07:27.868+0000] {logging_mixin.py:190} INFO - [2024-12-18T10:07:27.868+0000] {dag.py:3239} INFO - Sync 3 DAGs
[2024-12-18T10:07:27.892+0000] {logging_mixin.py:190} INFO - [2024-12-18T10:07:27.892+0000] {dag.py:4180} INFO - Setting next_dagrun for dataset_with_extra_by_context to 2024-12-17 00:00:00+00:00, run_after=2024-12-18 00:00:00+00:00
[2024-12-18T10:07:27.897+0000] {logging_mixin.py:190} INFO - [2024-12-18T10:07:27.897+0000] {dag.py:4180} INFO - Setting next_dagrun for dataset_with_extra_by_yield to 2024-12-17 00:00:00+00:00, run_after=2024-12-18 00:00:00+00:00
[2024-12-18T10:07:27.900+0000] {logging_mixin.py:190} INFO - [2024-12-18T10:07:27.900+0000] {dag.py:4180} INFO - Setting next_dagrun for dataset_with_extra_from_classic_operator to 2024-12-17 00:00:00+00:00, run_after=2024-12-18 00:00:00+00:00
[2024-12-18T10:07:27.916+0000] {processor.py:208} INFO - Processing /home/airflow/.local/lib/python3.12/site-packages/airflow/example_dags/example_outlet_event_extra.py took 0.658 seconds
[2024-12-18T10:07:58.419+0000] {processor.py:186} INFO - Started process (PID=412) to work on /home/airflow/.local/lib/python3.12/site-packages/airflow/example_dags/example_outlet_event_extra.py
[2024-12-18T10:07:58.420+0000] {processor.py:914} INFO - Processing file /home/airflow/.local/lib/python3.12/site-packages/airflow/example_dags/example_outlet_event_extra.py for tasks to queue
[2024-12-18T10:07:58.421+0000] {logging_mixin.py:190} INFO - [2024-12-18T10:07:58.421+0000] {dagbag.py:588} INFO - Filling up the DagBag from /home/airflow/.local/lib/python3.12/site-packages/airflow/example_dags/example_outlet_event_extra.py
[2024-12-18T10:07:59.063+0000] {processor.py:925} INFO - DAG(s) 'dataset_with_extra_from_classic_operator', 'dataset_with_extra_by_context', 'dataset_with_extra_by_yield' retrieved from /home/airflow/.local/lib/python3.12/site-packages/airflow/example_dags/example_outlet_event_extra.py
[2024-12-18T10:07:59.085+0000] {logging_mixin.py:190} INFO - [2024-12-18T10:07:59.085+0000] {dag.py:3239} INFO - Sync 3 DAGs
[2024-12-18T10:07:59.107+0000] {logging_mixin.py:190} INFO - [2024-12-18T10:07:59.107+0000] {dag.py:4180} INFO - Setting next_dagrun for dataset_with_extra_by_context to 2024-12-17 00:00:00+00:00, run_after=2024-12-18 00:00:00+00:00
[2024-12-18T10:07:59.112+0000] {logging_mixin.py:190} INFO - [2024-12-18T10:07:59.111+0000] {dag.py:4180} INFO - Setting next_dagrun for dataset_with_extra_by_yield to 2024-12-17 00:00:00+00:00, run_after=2024-12-18 00:00:00+00:00
[2024-12-18T10:07:59.114+0000] {logging_mixin.py:190} INFO - [2024-12-18T10:07:59.114+0000] {dag.py:4180} INFO - Setting next_dagrun for dataset_with_extra_from_classic_operator to 2024-12-17 00:00:00+00:00, run_after=2024-12-18 00:00:00+00:00
[2024-12-18T10:07:59.129+0000] {processor.py:208} INFO - Processing /home/airflow/.local/lib/python3.12/site-packages/airflow/example_dags/example_outlet_event_extra.py took 0.716 seconds
[2024-12-18T10:08:29.694+0000] {processor.py:186} INFO - Started process (PID=475) to work on /home/airflow/.local/lib/python3.12/site-packages/airflow/example_dags/example_outlet_event_extra.py
[2024-12-18T10:08:29.699+0000] {processor.py:914} INFO - Processing file /home/airflow/.local/lib/python3.12/site-packages/airflow/example_dags/example_outlet_event_extra.py for tasks to queue
[2024-12-18T10:08:29.700+0000] {logging_mixin.py:190} INFO - [2024-12-18T10:08:29.700+0000] {dagbag.py:588} INFO - Filling up the DagBag from /home/airflow/.local/lib/python3.12/site-packages/airflow/example_dags/example_outlet_event_extra.py
[2024-12-18T10:08:30.254+0000] {processor.py:925} INFO - DAG(s) 'dataset_with_extra_by_context', 'dataset_with_extra_from_classic_operator', 'dataset_with_extra_by_yield' retrieved from /home/airflow/.local/lib/python3.12/site-packages/airflow/example_dags/example_outlet_event_extra.py
[2024-12-18T10:08:30.273+0000] {logging_mixin.py:190} INFO - [2024-12-18T10:08:30.273+0000] {dag.py:3239} INFO - Sync 3 DAGs
[2024-12-18T10:08:30.294+0000] {logging_mixin.py:190} INFO - [2024-12-18T10:08:30.294+0000] {dag.py:4180} INFO - Setting next_dagrun for dataset_with_extra_by_context to 2024-12-17 00:00:00+00:00, run_after=2024-12-18 00:00:00+00:00
[2024-12-18T10:08:30.298+0000] {logging_mixin.py:190} INFO - [2024-12-18T10:08:30.298+0000] {dag.py:4180} INFO - Setting next_dagrun for dataset_with_extra_by_yield to 2024-12-17 00:00:00+00:00, run_after=2024-12-18 00:00:00+00:00
[2024-12-18T10:08:30.301+0000] {logging_mixin.py:190} INFO - [2024-12-18T10:08:30.300+0000] {dag.py:4180} INFO - Setting next_dagrun for dataset_with_extra_from_classic_operator to 2024-12-17 00:00:00+00:00, run_after=2024-12-18 00:00:00+00:00
[2024-12-18T10:08:30.319+0000] {processor.py:208} INFO - Processing /home/airflow/.local/lib/python3.12/site-packages/airflow/example_dags/example_outlet_event_extra.py took 0.629 seconds
[2024-12-18T10:09:01.190+0000] {processor.py:186} INFO - Started process (PID=545) to work on /home/airflow/.local/lib/python3.12/site-packages/airflow/example_dags/example_outlet_event_extra.py
[2024-12-18T10:09:01.196+0000] {processor.py:914} INFO - Processing file /home/airflow/.local/lib/python3.12/site-packages/airflow/example_dags/example_outlet_event_extra.py for tasks to queue
[2024-12-18T10:09:01.201+0000] {logging_mixin.py:190} INFO - [2024-12-18T10:09:01.199+0000] {dagbag.py:588} INFO - Filling up the DagBag from /home/airflow/.local/lib/python3.12/site-packages/airflow/example_dags/example_outlet_event_extra.py
[2024-12-18T10:09:01.816+0000] {processor.py:925} INFO - DAG(s) 'dataset_with_extra_from_classic_operator', 'dataset_with_extra_by_yield', 'dataset_with_extra_by_context' retrieved from /home/airflow/.local/lib/python3.12/site-packages/airflow/example_dags/example_outlet_event_extra.py
[2024-12-18T10:09:01.836+0000] {logging_mixin.py:190} INFO - [2024-12-18T10:09:01.836+0000] {dag.py:3239} INFO - Sync 3 DAGs
[2024-12-18T10:09:01.859+0000] {logging_mixin.py:190} INFO - [2024-12-18T10:09:01.859+0000] {dag.py:4180} INFO - Setting next_dagrun for dataset_with_extra_by_context to 2024-12-17 00:00:00+00:00, run_after=2024-12-18 00:00:00+00:00
[2024-12-18T10:09:01.864+0000] {logging_mixin.py:190} INFO - [2024-12-18T10:09:01.864+0000] {dag.py:4180} INFO - Setting next_dagrun for dataset_with_extra_by_yield to 2024-12-17 00:00:00+00:00, run_after=2024-12-18 00:00:00+00:00
[2024-12-18T10:09:01.867+0000] {logging_mixin.py:190} INFO - [2024-12-18T10:09:01.867+0000] {dag.py:4180} INFO - Setting next_dagrun for dataset_with_extra_from_classic_operator to 2024-12-17 00:00:00+00:00, run_after=2024-12-18 00:00:00+00:00
[2024-12-18T10:09:01.892+0000] {processor.py:208} INFO - Processing /home/airflow/.local/lib/python3.12/site-packages/airflow/example_dags/example_outlet_event_extra.py took 0.711 seconds
[2024-12-18T10:09:32.531+0000] {processor.py:186} INFO - Started process (PID=607) to work on /home/airflow/.local/lib/python3.12/site-packages/airflow/example_dags/example_outlet_event_extra.py
[2024-12-18T10:09:32.532+0000] {processor.py:914} INFO - Processing file /home/airflow/.local/lib/python3.12/site-packages/airflow/example_dags/example_outlet_event_extra.py for tasks to queue
[2024-12-18T10:09:32.534+0000] {logging_mixin.py:190} INFO - [2024-12-18T10:09:32.533+0000] {dagbag.py:588} INFO - Filling up the DagBag from /home/airflow/.local/lib/python3.12/site-packages/airflow/example_dags/example_outlet_event_extra.py
[2024-12-18T10:09:33.137+0000] {processor.py:925} INFO - DAG(s) 'dataset_with_extra_from_classic_operator', 'dataset_with_extra_by_yield', 'dataset_with_extra_by_context' retrieved from /home/airflow/.local/lib/python3.12/site-packages/airflow/example_dags/example_outlet_event_extra.py
[2024-12-18T10:09:33.160+0000] {logging_mixin.py:190} INFO - [2024-12-18T10:09:33.160+0000] {dag.py:3239} INFO - Sync 3 DAGs
[2024-12-18T10:09:33.184+0000] {logging_mixin.py:190} INFO - [2024-12-18T10:09:33.184+0000] {dag.py:4180} INFO - Setting next_dagrun for dataset_with_extra_by_context to 2024-12-17 00:00:00+00:00, run_after=2024-12-18 00:00:00+00:00
[2024-12-18T10:09:33.189+0000] {logging_mixin.py:190} INFO - [2024-12-18T10:09:33.189+0000] {dag.py:4180} INFO - Setting next_dagrun for dataset_with_extra_by_yield to 2024-12-17 00:00:00+00:00, run_after=2024-12-18 00:00:00+00:00
[2024-12-18T10:09:33.193+0000] {logging_mixin.py:190} INFO - [2024-12-18T10:09:33.193+0000] {dag.py:4180} INFO - Setting next_dagrun for dataset_with_extra_from_classic_operator to 2024-12-17 00:00:00+00:00, run_after=2024-12-18 00:00:00+00:00
[2024-12-18T10:09:33.211+0000] {processor.py:208} INFO - Processing /home/airflow/.local/lib/python3.12/site-packages/airflow/example_dags/example_outlet_event_extra.py took 0.689 seconds
[2024-12-18T10:10:03.676+0000] {processor.py:186} INFO - Started process (PID=673) to work on /home/airflow/.local/lib/python3.12/site-packages/airflow/example_dags/example_outlet_event_extra.py
[2024-12-18T10:10:03.678+0000] {processor.py:914} INFO - Processing file /home/airflow/.local/lib/python3.12/site-packages/airflow/example_dags/example_outlet_event_extra.py for tasks to queue
[2024-12-18T10:10:03.680+0000] {logging_mixin.py:190} INFO - [2024-12-18T10:10:03.679+0000] {dagbag.py:588} INFO - Filling up the DagBag from /home/airflow/.local/lib/python3.12/site-packages/airflow/example_dags/example_outlet_event_extra.py
[2024-12-18T10:10:04.247+0000] {processor.py:925} INFO - DAG(s) 'dataset_with_extra_from_classic_operator', 'dataset_with_extra_by_yield', 'dataset_with_extra_by_context' retrieved from /home/airflow/.local/lib/python3.12/site-packages/airflow/example_dags/example_outlet_event_extra.py
[2024-12-18T10:10:04.267+0000] {logging_mixin.py:190} INFO - [2024-12-18T10:10:04.267+0000] {dag.py:3239} INFO - Sync 3 DAGs
[2024-12-18T10:10:04.290+0000] {logging_mixin.py:190} INFO - [2024-12-18T10:10:04.289+0000] {dag.py:4180} INFO - Setting next_dagrun for dataset_with_extra_by_context to 2024-12-17 00:00:00+00:00, run_after=2024-12-18 00:00:00+00:00
[2024-12-18T10:10:04.294+0000] {logging_mixin.py:190} INFO - [2024-12-18T10:10:04.294+0000] {dag.py:4180} INFO - Setting next_dagrun for dataset_with_extra_by_yield to 2024-12-17 00:00:00+00:00, run_after=2024-12-18 00:00:00+00:00
[2024-12-18T10:10:04.296+0000] {logging_mixin.py:190} INFO - [2024-12-18T10:10:04.296+0000] {dag.py:4180} INFO - Setting next_dagrun for dataset_with_extra_from_classic_operator to 2024-12-17 00:00:00+00:00, run_after=2024-12-18 00:00:00+00:00
[2024-12-18T10:10:04.311+0000] {processor.py:208} INFO - Processing /home/airflow/.local/lib/python3.12/site-packages/airflow/example_dags/example_outlet_event_extra.py took 0.645 seconds
[2024-12-18T10:10:35.054+0000] {processor.py:186} INFO - Started process (PID=736) to work on /home/airflow/.local/lib/python3.12/site-packages/airflow/example_dags/example_outlet_event_extra.py
[2024-12-18T10:10:35.055+0000] {processor.py:914} INFO - Processing file /home/airflow/.local/lib/python3.12/site-packages/airflow/example_dags/example_outlet_event_extra.py for tasks to queue
[2024-12-18T10:10:35.056+0000] {logging_mixin.py:190} INFO - [2024-12-18T10:10:35.056+0000] {dagbag.py:588} INFO - Filling up the DagBag from /home/airflow/.local/lib/python3.12/site-packages/airflow/example_dags/example_outlet_event_extra.py
[2024-12-18T10:10:35.624+0000] {processor.py:925} INFO - DAG(s) 'dataset_with_extra_by_yield', 'dataset_with_extra_from_classic_operator', 'dataset_with_extra_by_context' retrieved from /home/airflow/.local/lib/python3.12/site-packages/airflow/example_dags/example_outlet_event_extra.py
[2024-12-18T10:10:35.652+0000] {logging_mixin.py:190} INFO - [2024-12-18T10:10:35.651+0000] {dag.py:3239} INFO - Sync 3 DAGs
[2024-12-18T10:10:35.693+0000] {logging_mixin.py:190} INFO - [2024-12-18T10:10:35.693+0000] {dag.py:4180} INFO - Setting next_dagrun for dataset_with_extra_by_context to 2024-12-17 00:00:00+00:00, run_after=2024-12-18 00:00:00+00:00
[2024-12-18T10:10:35.701+0000] {logging_mixin.py:190} INFO - [2024-12-18T10:10:35.701+0000] {dag.py:4180} INFO - Setting next_dagrun for dataset_with_extra_by_yield to 2024-12-17 00:00:00+00:00, run_after=2024-12-18 00:00:00+00:00
[2024-12-18T10:10:35.705+0000] {logging_mixin.py:190} INFO - [2024-12-18T10:10:35.705+0000] {dag.py:4180} INFO - Setting next_dagrun for dataset_with_extra_from_classic_operator to 2024-12-17 00:00:00+00:00, run_after=2024-12-18 00:00:00+00:00
[2024-12-18T10:10:35.734+0000] {processor.py:208} INFO - Processing /home/airflow/.local/lib/python3.12/site-packages/airflow/example_dags/example_outlet_event_extra.py took 0.689 seconds
[2024-12-18T10:11:06.556+0000] {processor.py:186} INFO - Started process (PID=806) to work on /home/airflow/.local/lib/python3.12/site-packages/airflow/example_dags/example_outlet_event_extra.py
[2024-12-18T10:11:06.558+0000] {processor.py:914} INFO - Processing file /home/airflow/.local/lib/python3.12/site-packages/airflow/example_dags/example_outlet_event_extra.py for tasks to queue
[2024-12-18T10:11:06.561+0000] {logging_mixin.py:190} INFO - [2024-12-18T10:11:06.560+0000] {dagbag.py:588} INFO - Filling up the DagBag from /home/airflow/.local/lib/python3.12/site-packages/airflow/example_dags/example_outlet_event_extra.py
[2024-12-18T10:11:07.156+0000] {processor.py:925} INFO - DAG(s) 'dataset_with_extra_by_yield', 'dataset_with_extra_by_context', 'dataset_with_extra_from_classic_operator' retrieved from /home/airflow/.local/lib/python3.12/site-packages/airflow/example_dags/example_outlet_event_extra.py
[2024-12-18T10:11:07.177+0000] {logging_mixin.py:190} INFO - [2024-12-18T10:11:07.177+0000] {dag.py:3239} INFO - Sync 3 DAGs
[2024-12-18T10:11:07.198+0000] {logging_mixin.py:190} INFO - [2024-12-18T10:11:07.198+0000] {dag.py:4180} INFO - Setting next_dagrun for dataset_with_extra_by_context to 2024-12-17 00:00:00+00:00, run_after=2024-12-18 00:00:00+00:00
[2024-12-18T10:11:07.202+0000] {logging_mixin.py:190} INFO - [2024-12-18T10:11:07.202+0000] {dag.py:4180} INFO - Setting next_dagrun for dataset_with_extra_by_yield to 2024-12-17 00:00:00+00:00, run_after=2024-12-18 00:00:00+00:00
[2024-12-18T10:11:07.204+0000] {logging_mixin.py:190} INFO - [2024-12-18T10:11:07.204+0000] {dag.py:4180} INFO - Setting next_dagrun for dataset_with_extra_from_classic_operator to 2024-12-17 00:00:00+00:00, run_after=2024-12-18 00:00:00+00:00
[2024-12-18T10:11:07.220+0000] {processor.py:208} INFO - Processing /home/airflow/.local/lib/python3.12/site-packages/airflow/example_dags/example_outlet_event_extra.py took 0.677 seconds
[2024-12-18T10:11:37.670+0000] {processor.py:186} INFO - Started process (PID=869) to work on /home/airflow/.local/lib/python3.12/site-packages/airflow/example_dags/example_outlet_event_extra.py
[2024-12-18T10:11:37.672+0000] {processor.py:914} INFO - Processing file /home/airflow/.local/lib/python3.12/site-packages/airflow/example_dags/example_outlet_event_extra.py for tasks to queue
[2024-12-18T10:11:37.675+0000] {logging_mixin.py:190} INFO - [2024-12-18T10:11:37.674+0000] {dagbag.py:588} INFO - Filling up the DagBag from /home/airflow/.local/lib/python3.12/site-packages/airflow/example_dags/example_outlet_event_extra.py
[2024-12-18T10:11:38.220+0000] {processor.py:925} INFO - DAG(s) 'dataset_with_extra_from_classic_operator', 'dataset_with_extra_by_yield', 'dataset_with_extra_by_context' retrieved from /home/airflow/.local/lib/python3.12/site-packages/airflow/example_dags/example_outlet_event_extra.py
[2024-12-18T10:11:38.239+0000] {logging_mixin.py:190} INFO - [2024-12-18T10:11:38.239+0000] {dag.py:3239} INFO - Sync 3 DAGs
[2024-12-18T10:11:38.259+0000] {logging_mixin.py:190} INFO - [2024-12-18T10:11:38.259+0000] {dag.py:4180} INFO - Setting next_dagrun for dataset_with_extra_by_context to 2024-12-17 00:00:00+00:00, run_after=2024-12-18 00:00:00+00:00
[2024-12-18T10:11:38.263+0000] {logging_mixin.py:190} INFO - [2024-12-18T10:11:38.263+0000] {dag.py:4180} INFO - Setting next_dagrun for dataset_with_extra_by_yield to 2024-12-17 00:00:00+00:00, run_after=2024-12-18 00:00:00+00:00
[2024-12-18T10:11:38.266+0000] {logging_mixin.py:190} INFO - [2024-12-18T10:11:38.265+0000] {dag.py:4180} INFO - Setting next_dagrun for dataset_with_extra_from_classic_operator to 2024-12-17 00:00:00+00:00, run_after=2024-12-18 00:00:00+00:00
[2024-12-18T10:11:38.286+0000] {processor.py:208} INFO - Processing /home/airflow/.local/lib/python3.12/site-packages/airflow/example_dags/example_outlet_event_extra.py took 0.629 seconds
[2024-12-18T10:12:08.739+0000] {processor.py:186} INFO - Started process (PID=935) to work on /home/airflow/.local/lib/python3.12/site-packages/airflow/example_dags/example_outlet_event_extra.py
[2024-12-18T10:12:08.740+0000] {processor.py:914} INFO - Processing file /home/airflow/.local/lib/python3.12/site-packages/airflow/example_dags/example_outlet_event_extra.py for tasks to queue
[2024-12-18T10:12:08.741+0000] {logging_mixin.py:190} INFO - [2024-12-18T10:12:08.741+0000] {dagbag.py:588} INFO - Filling up the DagBag from /home/airflow/.local/lib/python3.12/site-packages/airflow/example_dags/example_outlet_event_extra.py
[2024-12-18T10:12:09.343+0000] {processor.py:925} INFO - DAG(s) 'dataset_with_extra_from_classic_operator', 'dataset_with_extra_by_yield', 'dataset_with_extra_by_context' retrieved from /home/airflow/.local/lib/python3.12/site-packages/airflow/example_dags/example_outlet_event_extra.py
[2024-12-18T10:12:09.365+0000] {logging_mixin.py:190} INFO - [2024-12-18T10:12:09.365+0000] {dag.py:3239} INFO - Sync 3 DAGs
[2024-12-18T10:12:09.387+0000] {logging_mixin.py:190} INFO - [2024-12-18T10:12:09.386+0000] {dag.py:4180} INFO - Setting next_dagrun for dataset_with_extra_by_context to 2024-12-17 00:00:00+00:00, run_after=2024-12-18 00:00:00+00:00
[2024-12-18T10:12:09.391+0000] {logging_mixin.py:190} INFO - [2024-12-18T10:12:09.391+0000] {dag.py:4180} INFO - Setting next_dagrun for dataset_with_extra_by_yield to 2024-12-17 00:00:00+00:00, run_after=2024-12-18 00:00:00+00:00
[2024-12-18T10:12:09.393+0000] {logging_mixin.py:190} INFO - [2024-12-18T10:12:09.393+0000] {dag.py:4180} INFO - Setting next_dagrun for dataset_with_extra_from_classic_operator to 2024-12-17 00:00:00+00:00, run_after=2024-12-18 00:00:00+00:00
[2024-12-18T10:12:09.420+0000] {processor.py:208} INFO - Processing /home/airflow/.local/lib/python3.12/site-packages/airflow/example_dags/example_outlet_event_extra.py took 0.689 seconds
[2024-12-18T10:12:40.096+0000] {processor.py:186} INFO - Started process (PID=998) to work on /home/airflow/.local/lib/python3.12/site-packages/airflow/example_dags/example_outlet_event_extra.py
[2024-12-18T10:12:40.097+0000] {processor.py:914} INFO - Processing file /home/airflow/.local/lib/python3.12/site-packages/airflow/example_dags/example_outlet_event_extra.py for tasks to queue
[2024-12-18T10:12:40.099+0000] {logging_mixin.py:190} INFO - [2024-12-18T10:12:40.098+0000] {dagbag.py:588} INFO - Filling up the DagBag from /home/airflow/.local/lib/python3.12/site-packages/airflow/example_dags/example_outlet_event_extra.py
[2024-12-18T10:12:40.829+0000] {processor.py:925} INFO - DAG(s) 'dataset_with_extra_by_context', 'dataset_with_extra_from_classic_operator', 'dataset_with_extra_by_yield' retrieved from /home/airflow/.local/lib/python3.12/site-packages/airflow/example_dags/example_outlet_event_extra.py
[2024-12-18T10:12:40.855+0000] {logging_mixin.py:190} INFO - [2024-12-18T10:12:40.854+0000] {dag.py:3239} INFO - Sync 3 DAGs
[2024-12-18T10:12:40.886+0000] {logging_mixin.py:190} INFO - [2024-12-18T10:12:40.886+0000] {dag.py:4180} INFO - Setting next_dagrun for dataset_with_extra_by_context to 2024-12-17 00:00:00+00:00, run_after=2024-12-18 00:00:00+00:00
[2024-12-18T10:12:40.894+0000] {logging_mixin.py:190} INFO - [2024-12-18T10:12:40.894+0000] {dag.py:4180} INFO - Setting next_dagrun for dataset_with_extra_by_yield to 2024-12-17 00:00:00+00:00, run_after=2024-12-18 00:00:00+00:00
[2024-12-18T10:12:40.897+0000] {logging_mixin.py:190} INFO - [2024-12-18T10:12:40.897+0000] {dag.py:4180} INFO - Setting next_dagrun for dataset_with_extra_from_classic_operator to 2024-12-17 00:00:00+00:00, run_after=2024-12-18 00:00:00+00:00
[2024-12-18T10:12:40.919+0000] {processor.py:208} INFO - Processing /home/airflow/.local/lib/python3.12/site-packages/airflow/example_dags/example_outlet_event_extra.py took 0.829 seconds
[2024-12-18T10:13:11.603+0000] {processor.py:186} INFO - Started process (PID=1064) to work on /home/airflow/.local/lib/python3.12/site-packages/airflow/example_dags/example_outlet_event_extra.py
[2024-12-18T10:13:11.603+0000] {processor.py:914} INFO - Processing file /home/airflow/.local/lib/python3.12/site-packages/airflow/example_dags/example_outlet_event_extra.py for tasks to queue
[2024-12-18T10:13:11.605+0000] {logging_mixin.py:190} INFO - [2024-12-18T10:13:11.604+0000] {dagbag.py:588} INFO - Filling up the DagBag from /home/airflow/.local/lib/python3.12/site-packages/airflow/example_dags/example_outlet_event_extra.py
[2024-12-18T10:13:12.175+0000] {processor.py:925} INFO - DAG(s) 'dataset_with_extra_by_context', 'dataset_with_extra_from_classic_operator', 'dataset_with_extra_by_yield' retrieved from /home/airflow/.local/lib/python3.12/site-packages/airflow/example_dags/example_outlet_event_extra.py
[2024-12-18T10:13:12.205+0000] {logging_mixin.py:190} INFO - [2024-12-18T10:13:12.204+0000] {dag.py:3239} INFO - Sync 3 DAGs
[2024-12-18T10:13:12.232+0000] {logging_mixin.py:190} INFO - [2024-12-18T10:13:12.231+0000] {dag.py:4180} INFO - Setting next_dagrun for dataset_with_extra_by_context to 2024-12-17 00:00:00+00:00, run_after=2024-12-18 00:00:00+00:00
[2024-12-18T10:13:12.237+0000] {logging_mixin.py:190} INFO - [2024-12-18T10:13:12.236+0000] {dag.py:4180} INFO - Setting next_dagrun for dataset_with_extra_by_yield to 2024-12-17 00:00:00+00:00, run_after=2024-12-18 00:00:00+00:00
[2024-12-18T10:13:12.239+0000] {logging_mixin.py:190} INFO - [2024-12-18T10:13:12.239+0000] {dag.py:4180} INFO - Setting next_dagrun for dataset_with_extra_from_classic_operator to 2024-12-17 00:00:00+00:00, run_after=2024-12-18 00:00:00+00:00
[2024-12-18T10:13:12.259+0000] {processor.py:208} INFO - Processing /home/airflow/.local/lib/python3.12/site-packages/airflow/example_dags/example_outlet_event_extra.py took 0.664 seconds
[2024-12-18T10:13:42.337+0000] {processor.py:186} INFO - Started process (PID=1128) to work on /home/airflow/.local/lib/python3.12/site-packages/airflow/example_dags/example_outlet_event_extra.py
[2024-12-18T10:13:42.342+0000] {processor.py:914} INFO - Processing file /home/airflow/.local/lib/python3.12/site-packages/airflow/example_dags/example_outlet_event_extra.py for tasks to queue
[2024-12-18T10:13:42.344+0000] {logging_mixin.py:190} INFO - [2024-12-18T10:13:42.344+0000] {dagbag.py:588} INFO - Filling up the DagBag from /home/airflow/.local/lib/python3.12/site-packages/airflow/example_dags/example_outlet_event_extra.py
[2024-12-18T10:13:42.940+0000] {processor.py:925} INFO - DAG(s) 'dataset_with_extra_by_context', 'dataset_with_extra_from_classic_operator', 'dataset_with_extra_by_yield' retrieved from /home/airflow/.local/lib/python3.12/site-packages/airflow/example_dags/example_outlet_event_extra.py
[2024-12-18T10:13:42.964+0000] {logging_mixin.py:190} INFO - [2024-12-18T10:13:42.963+0000] {dag.py:3239} INFO - Sync 3 DAGs
[2024-12-18T10:13:42.991+0000] {logging_mixin.py:190} INFO - [2024-12-18T10:13:42.990+0000] {dag.py:4180} INFO - Setting next_dagrun for dataset_with_extra_by_context to 2024-12-17 00:00:00+00:00, run_after=2024-12-18 00:00:00+00:00
[2024-12-18T10:13:42.997+0000] {logging_mixin.py:190} INFO - [2024-12-18T10:13:42.997+0000] {dag.py:4180} INFO - Setting next_dagrun for dataset_with_extra_by_yield to 2024-12-17 00:00:00+00:00, run_after=2024-12-18 00:00:00+00:00
[2024-12-18T10:13:43.001+0000] {logging_mixin.py:190} INFO - [2024-12-18T10:13:43.001+0000] {dag.py:4180} INFO - Setting next_dagrun for dataset_with_extra_from_classic_operator to 2024-12-17 00:00:00+00:00, run_after=2024-12-18 00:00:00+00:00
[2024-12-18T10:13:43.027+0000] {processor.py:208} INFO - Processing /home/airflow/.local/lib/python3.12/site-packages/airflow/example_dags/example_outlet_event_extra.py took 0.699 seconds
[2024-12-18T10:15:22.847+0000] {processor.py:186} INFO - Started process (PID=66) to work on /home/airflow/.local/lib/python3.12/site-packages/airflow/example_dags/example_outlet_event_extra.py
[2024-12-18T10:15:22.848+0000] {processor.py:914} INFO - Processing file /home/airflow/.local/lib/python3.12/site-packages/airflow/example_dags/example_outlet_event_extra.py for tasks to queue
[2024-12-18T10:15:22.850+0000] {logging_mixin.py:190} INFO - [2024-12-18T10:15:22.849+0000] {dagbag.py:588} INFO - Filling up the DagBag from /home/airflow/.local/lib/python3.12/site-packages/airflow/example_dags/example_outlet_event_extra.py
[2024-12-18T10:15:24.304+0000] {processor.py:925} INFO - DAG(s) 'dataset_with_extra_from_classic_operator', 'dataset_with_extra_by_yield', 'dataset_with_extra_by_context' retrieved from /home/airflow/.local/lib/python3.12/site-packages/airflow/example_dags/example_outlet_event_extra.py
[2024-12-18T10:15:24.328+0000] {logging_mixin.py:190} INFO - [2024-12-18T10:15:24.328+0000] {dag.py:3239} INFO - Sync 3 DAGs
[2024-12-18T10:15:24.350+0000] {logging_mixin.py:190} INFO - [2024-12-18T10:15:24.349+0000] {dag.py:4180} INFO - Setting next_dagrun for dataset_with_extra_by_context to 2024-12-17 00:00:00+00:00, run_after=2024-12-18 00:00:00+00:00
[2024-12-18T10:15:24.354+0000] {logging_mixin.py:190} INFO - [2024-12-18T10:15:24.354+0000] {dag.py:4180} INFO - Setting next_dagrun for dataset_with_extra_by_yield to 2024-12-17 00:00:00+00:00, run_after=2024-12-18 00:00:00+00:00
[2024-12-18T10:15:24.357+0000] {logging_mixin.py:190} INFO - [2024-12-18T10:15:24.357+0000] {dag.py:4180} INFO - Setting next_dagrun for dataset_with_extra_from_classic_operator to 2024-12-17 00:00:00+00:00, run_after=2024-12-18 00:00:00+00:00
[2024-12-18T10:15:24.373+0000] {processor.py:208} INFO - Processing /home/airflow/.local/lib/python3.12/site-packages/airflow/example_dags/example_outlet_event_extra.py took 1.532 seconds
[2024-12-18T10:15:54.427+0000] {processor.py:186} INFO - Started process (PID=140) to work on /home/airflow/.local/lib/python3.12/site-packages/airflow/example_dags/example_outlet_event_extra.py
[2024-12-18T10:15:54.428+0000] {processor.py:914} INFO - Processing file /home/airflow/.local/lib/python3.12/site-packages/airflow/example_dags/example_outlet_event_extra.py for tasks to queue
[2024-12-18T10:15:54.430+0000] {logging_mixin.py:190} INFO - [2024-12-18T10:15:54.430+0000] {dagbag.py:588} INFO - Filling up the DagBag from /home/airflow/.local/lib/python3.12/site-packages/airflow/example_dags/example_outlet_event_extra.py
[2024-12-18T10:15:54.969+0000] {processor.py:925} INFO - DAG(s) 'dataset_with_extra_by_yield', 'dataset_with_extra_by_context', 'dataset_with_extra_from_classic_operator' retrieved from /home/airflow/.local/lib/python3.12/site-packages/airflow/example_dags/example_outlet_event_extra.py
[2024-12-18T10:15:54.989+0000] {logging_mixin.py:190} INFO - [2024-12-18T10:15:54.989+0000] {dag.py:3239} INFO - Sync 3 DAGs
[2024-12-18T10:15:55.013+0000] {logging_mixin.py:190} INFO - [2024-12-18T10:15:55.012+0000] {dag.py:4180} INFO - Setting next_dagrun for dataset_with_extra_by_context to 2024-12-17 00:00:00+00:00, run_after=2024-12-18 00:00:00+00:00
[2024-12-18T10:15:55.019+0000] {logging_mixin.py:190} INFO - [2024-12-18T10:15:55.018+0000] {dag.py:4180} INFO - Setting next_dagrun for dataset_with_extra_by_yield to 2024-12-17 00:00:00+00:00, run_after=2024-12-18 00:00:00+00:00
[2024-12-18T10:15:55.021+0000] {logging_mixin.py:190} INFO - [2024-12-18T10:15:55.021+0000] {dag.py:4180} INFO - Setting next_dagrun for dataset_with_extra_from_classic_operator to 2024-12-17 00:00:00+00:00, run_after=2024-12-18 00:00:00+00:00
[2024-12-18T10:15:55.041+0000] {processor.py:208} INFO - Processing /home/airflow/.local/lib/python3.12/site-packages/airflow/example_dags/example_outlet_event_extra.py took 0.619 seconds
[2024-12-18T10:16:25.342+0000] {processor.py:186} INFO - Started process (PID=209) to work on /home/airflow/.local/lib/python3.12/site-packages/airflow/example_dags/example_outlet_event_extra.py
[2024-12-18T10:16:25.343+0000] {processor.py:914} INFO - Processing file /home/airflow/.local/lib/python3.12/site-packages/airflow/example_dags/example_outlet_event_extra.py for tasks to queue
[2024-12-18T10:16:25.346+0000] {logging_mixin.py:190} INFO - [2024-12-18T10:16:25.346+0000] {dagbag.py:588} INFO - Filling up the DagBag from /home/airflow/.local/lib/python3.12/site-packages/airflow/example_dags/example_outlet_event_extra.py
[2024-12-18T10:16:25.937+0000] {processor.py:925} INFO - DAG(s) 'dataset_with_extra_by_yield', 'dataset_with_extra_by_context', 'dataset_with_extra_from_classic_operator' retrieved from /home/airflow/.local/lib/python3.12/site-packages/airflow/example_dags/example_outlet_event_extra.py
[2024-12-18T10:16:25.959+0000] {logging_mixin.py:190} INFO - [2024-12-18T10:16:25.959+0000] {dag.py:3239} INFO - Sync 3 DAGs
[2024-12-18T10:16:25.984+0000] {logging_mixin.py:190} INFO - [2024-12-18T10:16:25.983+0000] {dag.py:4180} INFO - Setting next_dagrun for dataset_with_extra_by_context to 2024-12-17 00:00:00+00:00, run_after=2024-12-18 00:00:00+00:00
[2024-12-18T10:16:25.989+0000] {logging_mixin.py:190} INFO - [2024-12-18T10:16:25.989+0000] {dag.py:4180} INFO - Setting next_dagrun for dataset_with_extra_by_yield to 2024-12-17 00:00:00+00:00, run_after=2024-12-18 00:00:00+00:00
[2024-12-18T10:16:25.992+0000] {logging_mixin.py:190} INFO - [2024-12-18T10:16:25.992+0000] {dag.py:4180} INFO - Setting next_dagrun for dataset_with_extra_from_classic_operator to 2024-12-17 00:00:00+00:00, run_after=2024-12-18 00:00:00+00:00
[2024-12-18T10:16:26.014+0000] {processor.py:208} INFO - Processing /home/airflow/.local/lib/python3.12/site-packages/airflow/example_dags/example_outlet_event_extra.py took 0.678 seconds
[2024-12-18T10:16:56.076+0000] {processor.py:186} INFO - Started process (PID=279) to work on /home/airflow/.local/lib/python3.12/site-packages/airflow/example_dags/example_outlet_event_extra.py
[2024-12-18T10:16:56.077+0000] {processor.py:914} INFO - Processing file /home/airflow/.local/lib/python3.12/site-packages/airflow/example_dags/example_outlet_event_extra.py for tasks to queue
[2024-12-18T10:16:56.080+0000] {logging_mixin.py:190} INFO - [2024-12-18T10:16:56.079+0000] {dagbag.py:588} INFO - Filling up the DagBag from /home/airflow/.local/lib/python3.12/site-packages/airflow/example_dags/example_outlet_event_extra.py
[2024-12-18T10:16:56.729+0000] {processor.py:925} INFO - DAG(s) 'dataset_with_extra_by_yield', 'dataset_with_extra_from_classic_operator', 'dataset_with_extra_by_context' retrieved from /home/airflow/.local/lib/python3.12/site-packages/airflow/example_dags/example_outlet_event_extra.py
[2024-12-18T10:16:56.753+0000] {logging_mixin.py:190} INFO - [2024-12-18T10:16:56.753+0000] {dag.py:3239} INFO - Sync 3 DAGs
[2024-12-18T10:16:56.778+0000] {logging_mixin.py:190} INFO - [2024-12-18T10:16:56.777+0000] {dag.py:4180} INFO - Setting next_dagrun for dataset_with_extra_by_context to 2024-12-17 00:00:00+00:00, run_after=2024-12-18 00:00:00+00:00
[2024-12-18T10:16:56.783+0000] {logging_mixin.py:190} INFO - [2024-12-18T10:16:56.783+0000] {dag.py:4180} INFO - Setting next_dagrun for dataset_with_extra_by_yield to 2024-12-17 00:00:00+00:00, run_after=2024-12-18 00:00:00+00:00
[2024-12-18T10:16:56.786+0000] {logging_mixin.py:190} INFO - [2024-12-18T10:16:56.786+0000] {dag.py:4180} INFO - Setting next_dagrun for dataset_with_extra_from_classic_operator to 2024-12-17 00:00:00+00:00, run_after=2024-12-18 00:00:00+00:00
[2024-12-18T10:16:56.804+0000] {processor.py:208} INFO - Processing /home/airflow/.local/lib/python3.12/site-packages/airflow/example_dags/example_outlet_event_extra.py took 0.734 seconds
[2024-12-18T10:17:26.852+0000] {processor.py:186} INFO - Started process (PID=350) to work on /home/airflow/.local/lib/python3.12/site-packages/airflow/example_dags/example_outlet_event_extra.py
[2024-12-18T10:17:26.853+0000] {processor.py:914} INFO - Processing file /home/airflow/.local/lib/python3.12/site-packages/airflow/example_dags/example_outlet_event_extra.py for tasks to queue
[2024-12-18T10:17:26.855+0000] {logging_mixin.py:190} INFO - [2024-12-18T10:17:26.854+0000] {dagbag.py:588} INFO - Filling up the DagBag from /home/airflow/.local/lib/python3.12/site-packages/airflow/example_dags/example_outlet_event_extra.py
[2024-12-18T10:17:27.500+0000] {processor.py:925} INFO - DAG(s) 'dataset_with_extra_by_context', 'dataset_with_extra_by_yield', 'dataset_with_extra_from_classic_operator' retrieved from /home/airflow/.local/lib/python3.12/site-packages/airflow/example_dags/example_outlet_event_extra.py
[2024-12-18T10:17:27.529+0000] {logging_mixin.py:190} INFO - [2024-12-18T10:17:27.529+0000] {dag.py:3239} INFO - Sync 3 DAGs
[2024-12-18T10:17:27.556+0000] {logging_mixin.py:190} INFO - [2024-12-18T10:17:27.556+0000] {dag.py:4180} INFO - Setting next_dagrun for dataset_with_extra_by_context to 2024-12-17 00:00:00+00:00, run_after=2024-12-18 00:00:00+00:00
[2024-12-18T10:17:27.561+0000] {logging_mixin.py:190} INFO - [2024-12-18T10:17:27.561+0000] {dag.py:4180} INFO - Setting next_dagrun for dataset_with_extra_by_yield to 2024-12-17 00:00:00+00:00, run_after=2024-12-18 00:00:00+00:00
[2024-12-18T10:17:27.564+0000] {logging_mixin.py:190} INFO - [2024-12-18T10:17:27.564+0000] {dag.py:4180} INFO - Setting next_dagrun for dataset_with_extra_from_classic_operator to 2024-12-17 00:00:00+00:00, run_after=2024-12-18 00:00:00+00:00
[2024-12-18T10:17:27.586+0000] {processor.py:208} INFO - Processing /home/airflow/.local/lib/python3.12/site-packages/airflow/example_dags/example_outlet_event_extra.py took 0.740 seconds
