[2024-12-18T09:53:49.117+0000] {processor.py:186} INFO - Started process (PID=106) to work on /home/airflow/.local/lib/python3.12/site-packages/airflow/example_dags/example_branch_python_dop_operator_3.py
[2024-12-18T09:53:49.117+0000] {processor.py:914} INFO - Processing file /home/airflow/.local/lib/python3.12/site-packages/airflow/example_dags/example_branch_python_dop_operator_3.py for tasks to queue
[2024-12-18T09:53:49.119+0000] {logging_mixin.py:190} INFO - [2024-12-18T09:53:49.119+0000] {dagbag.py:588} INFO - Filling up the DagBag from /home/airflow/.local/lib/python3.12/site-packages/airflow/example_dags/example_branch_python_dop_operator_3.py
[2024-12-18T09:53:49.129+0000] {processor.py:925} INFO - DAG(s) 'example_branch_dop_operator_v3' retrieved from /home/airflow/.local/lib/python3.12/site-packages/airflow/example_dags/example_branch_python_dop_operator_3.py
[2024-12-18T09:53:49.146+0000] {logging_mixin.py:190} INFO - [2024-12-18T09:53:49.146+0000] {dag.py:3239} INFO - Sync 1 DAGs
[2024-12-18T09:53:49.172+0000] {logging_mixin.py:190} INFO - [2024-12-18T09:53:49.172+0000] {dag.py:4180} INFO - Setting next_dagrun for example_branch_dop_operator_v3 to 2024-12-18 09:52:00+00:00, run_after=2024-12-18 09:53:00+00:00
[2024-12-18T09:53:49.192+0000] {processor.py:208} INFO - Processing /home/airflow/.local/lib/python3.12/site-packages/airflow/example_dags/example_branch_python_dop_operator_3.py took 0.081 seconds
[2024-12-18T09:54:20.248+0000] {processor.py:186} INFO - Started process (PID=170) to work on /home/airflow/.local/lib/python3.12/site-packages/airflow/example_dags/example_branch_python_dop_operator_3.py
[2024-12-18T09:54:20.249+0000] {processor.py:914} INFO - Processing file /home/airflow/.local/lib/python3.12/site-packages/airflow/example_dags/example_branch_python_dop_operator_3.py for tasks to queue
[2024-12-18T09:54:20.251+0000] {logging_mixin.py:190} INFO - [2024-12-18T09:54:20.251+0000] {dagbag.py:588} INFO - Filling up the DagBag from /home/airflow/.local/lib/python3.12/site-packages/airflow/example_dags/example_branch_python_dop_operator_3.py
[2024-12-18T09:54:20.261+0000] {processor.py:925} INFO - DAG(s) 'example_branch_dop_operator_v3' retrieved from /home/airflow/.local/lib/python3.12/site-packages/airflow/example_dags/example_branch_python_dop_operator_3.py
[2024-12-18T09:54:20.284+0000] {logging_mixin.py:190} INFO - [2024-12-18T09:54:20.283+0000] {dag.py:3239} INFO - Sync 1 DAGs
[2024-12-18T09:54:20.314+0000] {logging_mixin.py:190} INFO - [2024-12-18T09:54:20.314+0000] {dag.py:4180} INFO - Setting next_dagrun for example_branch_dop_operator_v3 to 2024-12-18 09:53:00+00:00, run_after=2024-12-18 09:54:00+00:00
[2024-12-18T09:54:20.331+0000] {processor.py:208} INFO - Processing /home/airflow/.local/lib/python3.12/site-packages/airflow/example_dags/example_branch_python_dop_operator_3.py took 0.088 seconds
[2024-12-18T09:54:51.032+0000] {processor.py:186} INFO - Started process (PID=234) to work on /home/airflow/.local/lib/python3.12/site-packages/airflow/example_dags/example_branch_python_dop_operator_3.py
[2024-12-18T09:54:51.033+0000] {processor.py:914} INFO - Processing file /home/airflow/.local/lib/python3.12/site-packages/airflow/example_dags/example_branch_python_dop_operator_3.py for tasks to queue
[2024-12-18T09:54:51.035+0000] {logging_mixin.py:190} INFO - [2024-12-18T09:54:51.035+0000] {dagbag.py:588} INFO - Filling up the DagBag from /home/airflow/.local/lib/python3.12/site-packages/airflow/example_dags/example_branch_python_dop_operator_3.py
[2024-12-18T09:54:51.044+0000] {processor.py:925} INFO - DAG(s) 'example_branch_dop_operator_v3' retrieved from /home/airflow/.local/lib/python3.12/site-packages/airflow/example_dags/example_branch_python_dop_operator_3.py
[2024-12-18T09:54:51.062+0000] {logging_mixin.py:190} INFO - [2024-12-18T09:54:51.061+0000] {dag.py:3239} INFO - Sync 1 DAGs
[2024-12-18T09:54:51.093+0000] {logging_mixin.py:190} INFO - [2024-12-18T09:54:51.093+0000] {dag.py:4180} INFO - Setting next_dagrun for example_branch_dop_operator_v3 to 2024-12-18 09:53:00+00:00, run_after=2024-12-18 09:54:00+00:00
[2024-12-18T09:54:51.112+0000] {processor.py:208} INFO - Processing /home/airflow/.local/lib/python3.12/site-packages/airflow/example_dags/example_branch_python_dop_operator_3.py took 0.085 seconds
[2024-12-18T09:55:22.159+0000] {processor.py:186} INFO - Started process (PID=298) to work on /home/airflow/.local/lib/python3.12/site-packages/airflow/example_dags/example_branch_python_dop_operator_3.py
[2024-12-18T09:55:22.160+0000] {processor.py:914} INFO - Processing file /home/airflow/.local/lib/python3.12/site-packages/airflow/example_dags/example_branch_python_dop_operator_3.py for tasks to queue
[2024-12-18T09:55:22.164+0000] {logging_mixin.py:190} INFO - [2024-12-18T09:55:22.163+0000] {dagbag.py:588} INFO - Filling up the DagBag from /home/airflow/.local/lib/python3.12/site-packages/airflow/example_dags/example_branch_python_dop_operator_3.py
[2024-12-18T09:55:22.180+0000] {processor.py:925} INFO - DAG(s) 'example_branch_dop_operator_v3' retrieved from /home/airflow/.local/lib/python3.12/site-packages/airflow/example_dags/example_branch_python_dop_operator_3.py
[2024-12-18T09:55:22.206+0000] {logging_mixin.py:190} INFO - [2024-12-18T09:55:22.205+0000] {dag.py:3239} INFO - Sync 1 DAGs
[2024-12-18T09:55:22.238+0000] {logging_mixin.py:190} INFO - [2024-12-18T09:55:22.238+0000] {dag.py:4180} INFO - Setting next_dagrun for example_branch_dop_operator_v3 to 2024-12-18 09:54:00+00:00, run_after=2024-12-18 09:55:00+00:00
[2024-12-18T09:55:22.260+0000] {processor.py:208} INFO - Processing /home/airflow/.local/lib/python3.12/site-packages/airflow/example_dags/example_branch_python_dop_operator_3.py took 0.111 seconds
[2024-12-18T09:55:53.688+0000] {processor.py:186} INFO - Started process (PID=365) to work on /home/airflow/.local/lib/python3.12/site-packages/airflow/example_dags/example_branch_python_dop_operator_3.py
[2024-12-18T09:55:53.689+0000] {processor.py:914} INFO - Processing file /home/airflow/.local/lib/python3.12/site-packages/airflow/example_dags/example_branch_python_dop_operator_3.py for tasks to queue
[2024-12-18T09:55:53.692+0000] {logging_mixin.py:190} INFO - [2024-12-18T09:55:53.691+0000] {dagbag.py:588} INFO - Filling up the DagBag from /home/airflow/.local/lib/python3.12/site-packages/airflow/example_dags/example_branch_python_dop_operator_3.py
[2024-12-18T09:55:53.703+0000] {processor.py:925} INFO - DAG(s) 'example_branch_dop_operator_v3' retrieved from /home/airflow/.local/lib/python3.12/site-packages/airflow/example_dags/example_branch_python_dop_operator_3.py
[2024-12-18T09:55:53.724+0000] {logging_mixin.py:190} INFO - [2024-12-18T09:55:53.723+0000] {dag.py:3239} INFO - Sync 1 DAGs
[2024-12-18T09:55:53.753+0000] {logging_mixin.py:190} INFO - [2024-12-18T09:55:53.752+0000] {dag.py:4180} INFO - Setting next_dagrun for example_branch_dop_operator_v3 to 2024-12-18 09:54:00+00:00, run_after=2024-12-18 09:55:00+00:00
[2024-12-18T09:55:53.771+0000] {processor.py:208} INFO - Processing /home/airflow/.local/lib/python3.12/site-packages/airflow/example_dags/example_branch_python_dop_operator_3.py took 0.089 seconds
[2024-12-18T09:56:24.794+0000] {processor.py:186} INFO - Started process (PID=429) to work on /home/airflow/.local/lib/python3.12/site-packages/airflow/example_dags/example_branch_python_dop_operator_3.py
[2024-12-18T09:56:24.795+0000] {processor.py:914} INFO - Processing file /home/airflow/.local/lib/python3.12/site-packages/airflow/example_dags/example_branch_python_dop_operator_3.py for tasks to queue
[2024-12-18T09:56:24.798+0000] {logging_mixin.py:190} INFO - [2024-12-18T09:56:24.797+0000] {dagbag.py:588} INFO - Filling up the DagBag from /home/airflow/.local/lib/python3.12/site-packages/airflow/example_dags/example_branch_python_dop_operator_3.py
[2024-12-18T09:56:24.809+0000] {processor.py:925} INFO - DAG(s) 'example_branch_dop_operator_v3' retrieved from /home/airflow/.local/lib/python3.12/site-packages/airflow/example_dags/example_branch_python_dop_operator_3.py
[2024-12-18T09:56:24.829+0000] {logging_mixin.py:190} INFO - [2024-12-18T09:56:24.829+0000] {dag.py:3239} INFO - Sync 1 DAGs
[2024-12-18T09:56:24.857+0000] {logging_mixin.py:190} INFO - [2024-12-18T09:56:24.857+0000] {dag.py:4180} INFO - Setting next_dagrun for example_branch_dop_operator_v3 to 2024-12-18 09:55:00+00:00, run_after=2024-12-18 09:56:00+00:00
[2024-12-18T09:56:24.875+0000] {processor.py:208} INFO - Processing /home/airflow/.local/lib/python3.12/site-packages/airflow/example_dags/example_branch_python_dop_operator_3.py took 0.088 seconds
[2024-12-18T09:56:55.711+0000] {processor.py:186} INFO - Started process (PID=507) to work on /home/airflow/.local/lib/python3.12/site-packages/airflow/example_dags/example_branch_python_dop_operator_3.py
[2024-12-18T09:56:55.712+0000] {processor.py:914} INFO - Processing file /home/airflow/.local/lib/python3.12/site-packages/airflow/example_dags/example_branch_python_dop_operator_3.py for tasks to queue
[2024-12-18T09:56:55.714+0000] {logging_mixin.py:190} INFO - [2024-12-18T09:56:55.713+0000] {dagbag.py:588} INFO - Filling up the DagBag from /home/airflow/.local/lib/python3.12/site-packages/airflow/example_dags/example_branch_python_dop_operator_3.py
[2024-12-18T09:56:55.724+0000] {processor.py:925} INFO - DAG(s) 'example_branch_dop_operator_v3' retrieved from /home/airflow/.local/lib/python3.12/site-packages/airflow/example_dags/example_branch_python_dop_operator_3.py
[2024-12-18T09:56:55.748+0000] {logging_mixin.py:190} INFO - [2024-12-18T09:56:55.748+0000] {dag.py:3239} INFO - Sync 1 DAGs
[2024-12-18T09:56:55.772+0000] {logging_mixin.py:190} INFO - [2024-12-18T09:56:55.772+0000] {dag.py:4180} INFO - Setting next_dagrun for example_branch_dop_operator_v3 to 2024-12-18 09:55:00+00:00, run_after=2024-12-18 09:56:00+00:00
[2024-12-18T09:56:55.796+0000] {processor.py:208} INFO - Processing /home/airflow/.local/lib/python3.12/site-packages/airflow/example_dags/example_branch_python_dop_operator_3.py took 0.090 seconds
[2024-12-18T09:57:27.244+0000] {processor.py:186} INFO - Started process (PID=571) to work on /home/airflow/.local/lib/python3.12/site-packages/airflow/example_dags/example_branch_python_dop_operator_3.py
[2024-12-18T09:57:27.245+0000] {processor.py:914} INFO - Processing file /home/airflow/.local/lib/python3.12/site-packages/airflow/example_dags/example_branch_python_dop_operator_3.py for tasks to queue
[2024-12-18T09:57:27.247+0000] {logging_mixin.py:190} INFO - [2024-12-18T09:57:27.247+0000] {dagbag.py:588} INFO - Filling up the DagBag from /home/airflow/.local/lib/python3.12/site-packages/airflow/example_dags/example_branch_python_dop_operator_3.py
[2024-12-18T09:57:27.259+0000] {processor.py:925} INFO - DAG(s) 'example_branch_dop_operator_v3' retrieved from /home/airflow/.local/lib/python3.12/site-packages/airflow/example_dags/example_branch_python_dop_operator_3.py
[2024-12-18T09:57:27.282+0000] {logging_mixin.py:190} INFO - [2024-12-18T09:57:27.282+0000] {dag.py:3239} INFO - Sync 1 DAGs
[2024-12-18T09:57:27.314+0000] {logging_mixin.py:190} INFO - [2024-12-18T09:57:27.314+0000] {dag.py:4180} INFO - Setting next_dagrun for example_branch_dop_operator_v3 to 2024-12-18 09:56:00+00:00, run_after=2024-12-18 09:57:00+00:00
[2024-12-18T09:57:27.331+0000] {processor.py:208} INFO - Processing /home/airflow/.local/lib/python3.12/site-packages/airflow/example_dags/example_branch_python_dop_operator_3.py took 0.092 seconds
[2024-12-18T09:57:58.841+0000] {processor.py:186} INFO - Started process (PID=635) to work on /home/airflow/.local/lib/python3.12/site-packages/airflow/example_dags/example_branch_python_dop_operator_3.py
[2024-12-18T09:57:58.843+0000] {processor.py:914} INFO - Processing file /home/airflow/.local/lib/python3.12/site-packages/airflow/example_dags/example_branch_python_dop_operator_3.py for tasks to queue
[2024-12-18T09:57:58.847+0000] {logging_mixin.py:190} INFO - [2024-12-18T09:57:58.846+0000] {dagbag.py:588} INFO - Filling up the DagBag from /home/airflow/.local/lib/python3.12/site-packages/airflow/example_dags/example_branch_python_dop_operator_3.py
[2024-12-18T09:57:58.865+0000] {processor.py:925} INFO - DAG(s) 'example_branch_dop_operator_v3' retrieved from /home/airflow/.local/lib/python3.12/site-packages/airflow/example_dags/example_branch_python_dop_operator_3.py
[2024-12-18T09:57:58.889+0000] {logging_mixin.py:190} INFO - [2024-12-18T09:57:58.889+0000] {dag.py:3239} INFO - Sync 1 DAGs
[2024-12-18T09:57:58.930+0000] {logging_mixin.py:190} INFO - [2024-12-18T09:57:58.929+0000] {dag.py:4180} INFO - Setting next_dagrun for example_branch_dop_operator_v3 to 2024-12-18 09:56:00+00:00, run_after=2024-12-18 09:57:00+00:00
[2024-12-18T09:57:58.953+0000] {processor.py:208} INFO - Processing /home/airflow/.local/lib/python3.12/site-packages/airflow/example_dags/example_branch_python_dop_operator_3.py took 0.120 seconds
[2024-12-18T09:58:30.064+0000] {processor.py:186} INFO - Started process (PID=699) to work on /home/airflow/.local/lib/python3.12/site-packages/airflow/example_dags/example_branch_python_dop_operator_3.py
[2024-12-18T09:58:30.065+0000] {processor.py:914} INFO - Processing file /home/airflow/.local/lib/python3.12/site-packages/airflow/example_dags/example_branch_python_dop_operator_3.py for tasks to queue
[2024-12-18T09:58:30.067+0000] {logging_mixin.py:190} INFO - [2024-12-18T09:58:30.067+0000] {dagbag.py:588} INFO - Filling up the DagBag from /home/airflow/.local/lib/python3.12/site-packages/airflow/example_dags/example_branch_python_dop_operator_3.py
[2024-12-18T09:58:30.078+0000] {processor.py:925} INFO - DAG(s) 'example_branch_dop_operator_v3' retrieved from /home/airflow/.local/lib/python3.12/site-packages/airflow/example_dags/example_branch_python_dop_operator_3.py
[2024-12-18T09:58:30.098+0000] {logging_mixin.py:190} INFO - [2024-12-18T09:58:30.097+0000] {dag.py:3239} INFO - Sync 1 DAGs
[2024-12-18T09:58:30.123+0000] {logging_mixin.py:190} INFO - [2024-12-18T09:58:30.123+0000] {dag.py:4180} INFO - Setting next_dagrun for example_branch_dop_operator_v3 to 2024-12-18 09:57:00+00:00, run_after=2024-12-18 09:58:00+00:00
[2024-12-18T09:58:30.141+0000] {processor.py:208} INFO - Processing /home/airflow/.local/lib/python3.12/site-packages/airflow/example_dags/example_branch_python_dop_operator_3.py took 0.082 seconds
[2024-12-18T09:59:00.765+0000] {processor.py:186} INFO - Started process (PID=763) to work on /home/airflow/.local/lib/python3.12/site-packages/airflow/example_dags/example_branch_python_dop_operator_3.py
[2024-12-18T09:59:00.766+0000] {processor.py:914} INFO - Processing file /home/airflow/.local/lib/python3.12/site-packages/airflow/example_dags/example_branch_python_dop_operator_3.py for tasks to queue
[2024-12-18T09:59:00.768+0000] {logging_mixin.py:190} INFO - [2024-12-18T09:59:00.767+0000] {dagbag.py:588} INFO - Filling up the DagBag from /home/airflow/.local/lib/python3.12/site-packages/airflow/example_dags/example_branch_python_dop_operator_3.py
[2024-12-18T09:59:00.778+0000] {processor.py:925} INFO - DAG(s) 'example_branch_dop_operator_v3' retrieved from /home/airflow/.local/lib/python3.12/site-packages/airflow/example_dags/example_branch_python_dop_operator_3.py
[2024-12-18T09:59:00.795+0000] {logging_mixin.py:190} INFO - [2024-12-18T09:59:00.795+0000] {dag.py:3239} INFO - Sync 1 DAGs
[2024-12-18T09:59:00.819+0000] {logging_mixin.py:190} INFO - [2024-12-18T09:59:00.819+0000] {dag.py:4180} INFO - Setting next_dagrun for example_branch_dop_operator_v3 to 2024-12-18 09:58:00+00:00, run_after=2024-12-18 09:59:00+00:00
[2024-12-18T09:59:00.834+0000] {processor.py:208} INFO - Processing /home/airflow/.local/lib/python3.12/site-packages/airflow/example_dags/example_branch_python_dop_operator_3.py took 0.074 seconds
[2024-12-18T09:59:31.959+0000] {processor.py:186} INFO - Started process (PID=827) to work on /home/airflow/.local/lib/python3.12/site-packages/airflow/example_dags/example_branch_python_dop_operator_3.py
[2024-12-18T09:59:31.960+0000] {processor.py:914} INFO - Processing file /home/airflow/.local/lib/python3.12/site-packages/airflow/example_dags/example_branch_python_dop_operator_3.py for tasks to queue
[2024-12-18T09:59:31.962+0000] {logging_mixin.py:190} INFO - [2024-12-18T09:59:31.962+0000] {dagbag.py:588} INFO - Filling up the DagBag from /home/airflow/.local/lib/python3.12/site-packages/airflow/example_dags/example_branch_python_dop_operator_3.py
[2024-12-18T09:59:31.972+0000] {processor.py:925} INFO - DAG(s) 'example_branch_dop_operator_v3' retrieved from /home/airflow/.local/lib/python3.12/site-packages/airflow/example_dags/example_branch_python_dop_operator_3.py
[2024-12-18T09:59:31.989+0000] {logging_mixin.py:190} INFO - [2024-12-18T09:59:31.989+0000] {dag.py:3239} INFO - Sync 1 DAGs
[2024-12-18T09:59:32.015+0000] {logging_mixin.py:190} INFO - [2024-12-18T09:59:32.015+0000] {dag.py:4180} INFO - Setting next_dagrun for example_branch_dop_operator_v3 to 2024-12-18 09:58:00+00:00, run_after=2024-12-18 09:59:00+00:00
[2024-12-18T09:59:32.031+0000] {processor.py:208} INFO - Processing /home/airflow/.local/lib/python3.12/site-packages/airflow/example_dags/example_branch_python_dop_operator_3.py took 0.078 seconds
[2024-12-18T10:00:03.859+0000] {processor.py:186} INFO - Started process (PID=891) to work on /home/airflow/.local/lib/python3.12/site-packages/airflow/example_dags/example_branch_python_dop_operator_3.py
[2024-12-18T10:00:03.859+0000] {processor.py:914} INFO - Processing file /home/airflow/.local/lib/python3.12/site-packages/airflow/example_dags/example_branch_python_dop_operator_3.py for tasks to queue
[2024-12-18T10:00:03.861+0000] {logging_mixin.py:190} INFO - [2024-12-18T10:00:03.861+0000] {dagbag.py:588} INFO - Filling up the DagBag from /home/airflow/.local/lib/python3.12/site-packages/airflow/example_dags/example_branch_python_dop_operator_3.py
[2024-12-18T10:00:03.872+0000] {processor.py:925} INFO - DAG(s) 'example_branch_dop_operator_v3' retrieved from /home/airflow/.local/lib/python3.12/site-packages/airflow/example_dags/example_branch_python_dop_operator_3.py
[2024-12-18T10:00:03.890+0000] {logging_mixin.py:190} INFO - [2024-12-18T10:00:03.890+0000] {dag.py:3239} INFO - Sync 1 DAGs
[2024-12-18T10:00:03.915+0000] {logging_mixin.py:190} INFO - [2024-12-18T10:00:03.914+0000] {dag.py:4180} INFO - Setting next_dagrun for example_branch_dop_operator_v3 to 2024-12-18 09:59:00+00:00, run_after=2024-12-18 10:00:00+00:00
[2024-12-18T10:00:03.933+0000] {processor.py:208} INFO - Processing /home/airflow/.local/lib/python3.12/site-packages/airflow/example_dags/example_branch_python_dop_operator_3.py took 0.081 seconds
[2024-12-18T10:00:35.485+0000] {processor.py:186} INFO - Started process (PID=955) to work on /home/airflow/.local/lib/python3.12/site-packages/airflow/example_dags/example_branch_python_dop_operator_3.py
[2024-12-18T10:00:35.486+0000] {processor.py:914} INFO - Processing file /home/airflow/.local/lib/python3.12/site-packages/airflow/example_dags/example_branch_python_dop_operator_3.py for tasks to queue
[2024-12-18T10:00:35.488+0000] {logging_mixin.py:190} INFO - [2024-12-18T10:00:35.488+0000] {dagbag.py:588} INFO - Filling up the DagBag from /home/airflow/.local/lib/python3.12/site-packages/airflow/example_dags/example_branch_python_dop_operator_3.py
[2024-12-18T10:00:35.498+0000] {processor.py:925} INFO - DAG(s) 'example_branch_dop_operator_v3' retrieved from /home/airflow/.local/lib/python3.12/site-packages/airflow/example_dags/example_branch_python_dop_operator_3.py
[2024-12-18T10:00:35.515+0000] {logging_mixin.py:190} INFO - [2024-12-18T10:00:35.515+0000] {dag.py:3239} INFO - Sync 1 DAGs
[2024-12-18T10:00:35.544+0000] {logging_mixin.py:190} INFO - [2024-12-18T10:00:35.544+0000] {dag.py:4180} INFO - Setting next_dagrun for example_branch_dop_operator_v3 to 2024-12-18 09:59:00+00:00, run_after=2024-12-18 10:00:00+00:00
[2024-12-18T10:00:35.562+0000] {processor.py:208} INFO - Processing /home/airflow/.local/lib/python3.12/site-packages/airflow/example_dags/example_branch_python_dop_operator_3.py took 0.082 seconds
[2024-12-18T10:01:06.950+0000] {processor.py:186} INFO - Started process (PID=1019) to work on /home/airflow/.local/lib/python3.12/site-packages/airflow/example_dags/example_branch_python_dop_operator_3.py
[2024-12-18T10:01:06.951+0000] {processor.py:914} INFO - Processing file /home/airflow/.local/lib/python3.12/site-packages/airflow/example_dags/example_branch_python_dop_operator_3.py for tasks to queue
[2024-12-18T10:01:06.955+0000] {logging_mixin.py:190} INFO - [2024-12-18T10:01:06.954+0000] {dagbag.py:588} INFO - Filling up the DagBag from /home/airflow/.local/lib/python3.12/site-packages/airflow/example_dags/example_branch_python_dop_operator_3.py
[2024-12-18T10:01:06.976+0000] {processor.py:925} INFO - DAG(s) 'example_branch_dop_operator_v3' retrieved from /home/airflow/.local/lib/python3.12/site-packages/airflow/example_dags/example_branch_python_dop_operator_3.py
[2024-12-18T10:01:07.009+0000] {logging_mixin.py:190} INFO - [2024-12-18T10:01:07.008+0000] {dag.py:3239} INFO - Sync 1 DAGs
[2024-12-18T10:01:07.047+0000] {logging_mixin.py:190} INFO - [2024-12-18T10:01:07.047+0000] {dag.py:4180} INFO - Setting next_dagrun for example_branch_dop_operator_v3 to 2024-12-18 10:00:00+00:00, run_after=2024-12-18 10:01:00+00:00
[2024-12-18T10:01:07.074+0000] {processor.py:208} INFO - Processing /home/airflow/.local/lib/python3.12/site-packages/airflow/example_dags/example_branch_python_dop_operator_3.py took 0.134 seconds
[2024-12-18T10:05:24.225+0000] {processor.py:186} INFO - Started process (PID=103) to work on /home/airflow/.local/lib/python3.12/site-packages/airflow/example_dags/example_branch_python_dop_operator_3.py
[2024-12-18T10:05:24.226+0000] {processor.py:914} INFO - Processing file /home/airflow/.local/lib/python3.12/site-packages/airflow/example_dags/example_branch_python_dop_operator_3.py for tasks to queue
[2024-12-18T10:05:24.229+0000] {logging_mixin.py:190} INFO - [2024-12-18T10:05:24.228+0000] {dagbag.py:588} INFO - Filling up the DagBag from /home/airflow/.local/lib/python3.12/site-packages/airflow/example_dags/example_branch_python_dop_operator_3.py
[2024-12-18T10:05:24.241+0000] {processor.py:925} INFO - DAG(s) 'example_branch_dop_operator_v3' retrieved from /home/airflow/.local/lib/python3.12/site-packages/airflow/example_dags/example_branch_python_dop_operator_3.py
[2024-12-18T10:05:24.266+0000] {logging_mixin.py:190} INFO - [2024-12-18T10:05:24.266+0000] {dag.py:3239} INFO - Sync 1 DAGs
[2024-12-18T10:05:24.303+0000] {logging_mixin.py:190} INFO - [2024-12-18T10:05:24.303+0000] {dag.py:4180} INFO - Setting next_dagrun for example_branch_dop_operator_v3 to 2024-12-18 10:04:00+00:00, run_after=2024-12-18 10:05:00+00:00
[2024-12-18T10:05:24.324+0000] {processor.py:208} INFO - Processing /home/airflow/.local/lib/python3.12/site-packages/airflow/example_dags/example_branch_python_dop_operator_3.py took 0.105 seconds
[2024-12-18T10:05:56.973+0000] {processor.py:186} INFO - Started process (PID=175) to work on /home/airflow/.local/lib/python3.12/site-packages/airflow/example_dags/example_branch_python_dop_operator_3.py
[2024-12-18T10:05:56.974+0000] {processor.py:914} INFO - Processing file /home/airflow/.local/lib/python3.12/site-packages/airflow/example_dags/example_branch_python_dop_operator_3.py for tasks to queue
[2024-12-18T10:05:56.976+0000] {logging_mixin.py:190} INFO - [2024-12-18T10:05:56.976+0000] {dagbag.py:588} INFO - Filling up the DagBag from /home/airflow/.local/lib/python3.12/site-packages/airflow/example_dags/example_branch_python_dop_operator_3.py
[2024-12-18T10:05:56.986+0000] {processor.py:925} INFO - DAG(s) 'example_branch_dop_operator_v3' retrieved from /home/airflow/.local/lib/python3.12/site-packages/airflow/example_dags/example_branch_python_dop_operator_3.py
[2024-12-18T10:05:57.006+0000] {logging_mixin.py:190} INFO - [2024-12-18T10:05:57.006+0000] {dag.py:3239} INFO - Sync 1 DAGs
[2024-12-18T10:05:57.034+0000] {logging_mixin.py:190} INFO - [2024-12-18T10:05:57.034+0000] {dag.py:4180} INFO - Setting next_dagrun for example_branch_dop_operator_v3 to 2024-12-18 10:04:00+00:00, run_after=2024-12-18 10:05:00+00:00
[2024-12-18T10:05:57.051+0000] {processor.py:208} INFO - Processing /home/airflow/.local/lib/python3.12/site-packages/airflow/example_dags/example_branch_python_dop_operator_3.py took 0.083 seconds
[2024-12-18T10:06:27.735+0000] {processor.py:186} INFO - Started process (PID=238) to work on /home/airflow/.local/lib/python3.12/site-packages/airflow/example_dags/example_branch_python_dop_operator_3.py
[2024-12-18T10:06:27.736+0000] {processor.py:914} INFO - Processing file /home/airflow/.local/lib/python3.12/site-packages/airflow/example_dags/example_branch_python_dop_operator_3.py for tasks to queue
[2024-12-18T10:06:27.737+0000] {logging_mixin.py:190} INFO - [2024-12-18T10:06:27.737+0000] {dagbag.py:588} INFO - Filling up the DagBag from /home/airflow/.local/lib/python3.12/site-packages/airflow/example_dags/example_branch_python_dop_operator_3.py
[2024-12-18T10:06:27.748+0000] {processor.py:925} INFO - DAG(s) 'example_branch_dop_operator_v3' retrieved from /home/airflow/.local/lib/python3.12/site-packages/airflow/example_dags/example_branch_python_dop_operator_3.py
[2024-12-18T10:06:27.768+0000] {logging_mixin.py:190} INFO - [2024-12-18T10:06:27.768+0000] {dag.py:3239} INFO - Sync 1 DAGs
[2024-12-18T10:06:27.798+0000] {logging_mixin.py:190} INFO - [2024-12-18T10:06:27.798+0000] {dag.py:4180} INFO - Setting next_dagrun for example_branch_dop_operator_v3 to 2024-12-18 10:05:00+00:00, run_after=2024-12-18 10:06:00+00:00
[2024-12-18T10:06:27.818+0000] {processor.py:208} INFO - Processing /home/airflow/.local/lib/python3.12/site-packages/airflow/example_dags/example_branch_python_dop_operator_3.py took 0.089 seconds
[2024-12-18T10:06:59.536+0000] {processor.py:186} INFO - Started process (PID=304) to work on /home/airflow/.local/lib/python3.12/site-packages/airflow/example_dags/example_branch_python_dop_operator_3.py
[2024-12-18T10:06:59.536+0000] {processor.py:914} INFO - Processing file /home/airflow/.local/lib/python3.12/site-packages/airflow/example_dags/example_branch_python_dop_operator_3.py for tasks to queue
[2024-12-18T10:06:59.537+0000] {logging_mixin.py:190} INFO - [2024-12-18T10:06:59.537+0000] {dagbag.py:588} INFO - Filling up the DagBag from /home/airflow/.local/lib/python3.12/site-packages/airflow/example_dags/example_branch_python_dop_operator_3.py
[2024-12-18T10:06:59.546+0000] {processor.py:925} INFO - DAG(s) 'example_branch_dop_operator_v3' retrieved from /home/airflow/.local/lib/python3.12/site-packages/airflow/example_dags/example_branch_python_dop_operator_3.py
[2024-12-18T10:06:59.564+0000] {logging_mixin.py:190} INFO - [2024-12-18T10:06:59.563+0000] {dag.py:3239} INFO - Sync 1 DAGs
[2024-12-18T10:06:59.587+0000] {logging_mixin.py:190} INFO - [2024-12-18T10:06:59.586+0000] {dag.py:4180} INFO - Setting next_dagrun for example_branch_dop_operator_v3 to 2024-12-18 10:05:00+00:00, run_after=2024-12-18 10:06:00+00:00
[2024-12-18T10:06:59.602+0000] {processor.py:208} INFO - Processing /home/airflow/.local/lib/python3.12/site-packages/airflow/example_dags/example_branch_python_dop_operator_3.py took 0.071 seconds
[2024-12-18T10:07:30.287+0000] {processor.py:186} INFO - Started process (PID=367) to work on /home/airflow/.local/lib/python3.12/site-packages/airflow/example_dags/example_branch_python_dop_operator_3.py
[2024-12-18T10:07:30.287+0000] {processor.py:914} INFO - Processing file /home/airflow/.local/lib/python3.12/site-packages/airflow/example_dags/example_branch_python_dop_operator_3.py for tasks to queue
[2024-12-18T10:07:30.288+0000] {logging_mixin.py:190} INFO - [2024-12-18T10:07:30.288+0000] {dagbag.py:588} INFO - Filling up the DagBag from /home/airflow/.local/lib/python3.12/site-packages/airflow/example_dags/example_branch_python_dop_operator_3.py
[2024-12-18T10:07:30.298+0000] {processor.py:925} INFO - DAG(s) 'example_branch_dop_operator_v3' retrieved from /home/airflow/.local/lib/python3.12/site-packages/airflow/example_dags/example_branch_python_dop_operator_3.py
[2024-12-18T10:07:30.316+0000] {logging_mixin.py:190} INFO - [2024-12-18T10:07:30.316+0000] {dag.py:3239} INFO - Sync 1 DAGs
[2024-12-18T10:07:30.341+0000] {logging_mixin.py:190} INFO - [2024-12-18T10:07:30.341+0000] {dag.py:4180} INFO - Setting next_dagrun for example_branch_dop_operator_v3 to 2024-12-18 10:06:00+00:00, run_after=2024-12-18 10:07:00+00:00
[2024-12-18T10:07:30.356+0000] {processor.py:208} INFO - Processing /home/airflow/.local/lib/python3.12/site-packages/airflow/example_dags/example_branch_python_dop_operator_3.py took 0.075 seconds
[2024-12-18T10:08:01.476+0000] {processor.py:186} INFO - Started process (PID=433) to work on /home/airflow/.local/lib/python3.12/site-packages/airflow/example_dags/example_branch_python_dop_operator_3.py
[2024-12-18T10:08:01.477+0000] {processor.py:914} INFO - Processing file /home/airflow/.local/lib/python3.12/site-packages/airflow/example_dags/example_branch_python_dop_operator_3.py for tasks to queue
[2024-12-18T10:08:01.477+0000] {logging_mixin.py:190} INFO - [2024-12-18T10:08:01.477+0000] {dagbag.py:588} INFO - Filling up the DagBag from /home/airflow/.local/lib/python3.12/site-packages/airflow/example_dags/example_branch_python_dop_operator_3.py
[2024-12-18T10:08:01.486+0000] {processor.py:925} INFO - DAG(s) 'example_branch_dop_operator_v3' retrieved from /home/airflow/.local/lib/python3.12/site-packages/airflow/example_dags/example_branch_python_dop_operator_3.py
[2024-12-18T10:08:01.502+0000] {logging_mixin.py:190} INFO - [2024-12-18T10:08:01.502+0000] {dag.py:3239} INFO - Sync 1 DAGs
[2024-12-18T10:08:01.524+0000] {logging_mixin.py:190} INFO - [2024-12-18T10:08:01.524+0000] {dag.py:4180} INFO - Setting next_dagrun for example_branch_dop_operator_v3 to 2024-12-18 10:07:00+00:00, run_after=2024-12-18 10:08:00+00:00
[2024-12-18T10:08:01.537+0000] {processor.py:208} INFO - Processing /home/airflow/.local/lib/python3.12/site-packages/airflow/example_dags/example_branch_python_dop_operator_3.py took 0.067 seconds
[2024-12-18T10:08:31.629+0000] {processor.py:186} INFO - Started process (PID=496) to work on /home/airflow/.local/lib/python3.12/site-packages/airflow/example_dags/example_branch_python_dop_operator_3.py
[2024-12-18T10:08:31.629+0000] {processor.py:914} INFO - Processing file /home/airflow/.local/lib/python3.12/site-packages/airflow/example_dags/example_branch_python_dop_operator_3.py for tasks to queue
[2024-12-18T10:08:31.630+0000] {logging_mixin.py:190} INFO - [2024-12-18T10:08:31.630+0000] {dagbag.py:588} INFO - Filling up the DagBag from /home/airflow/.local/lib/python3.12/site-packages/airflow/example_dags/example_branch_python_dop_operator_3.py
[2024-12-18T10:08:31.639+0000] {processor.py:925} INFO - DAG(s) 'example_branch_dop_operator_v3' retrieved from /home/airflow/.local/lib/python3.12/site-packages/airflow/example_dags/example_branch_python_dop_operator_3.py
[2024-12-18T10:08:31.656+0000] {logging_mixin.py:190} INFO - [2024-12-18T10:08:31.656+0000] {dag.py:3239} INFO - Sync 1 DAGs
[2024-12-18T10:08:31.681+0000] {logging_mixin.py:190} INFO - [2024-12-18T10:08:31.681+0000] {dag.py:4180} INFO - Setting next_dagrun for example_branch_dop_operator_v3 to 2024-12-18 10:07:00+00:00, run_after=2024-12-18 10:08:00+00:00
[2024-12-18T10:08:31.700+0000] {processor.py:208} INFO - Processing /home/airflow/.local/lib/python3.12/site-packages/airflow/example_dags/example_branch_python_dop_operator_3.py took 0.076 seconds
[2024-12-18T10:09:04.127+0000] {processor.py:186} INFO - Started process (PID=562) to work on /home/airflow/.local/lib/python3.12/site-packages/airflow/example_dags/example_branch_python_dop_operator_3.py
[2024-12-18T10:09:04.128+0000] {processor.py:914} INFO - Processing file /home/airflow/.local/lib/python3.12/site-packages/airflow/example_dags/example_branch_python_dop_operator_3.py for tasks to queue
[2024-12-18T10:09:04.129+0000] {logging_mixin.py:190} INFO - [2024-12-18T10:09:04.129+0000] {dagbag.py:588} INFO - Filling up the DagBag from /home/airflow/.local/lib/python3.12/site-packages/airflow/example_dags/example_branch_python_dop_operator_3.py
[2024-12-18T10:09:04.138+0000] {processor.py:925} INFO - DAG(s) 'example_branch_dop_operator_v3' retrieved from /home/airflow/.local/lib/python3.12/site-packages/airflow/example_dags/example_branch_python_dop_operator_3.py
[2024-12-18T10:09:04.154+0000] {logging_mixin.py:190} INFO - [2024-12-18T10:09:04.154+0000] {dag.py:3239} INFO - Sync 1 DAGs
[2024-12-18T10:09:04.176+0000] {logging_mixin.py:190} INFO - [2024-12-18T10:09:04.175+0000] {dag.py:4180} INFO - Setting next_dagrun for example_branch_dop_operator_v3 to 2024-12-18 10:08:00+00:00, run_after=2024-12-18 10:09:00+00:00
[2024-12-18T10:09:04.190+0000] {processor.py:208} INFO - Processing /home/airflow/.local/lib/python3.12/site-packages/airflow/example_dags/example_branch_python_dop_operator_3.py took 0.068 seconds
[2024-12-18T10:09:34.516+0000] {processor.py:186} INFO - Started process (PID=624) to work on /home/airflow/.local/lib/python3.12/site-packages/airflow/example_dags/example_branch_python_dop_operator_3.py
[2024-12-18T10:09:34.517+0000] {processor.py:914} INFO - Processing file /home/airflow/.local/lib/python3.12/site-packages/airflow/example_dags/example_branch_python_dop_operator_3.py for tasks to queue
[2024-12-18T10:09:34.518+0000] {logging_mixin.py:190} INFO - [2024-12-18T10:09:34.518+0000] {dagbag.py:588} INFO - Filling up the DagBag from /home/airflow/.local/lib/python3.12/site-packages/airflow/example_dags/example_branch_python_dop_operator_3.py
[2024-12-18T10:09:34.529+0000] {processor.py:925} INFO - DAG(s) 'example_branch_dop_operator_v3' retrieved from /home/airflow/.local/lib/python3.12/site-packages/airflow/example_dags/example_branch_python_dop_operator_3.py
[2024-12-18T10:09:34.555+0000] {logging_mixin.py:190} INFO - [2024-12-18T10:09:34.555+0000] {dag.py:3239} INFO - Sync 1 DAGs
[2024-12-18T10:09:34.583+0000] {logging_mixin.py:190} INFO - [2024-12-18T10:09:34.582+0000] {dag.py:4180} INFO - Setting next_dagrun for example_branch_dop_operator_v3 to 2024-12-18 10:08:00+00:00, run_after=2024-12-18 10:09:00+00:00
[2024-12-18T10:09:34.601+0000] {processor.py:208} INFO - Processing /home/airflow/.local/lib/python3.12/site-packages/airflow/example_dags/example_branch_python_dop_operator_3.py took 0.091 seconds
[2024-12-18T10:10:06.334+0000] {processor.py:186} INFO - Started process (PID=690) to work on /home/airflow/.local/lib/python3.12/site-packages/airflow/example_dags/example_branch_python_dop_operator_3.py
[2024-12-18T10:10:06.335+0000] {processor.py:914} INFO - Processing file /home/airflow/.local/lib/python3.12/site-packages/airflow/example_dags/example_branch_python_dop_operator_3.py for tasks to queue
[2024-12-18T10:10:06.336+0000] {logging_mixin.py:190} INFO - [2024-12-18T10:10:06.336+0000] {dagbag.py:588} INFO - Filling up the DagBag from /home/airflow/.local/lib/python3.12/site-packages/airflow/example_dags/example_branch_python_dop_operator_3.py
[2024-12-18T10:10:06.345+0000] {processor.py:925} INFO - DAG(s) 'example_branch_dop_operator_v3' retrieved from /home/airflow/.local/lib/python3.12/site-packages/airflow/example_dags/example_branch_python_dop_operator_3.py
[2024-12-18T10:10:06.361+0000] {logging_mixin.py:190} INFO - [2024-12-18T10:10:06.361+0000] {dag.py:3239} INFO - Sync 1 DAGs
[2024-12-18T10:10:06.383+0000] {logging_mixin.py:190} INFO - [2024-12-18T10:10:06.383+0000] {dag.py:4180} INFO - Setting next_dagrun for example_branch_dop_operator_v3 to 2024-12-18 10:09:00+00:00, run_after=2024-12-18 10:10:00+00:00
[2024-12-18T10:10:06.397+0000] {processor.py:208} INFO - Processing /home/airflow/.local/lib/python3.12/site-packages/airflow/example_dags/example_branch_python_dop_operator_3.py took 0.068 seconds
[2024-12-18T10:10:36.759+0000] {processor.py:186} INFO - Started process (PID=753) to work on /home/airflow/.local/lib/python3.12/site-packages/airflow/example_dags/example_branch_python_dop_operator_3.py
[2024-12-18T10:10:36.760+0000] {processor.py:914} INFO - Processing file /home/airflow/.local/lib/python3.12/site-packages/airflow/example_dags/example_branch_python_dop_operator_3.py for tasks to queue
[2024-12-18T10:10:36.761+0000] {logging_mixin.py:190} INFO - [2024-12-18T10:10:36.761+0000] {dagbag.py:588} INFO - Filling up the DagBag from /home/airflow/.local/lib/python3.12/site-packages/airflow/example_dags/example_branch_python_dop_operator_3.py
[2024-12-18T10:10:36.775+0000] {processor.py:925} INFO - DAG(s) 'example_branch_dop_operator_v3' retrieved from /home/airflow/.local/lib/python3.12/site-packages/airflow/example_dags/example_branch_python_dop_operator_3.py
[2024-12-18T10:10:36.797+0000] {logging_mixin.py:190} INFO - [2024-12-18T10:10:36.797+0000] {dag.py:3239} INFO - Sync 1 DAGs
[2024-12-18T10:10:36.824+0000] {logging_mixin.py:190} INFO - [2024-12-18T10:10:36.824+0000] {dag.py:4180} INFO - Setting next_dagrun for example_branch_dop_operator_v3 to 2024-12-18 10:09:00+00:00, run_after=2024-12-18 10:10:00+00:00
[2024-12-18T10:10:36.839+0000] {processor.py:208} INFO - Processing /home/airflow/.local/lib/python3.12/site-packages/airflow/example_dags/example_branch_python_dop_operator_3.py took 0.086 seconds
[2024-12-18T10:11:09.131+0000] {processor.py:186} INFO - Started process (PID=819) to work on /home/airflow/.local/lib/python3.12/site-packages/airflow/example_dags/example_branch_python_dop_operator_3.py
[2024-12-18T10:11:09.132+0000] {processor.py:914} INFO - Processing file /home/airflow/.local/lib/python3.12/site-packages/airflow/example_dags/example_branch_python_dop_operator_3.py for tasks to queue
[2024-12-18T10:11:09.133+0000] {logging_mixin.py:190} INFO - [2024-12-18T10:11:09.133+0000] {dagbag.py:588} INFO - Filling up the DagBag from /home/airflow/.local/lib/python3.12/site-packages/airflow/example_dags/example_branch_python_dop_operator_3.py
[2024-12-18T10:11:09.146+0000] {processor.py:925} INFO - DAG(s) 'example_branch_dop_operator_v3' retrieved from /home/airflow/.local/lib/python3.12/site-packages/airflow/example_dags/example_branch_python_dop_operator_3.py
[2024-12-18T10:11:09.167+0000] {logging_mixin.py:190} INFO - [2024-12-18T10:11:09.166+0000] {dag.py:3239} INFO - Sync 1 DAGs
[2024-12-18T10:11:09.194+0000] {logging_mixin.py:190} INFO - [2024-12-18T10:11:09.194+0000] {dag.py:4180} INFO - Setting next_dagrun for example_branch_dop_operator_v3 to 2024-12-18 10:10:00+00:00, run_after=2024-12-18 10:11:00+00:00
[2024-12-18T10:11:09.215+0000] {processor.py:208} INFO - Processing /home/airflow/.local/lib/python3.12/site-packages/airflow/example_dags/example_branch_python_dop_operator_3.py took 0.090 seconds
[2024-12-18T10:11:39.294+0000] {processor.py:186} INFO - Started process (PID=882) to work on /home/airflow/.local/lib/python3.12/site-packages/airflow/example_dags/example_branch_python_dop_operator_3.py
[2024-12-18T10:11:39.295+0000] {processor.py:914} INFO - Processing file /home/airflow/.local/lib/python3.12/site-packages/airflow/example_dags/example_branch_python_dop_operator_3.py for tasks to queue
[2024-12-18T10:11:39.296+0000] {logging_mixin.py:190} INFO - [2024-12-18T10:11:39.295+0000] {dagbag.py:588} INFO - Filling up the DagBag from /home/airflow/.local/lib/python3.12/site-packages/airflow/example_dags/example_branch_python_dop_operator_3.py
[2024-12-18T10:11:39.306+0000] {processor.py:925} INFO - DAG(s) 'example_branch_dop_operator_v3' retrieved from /home/airflow/.local/lib/python3.12/site-packages/airflow/example_dags/example_branch_python_dop_operator_3.py
[2024-12-18T10:11:39.323+0000] {logging_mixin.py:190} INFO - [2024-12-18T10:11:39.323+0000] {dag.py:3239} INFO - Sync 1 DAGs
[2024-12-18T10:11:39.347+0000] {logging_mixin.py:190} INFO - [2024-12-18T10:11:39.347+0000] {dag.py:4180} INFO - Setting next_dagrun for example_branch_dop_operator_v3 to 2024-12-18 10:10:00+00:00, run_after=2024-12-18 10:11:00+00:00
[2024-12-18T10:11:39.361+0000] {processor.py:208} INFO - Processing /home/airflow/.local/lib/python3.12/site-packages/airflow/example_dags/example_branch_python_dop_operator_3.py took 0.073 seconds
[2024-12-18T10:12:11.518+0000] {processor.py:186} INFO - Started process (PID=948) to work on /home/airflow/.local/lib/python3.12/site-packages/airflow/example_dags/example_branch_python_dop_operator_3.py
[2024-12-18T10:12:11.519+0000] {processor.py:914} INFO - Processing file /home/airflow/.local/lib/python3.12/site-packages/airflow/example_dags/example_branch_python_dop_operator_3.py for tasks to queue
[2024-12-18T10:12:11.520+0000] {logging_mixin.py:190} INFO - [2024-12-18T10:12:11.520+0000] {dagbag.py:588} INFO - Filling up the DagBag from /home/airflow/.local/lib/python3.12/site-packages/airflow/example_dags/example_branch_python_dop_operator_3.py
[2024-12-18T10:12:11.529+0000] {processor.py:925} INFO - DAG(s) 'example_branch_dop_operator_v3' retrieved from /home/airflow/.local/lib/python3.12/site-packages/airflow/example_dags/example_branch_python_dop_operator_3.py
[2024-12-18T10:12:11.547+0000] {logging_mixin.py:190} INFO - [2024-12-18T10:12:11.547+0000] {dag.py:3239} INFO - Sync 1 DAGs
[2024-12-18T10:12:11.571+0000] {logging_mixin.py:190} INFO - [2024-12-18T10:12:11.571+0000] {dag.py:4180} INFO - Setting next_dagrun for example_branch_dop_operator_v3 to 2024-12-18 10:11:00+00:00, run_after=2024-12-18 10:12:00+00:00
[2024-12-18T10:12:11.586+0000] {processor.py:208} INFO - Processing /home/airflow/.local/lib/python3.12/site-packages/airflow/example_dags/example_branch_python_dop_operator_3.py took 0.074 seconds
[2024-12-18T10:12:41.891+0000] {processor.py:186} INFO - Started process (PID=1011) to work on /home/airflow/.local/lib/python3.12/site-packages/airflow/example_dags/example_branch_python_dop_operator_3.py
[2024-12-18T10:12:41.892+0000] {processor.py:914} INFO - Processing file /home/airflow/.local/lib/python3.12/site-packages/airflow/example_dags/example_branch_python_dop_operator_3.py for tasks to queue
[2024-12-18T10:12:41.893+0000] {logging_mixin.py:190} INFO - [2024-12-18T10:12:41.893+0000] {dagbag.py:588} INFO - Filling up the DagBag from /home/airflow/.local/lib/python3.12/site-packages/airflow/example_dags/example_branch_python_dop_operator_3.py
[2024-12-18T10:12:41.905+0000] {processor.py:925} INFO - DAG(s) 'example_branch_dop_operator_v3' retrieved from /home/airflow/.local/lib/python3.12/site-packages/airflow/example_dags/example_branch_python_dop_operator_3.py
[2024-12-18T10:12:41.923+0000] {logging_mixin.py:190} INFO - [2024-12-18T10:12:41.922+0000] {dag.py:3239} INFO - Sync 1 DAGs
[2024-12-18T10:12:41.950+0000] {logging_mixin.py:190} INFO - [2024-12-18T10:12:41.950+0000] {dag.py:4180} INFO - Setting next_dagrun for example_branch_dop_operator_v3 to 2024-12-18 10:11:00+00:00, run_after=2024-12-18 10:12:00+00:00
[2024-12-18T10:12:41.966+0000] {processor.py:208} INFO - Processing /home/airflow/.local/lib/python3.12/site-packages/airflow/example_dags/example_branch_python_dop_operator_3.py took 0.081 seconds
[2024-12-18T10:13:12.776+0000] {processor.py:186} INFO - Started process (PID=1074) to work on /home/airflow/.local/lib/python3.12/site-packages/airflow/example_dags/example_branch_python_dop_operator_3.py
[2024-12-18T10:13:12.776+0000] {processor.py:914} INFO - Processing file /home/airflow/.local/lib/python3.12/site-packages/airflow/example_dags/example_branch_python_dop_operator_3.py for tasks to queue
[2024-12-18T10:13:12.777+0000] {logging_mixin.py:190} INFO - [2024-12-18T10:13:12.777+0000] {dagbag.py:588} INFO - Filling up the DagBag from /home/airflow/.local/lib/python3.12/site-packages/airflow/example_dags/example_branch_python_dop_operator_3.py
[2024-12-18T10:13:12.787+0000] {processor.py:925} INFO - DAG(s) 'example_branch_dop_operator_v3' retrieved from /home/airflow/.local/lib/python3.12/site-packages/airflow/example_dags/example_branch_python_dop_operator_3.py
[2024-12-18T10:13:12.805+0000] {logging_mixin.py:190} INFO - [2024-12-18T10:13:12.805+0000] {dag.py:3239} INFO - Sync 1 DAGs
[2024-12-18T10:13:12.832+0000] {logging_mixin.py:190} INFO - [2024-12-18T10:13:12.832+0000] {dag.py:4180} INFO - Setting next_dagrun for example_branch_dop_operator_v3 to 2024-12-18 10:12:00+00:00, run_after=2024-12-18 10:13:00+00:00
[2024-12-18T10:13:12.848+0000] {processor.py:208} INFO - Processing /home/airflow/.local/lib/python3.12/site-packages/airflow/example_dags/example_branch_python_dop_operator_3.py took 0.078 seconds
[2024-12-18T10:13:43.776+0000] {processor.py:186} INFO - Started process (PID=1138) to work on /home/airflow/.local/lib/python3.12/site-packages/airflow/example_dags/example_branch_python_dop_operator_3.py
[2024-12-18T10:13:43.777+0000] {processor.py:914} INFO - Processing file /home/airflow/.local/lib/python3.12/site-packages/airflow/example_dags/example_branch_python_dop_operator_3.py for tasks to queue
[2024-12-18T10:13:43.778+0000] {logging_mixin.py:190} INFO - [2024-12-18T10:13:43.777+0000] {dagbag.py:588} INFO - Filling up the DagBag from /home/airflow/.local/lib/python3.12/site-packages/airflow/example_dags/example_branch_python_dop_operator_3.py
[2024-12-18T10:13:43.787+0000] {processor.py:925} INFO - DAG(s) 'example_branch_dop_operator_v3' retrieved from /home/airflow/.local/lib/python3.12/site-packages/airflow/example_dags/example_branch_python_dop_operator_3.py
[2024-12-18T10:13:43.806+0000] {logging_mixin.py:190} INFO - [2024-12-18T10:13:43.806+0000] {dag.py:3239} INFO - Sync 1 DAGs
[2024-12-18T10:13:43.831+0000] {logging_mixin.py:190} INFO - [2024-12-18T10:13:43.831+0000] {dag.py:4180} INFO - Setting next_dagrun for example_branch_dop_operator_v3 to 2024-12-18 10:12:00+00:00, run_after=2024-12-18 10:13:00+00:00
[2024-12-18T10:13:43.848+0000] {processor.py:208} INFO - Processing /home/airflow/.local/lib/python3.12/site-packages/airflow/example_dags/example_branch_python_dop_operator_3.py took 0.078 seconds
[2024-12-18T10:15:26.294+0000] {processor.py:186} INFO - Started process (PID=106) to work on /home/airflow/.local/lib/python3.12/site-packages/airflow/example_dags/example_branch_python_dop_operator_3.py
[2024-12-18T10:15:26.297+0000] {processor.py:914} INFO - Processing file /home/airflow/.local/lib/python3.12/site-packages/airflow/example_dags/example_branch_python_dop_operator_3.py for tasks to queue
[2024-12-18T10:15:26.299+0000] {logging_mixin.py:190} INFO - [2024-12-18T10:15:26.299+0000] {dagbag.py:588} INFO - Filling up the DagBag from /home/airflow/.local/lib/python3.12/site-packages/airflow/example_dags/example_branch_python_dop_operator_3.py
[2024-12-18T10:15:26.310+0000] {processor.py:925} INFO - DAG(s) 'example_branch_dop_operator_v3' retrieved from /home/airflow/.local/lib/python3.12/site-packages/airflow/example_dags/example_branch_python_dop_operator_3.py
[2024-12-18T10:15:26.331+0000] {logging_mixin.py:190} INFO - [2024-12-18T10:15:26.331+0000] {dag.py:3239} INFO - Sync 1 DAGs
[2024-12-18T10:15:26.358+0000] {logging_mixin.py:190} INFO - [2024-12-18T10:15:26.358+0000] {dag.py:4180} INFO - Setting next_dagrun for example_branch_dop_operator_v3 to 2024-12-18 10:14:00+00:00, run_after=2024-12-18 10:15:00+00:00
[2024-12-18T10:15:26.375+0000] {processor.py:208} INFO - Processing /home/airflow/.local/lib/python3.12/site-packages/airflow/example_dags/example_branch_python_dop_operator_3.py took 0.086 seconds
[2024-12-18T10:15:56.966+0000] {processor.py:186} INFO - Started process (PID=170) to work on /home/airflow/.local/lib/python3.12/site-packages/airflow/example_dags/example_branch_python_dop_operator_3.py
[2024-12-18T10:15:56.967+0000] {processor.py:914} INFO - Processing file /home/airflow/.local/lib/python3.12/site-packages/airflow/example_dags/example_branch_python_dop_operator_3.py for tasks to queue
[2024-12-18T10:15:56.969+0000] {logging_mixin.py:190} INFO - [2024-12-18T10:15:56.969+0000] {dagbag.py:588} INFO - Filling up the DagBag from /home/airflow/.local/lib/python3.12/site-packages/airflow/example_dags/example_branch_python_dop_operator_3.py
[2024-12-18T10:15:56.980+0000] {processor.py:925} INFO - DAG(s) 'example_branch_dop_operator_v3' retrieved from /home/airflow/.local/lib/python3.12/site-packages/airflow/example_dags/example_branch_python_dop_operator_3.py
[2024-12-18T10:15:56.999+0000] {logging_mixin.py:190} INFO - [2024-12-18T10:15:56.999+0000] {dag.py:3239} INFO - Sync 1 DAGs
[2024-12-18T10:15:57.027+0000] {logging_mixin.py:190} INFO - [2024-12-18T10:15:57.026+0000] {dag.py:4180} INFO - Setting next_dagrun for example_branch_dop_operator_v3 to 2024-12-18 10:14:00+00:00, run_after=2024-12-18 10:15:00+00:00
[2024-12-18T10:15:57.043+0000] {processor.py:208} INFO - Processing /home/airflow/.local/lib/python3.12/site-packages/airflow/example_dags/example_branch_python_dop_operator_3.py took 0.083 seconds
[2024-12-18T10:16:27.388+0000] {processor.py:186} INFO - Started process (PID=239) to work on /home/airflow/.local/lib/python3.12/site-packages/airflow/example_dags/example_branch_python_dop_operator_3.py
[2024-12-18T10:16:27.389+0000] {processor.py:914} INFO - Processing file /home/airflow/.local/lib/python3.12/site-packages/airflow/example_dags/example_branch_python_dop_operator_3.py for tasks to queue
[2024-12-18T10:16:27.391+0000] {logging_mixin.py:190} INFO - [2024-12-18T10:16:27.391+0000] {dagbag.py:588} INFO - Filling up the DagBag from /home/airflow/.local/lib/python3.12/site-packages/airflow/example_dags/example_branch_python_dop_operator_3.py
[2024-12-18T10:16:27.403+0000] {processor.py:925} INFO - DAG(s) 'example_branch_dop_operator_v3' retrieved from /home/airflow/.local/lib/python3.12/site-packages/airflow/example_dags/example_branch_python_dop_operator_3.py
[2024-12-18T10:16:27.422+0000] {logging_mixin.py:190} INFO - [2024-12-18T10:16:27.421+0000] {dag.py:3239} INFO - Sync 1 DAGs
[2024-12-18T10:16:27.448+0000] {logging_mixin.py:190} INFO - [2024-12-18T10:16:27.448+0000] {dag.py:4180} INFO - Setting next_dagrun for example_branch_dop_operator_v3 to 2024-12-18 10:15:00+00:00, run_after=2024-12-18 10:16:00+00:00
[2024-12-18T10:16:27.465+0000] {processor.py:208} INFO - Processing /home/airflow/.local/lib/python3.12/site-packages/airflow/example_dags/example_branch_python_dop_operator_3.py took 0.083 seconds
[2024-12-18T10:16:58.171+0000] {processor.py:186} INFO - Started process (PID=303) to work on /home/airflow/.local/lib/python3.12/site-packages/airflow/example_dags/example_branch_python_dop_operator_3.py
[2024-12-18T10:16:58.172+0000] {processor.py:914} INFO - Processing file /home/airflow/.local/lib/python3.12/site-packages/airflow/example_dags/example_branch_python_dop_operator_3.py for tasks to queue
[2024-12-18T10:16:58.174+0000] {logging_mixin.py:190} INFO - [2024-12-18T10:16:58.174+0000] {dagbag.py:588} INFO - Filling up the DagBag from /home/airflow/.local/lib/python3.12/site-packages/airflow/example_dags/example_branch_python_dop_operator_3.py
[2024-12-18T10:16:58.184+0000] {processor.py:925} INFO - DAG(s) 'example_branch_dop_operator_v3' retrieved from /home/airflow/.local/lib/python3.12/site-packages/airflow/example_dags/example_branch_python_dop_operator_3.py
[2024-12-18T10:16:58.202+0000] {logging_mixin.py:190} INFO - [2024-12-18T10:16:58.202+0000] {dag.py:3239} INFO - Sync 1 DAGs
[2024-12-18T10:16:58.227+0000] {logging_mixin.py:190} INFO - [2024-12-18T10:16:58.227+0000] {dag.py:4180} INFO - Setting next_dagrun for example_branch_dop_operator_v3 to 2024-12-18 10:15:00+00:00, run_after=2024-12-18 10:16:00+00:00
[2024-12-18T10:16:58.243+0000] {processor.py:208} INFO - Processing /home/airflow/.local/lib/python3.12/site-packages/airflow/example_dags/example_branch_python_dop_operator_3.py took 0.078 seconds
[2024-12-18T10:17:29.104+0000] {processor.py:186} INFO - Started process (PID=367) to work on /home/airflow/.local/lib/python3.12/site-packages/airflow/example_dags/example_branch_python_dop_operator_3.py
[2024-12-18T10:17:29.105+0000] {processor.py:914} INFO - Processing file /home/airflow/.local/lib/python3.12/site-packages/airflow/example_dags/example_branch_python_dop_operator_3.py for tasks to queue
[2024-12-18T10:17:29.110+0000] {logging_mixin.py:190} INFO - [2024-12-18T10:17:29.109+0000] {dagbag.py:588} INFO - Filling up the DagBag from /home/airflow/.local/lib/python3.12/site-packages/airflow/example_dags/example_branch_python_dop_operator_3.py
[2024-12-18T10:17:29.125+0000] {processor.py:925} INFO - DAG(s) 'example_branch_dop_operator_v3' retrieved from /home/airflow/.local/lib/python3.12/site-packages/airflow/example_dags/example_branch_python_dop_operator_3.py
[2024-12-18T10:17:29.162+0000] {logging_mixin.py:190} INFO - [2024-12-18T10:17:29.162+0000] {dag.py:3239} INFO - Sync 1 DAGs
[2024-12-18T10:17:29.212+0000] {logging_mixin.py:190} INFO - [2024-12-18T10:17:29.212+0000] {dag.py:4180} INFO - Setting next_dagrun for example_branch_dop_operator_v3 to 2024-12-18 10:16:00+00:00, run_after=2024-12-18 10:17:00+00:00
[2024-12-18T10:17:29.238+0000] {processor.py:208} INFO - Processing /home/airflow/.local/lib/python3.12/site-packages/airflow/example_dags/example_branch_python_dop_operator_3.py took 0.144 seconds
