[2024-12-18T09:53:50.936+0000] {processor.py:186} INFO - Started process (PID=121) to work on /home/airflow/.local/lib/python3.12/site-packages/airflow/example_dags/example_python_operator.py
[2024-12-18T09:53:50.937+0000] {processor.py:914} INFO - Processing file /home/airflow/.local/lib/python3.12/site-packages/airflow/example_dags/example_python_operator.py for tasks to queue
[2024-12-18T09:53:50.939+0000] {logging_mixin.py:190} INFO - [2024-12-18T09:53:50.939+0000] {dagbag.py:588} INFO - Filling up the DagBag from /home/airflow/.local/lib/python3.12/site-packages/airflow/example_dags/example_python_operator.py
[2024-12-18T09:53:50.952+0000] {processor.py:925} INFO - DAG(s) 'example_python_operator' retrieved from /home/airflow/.local/lib/python3.12/site-packages/airflow/example_dags/example_python_operator.py
[2024-12-18T09:53:51.076+0000] {logging_mixin.py:190} INFO - [2024-12-18T09:53:51.076+0000] {dag.py:3239} INFO - Sync 1 DAGs
[2024-12-18T09:53:51.089+0000] {logging_mixin.py:190} INFO - [2024-12-18T09:53:51.089+0000] {dag.py:4180} INFO - Setting next_dagrun for example_python_operator to None, run_after=None
[2024-12-18T09:53:51.106+0000] {processor.py:208} INFO - Processing /home/airflow/.local/lib/python3.12/site-packages/airflow/example_dags/example_python_operator.py took 0.176 seconds
[2024-12-18T09:54:21.618+0000] {processor.py:186} INFO - Started process (PID=185) to work on /home/airflow/.local/lib/python3.12/site-packages/airflow/example_dags/example_python_operator.py
[2024-12-18T09:54:21.619+0000] {processor.py:914} INFO - Processing file /home/airflow/.local/lib/python3.12/site-packages/airflow/example_dags/example_python_operator.py for tasks to queue
[2024-12-18T09:54:21.620+0000] {logging_mixin.py:190} INFO - [2024-12-18T09:54:21.620+0000] {dagbag.py:588} INFO - Filling up the DagBag from /home/airflow/.local/lib/python3.12/site-packages/airflow/example_dags/example_python_operator.py
[2024-12-18T09:54:21.630+0000] {processor.py:925} INFO - DAG(s) 'example_python_operator' retrieved from /home/airflow/.local/lib/python3.12/site-packages/airflow/example_dags/example_python_operator.py
[2024-12-18T09:54:21.648+0000] {logging_mixin.py:190} INFO - [2024-12-18T09:54:21.648+0000] {dag.py:3239} INFO - Sync 1 DAGs
[2024-12-18T09:54:21.659+0000] {logging_mixin.py:190} INFO - [2024-12-18T09:54:21.659+0000] {dag.py:4180} INFO - Setting next_dagrun for example_python_operator to None, run_after=None
[2024-12-18T09:54:21.673+0000] {processor.py:208} INFO - Processing /home/airflow/.local/lib/python3.12/site-packages/airflow/example_dags/example_python_operator.py took 0.059 seconds
[2024-12-18T09:54:52.705+0000] {processor.py:186} INFO - Started process (PID=249) to work on /home/airflow/.local/lib/python3.12/site-packages/airflow/example_dags/example_python_operator.py
[2024-12-18T09:54:52.711+0000] {processor.py:914} INFO - Processing file /home/airflow/.local/lib/python3.12/site-packages/airflow/example_dags/example_python_operator.py for tasks to queue
[2024-12-18T09:54:52.713+0000] {logging_mixin.py:190} INFO - [2024-12-18T09:54:52.713+0000] {dagbag.py:588} INFO - Filling up the DagBag from /home/airflow/.local/lib/python3.12/site-packages/airflow/example_dags/example_python_operator.py
[2024-12-18T09:54:52.732+0000] {processor.py:925} INFO - DAG(s) 'example_python_operator' retrieved from /home/airflow/.local/lib/python3.12/site-packages/airflow/example_dags/example_python_operator.py
[2024-12-18T09:54:52.765+0000] {logging_mixin.py:190} INFO - [2024-12-18T09:54:52.765+0000] {dag.py:3239} INFO - Sync 1 DAGs
[2024-12-18T09:54:52.782+0000] {logging_mixin.py:190} INFO - [2024-12-18T09:54:52.782+0000] {dag.py:4180} INFO - Setting next_dagrun for example_python_operator to None, run_after=None
[2024-12-18T09:54:52.815+0000] {processor.py:208} INFO - Processing /home/airflow/.local/lib/python3.12/site-packages/airflow/example_dags/example_python_operator.py took 0.117 seconds
[2024-12-18T09:55:24.722+0000] {processor.py:186} INFO - Started process (PID=317) to work on /home/airflow/.local/lib/python3.12/site-packages/airflow/example_dags/example_python_operator.py
[2024-12-18T09:55:24.723+0000] {processor.py:914} INFO - Processing file /home/airflow/.local/lib/python3.12/site-packages/airflow/example_dags/example_python_operator.py for tasks to queue
[2024-12-18T09:55:24.732+0000] {logging_mixin.py:190} INFO - [2024-12-18T09:55:24.731+0000] {dagbag.py:588} INFO - Filling up the DagBag from /home/airflow/.local/lib/python3.12/site-packages/airflow/example_dags/example_python_operator.py
[2024-12-18T09:55:24.755+0000] {processor.py:925} INFO - DAG(s) 'example_python_operator' retrieved from /home/airflow/.local/lib/python3.12/site-packages/airflow/example_dags/example_python_operator.py
[2024-12-18T09:55:24.804+0000] {logging_mixin.py:190} INFO - [2024-12-18T09:55:24.804+0000] {dag.py:3239} INFO - Sync 1 DAGs
[2024-12-18T09:55:24.832+0000] {logging_mixin.py:190} INFO - [2024-12-18T09:55:24.832+0000] {dag.py:4180} INFO - Setting next_dagrun for example_python_operator to None, run_after=None
[2024-12-18T09:55:24.859+0000] {processor.py:208} INFO - Processing /home/airflow/.local/lib/python3.12/site-packages/airflow/example_dags/example_python_operator.py took 0.150 seconds
[2024-12-18T09:55:55.686+0000] {processor.py:186} INFO - Started process (PID=380) to work on /home/airflow/.local/lib/python3.12/site-packages/airflow/example_dags/example_python_operator.py
[2024-12-18T09:55:55.687+0000] {processor.py:914} INFO - Processing file /home/airflow/.local/lib/python3.12/site-packages/airflow/example_dags/example_python_operator.py for tasks to queue
[2024-12-18T09:55:55.690+0000] {logging_mixin.py:190} INFO - [2024-12-18T09:55:55.690+0000] {dagbag.py:588} INFO - Filling up the DagBag from /home/airflow/.local/lib/python3.12/site-packages/airflow/example_dags/example_python_operator.py
[2024-12-18T09:55:55.703+0000] {processor.py:925} INFO - DAG(s) 'example_python_operator' retrieved from /home/airflow/.local/lib/python3.12/site-packages/airflow/example_dags/example_python_operator.py
[2024-12-18T09:55:55.725+0000] {logging_mixin.py:190} INFO - [2024-12-18T09:55:55.725+0000] {dag.py:3239} INFO - Sync 1 DAGs
[2024-12-18T09:55:55.741+0000] {logging_mixin.py:190} INFO - [2024-12-18T09:55:55.741+0000] {dag.py:4180} INFO - Setting next_dagrun for example_python_operator to None, run_after=None
[2024-12-18T09:55:55.760+0000] {processor.py:208} INFO - Processing /home/airflow/.local/lib/python3.12/site-packages/airflow/example_dags/example_python_operator.py took 0.079 seconds
[2024-12-18T09:56:26.211+0000] {processor.py:186} INFO - Started process (PID=443) to work on /home/airflow/.local/lib/python3.12/site-packages/airflow/example_dags/example_python_operator.py
[2024-12-18T09:56:26.212+0000] {processor.py:914} INFO - Processing file /home/airflow/.local/lib/python3.12/site-packages/airflow/example_dags/example_python_operator.py for tasks to queue
[2024-12-18T09:56:26.214+0000] {logging_mixin.py:190} INFO - [2024-12-18T09:56:26.213+0000] {dagbag.py:588} INFO - Filling up the DagBag from /home/airflow/.local/lib/python3.12/site-packages/airflow/example_dags/example_python_operator.py
[2024-12-18T09:56:26.226+0000] {processor.py:925} INFO - DAG(s) 'example_python_operator' retrieved from /home/airflow/.local/lib/python3.12/site-packages/airflow/example_dags/example_python_operator.py
[2024-12-18T09:56:26.248+0000] {logging_mixin.py:190} INFO - [2024-12-18T09:56:26.247+0000] {dag.py:3239} INFO - Sync 1 DAGs
[2024-12-18T09:56:26.262+0000] {logging_mixin.py:190} INFO - [2024-12-18T09:56:26.262+0000] {dag.py:4180} INFO - Setting next_dagrun for example_python_operator to None, run_after=None
[2024-12-18T09:56:26.279+0000] {processor.py:208} INFO - Processing /home/airflow/.local/lib/python3.12/site-packages/airflow/example_dags/example_python_operator.py took 0.075 seconds
[2024-12-18T09:56:56.528+0000] {processor.py:186} INFO - Started process (PID=520) to work on /home/airflow/.local/lib/python3.12/site-packages/airflow/example_dags/example_python_operator.py
[2024-12-18T09:56:56.529+0000] {processor.py:914} INFO - Processing file /home/airflow/.local/lib/python3.12/site-packages/airflow/example_dags/example_python_operator.py for tasks to queue
[2024-12-18T09:56:56.531+0000] {logging_mixin.py:190} INFO - [2024-12-18T09:56:56.531+0000] {dagbag.py:588} INFO - Filling up the DagBag from /home/airflow/.local/lib/python3.12/site-packages/airflow/example_dags/example_python_operator.py
[2024-12-18T09:56:56.542+0000] {processor.py:925} INFO - DAG(s) 'example_python_operator' retrieved from /home/airflow/.local/lib/python3.12/site-packages/airflow/example_dags/example_python_operator.py
[2024-12-18T09:56:56.562+0000] {logging_mixin.py:190} INFO - [2024-12-18T09:56:56.562+0000] {dag.py:3239} INFO - Sync 1 DAGs
[2024-12-18T09:56:56.575+0000] {logging_mixin.py:190} INFO - [2024-12-18T09:56:56.575+0000] {dag.py:4180} INFO - Setting next_dagrun for example_python_operator to None, run_after=None
[2024-12-18T09:56:56.591+0000] {processor.py:208} INFO - Processing /home/airflow/.local/lib/python3.12/site-packages/airflow/example_dags/example_python_operator.py took 0.068 seconds
[2024-12-18T09:57:27.867+0000] {processor.py:186} INFO - Started process (PID=583) to work on /home/airflow/.local/lib/python3.12/site-packages/airflow/example_dags/example_python_operator.py
[2024-12-18T09:57:27.867+0000] {processor.py:914} INFO - Processing file /home/airflow/.local/lib/python3.12/site-packages/airflow/example_dags/example_python_operator.py for tasks to queue
[2024-12-18T09:57:27.869+0000] {logging_mixin.py:190} INFO - [2024-12-18T09:57:27.869+0000] {dagbag.py:588} INFO - Filling up the DagBag from /home/airflow/.local/lib/python3.12/site-packages/airflow/example_dags/example_python_operator.py
[2024-12-18T09:57:27.881+0000] {processor.py:925} INFO - DAG(s) 'example_python_operator' retrieved from /home/airflow/.local/lib/python3.12/site-packages/airflow/example_dags/example_python_operator.py
[2024-12-18T09:57:27.902+0000] {logging_mixin.py:190} INFO - [2024-12-18T09:57:27.902+0000] {dag.py:3239} INFO - Sync 1 DAGs
[2024-12-18T09:57:27.917+0000] {logging_mixin.py:190} INFO - [2024-12-18T09:57:27.917+0000] {dag.py:4180} INFO - Setting next_dagrun for example_python_operator to None, run_after=None
[2024-12-18T09:57:27.936+0000] {processor.py:208} INFO - Processing /home/airflow/.local/lib/python3.12/site-packages/airflow/example_dags/example_python_operator.py took 0.075 seconds
[2024-12-18T09:57:59.558+0000] {processor.py:186} INFO - Started process (PID=647) to work on /home/airflow/.local/lib/python3.12/site-packages/airflow/example_dags/example_python_operator.py
[2024-12-18T09:57:59.559+0000] {processor.py:914} INFO - Processing file /home/airflow/.local/lib/python3.12/site-packages/airflow/example_dags/example_python_operator.py for tasks to queue
[2024-12-18T09:57:59.561+0000] {logging_mixin.py:190} INFO - [2024-12-18T09:57:59.561+0000] {dagbag.py:588} INFO - Filling up the DagBag from /home/airflow/.local/lib/python3.12/site-packages/airflow/example_dags/example_python_operator.py
[2024-12-18T09:57:59.574+0000] {processor.py:925} INFO - DAG(s) 'example_python_operator' retrieved from /home/airflow/.local/lib/python3.12/site-packages/airflow/example_dags/example_python_operator.py
[2024-12-18T09:57:59.596+0000] {logging_mixin.py:190} INFO - [2024-12-18T09:57:59.596+0000] {dag.py:3239} INFO - Sync 1 DAGs
[2024-12-18T09:57:59.610+0000] {logging_mixin.py:190} INFO - [2024-12-18T09:57:59.610+0000] {dag.py:4180} INFO - Setting next_dagrun for example_python_operator to None, run_after=None
[2024-12-18T09:57:59.628+0000] {processor.py:208} INFO - Processing /home/airflow/.local/lib/python3.12/site-packages/airflow/example_dags/example_python_operator.py took 0.076 seconds
[2024-12-18T09:58:30.781+0000] {processor.py:186} INFO - Started process (PID=711) to work on /home/airflow/.local/lib/python3.12/site-packages/airflow/example_dags/example_python_operator.py
[2024-12-18T09:58:30.781+0000] {processor.py:914} INFO - Processing file /home/airflow/.local/lib/python3.12/site-packages/airflow/example_dags/example_python_operator.py for tasks to queue
[2024-12-18T09:58:30.783+0000] {logging_mixin.py:190} INFO - [2024-12-18T09:58:30.783+0000] {dagbag.py:588} INFO - Filling up the DagBag from /home/airflow/.local/lib/python3.12/site-packages/airflow/example_dags/example_python_operator.py
[2024-12-18T09:58:30.796+0000] {processor.py:925} INFO - DAG(s) 'example_python_operator' retrieved from /home/airflow/.local/lib/python3.12/site-packages/airflow/example_dags/example_python_operator.py
[2024-12-18T09:58:30.819+0000] {logging_mixin.py:190} INFO - [2024-12-18T09:58:30.819+0000] {dag.py:3239} INFO - Sync 1 DAGs
[2024-12-18T09:58:30.833+0000] {logging_mixin.py:190} INFO - [2024-12-18T09:58:30.833+0000] {dag.py:4180} INFO - Setting next_dagrun for example_python_operator to None, run_after=None
[2024-12-18T09:58:30.851+0000] {processor.py:208} INFO - Processing /home/airflow/.local/lib/python3.12/site-packages/airflow/example_dags/example_python_operator.py took 0.076 seconds
[2024-12-18T09:59:01.566+0000] {processor.py:186} INFO - Started process (PID=775) to work on /home/airflow/.local/lib/python3.12/site-packages/airflow/example_dags/example_python_operator.py
[2024-12-18T09:59:01.567+0000] {processor.py:914} INFO - Processing file /home/airflow/.local/lib/python3.12/site-packages/airflow/example_dags/example_python_operator.py for tasks to queue
[2024-12-18T09:59:01.569+0000] {logging_mixin.py:190} INFO - [2024-12-18T09:59:01.568+0000] {dagbag.py:588} INFO - Filling up the DagBag from /home/airflow/.local/lib/python3.12/site-packages/airflow/example_dags/example_python_operator.py
[2024-12-18T09:59:01.582+0000] {processor.py:925} INFO - DAG(s) 'example_python_operator' retrieved from /home/airflow/.local/lib/python3.12/site-packages/airflow/example_dags/example_python_operator.py
[2024-12-18T09:59:01.605+0000] {logging_mixin.py:190} INFO - [2024-12-18T09:59:01.605+0000] {dag.py:3239} INFO - Sync 1 DAGs
[2024-12-18T09:59:01.620+0000] {logging_mixin.py:190} INFO - [2024-12-18T09:59:01.619+0000] {dag.py:4180} INFO - Setting next_dagrun for example_python_operator to None, run_after=None
[2024-12-18T09:59:01.636+0000] {processor.py:208} INFO - Processing /home/airflow/.local/lib/python3.12/site-packages/airflow/example_dags/example_python_operator.py took 0.076 seconds
[2024-12-18T09:59:32.660+0000] {processor.py:186} INFO - Started process (PID=839) to work on /home/airflow/.local/lib/python3.12/site-packages/airflow/example_dags/example_python_operator.py
[2024-12-18T09:59:32.661+0000] {processor.py:914} INFO - Processing file /home/airflow/.local/lib/python3.12/site-packages/airflow/example_dags/example_python_operator.py for tasks to queue
[2024-12-18T09:59:32.663+0000] {logging_mixin.py:190} INFO - [2024-12-18T09:59:32.662+0000] {dagbag.py:588} INFO - Filling up the DagBag from /home/airflow/.local/lib/python3.12/site-packages/airflow/example_dags/example_python_operator.py
[2024-12-18T09:59:32.675+0000] {processor.py:925} INFO - DAG(s) 'example_python_operator' retrieved from /home/airflow/.local/lib/python3.12/site-packages/airflow/example_dags/example_python_operator.py
[2024-12-18T09:59:32.695+0000] {logging_mixin.py:190} INFO - [2024-12-18T09:59:32.695+0000] {dag.py:3239} INFO - Sync 1 DAGs
[2024-12-18T09:59:32.709+0000] {logging_mixin.py:190} INFO - [2024-12-18T09:59:32.709+0000] {dag.py:4180} INFO - Setting next_dagrun for example_python_operator to None, run_after=None
[2024-12-18T09:59:32.727+0000] {processor.py:208} INFO - Processing /home/airflow/.local/lib/python3.12/site-packages/airflow/example_dags/example_python_operator.py took 0.073 seconds
[2024-12-18T10:00:04.597+0000] {processor.py:186} INFO - Started process (PID=903) to work on /home/airflow/.local/lib/python3.12/site-packages/airflow/example_dags/example_python_operator.py
[2024-12-18T10:00:04.598+0000] {processor.py:914} INFO - Processing file /home/airflow/.local/lib/python3.12/site-packages/airflow/example_dags/example_python_operator.py for tasks to queue
[2024-12-18T10:00:04.600+0000] {logging_mixin.py:190} INFO - [2024-12-18T10:00:04.599+0000] {dagbag.py:588} INFO - Filling up the DagBag from /home/airflow/.local/lib/python3.12/site-packages/airflow/example_dags/example_python_operator.py
[2024-12-18T10:00:04.612+0000] {processor.py:925} INFO - DAG(s) 'example_python_operator' retrieved from /home/airflow/.local/lib/python3.12/site-packages/airflow/example_dags/example_python_operator.py
[2024-12-18T10:00:04.635+0000] {logging_mixin.py:190} INFO - [2024-12-18T10:00:04.635+0000] {dag.py:3239} INFO - Sync 1 DAGs
[2024-12-18T10:00:04.650+0000] {logging_mixin.py:190} INFO - [2024-12-18T10:00:04.650+0000] {dag.py:4180} INFO - Setting next_dagrun for example_python_operator to None, run_after=None
[2024-12-18T10:00:04.670+0000] {processor.py:208} INFO - Processing /home/airflow/.local/lib/python3.12/site-packages/airflow/example_dags/example_python_operator.py took 0.080 seconds
[2024-12-18T10:00:36.209+0000] {processor.py:186} INFO - Started process (PID=967) to work on /home/airflow/.local/lib/python3.12/site-packages/airflow/example_dags/example_python_operator.py
[2024-12-18T10:00:36.210+0000] {processor.py:914} INFO - Processing file /home/airflow/.local/lib/python3.12/site-packages/airflow/example_dags/example_python_operator.py for tasks to queue
[2024-12-18T10:00:36.213+0000] {logging_mixin.py:190} INFO - [2024-12-18T10:00:36.212+0000] {dagbag.py:588} INFO - Filling up the DagBag from /home/airflow/.local/lib/python3.12/site-packages/airflow/example_dags/example_python_operator.py
[2024-12-18T10:00:36.229+0000] {processor.py:925} INFO - DAG(s) 'example_python_operator' retrieved from /home/airflow/.local/lib/python3.12/site-packages/airflow/example_dags/example_python_operator.py
[2024-12-18T10:00:36.250+0000] {logging_mixin.py:190} INFO - [2024-12-18T10:00:36.250+0000] {dag.py:3239} INFO - Sync 1 DAGs
[2024-12-18T10:00:36.265+0000] {logging_mixin.py:190} INFO - [2024-12-18T10:00:36.265+0000] {dag.py:4180} INFO - Setting next_dagrun for example_python_operator to None, run_after=None
[2024-12-18T10:00:36.284+0000] {processor.py:208} INFO - Processing /home/airflow/.local/lib/python3.12/site-packages/airflow/example_dags/example_python_operator.py took 0.083 seconds
[2024-12-18T10:05:26.535+0000] {processor.py:186} INFO - Started process (PID=124) to work on /home/airflow/.local/lib/python3.12/site-packages/airflow/example_dags/example_python_operator.py
[2024-12-18T10:05:26.536+0000] {processor.py:914} INFO - Processing file /home/airflow/.local/lib/python3.12/site-packages/airflow/example_dags/example_python_operator.py for tasks to queue
[2024-12-18T10:05:26.539+0000] {logging_mixin.py:190} INFO - [2024-12-18T10:05:26.539+0000] {dagbag.py:588} INFO - Filling up the DagBag from /home/airflow/.local/lib/python3.12/site-packages/airflow/example_dags/example_python_operator.py
[2024-12-18T10:05:26.556+0000] {processor.py:925} INFO - DAG(s) 'example_python_operator' retrieved from /home/airflow/.local/lib/python3.12/site-packages/airflow/example_dags/example_python_operator.py
[2024-12-18T10:05:26.700+0000] {logging_mixin.py:190} INFO - [2024-12-18T10:05:26.700+0000] {dag.py:3239} INFO - Sync 1 DAGs
[2024-12-18T10:05:26.716+0000] {logging_mixin.py:190} INFO - [2024-12-18T10:05:26.716+0000] {dag.py:4180} INFO - Setting next_dagrun for example_python_operator to None, run_after=None
[2024-12-18T10:05:26.741+0000] {processor.py:208} INFO - Processing /home/airflow/.local/lib/python3.12/site-packages/airflow/example_dags/example_python_operator.py took 0.214 seconds
[2024-12-18T10:06:00.468+0000] {processor.py:186} INFO - Started process (PID=190) to work on /home/airflow/.local/lib/python3.12/site-packages/airflow/example_dags/example_python_operator.py
[2024-12-18T10:06:00.469+0000] {processor.py:914} INFO - Processing file /home/airflow/.local/lib/python3.12/site-packages/airflow/example_dags/example_python_operator.py for tasks to queue
[2024-12-18T10:06:00.471+0000] {logging_mixin.py:190} INFO - [2024-12-18T10:06:00.470+0000] {dagbag.py:588} INFO - Filling up the DagBag from /home/airflow/.local/lib/python3.12/site-packages/airflow/example_dags/example_python_operator.py
[2024-12-18T10:06:00.483+0000] {processor.py:925} INFO - DAG(s) 'example_python_operator' retrieved from /home/airflow/.local/lib/python3.12/site-packages/airflow/example_dags/example_python_operator.py
[2024-12-18T10:06:00.504+0000] {logging_mixin.py:190} INFO - [2024-12-18T10:06:00.503+0000] {dag.py:3239} INFO - Sync 1 DAGs
[2024-12-18T10:06:00.517+0000] {logging_mixin.py:190} INFO - [2024-12-18T10:06:00.516+0000] {dag.py:4180} INFO - Setting next_dagrun for example_python_operator to None, run_after=None
[2024-12-18T10:06:00.532+0000] {processor.py:208} INFO - Processing /home/airflow/.local/lib/python3.12/site-packages/airflow/example_dags/example_python_operator.py took 0.071 seconds
[2024-12-18T10:06:30.939+0000] {processor.py:186} INFO - Started process (PID=253) to work on /home/airflow/.local/lib/python3.12/site-packages/airflow/example_dags/example_python_operator.py
[2024-12-18T10:06:30.940+0000] {processor.py:914} INFO - Processing file /home/airflow/.local/lib/python3.12/site-packages/airflow/example_dags/example_python_operator.py for tasks to queue
[2024-12-18T10:06:30.942+0000] {logging_mixin.py:190} INFO - [2024-12-18T10:06:30.941+0000] {dagbag.py:588} INFO - Filling up the DagBag from /home/airflow/.local/lib/python3.12/site-packages/airflow/example_dags/example_python_operator.py
[2024-12-18T10:06:30.954+0000] {processor.py:925} INFO - DAG(s) 'example_python_operator' retrieved from /home/airflow/.local/lib/python3.12/site-packages/airflow/example_dags/example_python_operator.py
[2024-12-18T10:06:30.975+0000] {logging_mixin.py:190} INFO - [2024-12-18T10:06:30.974+0000] {dag.py:3239} INFO - Sync 1 DAGs
[2024-12-18T10:06:30.994+0000] {logging_mixin.py:190} INFO - [2024-12-18T10:06:30.994+0000] {dag.py:4180} INFO - Setting next_dagrun for example_python_operator to None, run_after=None
[2024-12-18T10:06:31.016+0000] {processor.py:208} INFO - Processing /home/airflow/.local/lib/python3.12/site-packages/airflow/example_dags/example_python_operator.py took 0.086 seconds
[2024-12-18T10:07:02.070+0000] {processor.py:186} INFO - Started process (PID=318) to work on /home/airflow/.local/lib/python3.12/site-packages/airflow/example_dags/example_python_operator.py
[2024-12-18T10:07:02.071+0000] {processor.py:914} INFO - Processing file /home/airflow/.local/lib/python3.12/site-packages/airflow/example_dags/example_python_operator.py for tasks to queue
[2024-12-18T10:07:02.072+0000] {logging_mixin.py:190} INFO - [2024-12-18T10:07:02.072+0000] {dagbag.py:588} INFO - Filling up the DagBag from /home/airflow/.local/lib/python3.12/site-packages/airflow/example_dags/example_python_operator.py
[2024-12-18T10:07:02.089+0000] {processor.py:925} INFO - DAG(s) 'example_python_operator' retrieved from /home/airflow/.local/lib/python3.12/site-packages/airflow/example_dags/example_python_operator.py
[2024-12-18T10:07:02.126+0000] {logging_mixin.py:190} INFO - [2024-12-18T10:07:02.126+0000] {dag.py:3239} INFO - Sync 1 DAGs
[2024-12-18T10:07:02.148+0000] {logging_mixin.py:190} INFO - [2024-12-18T10:07:02.147+0000] {dag.py:4180} INFO - Setting next_dagrun for example_python_operator to None, run_after=None
[2024-12-18T10:07:02.164+0000] {processor.py:208} INFO - Processing /home/airflow/.local/lib/python3.12/site-packages/airflow/example_dags/example_python_operator.py took 0.099 seconds
[2024-12-18T10:07:32.239+0000] {processor.py:186} INFO - Started process (PID=381) to work on /home/airflow/.local/lib/python3.12/site-packages/airflow/example_dags/example_python_operator.py
[2024-12-18T10:07:32.240+0000] {processor.py:914} INFO - Processing file /home/airflow/.local/lib/python3.12/site-packages/airflow/example_dags/example_python_operator.py for tasks to queue
[2024-12-18T10:07:32.241+0000] {logging_mixin.py:190} INFO - [2024-12-18T10:07:32.241+0000] {dagbag.py:588} INFO - Filling up the DagBag from /home/airflow/.local/lib/python3.12/site-packages/airflow/example_dags/example_python_operator.py
[2024-12-18T10:07:32.252+0000] {processor.py:925} INFO - DAG(s) 'example_python_operator' retrieved from /home/airflow/.local/lib/python3.12/site-packages/airflow/example_dags/example_python_operator.py
[2024-12-18T10:07:32.273+0000] {logging_mixin.py:190} INFO - [2024-12-18T10:07:32.272+0000] {dag.py:3239} INFO - Sync 1 DAGs
[2024-12-18T10:07:32.286+0000] {logging_mixin.py:190} INFO - [2024-12-18T10:07:32.286+0000] {dag.py:4180} INFO - Setting next_dagrun for example_python_operator to None, run_after=None
[2024-12-18T10:07:32.302+0000] {processor.py:208} INFO - Processing /home/airflow/.local/lib/python3.12/site-packages/airflow/example_dags/example_python_operator.py took 0.068 seconds
[2024-12-18T10:08:03.673+0000] {processor.py:186} INFO - Started process (PID=447) to work on /home/airflow/.local/lib/python3.12/site-packages/airflow/example_dags/example_python_operator.py
[2024-12-18T10:08:03.674+0000] {processor.py:914} INFO - Processing file /home/airflow/.local/lib/python3.12/site-packages/airflow/example_dags/example_python_operator.py for tasks to queue
[2024-12-18T10:08:03.675+0000] {logging_mixin.py:190} INFO - [2024-12-18T10:08:03.674+0000] {dagbag.py:588} INFO - Filling up the DagBag from /home/airflow/.local/lib/python3.12/site-packages/airflow/example_dags/example_python_operator.py
[2024-12-18T10:08:03.685+0000] {processor.py:925} INFO - DAG(s) 'example_python_operator' retrieved from /home/airflow/.local/lib/python3.12/site-packages/airflow/example_dags/example_python_operator.py
[2024-12-18T10:08:03.703+0000] {logging_mixin.py:190} INFO - [2024-12-18T10:08:03.703+0000] {dag.py:3239} INFO - Sync 1 DAGs
[2024-12-18T10:08:03.715+0000] {logging_mixin.py:190} INFO - [2024-12-18T10:08:03.714+0000] {dag.py:4180} INFO - Setting next_dagrun for example_python_operator to None, run_after=None
[2024-12-18T10:08:03.728+0000] {processor.py:208} INFO - Processing /home/airflow/.local/lib/python3.12/site-packages/airflow/example_dags/example_python_operator.py took 0.061 seconds
[2024-12-18T10:08:34.277+0000] {processor.py:186} INFO - Started process (PID=510) to work on /home/airflow/.local/lib/python3.12/site-packages/airflow/example_dags/example_python_operator.py
[2024-12-18T10:08:34.278+0000] {processor.py:914} INFO - Processing file /home/airflow/.local/lib/python3.12/site-packages/airflow/example_dags/example_python_operator.py for tasks to queue
[2024-12-18T10:08:34.279+0000] {logging_mixin.py:190} INFO - [2024-12-18T10:08:34.278+0000] {dagbag.py:588} INFO - Filling up the DagBag from /home/airflow/.local/lib/python3.12/site-packages/airflow/example_dags/example_python_operator.py
[2024-12-18T10:08:34.290+0000] {processor.py:925} INFO - DAG(s) 'example_python_operator' retrieved from /home/airflow/.local/lib/python3.12/site-packages/airflow/example_dags/example_python_operator.py
[2024-12-18T10:08:34.311+0000] {logging_mixin.py:190} INFO - [2024-12-18T10:08:34.310+0000] {dag.py:3239} INFO - Sync 1 DAGs
[2024-12-18T10:08:34.325+0000] {logging_mixin.py:190} INFO - [2024-12-18T10:08:34.325+0000] {dag.py:4180} INFO - Setting next_dagrun for example_python_operator to None, run_after=None
[2024-12-18T10:08:34.342+0000] {processor.py:208} INFO - Processing /home/airflow/.local/lib/python3.12/site-packages/airflow/example_dags/example_python_operator.py took 0.070 seconds
[2024-12-18T10:09:06.779+0000] {processor.py:186} INFO - Started process (PID=576) to work on /home/airflow/.local/lib/python3.12/site-packages/airflow/example_dags/example_python_operator.py
[2024-12-18T10:09:06.780+0000] {processor.py:914} INFO - Processing file /home/airflow/.local/lib/python3.12/site-packages/airflow/example_dags/example_python_operator.py for tasks to queue
[2024-12-18T10:09:06.781+0000] {logging_mixin.py:190} INFO - [2024-12-18T10:09:06.781+0000] {dagbag.py:588} INFO - Filling up the DagBag from /home/airflow/.local/lib/python3.12/site-packages/airflow/example_dags/example_python_operator.py
[2024-12-18T10:09:06.792+0000] {processor.py:925} INFO - DAG(s) 'example_python_operator' retrieved from /home/airflow/.local/lib/python3.12/site-packages/airflow/example_dags/example_python_operator.py
[2024-12-18T10:09:06.812+0000] {logging_mixin.py:190} INFO - [2024-12-18T10:09:06.812+0000] {dag.py:3239} INFO - Sync 1 DAGs
[2024-12-18T10:09:06.826+0000] {logging_mixin.py:190} INFO - [2024-12-18T10:09:06.825+0000] {dag.py:4180} INFO - Setting next_dagrun for example_python_operator to None, run_after=None
[2024-12-18T10:09:06.840+0000] {processor.py:208} INFO - Processing /home/airflow/.local/lib/python3.12/site-packages/airflow/example_dags/example_python_operator.py took 0.066 seconds
[2024-12-18T10:09:37.049+0000] {processor.py:186} INFO - Started process (PID=638) to work on /home/airflow/.local/lib/python3.12/site-packages/airflow/example_dags/example_python_operator.py
[2024-12-18T10:09:37.050+0000] {processor.py:914} INFO - Processing file /home/airflow/.local/lib/python3.12/site-packages/airflow/example_dags/example_python_operator.py for tasks to queue
[2024-12-18T10:09:37.051+0000] {logging_mixin.py:190} INFO - [2024-12-18T10:09:37.050+0000] {dagbag.py:588} INFO - Filling up the DagBag from /home/airflow/.local/lib/python3.12/site-packages/airflow/example_dags/example_python_operator.py
[2024-12-18T10:09:37.063+0000] {processor.py:925} INFO - DAG(s) 'example_python_operator' retrieved from /home/airflow/.local/lib/python3.12/site-packages/airflow/example_dags/example_python_operator.py
[2024-12-18T10:09:37.084+0000] {logging_mixin.py:190} INFO - [2024-12-18T10:09:37.084+0000] {dag.py:3239} INFO - Sync 1 DAGs
[2024-12-18T10:09:37.099+0000] {logging_mixin.py:190} INFO - [2024-12-18T10:09:37.098+0000] {dag.py:4180} INFO - Setting next_dagrun for example_python_operator to None, run_after=None
[2024-12-18T10:09:37.117+0000] {processor.py:208} INFO - Processing /home/airflow/.local/lib/python3.12/site-packages/airflow/example_dags/example_python_operator.py took 0.074 seconds
[2024-12-18T10:10:07.954+0000] {processor.py:186} INFO - Started process (PID=703) to work on /home/airflow/.local/lib/python3.12/site-packages/airflow/example_dags/example_python_operator.py
[2024-12-18T10:10:07.955+0000] {processor.py:914} INFO - Processing file /home/airflow/.local/lib/python3.12/site-packages/airflow/example_dags/example_python_operator.py for tasks to queue
[2024-12-18T10:10:07.956+0000] {logging_mixin.py:190} INFO - [2024-12-18T10:10:07.956+0000] {dagbag.py:588} INFO - Filling up the DagBag from /home/airflow/.local/lib/python3.12/site-packages/airflow/example_dags/example_python_operator.py
[2024-12-18T10:10:07.967+0000] {processor.py:925} INFO - DAG(s) 'example_python_operator' retrieved from /home/airflow/.local/lib/python3.12/site-packages/airflow/example_dags/example_python_operator.py
[2024-12-18T10:10:07.986+0000] {logging_mixin.py:190} INFO - [2024-12-18T10:10:07.986+0000] {dag.py:3239} INFO - Sync 1 DAGs
[2024-12-18T10:10:07.998+0000] {logging_mixin.py:190} INFO - [2024-12-18T10:10:07.998+0000] {dag.py:4180} INFO - Setting next_dagrun for example_python_operator to None, run_after=None
[2024-12-18T10:10:08.012+0000] {processor.py:208} INFO - Processing /home/airflow/.local/lib/python3.12/site-packages/airflow/example_dags/example_python_operator.py took 0.063 seconds
[2024-12-18T10:10:38.533+0000] {processor.py:186} INFO - Started process (PID=766) to work on /home/airflow/.local/lib/python3.12/site-packages/airflow/example_dags/example_python_operator.py
[2024-12-18T10:10:38.535+0000] {processor.py:914} INFO - Processing file /home/airflow/.local/lib/python3.12/site-packages/airflow/example_dags/example_python_operator.py for tasks to queue
[2024-12-18T10:10:38.536+0000] {logging_mixin.py:190} INFO - [2024-12-18T10:10:38.536+0000] {dagbag.py:588} INFO - Filling up the DagBag from /home/airflow/.local/lib/python3.12/site-packages/airflow/example_dags/example_python_operator.py
[2024-12-18T10:10:38.554+0000] {processor.py:925} INFO - DAG(s) 'example_python_operator' retrieved from /home/airflow/.local/lib/python3.12/site-packages/airflow/example_dags/example_python_operator.py
[2024-12-18T10:10:38.590+0000] {logging_mixin.py:190} INFO - [2024-12-18T10:10:38.590+0000] {dag.py:3239} INFO - Sync 1 DAGs
[2024-12-18T10:10:38.638+0000] {logging_mixin.py:190} INFO - [2024-12-18T10:10:38.637+0000] {dag.py:4180} INFO - Setting next_dagrun for example_python_operator to None, run_after=None
[2024-12-18T10:10:38.674+0000] {processor.py:208} INFO - Processing /home/airflow/.local/lib/python3.12/site-packages/airflow/example_dags/example_python_operator.py took 0.150 seconds
[2024-12-18T10:11:11.782+0000] {processor.py:186} INFO - Started process (PID=833) to work on /home/airflow/.local/lib/python3.12/site-packages/airflow/example_dags/example_python_operator.py
[2024-12-18T10:11:11.783+0000] {processor.py:914} INFO - Processing file /home/airflow/.local/lib/python3.12/site-packages/airflow/example_dags/example_python_operator.py for tasks to queue
[2024-12-18T10:11:11.784+0000] {logging_mixin.py:190} INFO - [2024-12-18T10:11:11.783+0000] {dagbag.py:588} INFO - Filling up the DagBag from /home/airflow/.local/lib/python3.12/site-packages/airflow/example_dags/example_python_operator.py
[2024-12-18T10:11:11.794+0000] {processor.py:925} INFO - DAG(s) 'example_python_operator' retrieved from /home/airflow/.local/lib/python3.12/site-packages/airflow/example_dags/example_python_operator.py
[2024-12-18T10:11:11.813+0000] {logging_mixin.py:190} INFO - [2024-12-18T10:11:11.813+0000] {dag.py:3239} INFO - Sync 1 DAGs
[2024-12-18T10:11:11.826+0000] {logging_mixin.py:190} INFO - [2024-12-18T10:11:11.826+0000] {dag.py:4180} INFO - Setting next_dagrun for example_python_operator to None, run_after=None
[2024-12-18T10:11:11.841+0000] {processor.py:208} INFO - Processing /home/airflow/.local/lib/python3.12/site-packages/airflow/example_dags/example_python_operator.py took 0.064 seconds
[2024-12-18T10:11:41.877+0000] {processor.py:186} INFO - Started process (PID=896) to work on /home/airflow/.local/lib/python3.12/site-packages/airflow/example_dags/example_python_operator.py
[2024-12-18T10:11:41.878+0000] {processor.py:914} INFO - Processing file /home/airflow/.local/lib/python3.12/site-packages/airflow/example_dags/example_python_operator.py for tasks to queue
[2024-12-18T10:11:41.879+0000] {logging_mixin.py:190} INFO - [2024-12-18T10:11:41.879+0000] {dagbag.py:588} INFO - Filling up the DagBag from /home/airflow/.local/lib/python3.12/site-packages/airflow/example_dags/example_python_operator.py
[2024-12-18T10:11:41.891+0000] {processor.py:925} INFO - DAG(s) 'example_python_operator' retrieved from /home/airflow/.local/lib/python3.12/site-packages/airflow/example_dags/example_python_operator.py
[2024-12-18T10:11:41.911+0000] {logging_mixin.py:190} INFO - [2024-12-18T10:11:41.911+0000] {dag.py:3239} INFO - Sync 1 DAGs
[2024-12-18T10:11:41.925+0000] {logging_mixin.py:190} INFO - [2024-12-18T10:11:41.925+0000] {dag.py:4180} INFO - Setting next_dagrun for example_python_operator to None, run_after=None
[2024-12-18T10:11:41.941+0000] {processor.py:208} INFO - Processing /home/airflow/.local/lib/python3.12/site-packages/airflow/example_dags/example_python_operator.py took 0.070 seconds
[2024-12-18T10:12:13.527+0000] {processor.py:186} INFO - Started process (PID=961) to work on /home/airflow/.local/lib/python3.12/site-packages/airflow/example_dags/example_python_operator.py
[2024-12-18T10:12:13.528+0000] {processor.py:914} INFO - Processing file /home/airflow/.local/lib/python3.12/site-packages/airflow/example_dags/example_python_operator.py for tasks to queue
[2024-12-18T10:12:13.529+0000] {logging_mixin.py:190} INFO - [2024-12-18T10:12:13.528+0000] {dagbag.py:588} INFO - Filling up the DagBag from /home/airflow/.local/lib/python3.12/site-packages/airflow/example_dags/example_python_operator.py
[2024-12-18T10:12:13.540+0000] {processor.py:925} INFO - DAG(s) 'example_python_operator' retrieved from /home/airflow/.local/lib/python3.12/site-packages/airflow/example_dags/example_python_operator.py
[2024-12-18T10:12:13.560+0000] {logging_mixin.py:190} INFO - [2024-12-18T10:12:13.559+0000] {dag.py:3239} INFO - Sync 1 DAGs
[2024-12-18T10:12:13.573+0000] {logging_mixin.py:190} INFO - [2024-12-18T10:12:13.573+0000] {dag.py:4180} INFO - Setting next_dagrun for example_python_operator to None, run_after=None
[2024-12-18T10:12:13.588+0000] {processor.py:208} INFO - Processing /home/airflow/.local/lib/python3.12/site-packages/airflow/example_dags/example_python_operator.py took 0.067 seconds
[2024-12-18T10:12:43.945+0000] {processor.py:186} INFO - Started process (PID=1024) to work on /home/airflow/.local/lib/python3.12/site-packages/airflow/example_dags/example_python_operator.py
[2024-12-18T10:12:43.946+0000] {processor.py:914} INFO - Processing file /home/airflow/.local/lib/python3.12/site-packages/airflow/example_dags/example_python_operator.py for tasks to queue
[2024-12-18T10:12:43.947+0000] {logging_mixin.py:190} INFO - [2024-12-18T10:12:43.947+0000] {dagbag.py:588} INFO - Filling up the DagBag from /home/airflow/.local/lib/python3.12/site-packages/airflow/example_dags/example_python_operator.py
[2024-12-18T10:12:43.960+0000] {processor.py:925} INFO - DAG(s) 'example_python_operator' retrieved from /home/airflow/.local/lib/python3.12/site-packages/airflow/example_dags/example_python_operator.py
[2024-12-18T10:12:43.982+0000] {logging_mixin.py:190} INFO - [2024-12-18T10:12:43.982+0000] {dag.py:3239} INFO - Sync 1 DAGs
[2024-12-18T10:12:43.996+0000] {logging_mixin.py:190} INFO - [2024-12-18T10:12:43.996+0000] {dag.py:4180} INFO - Setting next_dagrun for example_python_operator to None, run_after=None
[2024-12-18T10:12:44.013+0000] {processor.py:208} INFO - Processing /home/airflow/.local/lib/python3.12/site-packages/airflow/example_dags/example_python_operator.py took 0.074 seconds
[2024-12-18T10:13:14.839+0000] {processor.py:186} INFO - Started process (PID=1087) to work on /home/airflow/.local/lib/python3.12/site-packages/airflow/example_dags/example_python_operator.py
[2024-12-18T10:13:14.840+0000] {processor.py:914} INFO - Processing file /home/airflow/.local/lib/python3.12/site-packages/airflow/example_dags/example_python_operator.py for tasks to queue
[2024-12-18T10:13:14.841+0000] {logging_mixin.py:190} INFO - [2024-12-18T10:13:14.841+0000] {dagbag.py:588} INFO - Filling up the DagBag from /home/airflow/.local/lib/python3.12/site-packages/airflow/example_dags/example_python_operator.py
[2024-12-18T10:13:14.859+0000] {processor.py:925} INFO - DAG(s) 'example_python_operator' retrieved from /home/airflow/.local/lib/python3.12/site-packages/airflow/example_dags/example_python_operator.py
[2024-12-18T10:13:14.911+0000] {logging_mixin.py:190} INFO - [2024-12-18T10:13:14.911+0000] {dag.py:3239} INFO - Sync 1 DAGs
[2024-12-18T10:13:14.941+0000] {logging_mixin.py:190} INFO - [2024-12-18T10:13:14.940+0000] {dag.py:4180} INFO - Setting next_dagrun for example_python_operator to None, run_after=None
[2024-12-18T10:13:14.974+0000] {processor.py:208} INFO - Processing /home/airflow/.local/lib/python3.12/site-packages/airflow/example_dags/example_python_operator.py took 0.143 seconds
[2024-12-18T10:13:45.904+0000] {processor.py:186} INFO - Started process (PID=1151) to work on /home/airflow/.local/lib/python3.12/site-packages/airflow/example_dags/example_python_operator.py
[2024-12-18T10:13:45.905+0000] {processor.py:914} INFO - Processing file /home/airflow/.local/lib/python3.12/site-packages/airflow/example_dags/example_python_operator.py for tasks to queue
[2024-12-18T10:13:45.906+0000] {logging_mixin.py:190} INFO - [2024-12-18T10:13:45.906+0000] {dagbag.py:588} INFO - Filling up the DagBag from /home/airflow/.local/lib/python3.12/site-packages/airflow/example_dags/example_python_operator.py
[2024-12-18T10:13:45.920+0000] {processor.py:925} INFO - DAG(s) 'example_python_operator' retrieved from /home/airflow/.local/lib/python3.12/site-packages/airflow/example_dags/example_python_operator.py
[2024-12-18T10:13:45.944+0000] {logging_mixin.py:190} INFO - [2024-12-18T10:13:45.943+0000] {dag.py:3239} INFO - Sync 1 DAGs
[2024-12-18T10:13:45.959+0000] {logging_mixin.py:190} INFO - [2024-12-18T10:13:45.959+0000] {dag.py:4180} INFO - Setting next_dagrun for example_python_operator to None, run_after=None
[2024-12-18T10:13:45.977+0000] {processor.py:208} INFO - Processing /home/airflow/.local/lib/python3.12/site-packages/airflow/example_dags/example_python_operator.py took 0.080 seconds
[2024-12-18T10:15:28.180+0000] {processor.py:186} INFO - Started process (PID=121) to work on /home/airflow/.local/lib/python3.12/site-packages/airflow/example_dags/example_python_operator.py
[2024-12-18T10:15:28.181+0000] {processor.py:914} INFO - Processing file /home/airflow/.local/lib/python3.12/site-packages/airflow/example_dags/example_python_operator.py for tasks to queue
[2024-12-18T10:15:28.184+0000] {logging_mixin.py:190} INFO - [2024-12-18T10:15:28.183+0000] {dagbag.py:588} INFO - Filling up the DagBag from /home/airflow/.local/lib/python3.12/site-packages/airflow/example_dags/example_python_operator.py
[2024-12-18T10:15:28.199+0000] {processor.py:925} INFO - DAG(s) 'example_python_operator' retrieved from /home/airflow/.local/lib/python3.12/site-packages/airflow/example_dags/example_python_operator.py
[2024-12-18T10:15:28.326+0000] {logging_mixin.py:190} INFO - [2024-12-18T10:15:28.325+0000] {dag.py:3239} INFO - Sync 1 DAGs
[2024-12-18T10:15:28.342+0000] {logging_mixin.py:190} INFO - [2024-12-18T10:15:28.342+0000] {dag.py:4180} INFO - Setting next_dagrun for example_python_operator to None, run_after=None
[2024-12-18T10:15:28.364+0000] {processor.py:208} INFO - Processing /home/airflow/.local/lib/python3.12/site-packages/airflow/example_dags/example_python_operator.py took 0.191 seconds
[2024-12-18T10:15:59.139+0000] {processor.py:186} INFO - Started process (PID=186) to work on /home/airflow/.local/lib/python3.12/site-packages/airflow/example_dags/example_python_operator.py
[2024-12-18T10:15:59.140+0000] {processor.py:914} INFO - Processing file /home/airflow/.local/lib/python3.12/site-packages/airflow/example_dags/example_python_operator.py for tasks to queue
[2024-12-18T10:15:59.142+0000] {logging_mixin.py:190} INFO - [2024-12-18T10:15:59.142+0000] {dagbag.py:588} INFO - Filling up the DagBag from /home/airflow/.local/lib/python3.12/site-packages/airflow/example_dags/example_python_operator.py
[2024-12-18T10:15:59.155+0000] {processor.py:925} INFO - DAG(s) 'example_python_operator' retrieved from /home/airflow/.local/lib/python3.12/site-packages/airflow/example_dags/example_python_operator.py
[2024-12-18T10:15:59.176+0000] {logging_mixin.py:190} INFO - [2024-12-18T10:15:59.175+0000] {dag.py:3239} INFO - Sync 1 DAGs
[2024-12-18T10:15:59.190+0000] {logging_mixin.py:190} INFO - [2024-12-18T10:15:59.189+0000] {dag.py:4180} INFO - Setting next_dagrun for example_python_operator to None, run_after=None
[2024-12-18T10:15:59.206+0000] {processor.py:208} INFO - Processing /home/airflow/.local/lib/python3.12/site-packages/airflow/example_dags/example_python_operator.py took 0.073 seconds
[2024-12-18T10:16:30.071+0000] {processor.py:186} INFO - Started process (PID=254) to work on /home/airflow/.local/lib/python3.12/site-packages/airflow/example_dags/example_python_operator.py
[2024-12-18T10:16:30.072+0000] {processor.py:914} INFO - Processing file /home/airflow/.local/lib/python3.12/site-packages/airflow/example_dags/example_python_operator.py for tasks to queue
[2024-12-18T10:16:30.075+0000] {logging_mixin.py:190} INFO - [2024-12-18T10:16:30.074+0000] {dagbag.py:588} INFO - Filling up the DagBag from /home/airflow/.local/lib/python3.12/site-packages/airflow/example_dags/example_python_operator.py
[2024-12-18T10:16:30.091+0000] {processor.py:925} INFO - DAG(s) 'example_python_operator' retrieved from /home/airflow/.local/lib/python3.12/site-packages/airflow/example_dags/example_python_operator.py
[2024-12-18T10:16:30.119+0000] {logging_mixin.py:190} INFO - [2024-12-18T10:16:30.119+0000] {dag.py:3239} INFO - Sync 1 DAGs
[2024-12-18T10:16:30.138+0000] {logging_mixin.py:190} INFO - [2024-12-18T10:16:30.138+0000] {dag.py:4180} INFO - Setting next_dagrun for example_python_operator to None, run_after=None
[2024-12-18T10:16:30.161+0000] {processor.py:208} INFO - Processing /home/airflow/.local/lib/python3.12/site-packages/airflow/example_dags/example_python_operator.py took 0.097 seconds
[2024-12-18T10:17:00.565+0000] {processor.py:186} INFO - Started process (PID=317) to work on /home/airflow/.local/lib/python3.12/site-packages/airflow/example_dags/example_python_operator.py
[2024-12-18T10:17:00.566+0000] {processor.py:914} INFO - Processing file /home/airflow/.local/lib/python3.12/site-packages/airflow/example_dags/example_python_operator.py for tasks to queue
[2024-12-18T10:17:00.568+0000] {logging_mixin.py:190} INFO - [2024-12-18T10:17:00.568+0000] {dagbag.py:588} INFO - Filling up the DagBag from /home/airflow/.local/lib/python3.12/site-packages/airflow/example_dags/example_python_operator.py
[2024-12-18T10:17:00.579+0000] {processor.py:925} INFO - DAG(s) 'example_python_operator' retrieved from /home/airflow/.local/lib/python3.12/site-packages/airflow/example_dags/example_python_operator.py
[2024-12-18T10:17:00.599+0000] {logging_mixin.py:190} INFO - [2024-12-18T10:17:00.599+0000] {dag.py:3239} INFO - Sync 1 DAGs
[2024-12-18T10:17:00.612+0000] {logging_mixin.py:190} INFO - [2024-12-18T10:17:00.612+0000] {dag.py:4180} INFO - Setting next_dagrun for example_python_operator to None, run_after=None
[2024-12-18T10:17:00.628+0000] {processor.py:208} INFO - Processing /home/airflow/.local/lib/python3.12/site-packages/airflow/example_dags/example_python_operator.py took 0.068 seconds
[2024-12-18T10:17:31.091+0000] {processor.py:186} INFO - Started process (PID=380) to work on /home/airflow/.local/lib/python3.12/site-packages/airflow/example_dags/example_python_operator.py
[2024-12-18T10:17:31.092+0000] {processor.py:914} INFO - Processing file /home/airflow/.local/lib/python3.12/site-packages/airflow/example_dags/example_python_operator.py for tasks to queue
[2024-12-18T10:17:31.094+0000] {logging_mixin.py:190} INFO - [2024-12-18T10:17:31.094+0000] {dagbag.py:588} INFO - Filling up the DagBag from /home/airflow/.local/lib/python3.12/site-packages/airflow/example_dags/example_python_operator.py
[2024-12-18T10:17:31.106+0000] {processor.py:925} INFO - DAG(s) 'example_python_operator' retrieved from /home/airflow/.local/lib/python3.12/site-packages/airflow/example_dags/example_python_operator.py
[2024-12-18T10:17:31.126+0000] {logging_mixin.py:190} INFO - [2024-12-18T10:17:31.126+0000] {dag.py:3239} INFO - Sync 1 DAGs
[2024-12-18T10:17:31.140+0000] {logging_mixin.py:190} INFO - [2024-12-18T10:17:31.140+0000] {dag.py:4180} INFO - Setting next_dagrun for example_python_operator to None, run_after=None
[2024-12-18T10:17:31.155+0000] {processor.py:208} INFO - Processing /home/airflow/.local/lib/python3.12/site-packages/airflow/example_dags/example_python_operator.py took 0.070 seconds
