[2024-12-18T09:53:47.962+0000] {processor.py:186} INFO - Started process (PID=82) to work on /home/airflow/.local/lib/python3.12/site-packages/airflow/example_dags/example_bash_operator.py
[2024-12-18T09:53:47.963+0000] {processor.py:914} INFO - Processing file /home/airflow/.local/lib/python3.12/site-packages/airflow/example_dags/example_bash_operator.py for tasks to queue
[2024-12-18T09:53:47.965+0000] {logging_mixin.py:190} INFO - [2024-12-18T09:53:47.964+0000] {dagbag.py:588} INFO - Filling up the DagBag from /home/airflow/.local/lib/python3.12/site-packages/airflow/example_dags/example_bash_operator.py
[2024-12-18T09:53:47.977+0000] {processor.py:925} INFO - DAG(s) 'example_bash_operator' retrieved from /home/airflow/.local/lib/python3.12/site-packages/airflow/example_dags/example_bash_operator.py
[2024-12-18T09:53:48.009+0000] {logging_mixin.py:190} INFO - [2024-12-18T09:53:48.009+0000] {dag.py:3239} INFO - Sync 1 DAGs
[2024-12-18T09:53:48.031+0000] {logging_mixin.py:190} INFO - [2024-12-18T09:53:48.031+0000] {dag.py:4180} INFO - Setting next_dagrun for example_bash_operator to 2024-12-17 00:00:00+00:00, run_after=2024-12-18 00:00:00+00:00
[2024-12-18T09:53:48.047+0000] {processor.py:208} INFO - Processing /home/airflow/.local/lib/python3.12/site-packages/airflow/example_dags/example_bash_operator.py took 0.090 seconds
[2024-12-18T09:54:19.179+0000] {processor.py:186} INFO - Started process (PID=152) to work on /home/airflow/.local/lib/python3.12/site-packages/airflow/example_dags/example_bash_operator.py
[2024-12-18T09:54:19.180+0000] {processor.py:914} INFO - Processing file /home/airflow/.local/lib/python3.12/site-packages/airflow/example_dags/example_bash_operator.py for tasks to queue
[2024-12-18T09:54:19.182+0000] {logging_mixin.py:190} INFO - [2024-12-18T09:54:19.182+0000] {dagbag.py:588} INFO - Filling up the DagBag from /home/airflow/.local/lib/python3.12/site-packages/airflow/example_dags/example_bash_operator.py
[2024-12-18T09:54:19.198+0000] {processor.py:925} INFO - DAG(s) 'example_bash_operator' retrieved from /home/airflow/.local/lib/python3.12/site-packages/airflow/example_dags/example_bash_operator.py
[2024-12-18T09:54:19.226+0000] {logging_mixin.py:190} INFO - [2024-12-18T09:54:19.226+0000] {dag.py:3239} INFO - Sync 1 DAGs
[2024-12-18T09:54:19.251+0000] {logging_mixin.py:190} INFO - [2024-12-18T09:54:19.251+0000] {dag.py:4180} INFO - Setting next_dagrun for example_bash_operator to 2024-12-17 00:00:00+00:00, run_after=2024-12-18 00:00:00+00:00
[2024-12-18T09:54:19.269+0000] {processor.py:208} INFO - Processing /home/airflow/.local/lib/python3.12/site-packages/airflow/example_dags/example_bash_operator.py took 0.096 seconds
[2024-12-18T09:54:49.904+0000] {processor.py:186} INFO - Started process (PID=216) to work on /home/airflow/.local/lib/python3.12/site-packages/airflow/example_dags/example_bash_operator.py
[2024-12-18T09:54:49.904+0000] {processor.py:914} INFO - Processing file /home/airflow/.local/lib/python3.12/site-packages/airflow/example_dags/example_bash_operator.py for tasks to queue
[2024-12-18T09:54:49.906+0000] {logging_mixin.py:190} INFO - [2024-12-18T09:54:49.906+0000] {dagbag.py:588} INFO - Filling up the DagBag from /home/airflow/.local/lib/python3.12/site-packages/airflow/example_dags/example_bash_operator.py
[2024-12-18T09:54:49.921+0000] {processor.py:925} INFO - DAG(s) 'example_bash_operator' retrieved from /home/airflow/.local/lib/python3.12/site-packages/airflow/example_dags/example_bash_operator.py
[2024-12-18T09:54:49.962+0000] {logging_mixin.py:190} INFO - [2024-12-18T09:54:49.961+0000] {dag.py:3239} INFO - Sync 1 DAGs
[2024-12-18T09:54:49.995+0000] {logging_mixin.py:190} INFO - [2024-12-18T09:54:49.995+0000] {dag.py:4180} INFO - Setting next_dagrun for example_bash_operator to 2024-12-17 00:00:00+00:00, run_after=2024-12-18 00:00:00+00:00
[2024-12-18T09:54:50.016+0000] {processor.py:208} INFO - Processing /home/airflow/.local/lib/python3.12/site-packages/airflow/example_dags/example_bash_operator.py took 0.118 seconds
[2024-12-18T09:55:20.761+0000] {processor.py:186} INFO - Started process (PID=280) to work on /home/airflow/.local/lib/python3.12/site-packages/airflow/example_dags/example_bash_operator.py
[2024-12-18T09:55:20.762+0000] {processor.py:914} INFO - Processing file /home/airflow/.local/lib/python3.12/site-packages/airflow/example_dags/example_bash_operator.py for tasks to queue
[2024-12-18T09:55:20.764+0000] {logging_mixin.py:190} INFO - [2024-12-18T09:55:20.764+0000] {dagbag.py:588} INFO - Filling up the DagBag from /home/airflow/.local/lib/python3.12/site-packages/airflow/example_dags/example_bash_operator.py
[2024-12-18T09:55:20.777+0000] {processor.py:925} INFO - DAG(s) 'example_bash_operator' retrieved from /home/airflow/.local/lib/python3.12/site-packages/airflow/example_dags/example_bash_operator.py
[2024-12-18T09:55:20.803+0000] {logging_mixin.py:190} INFO - [2024-12-18T09:55:20.803+0000] {dag.py:3239} INFO - Sync 1 DAGs
[2024-12-18T09:55:20.828+0000] {logging_mixin.py:190} INFO - [2024-12-18T09:55:20.828+0000] {dag.py:4180} INFO - Setting next_dagrun for example_bash_operator to 2024-12-17 00:00:00+00:00, run_after=2024-12-18 00:00:00+00:00
[2024-12-18T09:55:20.847+0000] {processor.py:208} INFO - Processing /home/airflow/.local/lib/python3.12/site-packages/airflow/example_dags/example_bash_operator.py took 0.092 seconds
[2024-12-18T09:55:52.470+0000] {processor.py:186} INFO - Started process (PID=347) to work on /home/airflow/.local/lib/python3.12/site-packages/airflow/example_dags/example_bash_operator.py
[2024-12-18T09:55:52.470+0000] {processor.py:914} INFO - Processing file /home/airflow/.local/lib/python3.12/site-packages/airflow/example_dags/example_bash_operator.py for tasks to queue
[2024-12-18T09:55:52.473+0000] {logging_mixin.py:190} INFO - [2024-12-18T09:55:52.472+0000] {dagbag.py:588} INFO - Filling up the DagBag from /home/airflow/.local/lib/python3.12/site-packages/airflow/example_dags/example_bash_operator.py
[2024-12-18T09:55:52.486+0000] {processor.py:925} INFO - DAG(s) 'example_bash_operator' retrieved from /home/airflow/.local/lib/python3.12/site-packages/airflow/example_dags/example_bash_operator.py
[2024-12-18T09:55:52.514+0000] {logging_mixin.py:190} INFO - [2024-12-18T09:55:52.514+0000] {dag.py:3239} INFO - Sync 1 DAGs
[2024-12-18T09:55:52.538+0000] {logging_mixin.py:190} INFO - [2024-12-18T09:55:52.538+0000] {dag.py:4180} INFO - Setting next_dagrun for example_bash_operator to 2024-12-17 00:00:00+00:00, run_after=2024-12-18 00:00:00+00:00
[2024-12-18T09:55:52.554+0000] {processor.py:208} INFO - Processing /home/airflow/.local/lib/python3.12/site-packages/airflow/example_dags/example_bash_operator.py took 0.091 seconds
[2024-12-18T09:56:23.648+0000] {processor.py:186} INFO - Started process (PID=411) to work on /home/airflow/.local/lib/python3.12/site-packages/airflow/example_dags/example_bash_operator.py
[2024-12-18T09:56:23.649+0000] {processor.py:914} INFO - Processing file /home/airflow/.local/lib/python3.12/site-packages/airflow/example_dags/example_bash_operator.py for tasks to queue
[2024-12-18T09:56:23.652+0000] {logging_mixin.py:190} INFO - [2024-12-18T09:56:23.651+0000] {dagbag.py:588} INFO - Filling up the DagBag from /home/airflow/.local/lib/python3.12/site-packages/airflow/example_dags/example_bash_operator.py
[2024-12-18T09:56:23.666+0000] {processor.py:925} INFO - DAG(s) 'example_bash_operator' retrieved from /home/airflow/.local/lib/python3.12/site-packages/airflow/example_dags/example_bash_operator.py
[2024-12-18T09:56:23.695+0000] {logging_mixin.py:190} INFO - [2024-12-18T09:56:23.695+0000] {dag.py:3239} INFO - Sync 1 DAGs
[2024-12-18T09:56:23.724+0000] {logging_mixin.py:190} INFO - [2024-12-18T09:56:23.724+0000] {dag.py:4180} INFO - Setting next_dagrun for example_bash_operator to 2024-12-17 00:00:00+00:00, run_after=2024-12-18 00:00:00+00:00
[2024-12-18T09:56:23.743+0000] {processor.py:208} INFO - Processing /home/airflow/.local/lib/python3.12/site-packages/airflow/example_dags/example_bash_operator.py took 0.102 seconds
[2024-12-18T09:56:54.754+0000] {processor.py:186} INFO - Started process (PID=489) to work on /home/airflow/.local/lib/python3.12/site-packages/airflow/example_dags/example_bash_operator.py
[2024-12-18T09:56:54.754+0000] {processor.py:914} INFO - Processing file /home/airflow/.local/lib/python3.12/site-packages/airflow/example_dags/example_bash_operator.py for tasks to queue
[2024-12-18T09:56:54.757+0000] {logging_mixin.py:190} INFO - [2024-12-18T09:56:54.756+0000] {dagbag.py:588} INFO - Filling up the DagBag from /home/airflow/.local/lib/python3.12/site-packages/airflow/example_dags/example_bash_operator.py
[2024-12-18T09:56:54.769+0000] {processor.py:925} INFO - DAG(s) 'example_bash_operator' retrieved from /home/airflow/.local/lib/python3.12/site-packages/airflow/example_dags/example_bash_operator.py
[2024-12-18T09:56:54.793+0000] {logging_mixin.py:190} INFO - [2024-12-18T09:56:54.793+0000] {dag.py:3239} INFO - Sync 1 DAGs
[2024-12-18T09:56:54.816+0000] {logging_mixin.py:190} INFO - [2024-12-18T09:56:54.815+0000] {dag.py:4180} INFO - Setting next_dagrun for example_bash_operator to 2024-12-17 00:00:00+00:00, run_after=2024-12-18 00:00:00+00:00
[2024-12-18T09:56:54.832+0000] {processor.py:208} INFO - Processing /home/airflow/.local/lib/python3.12/site-packages/airflow/example_dags/example_bash_operator.py took 0.084 seconds
[2024-12-18T09:57:26.173+0000] {processor.py:186} INFO - Started process (PID=553) to work on /home/airflow/.local/lib/python3.12/site-packages/airflow/example_dags/example_bash_operator.py
[2024-12-18T09:57:26.174+0000] {processor.py:914} INFO - Processing file /home/airflow/.local/lib/python3.12/site-packages/airflow/example_dags/example_bash_operator.py for tasks to queue
[2024-12-18T09:57:26.176+0000] {logging_mixin.py:190} INFO - [2024-12-18T09:57:26.176+0000] {dagbag.py:588} INFO - Filling up the DagBag from /home/airflow/.local/lib/python3.12/site-packages/airflow/example_dags/example_bash_operator.py
[2024-12-18T09:57:26.190+0000] {processor.py:925} INFO - DAG(s) 'example_bash_operator' retrieved from /home/airflow/.local/lib/python3.12/site-packages/airflow/example_dags/example_bash_operator.py
[2024-12-18T09:57:26.231+0000] {logging_mixin.py:190} INFO - [2024-12-18T09:57:26.231+0000] {dag.py:3239} INFO - Sync 1 DAGs
[2024-12-18T09:57:26.262+0000] {logging_mixin.py:190} INFO - [2024-12-18T09:57:26.262+0000] {dag.py:4180} INFO - Setting next_dagrun for example_bash_operator to 2024-12-17 00:00:00+00:00, run_after=2024-12-18 00:00:00+00:00
[2024-12-18T09:57:26.278+0000] {processor.py:208} INFO - Processing /home/airflow/.local/lib/python3.12/site-packages/airflow/example_dags/example_bash_operator.py took 0.111 seconds
[2024-12-18T09:57:57.587+0000] {processor.py:186} INFO - Started process (PID=617) to work on /home/airflow/.local/lib/python3.12/site-packages/airflow/example_dags/example_bash_operator.py
[2024-12-18T09:57:57.587+0000] {processor.py:914} INFO - Processing file /home/airflow/.local/lib/python3.12/site-packages/airflow/example_dags/example_bash_operator.py for tasks to queue
[2024-12-18T09:57:57.590+0000] {logging_mixin.py:190} INFO - [2024-12-18T09:57:57.590+0000] {dagbag.py:588} INFO - Filling up the DagBag from /home/airflow/.local/lib/python3.12/site-packages/airflow/example_dags/example_bash_operator.py
[2024-12-18T09:57:57.604+0000] {processor.py:925} INFO - DAG(s) 'example_bash_operator' retrieved from /home/airflow/.local/lib/python3.12/site-packages/airflow/example_dags/example_bash_operator.py
[2024-12-18T09:57:57.633+0000] {logging_mixin.py:190} INFO - [2024-12-18T09:57:57.633+0000] {dag.py:3239} INFO - Sync 1 DAGs
[2024-12-18T09:57:57.658+0000] {logging_mixin.py:190} INFO - [2024-12-18T09:57:57.658+0000] {dag.py:4180} INFO - Setting next_dagrun for example_bash_operator to 2024-12-17 00:00:00+00:00, run_after=2024-12-18 00:00:00+00:00
[2024-12-18T09:57:57.674+0000] {processor.py:208} INFO - Processing /home/airflow/.local/lib/python3.12/site-packages/airflow/example_dags/example_bash_operator.py took 0.093 seconds
[2024-12-18T09:58:28.810+0000] {processor.py:186} INFO - Started process (PID=681) to work on /home/airflow/.local/lib/python3.12/site-packages/airflow/example_dags/example_bash_operator.py
[2024-12-18T09:58:28.810+0000] {processor.py:914} INFO - Processing file /home/airflow/.local/lib/python3.12/site-packages/airflow/example_dags/example_bash_operator.py for tasks to queue
[2024-12-18T09:58:28.813+0000] {logging_mixin.py:190} INFO - [2024-12-18T09:58:28.812+0000] {dagbag.py:588} INFO - Filling up the DagBag from /home/airflow/.local/lib/python3.12/site-packages/airflow/example_dags/example_bash_operator.py
[2024-12-18T09:58:28.824+0000] {processor.py:925} INFO - DAG(s) 'example_bash_operator' retrieved from /home/airflow/.local/lib/python3.12/site-packages/airflow/example_dags/example_bash_operator.py
[2024-12-18T09:58:28.855+0000] {logging_mixin.py:190} INFO - [2024-12-18T09:58:28.855+0000] {dag.py:3239} INFO - Sync 1 DAGs
[2024-12-18T09:58:28.885+0000] {logging_mixin.py:190} INFO - [2024-12-18T09:58:28.885+0000] {dag.py:4180} INFO - Setting next_dagrun for example_bash_operator to 2024-12-17 00:00:00+00:00, run_after=2024-12-18 00:00:00+00:00
[2024-12-18T09:58:28.907+0000] {processor.py:208} INFO - Processing /home/airflow/.local/lib/python3.12/site-packages/airflow/example_dags/example_bash_operator.py took 0.102 seconds
[2024-12-18T09:58:59.681+0000] {processor.py:186} INFO - Started process (PID=745) to work on /home/airflow/.local/lib/python3.12/site-packages/airflow/example_dags/example_bash_operator.py
[2024-12-18T09:58:59.681+0000] {processor.py:914} INFO - Processing file /home/airflow/.local/lib/python3.12/site-packages/airflow/example_dags/example_bash_operator.py for tasks to queue
[2024-12-18T09:58:59.684+0000] {logging_mixin.py:190} INFO - [2024-12-18T09:58:59.684+0000] {dagbag.py:588} INFO - Filling up the DagBag from /home/airflow/.local/lib/python3.12/site-packages/airflow/example_dags/example_bash_operator.py
[2024-12-18T09:58:59.697+0000] {processor.py:925} INFO - DAG(s) 'example_bash_operator' retrieved from /home/airflow/.local/lib/python3.12/site-packages/airflow/example_dags/example_bash_operator.py
[2024-12-18T09:58:59.722+0000] {logging_mixin.py:190} INFO - [2024-12-18T09:58:59.722+0000] {dag.py:3239} INFO - Sync 1 DAGs
[2024-12-18T09:58:59.744+0000] {logging_mixin.py:190} INFO - [2024-12-18T09:58:59.744+0000] {dag.py:4180} INFO - Setting next_dagrun for example_bash_operator to 2024-12-17 00:00:00+00:00, run_after=2024-12-18 00:00:00+00:00
[2024-12-18T09:58:59.760+0000] {processor.py:208} INFO - Processing /home/airflow/.local/lib/python3.12/site-packages/airflow/example_dags/example_bash_operator.py took 0.085 seconds
[2024-12-18T09:59:30.970+0000] {processor.py:186} INFO - Started process (PID=809) to work on /home/airflow/.local/lib/python3.12/site-packages/airflow/example_dags/example_bash_operator.py
[2024-12-18T09:59:30.971+0000] {processor.py:914} INFO - Processing file /home/airflow/.local/lib/python3.12/site-packages/airflow/example_dags/example_bash_operator.py for tasks to queue
[2024-12-18T09:59:30.973+0000] {logging_mixin.py:190} INFO - [2024-12-18T09:59:30.973+0000] {dagbag.py:588} INFO - Filling up the DagBag from /home/airflow/.local/lib/python3.12/site-packages/airflow/example_dags/example_bash_operator.py
[2024-12-18T09:59:30.987+0000] {processor.py:925} INFO - DAG(s) 'example_bash_operator' retrieved from /home/airflow/.local/lib/python3.12/site-packages/airflow/example_dags/example_bash_operator.py
[2024-12-18T09:59:31.013+0000] {logging_mixin.py:190} INFO - [2024-12-18T09:59:31.013+0000] {dag.py:3239} INFO - Sync 1 DAGs
[2024-12-18T09:59:31.037+0000] {logging_mixin.py:190} INFO - [2024-12-18T09:59:31.037+0000] {dag.py:4180} INFO - Setting next_dagrun for example_bash_operator to 2024-12-17 00:00:00+00:00, run_after=2024-12-18 00:00:00+00:00
[2024-12-18T09:59:31.053+0000] {processor.py:208} INFO - Processing /home/airflow/.local/lib/python3.12/site-packages/airflow/example_dags/example_bash_operator.py took 0.090 seconds
[2024-12-18T10:00:02.705+0000] {processor.py:186} INFO - Started process (PID=873) to work on /home/airflow/.local/lib/python3.12/site-packages/airflow/example_dags/example_bash_operator.py
[2024-12-18T10:00:02.706+0000] {processor.py:914} INFO - Processing file /home/airflow/.local/lib/python3.12/site-packages/airflow/example_dags/example_bash_operator.py for tasks to queue
[2024-12-18T10:00:02.709+0000] {logging_mixin.py:190} INFO - [2024-12-18T10:00:02.709+0000] {dagbag.py:588} INFO - Filling up the DagBag from /home/airflow/.local/lib/python3.12/site-packages/airflow/example_dags/example_bash_operator.py
[2024-12-18T10:00:02.725+0000] {processor.py:925} INFO - DAG(s) 'example_bash_operator' retrieved from /home/airflow/.local/lib/python3.12/site-packages/airflow/example_dags/example_bash_operator.py
[2024-12-18T10:00:02.753+0000] {logging_mixin.py:190} INFO - [2024-12-18T10:00:02.752+0000] {dag.py:3239} INFO - Sync 1 DAGs
[2024-12-18T10:00:02.793+0000] {logging_mixin.py:190} INFO - [2024-12-18T10:00:02.792+0000] {dag.py:4180} INFO - Setting next_dagrun for example_bash_operator to 2024-12-17 00:00:00+00:00, run_after=2024-12-18 00:00:00+00:00
[2024-12-18T10:00:02.816+0000] {processor.py:208} INFO - Processing /home/airflow/.local/lib/python3.12/site-packages/airflow/example_dags/example_bash_operator.py took 0.117 seconds
[2024-12-18T10:00:34.337+0000] {processor.py:186} INFO - Started process (PID=937) to work on /home/airflow/.local/lib/python3.12/site-packages/airflow/example_dags/example_bash_operator.py
[2024-12-18T10:00:34.338+0000] {processor.py:914} INFO - Processing file /home/airflow/.local/lib/python3.12/site-packages/airflow/example_dags/example_bash_operator.py for tasks to queue
[2024-12-18T10:00:34.341+0000] {logging_mixin.py:190} INFO - [2024-12-18T10:00:34.340+0000] {dagbag.py:588} INFO - Filling up the DagBag from /home/airflow/.local/lib/python3.12/site-packages/airflow/example_dags/example_bash_operator.py
[2024-12-18T10:00:34.357+0000] {processor.py:925} INFO - DAG(s) 'example_bash_operator' retrieved from /home/airflow/.local/lib/python3.12/site-packages/airflow/example_dags/example_bash_operator.py
[2024-12-18T10:00:34.392+0000] {logging_mixin.py:190} INFO - [2024-12-18T10:00:34.392+0000] {dag.py:3239} INFO - Sync 1 DAGs
[2024-12-18T10:00:34.424+0000] {logging_mixin.py:190} INFO - [2024-12-18T10:00:34.424+0000] {dag.py:4180} INFO - Setting next_dagrun for example_bash_operator to 2024-12-17 00:00:00+00:00, run_after=2024-12-18 00:00:00+00:00
[2024-12-18T10:00:34.446+0000] {processor.py:208} INFO - Processing /home/airflow/.local/lib/python3.12/site-packages/airflow/example_dags/example_bash_operator.py took 0.117 seconds
[2024-12-18T10:01:05.584+0000] {processor.py:186} INFO - Started process (PID=1001) to work on /home/airflow/.local/lib/python3.12/site-packages/airflow/example_dags/example_bash_operator.py
[2024-12-18T10:01:05.584+0000] {processor.py:914} INFO - Processing file /home/airflow/.local/lib/python3.12/site-packages/airflow/example_dags/example_bash_operator.py for tasks to queue
[2024-12-18T10:01:05.587+0000] {logging_mixin.py:190} INFO - [2024-12-18T10:01:05.586+0000] {dagbag.py:588} INFO - Filling up the DagBag from /home/airflow/.local/lib/python3.12/site-packages/airflow/example_dags/example_bash_operator.py
[2024-12-18T10:01:05.599+0000] {processor.py:925} INFO - DAG(s) 'example_bash_operator' retrieved from /home/airflow/.local/lib/python3.12/site-packages/airflow/example_dags/example_bash_operator.py
[2024-12-18T10:01:05.627+0000] {logging_mixin.py:190} INFO - [2024-12-18T10:01:05.627+0000] {dag.py:3239} INFO - Sync 1 DAGs
[2024-12-18T10:01:05.650+0000] {logging_mixin.py:190} INFO - [2024-12-18T10:01:05.649+0000] {dag.py:4180} INFO - Setting next_dagrun for example_bash_operator to 2024-12-17 00:00:00+00:00, run_after=2024-12-18 00:00:00+00:00
[2024-12-18T10:01:05.665+0000] {processor.py:208} INFO - Processing /home/airflow/.local/lib/python3.12/site-packages/airflow/example_dags/example_bash_operator.py took 0.087 seconds
[2024-12-18T10:05:23.039+0000] {processor.py:186} INFO - Started process (PID=85) to work on /home/airflow/.local/lib/python3.12/site-packages/airflow/example_dags/example_bash_operator.py
[2024-12-18T10:05:23.040+0000] {processor.py:914} INFO - Processing file /home/airflow/.local/lib/python3.12/site-packages/airflow/example_dags/example_bash_operator.py for tasks to queue
[2024-12-18T10:05:23.042+0000] {logging_mixin.py:190} INFO - [2024-12-18T10:05:23.042+0000] {dagbag.py:588} INFO - Filling up the DagBag from /home/airflow/.local/lib/python3.12/site-packages/airflow/example_dags/example_bash_operator.py
[2024-12-18T10:05:23.057+0000] {processor.py:925} INFO - DAG(s) 'example_bash_operator' retrieved from /home/airflow/.local/lib/python3.12/site-packages/airflow/example_dags/example_bash_operator.py
[2024-12-18T10:05:23.091+0000] {logging_mixin.py:190} INFO - [2024-12-18T10:05:23.091+0000] {dag.py:3239} INFO - Sync 1 DAGs
[2024-12-18T10:05:23.112+0000] {logging_mixin.py:190} INFO - [2024-12-18T10:05:23.112+0000] {dag.py:4180} INFO - Setting next_dagrun for example_bash_operator to 2024-12-17 00:00:00+00:00, run_after=2024-12-18 00:00:00+00:00
[2024-12-18T10:05:23.128+0000] {processor.py:208} INFO - Processing /home/airflow/.local/lib/python3.12/site-packages/airflow/example_dags/example_bash_operator.py took 0.096 seconds
[2024-12-18T10:05:55.020+0000] {processor.py:186} INFO - Started process (PID=151) to work on /home/airflow/.local/lib/python3.12/site-packages/airflow/example_dags/example_bash_operator.py
[2024-12-18T10:05:55.021+0000] {processor.py:914} INFO - Processing file /home/airflow/.local/lib/python3.12/site-packages/airflow/example_dags/example_bash_operator.py for tasks to queue
[2024-12-18T10:05:55.023+0000] {logging_mixin.py:190} INFO - [2024-12-18T10:05:55.023+0000] {dagbag.py:588} INFO - Filling up the DagBag from /home/airflow/.local/lib/python3.12/site-packages/airflow/example_dags/example_bash_operator.py
[2024-12-18T10:05:55.042+0000] {processor.py:925} INFO - DAG(s) 'example_bash_operator' retrieved from /home/airflow/.local/lib/python3.12/site-packages/airflow/example_dags/example_bash_operator.py
[2024-12-18T10:05:55.083+0000] {logging_mixin.py:190} INFO - [2024-12-18T10:05:55.083+0000] {dag.py:3239} INFO - Sync 1 DAGs
[2024-12-18T10:05:55.115+0000] {logging_mixin.py:190} INFO - [2024-12-18T10:05:55.115+0000] {dag.py:4180} INFO - Setting next_dagrun for example_bash_operator to 2024-12-17 00:00:00+00:00, run_after=2024-12-18 00:00:00+00:00
[2024-12-18T10:05:55.135+0000] {processor.py:208} INFO - Processing /home/airflow/.local/lib/python3.12/site-packages/airflow/example_dags/example_bash_operator.py took 0.123 seconds
[2024-12-18T10:06:25.479+0000] {processor.py:186} INFO - Started process (PID=220) to work on /home/airflow/.local/lib/python3.12/site-packages/airflow/example_dags/example_bash_operator.py
[2024-12-18T10:06:25.479+0000] {processor.py:914} INFO - Processing file /home/airflow/.local/lib/python3.12/site-packages/airflow/example_dags/example_bash_operator.py for tasks to queue
[2024-12-18T10:06:25.480+0000] {logging_mixin.py:190} INFO - [2024-12-18T10:06:25.480+0000] {dagbag.py:588} INFO - Filling up the DagBag from /home/airflow/.local/lib/python3.12/site-packages/airflow/example_dags/example_bash_operator.py
[2024-12-18T10:06:25.493+0000] {processor.py:925} INFO - DAG(s) 'example_bash_operator' retrieved from /home/airflow/.local/lib/python3.12/site-packages/airflow/example_dags/example_bash_operator.py
[2024-12-18T10:06:25.517+0000] {logging_mixin.py:190} INFO - [2024-12-18T10:06:25.517+0000] {dag.py:3239} INFO - Sync 1 DAGs
[2024-12-18T10:06:25.538+0000] {logging_mixin.py:190} INFO - [2024-12-18T10:06:25.537+0000] {dag.py:4180} INFO - Setting next_dagrun for example_bash_operator to 2024-12-17 00:00:00+00:00, run_after=2024-12-18 00:00:00+00:00
[2024-12-18T10:06:25.552+0000] {processor.py:208} INFO - Processing /home/airflow/.local/lib/python3.12/site-packages/airflow/example_dags/example_bash_operator.py took 0.078 seconds
[2024-12-18T10:06:57.622+0000] {processor.py:186} INFO - Started process (PID=286) to work on /home/airflow/.local/lib/python3.12/site-packages/airflow/example_dags/example_bash_operator.py
[2024-12-18T10:06:57.623+0000] {processor.py:914} INFO - Processing file /home/airflow/.local/lib/python3.12/site-packages/airflow/example_dags/example_bash_operator.py for tasks to queue
[2024-12-18T10:06:57.625+0000] {logging_mixin.py:190} INFO - [2024-12-18T10:06:57.624+0000] {dagbag.py:588} INFO - Filling up the DagBag from /home/airflow/.local/lib/python3.12/site-packages/airflow/example_dags/example_bash_operator.py
[2024-12-18T10:06:57.640+0000] {processor.py:925} INFO - DAG(s) 'example_bash_operator' retrieved from /home/airflow/.local/lib/python3.12/site-packages/airflow/example_dags/example_bash_operator.py
[2024-12-18T10:06:57.669+0000] {logging_mixin.py:190} INFO - [2024-12-18T10:06:57.669+0000] {dag.py:3239} INFO - Sync 1 DAGs
[2024-12-18T10:06:57.696+0000] {logging_mixin.py:190} INFO - [2024-12-18T10:06:57.695+0000] {dag.py:4180} INFO - Setting next_dagrun for example_bash_operator to 2024-12-17 00:00:00+00:00, run_after=2024-12-18 00:00:00+00:00
[2024-12-18T10:06:57.714+0000] {processor.py:208} INFO - Processing /home/airflow/.local/lib/python3.12/site-packages/airflow/example_dags/example_bash_operator.py took 0.099 seconds
[2024-12-18T10:07:28.035+0000] {processor.py:186} INFO - Started process (PID=349) to work on /home/airflow/.local/lib/python3.12/site-packages/airflow/example_dags/example_bash_operator.py
[2024-12-18T10:07:28.036+0000] {processor.py:914} INFO - Processing file /home/airflow/.local/lib/python3.12/site-packages/airflow/example_dags/example_bash_operator.py for tasks to queue
[2024-12-18T10:07:28.037+0000] {logging_mixin.py:190} INFO - [2024-12-18T10:07:28.036+0000] {dagbag.py:588} INFO - Filling up the DagBag from /home/airflow/.local/lib/python3.12/site-packages/airflow/example_dags/example_bash_operator.py
[2024-12-18T10:07:28.049+0000] {processor.py:925} INFO - DAG(s) 'example_bash_operator' retrieved from /home/airflow/.local/lib/python3.12/site-packages/airflow/example_dags/example_bash_operator.py
[2024-12-18T10:07:28.076+0000] {logging_mixin.py:190} INFO - [2024-12-18T10:07:28.075+0000] {dag.py:3239} INFO - Sync 1 DAGs
[2024-12-18T10:07:28.098+0000] {logging_mixin.py:190} INFO - [2024-12-18T10:07:28.098+0000] {dag.py:4180} INFO - Setting next_dagrun for example_bash_operator to 2024-12-17 00:00:00+00:00, run_after=2024-12-18 00:00:00+00:00
[2024-12-18T10:07:28.112+0000] {processor.py:208} INFO - Processing /home/airflow/.local/lib/python3.12/site-packages/airflow/example_dags/example_bash_operator.py took 0.082 seconds
[2024-12-18T10:07:59.246+0000] {processor.py:186} INFO - Started process (PID=414) to work on /home/airflow/.local/lib/python3.12/site-packages/airflow/example_dags/example_bash_operator.py
[2024-12-18T10:07:59.247+0000] {processor.py:914} INFO - Processing file /home/airflow/.local/lib/python3.12/site-packages/airflow/example_dags/example_bash_operator.py for tasks to queue
[2024-12-18T10:07:59.248+0000] {logging_mixin.py:190} INFO - [2024-12-18T10:07:59.248+0000] {dagbag.py:588} INFO - Filling up the DagBag from /home/airflow/.local/lib/python3.12/site-packages/airflow/example_dags/example_bash_operator.py
[2024-12-18T10:07:59.260+0000] {processor.py:925} INFO - DAG(s) 'example_bash_operator' retrieved from /home/airflow/.local/lib/python3.12/site-packages/airflow/example_dags/example_bash_operator.py
[2024-12-18T10:07:59.283+0000] {logging_mixin.py:190} INFO - [2024-12-18T10:07:59.283+0000] {dag.py:3239} INFO - Sync 1 DAGs
[2024-12-18T10:07:59.303+0000] {logging_mixin.py:190} INFO - [2024-12-18T10:07:59.303+0000] {dag.py:4180} INFO - Setting next_dagrun for example_bash_operator to 2024-12-17 00:00:00+00:00, run_after=2024-12-18 00:00:00+00:00
[2024-12-18T10:07:59.317+0000] {processor.py:208} INFO - Processing /home/airflow/.local/lib/python3.12/site-packages/airflow/example_dags/example_bash_operator.py took 0.076 seconds
[2024-12-18T10:08:29.792+0000] {processor.py:186} INFO - Started process (PID=477) to work on /home/airflow/.local/lib/python3.12/site-packages/airflow/example_dags/example_bash_operator.py
[2024-12-18T10:08:29.793+0000] {processor.py:914} INFO - Processing file /home/airflow/.local/lib/python3.12/site-packages/airflow/example_dags/example_bash_operator.py for tasks to queue
[2024-12-18T10:08:29.794+0000] {logging_mixin.py:190} INFO - [2024-12-18T10:08:29.793+0000] {dagbag.py:588} INFO - Filling up the DagBag from /home/airflow/.local/lib/python3.12/site-packages/airflow/example_dags/example_bash_operator.py
[2024-12-18T10:08:29.806+0000] {processor.py:925} INFO - DAG(s) 'example_bash_operator' retrieved from /home/airflow/.local/lib/python3.12/site-packages/airflow/example_dags/example_bash_operator.py
[2024-12-18T10:08:29.830+0000] {logging_mixin.py:190} INFO - [2024-12-18T10:08:29.830+0000] {dag.py:3239} INFO - Sync 1 DAGs
[2024-12-18T10:08:29.853+0000] {logging_mixin.py:190} INFO - [2024-12-18T10:08:29.853+0000] {dag.py:4180} INFO - Setting next_dagrun for example_bash_operator to 2024-12-17 00:00:00+00:00, run_after=2024-12-18 00:00:00+00:00
[2024-12-18T10:08:29.868+0000] {processor.py:208} INFO - Processing /home/airflow/.local/lib/python3.12/site-packages/airflow/example_dags/example_bash_operator.py took 0.082 seconds
[2024-12-18T10:08:59.940+0000] {processor.py:186} INFO - Started process (PID=542) to work on /home/airflow/.local/lib/python3.12/site-packages/airflow/example_dags/example_bash_operator.py
[2024-12-18T10:08:59.941+0000] {processor.py:914} INFO - Processing file /home/airflow/.local/lib/python3.12/site-packages/airflow/example_dags/example_bash_operator.py for tasks to queue
[2024-12-18T10:08:59.942+0000] {logging_mixin.py:190} INFO - [2024-12-18T10:08:59.942+0000] {dagbag.py:588} INFO - Filling up the DagBag from /home/airflow/.local/lib/python3.12/site-packages/airflow/example_dags/example_bash_operator.py
[2024-12-18T10:08:59.955+0000] {processor.py:925} INFO - DAG(s) 'example_bash_operator' retrieved from /home/airflow/.local/lib/python3.12/site-packages/airflow/example_dags/example_bash_operator.py
[2024-12-18T10:08:59.982+0000] {logging_mixin.py:190} INFO - [2024-12-18T10:08:59.982+0000] {dag.py:3239} INFO - Sync 1 DAGs
[2024-12-18T10:09:00.007+0000] {logging_mixin.py:190} INFO - [2024-12-18T10:09:00.007+0000] {dag.py:4180} INFO - Setting next_dagrun for example_bash_operator to 2024-12-17 00:00:00+00:00, run_after=2024-12-18 00:00:00+00:00
[2024-12-18T10:09:00.025+0000] {processor.py:208} INFO - Processing /home/airflow/.local/lib/python3.12/site-packages/airflow/example_dags/example_bash_operator.py took 0.091 seconds
[2024-12-18T10:09:30.346+0000] {processor.py:186} INFO - Started process (PID=604) to work on /home/airflow/.local/lib/python3.12/site-packages/airflow/example_dags/example_bash_operator.py
[2024-12-18T10:09:30.347+0000] {processor.py:914} INFO - Processing file /home/airflow/.local/lib/python3.12/site-packages/airflow/example_dags/example_bash_operator.py for tasks to queue
[2024-12-18T10:09:30.348+0000] {logging_mixin.py:190} INFO - [2024-12-18T10:09:30.347+0000] {dagbag.py:588} INFO - Filling up the DagBag from /home/airflow/.local/lib/python3.12/site-packages/airflow/example_dags/example_bash_operator.py
[2024-12-18T10:09:30.360+0000] {processor.py:925} INFO - DAG(s) 'example_bash_operator' retrieved from /home/airflow/.local/lib/python3.12/site-packages/airflow/example_dags/example_bash_operator.py
[2024-12-18T10:09:30.386+0000] {logging_mixin.py:190} INFO - [2024-12-18T10:09:30.386+0000] {dag.py:3239} INFO - Sync 1 DAGs
[2024-12-18T10:09:30.412+0000] {logging_mixin.py:190} INFO - [2024-12-18T10:09:30.411+0000] {dag.py:4180} INFO - Setting next_dagrun for example_bash_operator to 2024-12-17 00:00:00+00:00, run_after=2024-12-18 00:00:00+00:00
[2024-12-18T10:09:30.432+0000] {processor.py:208} INFO - Processing /home/airflow/.local/lib/python3.12/site-packages/airflow/example_dags/example_bash_operator.py took 0.093 seconds
[2024-12-18T10:10:01.418+0000] {processor.py:186} INFO - Started process (PID=670) to work on /home/airflow/.local/lib/python3.12/site-packages/airflow/example_dags/example_bash_operator.py
[2024-12-18T10:10:01.419+0000] {processor.py:914} INFO - Processing file /home/airflow/.local/lib/python3.12/site-packages/airflow/example_dags/example_bash_operator.py for tasks to queue
[2024-12-18T10:10:01.420+0000] {logging_mixin.py:190} INFO - [2024-12-18T10:10:01.419+0000] {dagbag.py:588} INFO - Filling up the DagBag from /home/airflow/.local/lib/python3.12/site-packages/airflow/example_dags/example_bash_operator.py
[2024-12-18T10:10:01.433+0000] {processor.py:925} INFO - DAG(s) 'example_bash_operator' retrieved from /home/airflow/.local/lib/python3.12/site-packages/airflow/example_dags/example_bash_operator.py
[2024-12-18T10:10:01.463+0000] {logging_mixin.py:190} INFO - [2024-12-18T10:10:01.462+0000] {dag.py:3239} INFO - Sync 1 DAGs
[2024-12-18T10:10:01.487+0000] {logging_mixin.py:190} INFO - [2024-12-18T10:10:01.487+0000] {dag.py:4180} INFO - Setting next_dagrun for example_bash_operator to 2024-12-17 00:00:00+00:00, run_after=2024-12-18 00:00:00+00:00
[2024-12-18T10:10:01.504+0000] {processor.py:208} INFO - Processing /home/airflow/.local/lib/python3.12/site-packages/airflow/example_dags/example_bash_operator.py took 0.093 seconds
[2024-12-18T10:10:31.832+0000] {processor.py:186} INFO - Started process (PID=733) to work on /home/airflow/.local/lib/python3.12/site-packages/airflow/example_dags/example_bash_operator.py
[2024-12-18T10:10:31.833+0000] {processor.py:914} INFO - Processing file /home/airflow/.local/lib/python3.12/site-packages/airflow/example_dags/example_bash_operator.py for tasks to queue
[2024-12-18T10:10:31.835+0000] {logging_mixin.py:190} INFO - [2024-12-18T10:10:31.834+0000] {dagbag.py:588} INFO - Filling up the DagBag from /home/airflow/.local/lib/python3.12/site-packages/airflow/example_dags/example_bash_operator.py
[2024-12-18T10:10:31.861+0000] {processor.py:925} INFO - DAG(s) 'example_bash_operator' retrieved from /home/airflow/.local/lib/python3.12/site-packages/airflow/example_dags/example_bash_operator.py
[2024-12-18T10:10:31.903+0000] {logging_mixin.py:190} INFO - [2024-12-18T10:10:31.902+0000] {dag.py:3239} INFO - Sync 1 DAGs
[2024-12-18T10:10:31.936+0000] {logging_mixin.py:190} INFO - [2024-12-18T10:10:31.936+0000] {dag.py:4180} INFO - Setting next_dagrun for example_bash_operator to 2024-12-17 00:00:00+00:00, run_after=2024-12-18 00:00:00+00:00
[2024-12-18T10:10:31.959+0000] {processor.py:208} INFO - Processing /home/airflow/.local/lib/python3.12/site-packages/airflow/example_dags/example_bash_operator.py took 0.136 seconds
[2024-12-18T10:11:02.949+0000] {processor.py:186} INFO - Started process (PID=799) to work on /home/airflow/.local/lib/python3.12/site-packages/airflow/example_dags/example_bash_operator.py
[2024-12-18T10:11:02.950+0000] {processor.py:914} INFO - Processing file /home/airflow/.local/lib/python3.12/site-packages/airflow/example_dags/example_bash_operator.py for tasks to queue
[2024-12-18T10:11:02.951+0000] {logging_mixin.py:190} INFO - [2024-12-18T10:11:02.951+0000] {dagbag.py:588} INFO - Filling up the DagBag from /home/airflow/.local/lib/python3.12/site-packages/airflow/example_dags/example_bash_operator.py
[2024-12-18T10:11:02.965+0000] {processor.py:925} INFO - DAG(s) 'example_bash_operator' retrieved from /home/airflow/.local/lib/python3.12/site-packages/airflow/example_dags/example_bash_operator.py
[2024-12-18T10:11:02.990+0000] {logging_mixin.py:190} INFO - [2024-12-18T10:11:02.990+0000] {dag.py:3239} INFO - Sync 1 DAGs
[2024-12-18T10:11:03.016+0000] {logging_mixin.py:190} INFO - [2024-12-18T10:11:03.015+0000] {dag.py:4180} INFO - Setting next_dagrun for example_bash_operator to 2024-12-17 00:00:00+00:00, run_after=2024-12-18 00:00:00+00:00
[2024-12-18T10:11:03.031+0000] {processor.py:208} INFO - Processing /home/airflow/.local/lib/python3.12/site-packages/airflow/example_dags/example_bash_operator.py took 0.088 seconds
[2024-12-18T10:11:33.298+0000] {processor.py:186} INFO - Started process (PID=862) to work on /home/airflow/.local/lib/python3.12/site-packages/airflow/example_dags/example_bash_operator.py
[2024-12-18T10:11:33.299+0000] {processor.py:914} INFO - Processing file /home/airflow/.local/lib/python3.12/site-packages/airflow/example_dags/example_bash_operator.py for tasks to queue
[2024-12-18T10:11:33.301+0000] {logging_mixin.py:190} INFO - [2024-12-18T10:11:33.300+0000] {dagbag.py:588} INFO - Filling up the DagBag from /home/airflow/.local/lib/python3.12/site-packages/airflow/example_dags/example_bash_operator.py
[2024-12-18T10:11:33.324+0000] {processor.py:925} INFO - DAG(s) 'example_bash_operator' retrieved from /home/airflow/.local/lib/python3.12/site-packages/airflow/example_dags/example_bash_operator.py
[2024-12-18T10:11:33.356+0000] {logging_mixin.py:190} INFO - [2024-12-18T10:11:33.356+0000] {dag.py:3239} INFO - Sync 1 DAGs
[2024-12-18T10:11:33.386+0000] {logging_mixin.py:190} INFO - [2024-12-18T10:11:33.386+0000] {dag.py:4180} INFO - Setting next_dagrun for example_bash_operator to 2024-12-17 00:00:00+00:00, run_after=2024-12-18 00:00:00+00:00
[2024-12-18T10:11:33.409+0000] {processor.py:208} INFO - Processing /home/airflow/.local/lib/python3.12/site-packages/airflow/example_dags/example_bash_operator.py took 0.120 seconds
[2024-12-18T10:12:04.133+0000] {processor.py:186} INFO - Started process (PID=928) to work on /home/airflow/.local/lib/python3.12/site-packages/airflow/example_dags/example_bash_operator.py
[2024-12-18T10:12:04.133+0000] {processor.py:914} INFO - Processing file /home/airflow/.local/lib/python3.12/site-packages/airflow/example_dags/example_bash_operator.py for tasks to queue
[2024-12-18T10:12:04.134+0000] {logging_mixin.py:190} INFO - [2024-12-18T10:12:04.134+0000] {dagbag.py:588} INFO - Filling up the DagBag from /home/airflow/.local/lib/python3.12/site-packages/airflow/example_dags/example_bash_operator.py
[2024-12-18T10:12:04.147+0000] {processor.py:925} INFO - DAG(s) 'example_bash_operator' retrieved from /home/airflow/.local/lib/python3.12/site-packages/airflow/example_dags/example_bash_operator.py
[2024-12-18T10:12:04.176+0000] {logging_mixin.py:190} INFO - [2024-12-18T10:12:04.176+0000] {dag.py:3239} INFO - Sync 1 DAGs
[2024-12-18T10:12:04.200+0000] {logging_mixin.py:190} INFO - [2024-12-18T10:12:04.199+0000] {dag.py:4180} INFO - Setting next_dagrun for example_bash_operator to 2024-12-17 00:00:00+00:00, run_after=2024-12-18 00:00:00+00:00
[2024-12-18T10:12:04.215+0000] {processor.py:208} INFO - Processing /home/airflow/.local/lib/python3.12/site-packages/airflow/example_dags/example_bash_operator.py took 0.088 seconds
[2024-12-18T10:12:34.694+0000] {processor.py:186} INFO - Started process (PID=991) to work on /home/airflow/.local/lib/python3.12/site-packages/airflow/example_dags/example_bash_operator.py
[2024-12-18T10:12:34.695+0000] {processor.py:914} INFO - Processing file /home/airflow/.local/lib/python3.12/site-packages/airflow/example_dags/example_bash_operator.py for tasks to queue
[2024-12-18T10:12:34.696+0000] {logging_mixin.py:190} INFO - [2024-12-18T10:12:34.695+0000] {dagbag.py:588} INFO - Filling up the DagBag from /home/airflow/.local/lib/python3.12/site-packages/airflow/example_dags/example_bash_operator.py
[2024-12-18T10:12:34.710+0000] {processor.py:925} INFO - DAG(s) 'example_bash_operator' retrieved from /home/airflow/.local/lib/python3.12/site-packages/airflow/example_dags/example_bash_operator.py
[2024-12-18T10:12:34.746+0000] {logging_mixin.py:190} INFO - [2024-12-18T10:12:34.746+0000] {dag.py:3239} INFO - Sync 1 DAGs
[2024-12-18T10:12:34.779+0000] {logging_mixin.py:190} INFO - [2024-12-18T10:12:34.779+0000] {dag.py:4180} INFO - Setting next_dagrun for example_bash_operator to 2024-12-17 00:00:00+00:00, run_after=2024-12-18 00:00:00+00:00
[2024-12-18T10:12:34.799+0000] {processor.py:208} INFO - Processing /home/airflow/.local/lib/python3.12/site-packages/airflow/example_dags/example_bash_operator.py took 0.111 seconds
[2024-12-18T10:13:04.987+0000] {processor.py:186} INFO - Started process (PID=1054) to work on /home/airflow/.local/lib/python3.12/site-packages/airflow/example_dags/example_bash_operator.py
[2024-12-18T10:13:04.987+0000] {processor.py:914} INFO - Processing file /home/airflow/.local/lib/python3.12/site-packages/airflow/example_dags/example_bash_operator.py for tasks to queue
[2024-12-18T10:13:04.988+0000] {logging_mixin.py:190} INFO - [2024-12-18T10:13:04.988+0000] {dagbag.py:588} INFO - Filling up the DagBag from /home/airflow/.local/lib/python3.12/site-packages/airflow/example_dags/example_bash_operator.py
[2024-12-18T10:13:05.002+0000] {processor.py:925} INFO - DAG(s) 'example_bash_operator' retrieved from /home/airflow/.local/lib/python3.12/site-packages/airflow/example_dags/example_bash_operator.py
[2024-12-18T10:13:05.030+0000] {logging_mixin.py:190} INFO - [2024-12-18T10:13:05.030+0000] {dag.py:3239} INFO - Sync 1 DAGs
[2024-12-18T10:13:05.056+0000] {logging_mixin.py:190} INFO - [2024-12-18T10:13:05.055+0000] {dag.py:4180} INFO - Setting next_dagrun for example_bash_operator to 2024-12-17 00:00:00+00:00, run_after=2024-12-18 00:00:00+00:00
[2024-12-18T10:13:05.074+0000] {processor.py:208} INFO - Processing /home/airflow/.local/lib/python3.12/site-packages/airflow/example_dags/example_bash_operator.py took 0.093 seconds
[2024-12-18T10:13:35.670+0000] {processor.py:186} INFO - Started process (PID=1118) to work on /home/airflow/.local/lib/python3.12/site-packages/airflow/example_dags/example_bash_operator.py
[2024-12-18T10:13:35.671+0000] {processor.py:914} INFO - Processing file /home/airflow/.local/lib/python3.12/site-packages/airflow/example_dags/example_bash_operator.py for tasks to queue
[2024-12-18T10:13:35.672+0000] {logging_mixin.py:190} INFO - [2024-12-18T10:13:35.672+0000] {dagbag.py:588} INFO - Filling up the DagBag from /home/airflow/.local/lib/python3.12/site-packages/airflow/example_dags/example_bash_operator.py
[2024-12-18T10:13:35.687+0000] {processor.py:925} INFO - DAG(s) 'example_bash_operator' retrieved from /home/airflow/.local/lib/python3.12/site-packages/airflow/example_dags/example_bash_operator.py
[2024-12-18T10:13:35.719+0000] {logging_mixin.py:190} INFO - [2024-12-18T10:13:35.719+0000] {dag.py:3239} INFO - Sync 1 DAGs
[2024-12-18T10:13:35.756+0000] {logging_mixin.py:190} INFO - [2024-12-18T10:13:35.756+0000] {dag.py:4180} INFO - Setting next_dagrun for example_bash_operator to 2024-12-17 00:00:00+00:00, run_after=2024-12-18 00:00:00+00:00
[2024-12-18T10:13:35.783+0000] {processor.py:208} INFO - Processing /home/airflow/.local/lib/python3.12/site-packages/airflow/example_dags/example_bash_operator.py took 0.120 seconds
[2024-12-18T10:15:24.860+0000] {processor.py:186} INFO - Started process (PID=82) to work on /home/airflow/.local/lib/python3.12/site-packages/airflow/example_dags/example_bash_operator.py
[2024-12-18T10:15:24.861+0000] {processor.py:914} INFO - Processing file /home/airflow/.local/lib/python3.12/site-packages/airflow/example_dags/example_bash_operator.py for tasks to queue
[2024-12-18T10:15:24.864+0000] {logging_mixin.py:190} INFO - [2024-12-18T10:15:24.863+0000] {dagbag.py:588} INFO - Filling up the DagBag from /home/airflow/.local/lib/python3.12/site-packages/airflow/example_dags/example_bash_operator.py
[2024-12-18T10:15:24.881+0000] {processor.py:925} INFO - DAG(s) 'example_bash_operator' retrieved from /home/airflow/.local/lib/python3.12/site-packages/airflow/example_dags/example_bash_operator.py
[2024-12-18T10:15:24.924+0000] {logging_mixin.py:190} INFO - [2024-12-18T10:15:24.924+0000] {dag.py:3239} INFO - Sync 1 DAGs
[2024-12-18T10:15:24.954+0000] {logging_mixin.py:190} INFO - [2024-12-18T10:15:24.954+0000] {dag.py:4180} INFO - Setting next_dagrun for example_bash_operator to 2024-12-17 00:00:00+00:00, run_after=2024-12-18 00:00:00+00:00
[2024-12-18T10:15:24.972+0000] {processor.py:208} INFO - Processing /home/airflow/.local/lib/python3.12/site-packages/airflow/example_dags/example_bash_operator.py took 0.118 seconds
[2024-12-18T10:15:55.596+0000] {processor.py:186} INFO - Started process (PID=146) to work on /home/airflow/.local/lib/python3.12/site-packages/airflow/example_dags/example_bash_operator.py
[2024-12-18T10:15:55.598+0000] {processor.py:914} INFO - Processing file /home/airflow/.local/lib/python3.12/site-packages/airflow/example_dags/example_bash_operator.py for tasks to queue
[2024-12-18T10:15:55.602+0000] {logging_mixin.py:190} INFO - [2024-12-18T10:15:55.601+0000] {dagbag.py:588} INFO - Filling up the DagBag from /home/airflow/.local/lib/python3.12/site-packages/airflow/example_dags/example_bash_operator.py
[2024-12-18T10:15:55.626+0000] {processor.py:925} INFO - DAG(s) 'example_bash_operator' retrieved from /home/airflow/.local/lib/python3.12/site-packages/airflow/example_dags/example_bash_operator.py
[2024-12-18T10:15:55.678+0000] {logging_mixin.py:190} INFO - [2024-12-18T10:15:55.678+0000] {dag.py:3239} INFO - Sync 1 DAGs
[2024-12-18T10:15:55.704+0000] {logging_mixin.py:190} INFO - [2024-12-18T10:15:55.704+0000] {dag.py:4180} INFO - Setting next_dagrun for example_bash_operator to 2024-12-17 00:00:00+00:00, run_after=2024-12-18 00:00:00+00:00
[2024-12-18T10:15:55.721+0000] {processor.py:208} INFO - Processing /home/airflow/.local/lib/python3.12/site-packages/airflow/example_dags/example_bash_operator.py took 0.136 seconds
[2024-12-18T10:16:25.800+0000] {processor.py:186} INFO - Started process (PID=214) to work on /home/airflow/.local/lib/python3.12/site-packages/airflow/example_dags/example_bash_operator.py
[2024-12-18T10:16:25.801+0000] {processor.py:914} INFO - Processing file /home/airflow/.local/lib/python3.12/site-packages/airflow/example_dags/example_bash_operator.py for tasks to queue
[2024-12-18T10:16:25.803+0000] {logging_mixin.py:190} INFO - [2024-12-18T10:16:25.803+0000] {dagbag.py:588} INFO - Filling up the DagBag from /home/airflow/.local/lib/python3.12/site-packages/airflow/example_dags/example_bash_operator.py
[2024-12-18T10:16:25.819+0000] {processor.py:925} INFO - DAG(s) 'example_bash_operator' retrieved from /home/airflow/.local/lib/python3.12/site-packages/airflow/example_dags/example_bash_operator.py
[2024-12-18T10:16:25.851+0000] {logging_mixin.py:190} INFO - [2024-12-18T10:16:25.851+0000] {dag.py:3239} INFO - Sync 1 DAGs
[2024-12-18T10:16:25.875+0000] {logging_mixin.py:190} INFO - [2024-12-18T10:16:25.875+0000] {dag.py:4180} INFO - Setting next_dagrun for example_bash_operator to 2024-12-17 00:00:00+00:00, run_after=2024-12-18 00:00:00+00:00
[2024-12-18T10:16:25.892+0000] {processor.py:208} INFO - Processing /home/airflow/.local/lib/python3.12/site-packages/airflow/example_dags/example_bash_operator.py took 0.100 seconds
[2024-12-18T10:16:55.942+0000] {processor.py:186} INFO - Started process (PID=277) to work on /home/airflow/.local/lib/python3.12/site-packages/airflow/example_dags/example_bash_operator.py
[2024-12-18T10:16:55.943+0000] {processor.py:914} INFO - Processing file /home/airflow/.local/lib/python3.12/site-packages/airflow/example_dags/example_bash_operator.py for tasks to queue
[2024-12-18T10:16:55.946+0000] {logging_mixin.py:190} INFO - [2024-12-18T10:16:55.945+0000] {dagbag.py:588} INFO - Filling up the DagBag from /home/airflow/.local/lib/python3.12/site-packages/airflow/example_dags/example_bash_operator.py
[2024-12-18T10:16:55.959+0000] {processor.py:925} INFO - DAG(s) 'example_bash_operator' retrieved from /home/airflow/.local/lib/python3.12/site-packages/airflow/example_dags/example_bash_operator.py
[2024-12-18T10:16:55.987+0000] {logging_mixin.py:190} INFO - [2024-12-18T10:16:55.987+0000] {dag.py:3239} INFO - Sync 1 DAGs
[2024-12-18T10:16:56.021+0000] {logging_mixin.py:190} INFO - [2024-12-18T10:16:56.020+0000] {dag.py:4180} INFO - Setting next_dagrun for example_bash_operator to 2024-12-17 00:00:00+00:00, run_after=2024-12-18 00:00:00+00:00
[2024-12-18T10:16:56.045+0000] {processor.py:208} INFO - Processing /home/airflow/.local/lib/python3.12/site-packages/airflow/example_dags/example_bash_operator.py took 0.108 seconds
[2024-12-18T10:17:26.621+0000] {processor.py:186} INFO - Started process (PID=347) to work on /home/airflow/.local/lib/python3.12/site-packages/airflow/example_dags/example_bash_operator.py
[2024-12-18T10:17:26.622+0000] {processor.py:914} INFO - Processing file /home/airflow/.local/lib/python3.12/site-packages/airflow/example_dags/example_bash_operator.py for tasks to queue
[2024-12-18T10:17:26.624+0000] {logging_mixin.py:190} INFO - [2024-12-18T10:17:26.623+0000] {dagbag.py:588} INFO - Filling up the DagBag from /home/airflow/.local/lib/python3.12/site-packages/airflow/example_dags/example_bash_operator.py
[2024-12-18T10:17:26.637+0000] {processor.py:925} INFO - DAG(s) 'example_bash_operator' retrieved from /home/airflow/.local/lib/python3.12/site-packages/airflow/example_dags/example_bash_operator.py
[2024-12-18T10:17:26.674+0000] {logging_mixin.py:190} INFO - [2024-12-18T10:17:26.674+0000] {dag.py:3239} INFO - Sync 1 DAGs
[2024-12-18T10:17:26.711+0000] {logging_mixin.py:190} INFO - [2024-12-18T10:17:26.711+0000] {dag.py:4180} INFO - Setting next_dagrun for example_bash_operator to 2024-12-17 00:00:00+00:00, run_after=2024-12-18 00:00:00+00:00
[2024-12-18T10:17:26.735+0000] {processor.py:208} INFO - Processing /home/airflow/.local/lib/python3.12/site-packages/airflow/example_dags/example_bash_operator.py took 0.120 seconds
