[2024-12-18T09:53:47.206+0000] {processor.py:186} INFO - Started process (PID=76) to work on /home/airflow/.local/lib/python3.12/site-packages/airflow/example_dags/tutorial.py
[2024-12-18T09:53:47.207+0000] {processor.py:914} INFO - Processing file /home/airflow/.local/lib/python3.12/site-packages/airflow/example_dags/tutorial.py for tasks to queue
[2024-12-18T09:53:47.209+0000] {logging_mixin.py:190} INFO - [2024-12-18T09:53:47.208+0000] {dagbag.py:588} INFO - Filling up the DagBag from /home/airflow/.local/lib/python3.12/site-packages/airflow/example_dags/tutorial.py
[2024-12-18T09:53:47.217+0000] {processor.py:925} INFO - DAG(s) 'tutorial' retrieved from /home/airflow/.local/lib/python3.12/site-packages/airflow/example_dags/tutorial.py
[2024-12-18T09:53:47.249+0000] {logging_mixin.py:190} INFO - [2024-12-18T09:53:47.249+0000] {dag.py:3239} INFO - Sync 1 DAGs
[2024-12-18T09:53:47.277+0000] {logging_mixin.py:190} INFO - [2024-12-18T09:53:47.276+0000] {dag.py:4180} INFO - Setting next_dagrun for tutorial to 2024-12-17 00:00:00+00:00, run_after=2024-12-18 00:00:00+00:00
[2024-12-18T09:53:47.293+0000] {processor.py:208} INFO - Processing /home/airflow/.local/lib/python3.12/site-packages/airflow/example_dags/tutorial.py took 0.093 seconds
[2024-12-18T09:54:18.192+0000] {processor.py:186} INFO - Started process (PID=140) to work on /home/airflow/.local/lib/python3.12/site-packages/airflow/example_dags/tutorial.py
[2024-12-18T09:54:18.192+0000] {processor.py:914} INFO - Processing file /home/airflow/.local/lib/python3.12/site-packages/airflow/example_dags/tutorial.py for tasks to queue
[2024-12-18T09:54:18.194+0000] {logging_mixin.py:190} INFO - [2024-12-18T09:54:18.194+0000] {dagbag.py:588} INFO - Filling up the DagBag from /home/airflow/.local/lib/python3.12/site-packages/airflow/example_dags/tutorial.py
[2024-12-18T09:54:18.202+0000] {processor.py:925} INFO - DAG(s) 'tutorial' retrieved from /home/airflow/.local/lib/python3.12/site-packages/airflow/example_dags/tutorial.py
[2024-12-18T09:54:18.218+0000] {logging_mixin.py:190} INFO - [2024-12-18T09:54:18.218+0000] {dag.py:3239} INFO - Sync 1 DAGs
[2024-12-18T09:54:18.238+0000] {logging_mixin.py:190} INFO - [2024-12-18T09:54:18.238+0000] {dag.py:4180} INFO - Setting next_dagrun for tutorial to 2024-12-17 00:00:00+00:00, run_after=2024-12-18 00:00:00+00:00
[2024-12-18T09:54:18.252+0000] {processor.py:208} INFO - Processing /home/airflow/.local/lib/python3.12/site-packages/airflow/example_dags/tutorial.py took 0.066 seconds
[2024-12-18T09:54:48.803+0000] {processor.py:186} INFO - Started process (PID=203) to work on /home/airflow/.local/lib/python3.12/site-packages/airflow/example_dags/tutorial.py
[2024-12-18T09:54:48.803+0000] {processor.py:914} INFO - Processing file /home/airflow/.local/lib/python3.12/site-packages/airflow/example_dags/tutorial.py for tasks to queue
[2024-12-18T09:54:48.806+0000] {logging_mixin.py:190} INFO - [2024-12-18T09:54:48.805+0000] {dagbag.py:588} INFO - Filling up the DagBag from /home/airflow/.local/lib/python3.12/site-packages/airflow/example_dags/tutorial.py
[2024-12-18T09:54:48.813+0000] {processor.py:925} INFO - DAG(s) 'tutorial' retrieved from /home/airflow/.local/lib/python3.12/site-packages/airflow/example_dags/tutorial.py
[2024-12-18T09:54:48.831+0000] {logging_mixin.py:190} INFO - [2024-12-18T09:54:48.830+0000] {dag.py:3239} INFO - Sync 1 DAGs
[2024-12-18T09:54:48.854+0000] {logging_mixin.py:190} INFO - [2024-12-18T09:54:48.854+0000] {dag.py:4180} INFO - Setting next_dagrun for tutorial to 2024-12-17 00:00:00+00:00, run_after=2024-12-18 00:00:00+00:00
[2024-12-18T09:54:48.871+0000] {processor.py:208} INFO - Processing /home/airflow/.local/lib/python3.12/site-packages/airflow/example_dags/tutorial.py took 0.074 seconds
[2024-12-18T09:55:18.905+0000] {processor.py:186} INFO - Started process (PID=267) to work on /home/airflow/.local/lib/python3.12/site-packages/airflow/example_dags/tutorial.py
[2024-12-18T09:55:18.906+0000] {processor.py:914} INFO - Processing file /home/airflow/.local/lib/python3.12/site-packages/airflow/example_dags/tutorial.py for tasks to queue
[2024-12-18T09:55:18.908+0000] {logging_mixin.py:190} INFO - [2024-12-18T09:55:18.908+0000] {dagbag.py:588} INFO - Filling up the DagBag from /home/airflow/.local/lib/python3.12/site-packages/airflow/example_dags/tutorial.py
[2024-12-18T09:55:18.916+0000] {processor.py:925} INFO - DAG(s) 'tutorial' retrieved from /home/airflow/.local/lib/python3.12/site-packages/airflow/example_dags/tutorial.py
[2024-12-18T09:55:18.934+0000] {logging_mixin.py:190} INFO - [2024-12-18T09:55:18.934+0000] {dag.py:3239} INFO - Sync 1 DAGs
[2024-12-18T09:55:18.955+0000] {logging_mixin.py:190} INFO - [2024-12-18T09:55:18.955+0000] {dag.py:4180} INFO - Setting next_dagrun for tutorial to 2024-12-17 00:00:00+00:00, run_after=2024-12-18 00:00:00+00:00
[2024-12-18T09:55:18.972+0000] {processor.py:208} INFO - Processing /home/airflow/.local/lib/python3.12/site-packages/airflow/example_dags/tutorial.py took 0.073 seconds
[2024-12-18T09:55:49.397+0000] {processor.py:186} INFO - Started process (PID=340) to work on /home/airflow/.local/lib/python3.12/site-packages/airflow/example_dags/tutorial.py
[2024-12-18T09:55:49.398+0000] {processor.py:914} INFO - Processing file /home/airflow/.local/lib/python3.12/site-packages/airflow/example_dags/tutorial.py for tasks to queue
[2024-12-18T09:55:49.400+0000] {logging_mixin.py:190} INFO - [2024-12-18T09:55:49.399+0000] {dagbag.py:588} INFO - Filling up the DagBag from /home/airflow/.local/lib/python3.12/site-packages/airflow/example_dags/tutorial.py
[2024-12-18T09:55:49.407+0000] {processor.py:925} INFO - DAG(s) 'tutorial' retrieved from /home/airflow/.local/lib/python3.12/site-packages/airflow/example_dags/tutorial.py
[2024-12-18T09:55:49.426+0000] {logging_mixin.py:190} INFO - [2024-12-18T09:55:49.426+0000] {dag.py:3239} INFO - Sync 1 DAGs
[2024-12-18T09:55:49.448+0000] {logging_mixin.py:190} INFO - [2024-12-18T09:55:49.448+0000] {dag.py:4180} INFO - Setting next_dagrun for tutorial to 2024-12-17 00:00:00+00:00, run_after=2024-12-18 00:00:00+00:00
[2024-12-18T09:55:49.465+0000] {processor.py:208} INFO - Processing /home/airflow/.local/lib/python3.12/site-packages/airflow/example_dags/tutorial.py took 0.075 seconds
[2024-12-18T09:56:19.514+0000] {processor.py:186} INFO - Started process (PID=404) to work on /home/airflow/.local/lib/python3.12/site-packages/airflow/example_dags/tutorial.py
[2024-12-18T09:56:19.515+0000] {processor.py:914} INFO - Processing file /home/airflow/.local/lib/python3.12/site-packages/airflow/example_dags/tutorial.py for tasks to queue
[2024-12-18T09:56:19.518+0000] {logging_mixin.py:190} INFO - [2024-12-18T09:56:19.517+0000] {dagbag.py:588} INFO - Filling up the DagBag from /home/airflow/.local/lib/python3.12/site-packages/airflow/example_dags/tutorial.py
[2024-12-18T09:56:19.527+0000] {processor.py:925} INFO - DAG(s) 'tutorial' retrieved from /home/airflow/.local/lib/python3.12/site-packages/airflow/example_dags/tutorial.py
[2024-12-18T09:56:19.553+0000] {logging_mixin.py:190} INFO - [2024-12-18T09:56:19.552+0000] {dag.py:3239} INFO - Sync 1 DAGs
[2024-12-18T09:56:19.590+0000] {logging_mixin.py:190} INFO - [2024-12-18T09:56:19.589+0000] {dag.py:4180} INFO - Setting next_dagrun for tutorial to 2024-12-17 00:00:00+00:00, run_after=2024-12-18 00:00:00+00:00
[2024-12-18T09:56:19.608+0000] {processor.py:208} INFO - Processing /home/airflow/.local/lib/python3.12/site-packages/airflow/example_dags/tutorial.py took 0.101 seconds
[2024-12-18T09:56:49.700+0000] {processor.py:186} INFO - Started process (PID=482) to work on /home/airflow/.local/lib/python3.12/site-packages/airflow/example_dags/tutorial.py
[2024-12-18T09:56:49.701+0000] {processor.py:914} INFO - Processing file /home/airflow/.local/lib/python3.12/site-packages/airflow/example_dags/tutorial.py for tasks to queue
[2024-12-18T09:56:49.704+0000] {logging_mixin.py:190} INFO - [2024-12-18T09:56:49.704+0000] {dagbag.py:588} INFO - Filling up the DagBag from /home/airflow/.local/lib/python3.12/site-packages/airflow/example_dags/tutorial.py
[2024-12-18T09:56:49.712+0000] {processor.py:925} INFO - DAG(s) 'tutorial' retrieved from /home/airflow/.local/lib/python3.12/site-packages/airflow/example_dags/tutorial.py
[2024-12-18T09:56:49.730+0000] {logging_mixin.py:190} INFO - [2024-12-18T09:56:49.730+0000] {dag.py:3239} INFO - Sync 1 DAGs
[2024-12-18T09:56:49.752+0000] {logging_mixin.py:190} INFO - [2024-12-18T09:56:49.751+0000] {dag.py:4180} INFO - Setting next_dagrun for tutorial to 2024-12-17 00:00:00+00:00, run_after=2024-12-18 00:00:00+00:00
[2024-12-18T09:56:49.767+0000] {processor.py:208} INFO - Processing /home/airflow/.local/lib/python3.12/site-packages/airflow/example_dags/tutorial.py took 0.072 seconds
[2024-12-18T09:57:20.130+0000] {processor.py:186} INFO - Started process (PID=546) to work on /home/airflow/.local/lib/python3.12/site-packages/airflow/example_dags/tutorial.py
[2024-12-18T09:57:20.131+0000] {processor.py:914} INFO - Processing file /home/airflow/.local/lib/python3.12/site-packages/airflow/example_dags/tutorial.py for tasks to queue
[2024-12-18T09:57:20.134+0000] {logging_mixin.py:190} INFO - [2024-12-18T09:57:20.133+0000] {dagbag.py:588} INFO - Filling up the DagBag from /home/airflow/.local/lib/python3.12/site-packages/airflow/example_dags/tutorial.py
[2024-12-18T09:57:20.141+0000] {processor.py:925} INFO - DAG(s) 'tutorial' retrieved from /home/airflow/.local/lib/python3.12/site-packages/airflow/example_dags/tutorial.py
[2024-12-18T09:57:20.159+0000] {logging_mixin.py:190} INFO - [2024-12-18T09:57:20.159+0000] {dag.py:3239} INFO - Sync 1 DAGs
[2024-12-18T09:57:20.180+0000] {logging_mixin.py:190} INFO - [2024-12-18T09:57:20.180+0000] {dag.py:4180} INFO - Setting next_dagrun for tutorial to 2024-12-17 00:00:00+00:00, run_after=2024-12-18 00:00:00+00:00
[2024-12-18T09:57:20.195+0000] {processor.py:208} INFO - Processing /home/airflow/.local/lib/python3.12/site-packages/airflow/example_dags/tutorial.py took 0.070 seconds
[2024-12-18T09:57:50.479+0000] {processor.py:186} INFO - Started process (PID=610) to work on /home/airflow/.local/lib/python3.12/site-packages/airflow/example_dags/tutorial.py
[2024-12-18T09:57:50.480+0000] {processor.py:914} INFO - Processing file /home/airflow/.local/lib/python3.12/site-packages/airflow/example_dags/tutorial.py for tasks to queue
[2024-12-18T09:57:50.483+0000] {logging_mixin.py:190} INFO - [2024-12-18T09:57:50.482+0000] {dagbag.py:588} INFO - Filling up the DagBag from /home/airflow/.local/lib/python3.12/site-packages/airflow/example_dags/tutorial.py
[2024-12-18T09:57:50.490+0000] {processor.py:925} INFO - DAG(s) 'tutorial' retrieved from /home/airflow/.local/lib/python3.12/site-packages/airflow/example_dags/tutorial.py
[2024-12-18T09:57:50.512+0000] {logging_mixin.py:190} INFO - [2024-12-18T09:57:50.512+0000] {dag.py:3239} INFO - Sync 1 DAGs
[2024-12-18T09:57:50.540+0000] {logging_mixin.py:190} INFO - [2024-12-18T09:57:50.539+0000] {dag.py:4180} INFO - Setting next_dagrun for tutorial to 2024-12-17 00:00:00+00:00, run_after=2024-12-18 00:00:00+00:00
[2024-12-18T09:57:50.557+0000] {processor.py:208} INFO - Processing /home/airflow/.local/lib/python3.12/site-packages/airflow/example_dags/tutorial.py took 0.084 seconds
[2024-12-18T09:58:20.779+0000] {processor.py:186} INFO - Started process (PID=674) to work on /home/airflow/.local/lib/python3.12/site-packages/airflow/example_dags/tutorial.py
[2024-12-18T09:58:20.780+0000] {processor.py:914} INFO - Processing file /home/airflow/.local/lib/python3.12/site-packages/airflow/example_dags/tutorial.py for tasks to queue
[2024-12-18T09:58:20.783+0000] {logging_mixin.py:190} INFO - [2024-12-18T09:58:20.782+0000] {dagbag.py:588} INFO - Filling up the DagBag from /home/airflow/.local/lib/python3.12/site-packages/airflow/example_dags/tutorial.py
[2024-12-18T09:58:20.791+0000] {processor.py:925} INFO - DAG(s) 'tutorial' retrieved from /home/airflow/.local/lib/python3.12/site-packages/airflow/example_dags/tutorial.py
[2024-12-18T09:58:20.812+0000] {logging_mixin.py:190} INFO - [2024-12-18T09:58:20.812+0000] {dag.py:3239} INFO - Sync 1 DAGs
[2024-12-18T09:58:20.837+0000] {logging_mixin.py:190} INFO - [2024-12-18T09:58:20.837+0000] {dag.py:4180} INFO - Setting next_dagrun for tutorial to 2024-12-17 00:00:00+00:00, run_after=2024-12-18 00:00:00+00:00
[2024-12-18T09:58:20.854+0000] {processor.py:208} INFO - Processing /home/airflow/.local/lib/python3.12/site-packages/airflow/example_dags/tutorial.py took 0.080 seconds
[2024-12-18T09:58:51.561+0000] {processor.py:186} INFO - Started process (PID=738) to work on /home/airflow/.local/lib/python3.12/site-packages/airflow/example_dags/tutorial.py
[2024-12-18T09:58:51.562+0000] {processor.py:914} INFO - Processing file /home/airflow/.local/lib/python3.12/site-packages/airflow/example_dags/tutorial.py for tasks to queue
[2024-12-18T09:58:51.565+0000] {logging_mixin.py:190} INFO - [2024-12-18T09:58:51.564+0000] {dagbag.py:588} INFO - Filling up the DagBag from /home/airflow/.local/lib/python3.12/site-packages/airflow/example_dags/tutorial.py
[2024-12-18T09:58:51.574+0000] {processor.py:925} INFO - DAG(s) 'tutorial' retrieved from /home/airflow/.local/lib/python3.12/site-packages/airflow/example_dags/tutorial.py
[2024-12-18T09:58:51.599+0000] {logging_mixin.py:190} INFO - [2024-12-18T09:58:51.599+0000] {dag.py:3239} INFO - Sync 1 DAGs
[2024-12-18T09:58:51.631+0000] {logging_mixin.py:190} INFO - [2024-12-18T09:58:51.631+0000] {dag.py:4180} INFO - Setting next_dagrun for tutorial to 2024-12-17 00:00:00+00:00, run_after=2024-12-18 00:00:00+00:00
[2024-12-18T09:58:51.650+0000] {processor.py:208} INFO - Processing /home/airflow/.local/lib/python3.12/site-packages/airflow/example_dags/tutorial.py took 0.095 seconds
[2024-12-18T09:59:21.927+0000] {processor.py:186} INFO - Started process (PID=802) to work on /home/airflow/.local/lib/python3.12/site-packages/airflow/example_dags/tutorial.py
[2024-12-18T09:59:21.928+0000] {processor.py:914} INFO - Processing file /home/airflow/.local/lib/python3.12/site-packages/airflow/example_dags/tutorial.py for tasks to queue
[2024-12-18T09:59:21.930+0000] {logging_mixin.py:190} INFO - [2024-12-18T09:59:21.930+0000] {dagbag.py:588} INFO - Filling up the DagBag from /home/airflow/.local/lib/python3.12/site-packages/airflow/example_dags/tutorial.py
[2024-12-18T09:59:21.938+0000] {processor.py:925} INFO - DAG(s) 'tutorial' retrieved from /home/airflow/.local/lib/python3.12/site-packages/airflow/example_dags/tutorial.py
[2024-12-18T09:59:21.957+0000] {logging_mixin.py:190} INFO - [2024-12-18T09:59:21.956+0000] {dag.py:3239} INFO - Sync 1 DAGs
[2024-12-18T09:59:21.979+0000] {logging_mixin.py:190} INFO - [2024-12-18T09:59:21.979+0000] {dag.py:4180} INFO - Setting next_dagrun for tutorial to 2024-12-17 00:00:00+00:00, run_after=2024-12-18 00:00:00+00:00
[2024-12-18T09:59:21.995+0000] {processor.py:208} INFO - Processing /home/airflow/.local/lib/python3.12/site-packages/airflow/example_dags/tutorial.py took 0.073 seconds
[2024-12-18T09:59:52.485+0000] {processor.py:186} INFO - Started process (PID=866) to work on /home/airflow/.local/lib/python3.12/site-packages/airflow/example_dags/tutorial.py
[2024-12-18T09:59:52.485+0000] {processor.py:914} INFO - Processing file /home/airflow/.local/lib/python3.12/site-packages/airflow/example_dags/tutorial.py for tasks to queue
[2024-12-18T09:59:52.488+0000] {logging_mixin.py:190} INFO - [2024-12-18T09:59:52.488+0000] {dagbag.py:588} INFO - Filling up the DagBag from /home/airflow/.local/lib/python3.12/site-packages/airflow/example_dags/tutorial.py
[2024-12-18T09:59:52.497+0000] {processor.py:925} INFO - DAG(s) 'tutorial' retrieved from /home/airflow/.local/lib/python3.12/site-packages/airflow/example_dags/tutorial.py
[2024-12-18T09:59:52.517+0000] {logging_mixin.py:190} INFO - [2024-12-18T09:59:52.517+0000] {dag.py:3239} INFO - Sync 1 DAGs
[2024-12-18T09:59:52.540+0000] {logging_mixin.py:190} INFO - [2024-12-18T09:59:52.540+0000] {dag.py:4180} INFO - Setting next_dagrun for tutorial to 2024-12-17 00:00:00+00:00, run_after=2024-12-18 00:00:00+00:00
[2024-12-18T09:59:52.557+0000] {processor.py:208} INFO - Processing /home/airflow/.local/lib/python3.12/site-packages/airflow/example_dags/tutorial.py took 0.079 seconds
[2024-12-18T10:00:23.097+0000] {processor.py:186} INFO - Started process (PID=930) to work on /home/airflow/.local/lib/python3.12/site-packages/airflow/example_dags/tutorial.py
[2024-12-18T10:00:23.098+0000] {processor.py:914} INFO - Processing file /home/airflow/.local/lib/python3.12/site-packages/airflow/example_dags/tutorial.py for tasks to queue
[2024-12-18T10:00:23.101+0000] {logging_mixin.py:190} INFO - [2024-12-18T10:00:23.100+0000] {dagbag.py:588} INFO - Filling up the DagBag from /home/airflow/.local/lib/python3.12/site-packages/airflow/example_dags/tutorial.py
[2024-12-18T10:00:23.109+0000] {processor.py:925} INFO - DAG(s) 'tutorial' retrieved from /home/airflow/.local/lib/python3.12/site-packages/airflow/example_dags/tutorial.py
[2024-12-18T10:00:23.127+0000] {logging_mixin.py:190} INFO - [2024-12-18T10:00:23.127+0000] {dag.py:3239} INFO - Sync 1 DAGs
[2024-12-18T10:00:23.150+0000] {logging_mixin.py:190} INFO - [2024-12-18T10:00:23.150+0000] {dag.py:4180} INFO - Setting next_dagrun for tutorial to 2024-12-17 00:00:00+00:00, run_after=2024-12-18 00:00:00+00:00
[2024-12-18T10:00:23.166+0000] {processor.py:208} INFO - Processing /home/airflow/.local/lib/python3.12/site-packages/airflow/example_dags/tutorial.py took 0.076 seconds
[2024-12-18T10:00:53.501+0000] {processor.py:186} INFO - Started process (PID=994) to work on /home/airflow/.local/lib/python3.12/site-packages/airflow/example_dags/tutorial.py
[2024-12-18T10:00:53.502+0000] {processor.py:914} INFO - Processing file /home/airflow/.local/lib/python3.12/site-packages/airflow/example_dags/tutorial.py for tasks to queue
[2024-12-18T10:00:53.504+0000] {logging_mixin.py:190} INFO - [2024-12-18T10:00:53.503+0000] {dagbag.py:588} INFO - Filling up the DagBag from /home/airflow/.local/lib/python3.12/site-packages/airflow/example_dags/tutorial.py
[2024-12-18T10:00:53.511+0000] {processor.py:925} INFO - DAG(s) 'tutorial' retrieved from /home/airflow/.local/lib/python3.12/site-packages/airflow/example_dags/tutorial.py
[2024-12-18T10:00:53.530+0000] {logging_mixin.py:190} INFO - [2024-12-18T10:00:53.530+0000] {dag.py:3239} INFO - Sync 1 DAGs
[2024-12-18T10:00:53.552+0000] {logging_mixin.py:190} INFO - [2024-12-18T10:00:53.551+0000] {dag.py:4180} INFO - Setting next_dagrun for tutorial to 2024-12-17 00:00:00+00:00, run_after=2024-12-18 00:00:00+00:00
[2024-12-18T10:00:53.567+0000] {processor.py:208} INFO - Processing /home/airflow/.local/lib/python3.12/site-packages/airflow/example_dags/tutorial.py took 0.072 seconds
[2024-12-18T10:05:22.230+0000] {processor.py:186} INFO - Started process (PID=79) to work on /home/airflow/.local/lib/python3.12/site-packages/airflow/example_dags/tutorial.py
[2024-12-18T10:05:22.230+0000] {processor.py:914} INFO - Processing file /home/airflow/.local/lib/python3.12/site-packages/airflow/example_dags/tutorial.py for tasks to queue
[2024-12-18T10:05:22.232+0000] {logging_mixin.py:190} INFO - [2024-12-18T10:05:22.232+0000] {dagbag.py:588} INFO - Filling up the DagBag from /home/airflow/.local/lib/python3.12/site-packages/airflow/example_dags/tutorial.py
[2024-12-18T10:05:22.241+0000] {processor.py:925} INFO - DAG(s) 'tutorial' retrieved from /home/airflow/.local/lib/python3.12/site-packages/airflow/example_dags/tutorial.py
[2024-12-18T10:05:22.275+0000] {logging_mixin.py:190} INFO - [2024-12-18T10:05:22.275+0000] {dag.py:3239} INFO - Sync 1 DAGs
[2024-12-18T10:05:22.303+0000] {logging_mixin.py:190} INFO - [2024-12-18T10:05:22.302+0000] {dag.py:4180} INFO - Setting next_dagrun for tutorial to 2024-12-17 00:00:00+00:00, run_after=2024-12-18 00:00:00+00:00
[2024-12-18T10:05:22.326+0000] {processor.py:208} INFO - Processing /home/airflow/.local/lib/python3.12/site-packages/airflow/example_dags/tutorial.py took 0.101 seconds
[2024-12-18T10:05:53.802+0000] {processor.py:186} INFO - Started process (PID=145) to work on /home/airflow/.local/lib/python3.12/site-packages/airflow/example_dags/tutorial.py
[2024-12-18T10:05:53.803+0000] {processor.py:914} INFO - Processing file /home/airflow/.local/lib/python3.12/site-packages/airflow/example_dags/tutorial.py for tasks to queue
[2024-12-18T10:05:53.805+0000] {logging_mixin.py:190} INFO - [2024-12-18T10:05:53.805+0000] {dagbag.py:588} INFO - Filling up the DagBag from /home/airflow/.local/lib/python3.12/site-packages/airflow/example_dags/tutorial.py
[2024-12-18T10:05:53.812+0000] {processor.py:925} INFO - DAG(s) 'tutorial' retrieved from /home/airflow/.local/lib/python3.12/site-packages/airflow/example_dags/tutorial.py
[2024-12-18T10:05:53.831+0000] {logging_mixin.py:190} INFO - [2024-12-18T10:05:53.830+0000] {dag.py:3239} INFO - Sync 1 DAGs
[2024-12-18T10:05:53.856+0000] {logging_mixin.py:190} INFO - [2024-12-18T10:05:53.856+0000] {dag.py:4180} INFO - Setting next_dagrun for tutorial to 2024-12-17 00:00:00+00:00, run_after=2024-12-18 00:00:00+00:00
[2024-12-18T10:05:53.879+0000] {processor.py:208} INFO - Processing /home/airflow/.local/lib/python3.12/site-packages/airflow/example_dags/tutorial.py took 0.082 seconds
[2024-12-18T10:06:24.800+0000] {processor.py:186} INFO - Started process (PID=208) to work on /home/airflow/.local/lib/python3.12/site-packages/airflow/example_dags/tutorial.py
[2024-12-18T10:06:24.801+0000] {processor.py:914} INFO - Processing file /home/airflow/.local/lib/python3.12/site-packages/airflow/example_dags/tutorial.py for tasks to queue
[2024-12-18T10:06:24.802+0000] {logging_mixin.py:190} INFO - [2024-12-18T10:06:24.802+0000] {dagbag.py:588} INFO - Filling up the DagBag from /home/airflow/.local/lib/python3.12/site-packages/airflow/example_dags/tutorial.py
[2024-12-18T10:06:24.810+0000] {processor.py:925} INFO - DAG(s) 'tutorial' retrieved from /home/airflow/.local/lib/python3.12/site-packages/airflow/example_dags/tutorial.py
[2024-12-18T10:06:24.828+0000] {logging_mixin.py:190} INFO - [2024-12-18T10:06:24.828+0000] {dag.py:3239} INFO - Sync 1 DAGs
[2024-12-18T10:06:24.850+0000] {logging_mixin.py:190} INFO - [2024-12-18T10:06:24.850+0000] {dag.py:4180} INFO - Setting next_dagrun for tutorial to 2024-12-17 00:00:00+00:00, run_after=2024-12-18 00:00:00+00:00
[2024-12-18T10:06:24.870+0000] {processor.py:208} INFO - Processing /home/airflow/.local/lib/python3.12/site-packages/airflow/example_dags/tutorial.py took 0.075 seconds
[2024-12-18T10:06:56.456+0000] {processor.py:186} INFO - Started process (PID=280) to work on /home/airflow/.local/lib/python3.12/site-packages/airflow/example_dags/tutorial.py
[2024-12-18T10:06:56.456+0000] {processor.py:914} INFO - Processing file /home/airflow/.local/lib/python3.12/site-packages/airflow/example_dags/tutorial.py for tasks to queue
[2024-12-18T10:06:56.457+0000] {logging_mixin.py:190} INFO - [2024-12-18T10:06:56.457+0000] {dagbag.py:588} INFO - Filling up the DagBag from /home/airflow/.local/lib/python3.12/site-packages/airflow/example_dags/tutorial.py
[2024-12-18T10:06:56.466+0000] {processor.py:925} INFO - DAG(s) 'tutorial' retrieved from /home/airflow/.local/lib/python3.12/site-packages/airflow/example_dags/tutorial.py
[2024-12-18T10:06:56.484+0000] {logging_mixin.py:190} INFO - [2024-12-18T10:06:56.484+0000] {dag.py:3239} INFO - Sync 1 DAGs
[2024-12-18T10:06:56.506+0000] {logging_mixin.py:190} INFO - [2024-12-18T10:06:56.506+0000] {dag.py:4180} INFO - Setting next_dagrun for tutorial to 2024-12-17 00:00:00+00:00, run_after=2024-12-18 00:00:00+00:00
[2024-12-18T10:06:56.522+0000] {processor.py:208} INFO - Processing /home/airflow/.local/lib/python3.12/site-packages/airflow/example_dags/tutorial.py took 0.072 seconds
[2024-12-18T10:07:27.441+0000] {processor.py:186} INFO - Started process (PID=343) to work on /home/airflow/.local/lib/python3.12/site-packages/airflow/example_dags/tutorial.py
[2024-12-18T10:07:27.442+0000] {processor.py:914} INFO - Processing file /home/airflow/.local/lib/python3.12/site-packages/airflow/example_dags/tutorial.py for tasks to queue
[2024-12-18T10:07:27.443+0000] {logging_mixin.py:190} INFO - [2024-12-18T10:07:27.443+0000] {dagbag.py:588} INFO - Filling up the DagBag from /home/airflow/.local/lib/python3.12/site-packages/airflow/example_dags/tutorial.py
[2024-12-18T10:07:27.451+0000] {processor.py:925} INFO - DAG(s) 'tutorial' retrieved from /home/airflow/.local/lib/python3.12/site-packages/airflow/example_dags/tutorial.py
[2024-12-18T10:07:27.469+0000] {logging_mixin.py:190} INFO - [2024-12-18T10:07:27.468+0000] {dag.py:3239} INFO - Sync 1 DAGs
[2024-12-18T10:07:27.495+0000] {logging_mixin.py:190} INFO - [2024-12-18T10:07:27.495+0000] {dag.py:4180} INFO - Setting next_dagrun for tutorial to 2024-12-17 00:00:00+00:00, run_after=2024-12-18 00:00:00+00:00
[2024-12-18T10:07:27.515+0000] {processor.py:208} INFO - Processing /home/airflow/.local/lib/python3.12/site-packages/airflow/example_dags/tutorial.py took 0.079 seconds
[2024-12-18T10:07:58.075+0000] {processor.py:186} INFO - Started process (PID=408) to work on /home/airflow/.local/lib/python3.12/site-packages/airflow/example_dags/tutorial.py
[2024-12-18T10:07:58.076+0000] {processor.py:914} INFO - Processing file /home/airflow/.local/lib/python3.12/site-packages/airflow/example_dags/tutorial.py for tasks to queue
[2024-12-18T10:07:58.077+0000] {logging_mixin.py:190} INFO - [2024-12-18T10:07:58.077+0000] {dagbag.py:588} INFO - Filling up the DagBag from /home/airflow/.local/lib/python3.12/site-packages/airflow/example_dags/tutorial.py
[2024-12-18T10:07:58.086+0000] {processor.py:925} INFO - DAG(s) 'tutorial' retrieved from /home/airflow/.local/lib/python3.12/site-packages/airflow/example_dags/tutorial.py
[2024-12-18T10:07:58.104+0000] {logging_mixin.py:190} INFO - [2024-12-18T10:07:58.103+0000] {dag.py:3239} INFO - Sync 1 DAGs
[2024-12-18T10:07:58.125+0000] {logging_mixin.py:190} INFO - [2024-12-18T10:07:58.125+0000] {dag.py:4180} INFO - Setting next_dagrun for tutorial to 2024-12-17 00:00:00+00:00, run_after=2024-12-18 00:00:00+00:00
[2024-12-18T10:07:58.140+0000] {processor.py:208} INFO - Processing /home/airflow/.local/lib/python3.12/site-packages/airflow/example_dags/tutorial.py took 0.073 seconds
[2024-12-18T10:08:28.490+0000] {processor.py:186} INFO - Started process (PID=471) to work on /home/airflow/.local/lib/python3.12/site-packages/airflow/example_dags/tutorial.py
[2024-12-18T10:08:28.490+0000] {processor.py:914} INFO - Processing file /home/airflow/.local/lib/python3.12/site-packages/airflow/example_dags/tutorial.py for tasks to queue
[2024-12-18T10:08:28.492+0000] {logging_mixin.py:190} INFO - [2024-12-18T10:08:28.492+0000] {dagbag.py:588} INFO - Filling up the DagBag from /home/airflow/.local/lib/python3.12/site-packages/airflow/example_dags/tutorial.py
[2024-12-18T10:08:28.500+0000] {processor.py:925} INFO - DAG(s) 'tutorial' retrieved from /home/airflow/.local/lib/python3.12/site-packages/airflow/example_dags/tutorial.py
[2024-12-18T10:08:28.517+0000] {logging_mixin.py:190} INFO - [2024-12-18T10:08:28.517+0000] {dag.py:3239} INFO - Sync 1 DAGs
[2024-12-18T10:08:28.539+0000] {logging_mixin.py:190} INFO - [2024-12-18T10:08:28.539+0000] {dag.py:4180} INFO - Setting next_dagrun for tutorial to 2024-12-17 00:00:00+00:00, run_after=2024-12-18 00:00:00+00:00
[2024-12-18T10:08:28.554+0000] {processor.py:208} INFO - Processing /home/airflow/.local/lib/python3.12/site-packages/airflow/example_dags/tutorial.py took 0.070 seconds
[2024-12-18T10:08:59.442+0000] {processor.py:186} INFO - Started process (PID=537) to work on /home/airflow/.local/lib/python3.12/site-packages/airflow/example_dags/tutorial.py
[2024-12-18T10:08:59.443+0000] {processor.py:914} INFO - Processing file /home/airflow/.local/lib/python3.12/site-packages/airflow/example_dags/tutorial.py for tasks to queue
[2024-12-18T10:08:59.444+0000] {logging_mixin.py:190} INFO - [2024-12-18T10:08:59.444+0000] {dagbag.py:588} INFO - Filling up the DagBag from /home/airflow/.local/lib/python3.12/site-packages/airflow/example_dags/tutorial.py
[2024-12-18T10:08:59.452+0000] {processor.py:925} INFO - DAG(s) 'tutorial' retrieved from /home/airflow/.local/lib/python3.12/site-packages/airflow/example_dags/tutorial.py
[2024-12-18T10:08:59.470+0000] {logging_mixin.py:190} INFO - [2024-12-18T10:08:59.470+0000] {dag.py:3239} INFO - Sync 1 DAGs
[2024-12-18T10:08:59.492+0000] {logging_mixin.py:190} INFO - [2024-12-18T10:08:59.492+0000] {dag.py:4180} INFO - Setting next_dagrun for tutorial to 2024-12-17 00:00:00+00:00, run_after=2024-12-18 00:00:00+00:00
[2024-12-18T10:08:59.509+0000] {processor.py:208} INFO - Processing /home/airflow/.local/lib/python3.12/site-packages/airflow/example_dags/tutorial.py took 0.073 seconds
[2024-12-18T10:09:30.054+0000] {processor.py:186} INFO - Started process (PID=599) to work on /home/airflow/.local/lib/python3.12/site-packages/airflow/example_dags/tutorial.py
[2024-12-18T10:09:30.055+0000] {processor.py:914} INFO - Processing file /home/airflow/.local/lib/python3.12/site-packages/airflow/example_dags/tutorial.py for tasks to queue
[2024-12-18T10:09:30.057+0000] {logging_mixin.py:190} INFO - [2024-12-18T10:09:30.056+0000] {dagbag.py:588} INFO - Filling up the DagBag from /home/airflow/.local/lib/python3.12/site-packages/airflow/example_dags/tutorial.py
[2024-12-18T10:09:30.066+0000] {processor.py:925} INFO - DAG(s) 'tutorial' retrieved from /home/airflow/.local/lib/python3.12/site-packages/airflow/example_dags/tutorial.py
[2024-12-18T10:09:30.085+0000] {logging_mixin.py:190} INFO - [2024-12-18T10:09:30.084+0000] {dag.py:3239} INFO - Sync 1 DAGs
[2024-12-18T10:09:30.106+0000] {logging_mixin.py:190} INFO - [2024-12-18T10:09:30.106+0000] {dag.py:4180} INFO - Setting next_dagrun for tutorial to 2024-12-17 00:00:00+00:00, run_after=2024-12-18 00:00:00+00:00
[2024-12-18T10:09:30.121+0000] {processor.py:208} INFO - Processing /home/airflow/.local/lib/python3.12/site-packages/airflow/example_dags/tutorial.py took 0.074 seconds
[2024-12-18T10:10:00.923+0000] {processor.py:186} INFO - Started process (PID=665) to work on /home/airflow/.local/lib/python3.12/site-packages/airflow/example_dags/tutorial.py
[2024-12-18T10:10:00.924+0000] {processor.py:914} INFO - Processing file /home/airflow/.local/lib/python3.12/site-packages/airflow/example_dags/tutorial.py for tasks to queue
[2024-12-18T10:10:00.926+0000] {logging_mixin.py:190} INFO - [2024-12-18T10:10:00.925+0000] {dagbag.py:588} INFO - Filling up the DagBag from /home/airflow/.local/lib/python3.12/site-packages/airflow/example_dags/tutorial.py
[2024-12-18T10:10:00.935+0000] {processor.py:925} INFO - DAG(s) 'tutorial' retrieved from /home/airflow/.local/lib/python3.12/site-packages/airflow/example_dags/tutorial.py
[2024-12-18T10:10:00.955+0000] {logging_mixin.py:190} INFO - [2024-12-18T10:10:00.955+0000] {dag.py:3239} INFO - Sync 1 DAGs
[2024-12-18T10:10:00.978+0000] {logging_mixin.py:190} INFO - [2024-12-18T10:10:00.978+0000] {dag.py:4180} INFO - Setting next_dagrun for tutorial to 2024-12-17 00:00:00+00:00, run_after=2024-12-18 00:00:00+00:00
[2024-12-18T10:10:00.995+0000] {processor.py:208} INFO - Processing /home/airflow/.local/lib/python3.12/site-packages/airflow/example_dags/tutorial.py took 0.078 seconds
[2024-12-18T10:10:31.445+0000] {processor.py:186} INFO - Started process (PID=728) to work on /home/airflow/.local/lib/python3.12/site-packages/airflow/example_dags/tutorial.py
[2024-12-18T10:10:31.446+0000] {processor.py:914} INFO - Processing file /home/airflow/.local/lib/python3.12/site-packages/airflow/example_dags/tutorial.py for tasks to queue
[2024-12-18T10:10:31.447+0000] {logging_mixin.py:190} INFO - [2024-12-18T10:10:31.447+0000] {dagbag.py:588} INFO - Filling up the DagBag from /home/airflow/.local/lib/python3.12/site-packages/airflow/example_dags/tutorial.py
[2024-12-18T10:10:31.456+0000] {processor.py:925} INFO - DAG(s) 'tutorial' retrieved from /home/airflow/.local/lib/python3.12/site-packages/airflow/example_dags/tutorial.py
[2024-12-18T10:10:31.474+0000] {logging_mixin.py:190} INFO - [2024-12-18T10:10:31.474+0000] {dag.py:3239} INFO - Sync 1 DAGs
[2024-12-18T10:10:31.495+0000] {logging_mixin.py:190} INFO - [2024-12-18T10:10:31.495+0000] {dag.py:4180} INFO - Setting next_dagrun for tutorial to 2024-12-17 00:00:00+00:00, run_after=2024-12-18 00:00:00+00:00
[2024-12-18T10:10:31.510+0000] {processor.py:208} INFO - Processing /home/airflow/.local/lib/python3.12/site-packages/airflow/example_dags/tutorial.py took 0.070 seconds
[2024-12-18T10:11:02.448+0000] {processor.py:186} INFO - Started process (PID=794) to work on /home/airflow/.local/lib/python3.12/site-packages/airflow/example_dags/tutorial.py
[2024-12-18T10:11:02.449+0000] {processor.py:914} INFO - Processing file /home/airflow/.local/lib/python3.12/site-packages/airflow/example_dags/tutorial.py for tasks to queue
[2024-12-18T10:11:02.450+0000] {logging_mixin.py:190} INFO - [2024-12-18T10:11:02.450+0000] {dagbag.py:588} INFO - Filling up the DagBag from /home/airflow/.local/lib/python3.12/site-packages/airflow/example_dags/tutorial.py
[2024-12-18T10:11:02.459+0000] {processor.py:925} INFO - DAG(s) 'tutorial' retrieved from /home/airflow/.local/lib/python3.12/site-packages/airflow/example_dags/tutorial.py
[2024-12-18T10:11:02.478+0000] {logging_mixin.py:190} INFO - [2024-12-18T10:11:02.478+0000] {dag.py:3239} INFO - Sync 1 DAGs
[2024-12-18T10:11:02.502+0000] {logging_mixin.py:190} INFO - [2024-12-18T10:11:02.502+0000] {dag.py:4180} INFO - Setting next_dagrun for tutorial to 2024-12-17 00:00:00+00:00, run_after=2024-12-18 00:00:00+00:00
[2024-12-18T10:11:02.518+0000] {processor.py:208} INFO - Processing /home/airflow/.local/lib/python3.12/site-packages/airflow/example_dags/tutorial.py took 0.075 seconds
[2024-12-18T10:11:32.948+0000] {processor.py:186} INFO - Started process (PID=857) to work on /home/airflow/.local/lib/python3.12/site-packages/airflow/example_dags/tutorial.py
[2024-12-18T10:11:32.949+0000] {processor.py:914} INFO - Processing file /home/airflow/.local/lib/python3.12/site-packages/airflow/example_dags/tutorial.py for tasks to queue
[2024-12-18T10:11:32.950+0000] {logging_mixin.py:190} INFO - [2024-12-18T10:11:32.950+0000] {dagbag.py:588} INFO - Filling up the DagBag from /home/airflow/.local/lib/python3.12/site-packages/airflow/example_dags/tutorial.py
[2024-12-18T10:11:32.959+0000] {processor.py:925} INFO - DAG(s) 'tutorial' retrieved from /home/airflow/.local/lib/python3.12/site-packages/airflow/example_dags/tutorial.py
[2024-12-18T10:11:32.977+0000] {logging_mixin.py:190} INFO - [2024-12-18T10:11:32.977+0000] {dag.py:3239} INFO - Sync 1 DAGs
[2024-12-18T10:11:33.001+0000] {logging_mixin.py:190} INFO - [2024-12-18T10:11:33.001+0000] {dag.py:4180} INFO - Setting next_dagrun for tutorial to 2024-12-17 00:00:00+00:00, run_after=2024-12-18 00:00:00+00:00
[2024-12-18T10:11:33.018+0000] {processor.py:208} INFO - Processing /home/airflow/.local/lib/python3.12/site-packages/airflow/example_dags/tutorial.py took 0.076 seconds
[2024-12-18T10:12:03.635+0000] {processor.py:186} INFO - Started process (PID=923) to work on /home/airflow/.local/lib/python3.12/site-packages/airflow/example_dags/tutorial.py
[2024-12-18T10:12:03.636+0000] {processor.py:914} INFO - Processing file /home/airflow/.local/lib/python3.12/site-packages/airflow/example_dags/tutorial.py for tasks to queue
[2024-12-18T10:12:03.637+0000] {logging_mixin.py:190} INFO - [2024-12-18T10:12:03.637+0000] {dagbag.py:588} INFO - Filling up the DagBag from /home/airflow/.local/lib/python3.12/site-packages/airflow/example_dags/tutorial.py
[2024-12-18T10:12:03.646+0000] {processor.py:925} INFO - DAG(s) 'tutorial' retrieved from /home/airflow/.local/lib/python3.12/site-packages/airflow/example_dags/tutorial.py
[2024-12-18T10:12:03.664+0000] {logging_mixin.py:190} INFO - [2024-12-18T10:12:03.664+0000] {dag.py:3239} INFO - Sync 1 DAGs
[2024-12-18T10:12:03.687+0000] {logging_mixin.py:190} INFO - [2024-12-18T10:12:03.687+0000] {dag.py:4180} INFO - Setting next_dagrun for tutorial to 2024-12-17 00:00:00+00:00, run_after=2024-12-18 00:00:00+00:00
[2024-12-18T10:12:03.703+0000] {processor.py:208} INFO - Processing /home/airflow/.local/lib/python3.12/site-packages/airflow/example_dags/tutorial.py took 0.074 seconds
[2024-12-18T10:12:34.426+0000] {processor.py:186} INFO - Started process (PID=986) to work on /home/airflow/.local/lib/python3.12/site-packages/airflow/example_dags/tutorial.py
[2024-12-18T10:12:34.427+0000] {processor.py:914} INFO - Processing file /home/airflow/.local/lib/python3.12/site-packages/airflow/example_dags/tutorial.py for tasks to queue
[2024-12-18T10:12:34.428+0000] {logging_mixin.py:190} INFO - [2024-12-18T10:12:34.427+0000] {dagbag.py:588} INFO - Filling up the DagBag from /home/airflow/.local/lib/python3.12/site-packages/airflow/example_dags/tutorial.py
[2024-12-18T10:12:34.435+0000] {processor.py:925} INFO - DAG(s) 'tutorial' retrieved from /home/airflow/.local/lib/python3.12/site-packages/airflow/example_dags/tutorial.py
[2024-12-18T10:12:34.453+0000] {logging_mixin.py:190} INFO - [2024-12-18T10:12:34.453+0000] {dag.py:3239} INFO - Sync 1 DAGs
[2024-12-18T10:12:34.473+0000] {logging_mixin.py:190} INFO - [2024-12-18T10:12:34.473+0000] {dag.py:4180} INFO - Setting next_dagrun for tutorial to 2024-12-17 00:00:00+00:00, run_after=2024-12-18 00:00:00+00:00
[2024-12-18T10:12:34.488+0000] {processor.py:208} INFO - Processing /home/airflow/.local/lib/python3.12/site-packages/airflow/example_dags/tutorial.py took 0.068 seconds
[2024-12-18T10:13:04.662+0000] {processor.py:186} INFO - Started process (PID=1049) to work on /home/airflow/.local/lib/python3.12/site-packages/airflow/example_dags/tutorial.py
[2024-12-18T10:13:04.662+0000] {processor.py:914} INFO - Processing file /home/airflow/.local/lib/python3.12/site-packages/airflow/example_dags/tutorial.py for tasks to queue
[2024-12-18T10:13:04.664+0000] {logging_mixin.py:190} INFO - [2024-12-18T10:13:04.663+0000] {dagbag.py:588} INFO - Filling up the DagBag from /home/airflow/.local/lib/python3.12/site-packages/airflow/example_dags/tutorial.py
[2024-12-18T10:13:04.672+0000] {processor.py:925} INFO - DAG(s) 'tutorial' retrieved from /home/airflow/.local/lib/python3.12/site-packages/airflow/example_dags/tutorial.py
[2024-12-18T10:13:04.692+0000] {logging_mixin.py:190} INFO - [2024-12-18T10:13:04.691+0000] {dag.py:3239} INFO - Sync 1 DAGs
[2024-12-18T10:13:04.715+0000] {logging_mixin.py:190} INFO - [2024-12-18T10:13:04.715+0000] {dag.py:4180} INFO - Setting next_dagrun for tutorial to 2024-12-17 00:00:00+00:00, run_after=2024-12-18 00:00:00+00:00
[2024-12-18T10:13:04.741+0000] {processor.py:208} INFO - Processing /home/airflow/.local/lib/python3.12/site-packages/airflow/example_dags/tutorial.py took 0.085 seconds
[2024-12-18T10:13:35.365+0000] {processor.py:186} INFO - Started process (PID=1113) to work on /home/airflow/.local/lib/python3.12/site-packages/airflow/example_dags/tutorial.py
[2024-12-18T10:13:35.366+0000] {processor.py:914} INFO - Processing file /home/airflow/.local/lib/python3.12/site-packages/airflow/example_dags/tutorial.py for tasks to queue
[2024-12-18T10:13:35.367+0000] {logging_mixin.py:190} INFO - [2024-12-18T10:13:35.367+0000] {dagbag.py:588} INFO - Filling up the DagBag from /home/airflow/.local/lib/python3.12/site-packages/airflow/example_dags/tutorial.py
[2024-12-18T10:13:35.376+0000] {processor.py:925} INFO - DAG(s) 'tutorial' retrieved from /home/airflow/.local/lib/python3.12/site-packages/airflow/example_dags/tutorial.py
[2024-12-18T10:13:35.395+0000] {logging_mixin.py:190} INFO - [2024-12-18T10:13:35.395+0000] {dag.py:3239} INFO - Sync 1 DAGs
[2024-12-18T10:13:35.417+0000] {logging_mixin.py:190} INFO - [2024-12-18T10:13:35.417+0000] {dag.py:4180} INFO - Setting next_dagrun for tutorial to 2024-12-17 00:00:00+00:00, run_after=2024-12-18 00:00:00+00:00
[2024-12-18T10:13:35.434+0000] {processor.py:208} INFO - Processing /home/airflow/.local/lib/python3.12/site-packages/airflow/example_dags/tutorial.py took 0.075 seconds
[2024-12-18T10:15:24.070+0000] {processor.py:186} INFO - Started process (PID=76) to work on /home/airflow/.local/lib/python3.12/site-packages/airflow/example_dags/tutorial.py
[2024-12-18T10:15:24.071+0000] {processor.py:914} INFO - Processing file /home/airflow/.local/lib/python3.12/site-packages/airflow/example_dags/tutorial.py for tasks to queue
[2024-12-18T10:15:24.073+0000] {logging_mixin.py:190} INFO - [2024-12-18T10:15:24.073+0000] {dagbag.py:588} INFO - Filling up the DagBag from /home/airflow/.local/lib/python3.12/site-packages/airflow/example_dags/tutorial.py
[2024-12-18T10:15:24.083+0000] {processor.py:925} INFO - DAG(s) 'tutorial' retrieved from /home/airflow/.local/lib/python3.12/site-packages/airflow/example_dags/tutorial.py
[2024-12-18T10:15:24.109+0000] {logging_mixin.py:190} INFO - [2024-12-18T10:15:24.109+0000] {dag.py:3239} INFO - Sync 1 DAGs
[2024-12-18T10:15:24.131+0000] {logging_mixin.py:190} INFO - [2024-12-18T10:15:24.131+0000] {dag.py:4180} INFO - Setting next_dagrun for tutorial to 2024-12-17 00:00:00+00:00, run_after=2024-12-18 00:00:00+00:00
[2024-12-18T10:15:24.146+0000] {processor.py:208} INFO - Processing /home/airflow/.local/lib/python3.12/site-packages/airflow/example_dags/tutorial.py took 0.083 seconds
[2024-12-18T10:15:54.382+0000] {processor.py:186} INFO - Started process (PID=139) to work on /home/airflow/.local/lib/python3.12/site-packages/airflow/example_dags/tutorial.py
[2024-12-18T10:15:54.383+0000] {processor.py:914} INFO - Processing file /home/airflow/.local/lib/python3.12/site-packages/airflow/example_dags/tutorial.py for tasks to queue
[2024-12-18T10:15:54.385+0000] {logging_mixin.py:190} INFO - [2024-12-18T10:15:54.385+0000] {dagbag.py:588} INFO - Filling up the DagBag from /home/airflow/.local/lib/python3.12/site-packages/airflow/example_dags/tutorial.py
[2024-12-18T10:15:54.393+0000] {processor.py:925} INFO - DAG(s) 'tutorial' retrieved from /home/airflow/.local/lib/python3.12/site-packages/airflow/example_dags/tutorial.py
[2024-12-18T10:15:54.411+0000] {logging_mixin.py:190} INFO - [2024-12-18T10:15:54.411+0000] {dag.py:3239} INFO - Sync 1 DAGs
[2024-12-18T10:15:54.434+0000] {logging_mixin.py:190} INFO - [2024-12-18T10:15:54.434+0000] {dag.py:4180} INFO - Setting next_dagrun for tutorial to 2024-12-17 00:00:00+00:00, run_after=2024-12-18 00:00:00+00:00
[2024-12-18T10:15:54.451+0000] {processor.py:208} INFO - Processing /home/airflow/.local/lib/python3.12/site-packages/airflow/example_dags/tutorial.py took 0.075 seconds
[2024-12-18T10:16:25.290+0000] {processor.py:186} INFO - Started process (PID=208) to work on /home/airflow/.local/lib/python3.12/site-packages/airflow/example_dags/tutorial.py
[2024-12-18T10:16:25.291+0000] {processor.py:914} INFO - Processing file /home/airflow/.local/lib/python3.12/site-packages/airflow/example_dags/tutorial.py for tasks to queue
[2024-12-18T10:16:25.293+0000] {logging_mixin.py:190} INFO - [2024-12-18T10:16:25.293+0000] {dagbag.py:588} INFO - Filling up the DagBag from /home/airflow/.local/lib/python3.12/site-packages/airflow/example_dags/tutorial.py
[2024-12-18T10:16:25.301+0000] {processor.py:925} INFO - DAG(s) 'tutorial' retrieved from /home/airflow/.local/lib/python3.12/site-packages/airflow/example_dags/tutorial.py
[2024-12-18T10:16:25.325+0000] {logging_mixin.py:190} INFO - [2024-12-18T10:16:25.324+0000] {dag.py:3239} INFO - Sync 1 DAGs
[2024-12-18T10:16:25.356+0000] {logging_mixin.py:190} INFO - [2024-12-18T10:16:25.356+0000] {dag.py:4180} INFO - Setting next_dagrun for tutorial to 2024-12-17 00:00:00+00:00, run_after=2024-12-18 00:00:00+00:00
[2024-12-18T10:16:25.376+0000] {processor.py:208} INFO - Processing /home/airflow/.local/lib/python3.12/site-packages/airflow/example_dags/tutorial.py took 0.092 seconds
[2024-12-18T10:16:55.694+0000] {processor.py:186} INFO - Started process (PID=272) to work on /home/airflow/.local/lib/python3.12/site-packages/airflow/example_dags/tutorial.py
[2024-12-18T10:16:55.695+0000] {processor.py:914} INFO - Processing file /home/airflow/.local/lib/python3.12/site-packages/airflow/example_dags/tutorial.py for tasks to queue
[2024-12-18T10:16:55.697+0000] {logging_mixin.py:190} INFO - [2024-12-18T10:16:55.697+0000] {dagbag.py:588} INFO - Filling up the DagBag from /home/airflow/.local/lib/python3.12/site-packages/airflow/example_dags/tutorial.py
[2024-12-18T10:16:55.706+0000] {processor.py:925} INFO - DAG(s) 'tutorial' retrieved from /home/airflow/.local/lib/python3.12/site-packages/airflow/example_dags/tutorial.py
[2024-12-18T10:16:55.727+0000] {logging_mixin.py:190} INFO - [2024-12-18T10:16:55.726+0000] {dag.py:3239} INFO - Sync 1 DAGs
[2024-12-18T10:16:55.759+0000] {logging_mixin.py:190} INFO - [2024-12-18T10:16:55.759+0000] {dag.py:4180} INFO - Setting next_dagrun for tutorial to 2024-12-17 00:00:00+00:00, run_after=2024-12-18 00:00:00+00:00
[2024-12-18T10:16:55.781+0000] {processor.py:208} INFO - Processing /home/airflow/.local/lib/python3.12/site-packages/airflow/example_dags/tutorial.py took 0.094 seconds
[2024-12-18T10:17:26.278+0000] {processor.py:186} INFO - Started process (PID=336) to work on /home/airflow/.local/lib/python3.12/site-packages/airflow/example_dags/tutorial.py
[2024-12-18T10:17:26.279+0000] {processor.py:914} INFO - Processing file /home/airflow/.local/lib/python3.12/site-packages/airflow/example_dags/tutorial.py for tasks to queue
[2024-12-18T10:17:26.281+0000] {logging_mixin.py:190} INFO - [2024-12-18T10:17:26.280+0000] {dagbag.py:588} INFO - Filling up the DagBag from /home/airflow/.local/lib/python3.12/site-packages/airflow/example_dags/tutorial.py
[2024-12-18T10:17:26.288+0000] {processor.py:925} INFO - DAG(s) 'tutorial' retrieved from /home/airflow/.local/lib/python3.12/site-packages/airflow/example_dags/tutorial.py
[2024-12-18T10:17:26.306+0000] {logging_mixin.py:190} INFO - [2024-12-18T10:17:26.306+0000] {dag.py:3239} INFO - Sync 1 DAGs
[2024-12-18T10:17:26.329+0000] {logging_mixin.py:190} INFO - [2024-12-18T10:17:26.329+0000] {dag.py:4180} INFO - Setting next_dagrun for tutorial to 2024-12-17 00:00:00+00:00, run_after=2024-12-18 00:00:00+00:00
[2024-12-18T10:17:26.347+0000] {processor.py:208} INFO - Processing /home/airflow/.local/lib/python3.12/site-packages/airflow/example_dags/tutorial.py took 0.075 seconds
