[2024-12-18T10:16:12.566+0000] {local_task_job_runner.py:123} INFO - ::group::Pre task execution logs
[2024-12-18T10:16:12.638+0000] {taskinstance.py:2613} INFO - Dependencies all met for dep_context=non-requeueable deps ti=<TaskInstance: etl_mongodb.etl_mongo_to_clickhouse manual__2024-12-18T10:16:03.984843+00:00 [queued]>
[2024-12-18T10:16:12.662+0000] {taskinstance.py:2613} INFO - Dependencies all met for dep_context=requeueable deps ti=<TaskInstance: etl_mongodb.etl_mongo_to_clickhouse manual__2024-12-18T10:16:03.984843+00:00 [queued]>
[2024-12-18T10:16:12.663+0000] {taskinstance.py:2866} INFO - Starting attempt 1 of 2
[2024-12-18T10:16:12.690+0000] {taskinstance.py:2889} INFO - Executing <Task(PythonOperator): etl_mongo_to_clickhouse> on 2024-12-18 10:16:03.984843+00:00
[2024-12-18T10:16:12.717+0000] {warnings.py:112} WARNING - /home/***/.local/lib/python3.12/site-packages/***/task/task_runner/standard_task_runner.py:70: DeprecationWarning: This process (pid=76) is multi-threaded, use of fork() may lead to deadlocks in the child.
  pid = os.fork()

[2024-12-18T10:16:12.719+0000] {standard_task_runner.py:72} INFO - Started process 114 to run task
[2024-12-18T10:16:12.726+0000] {standard_task_runner.py:104} INFO - Running: ['***', 'tasks', 'run', 'etl_mongodb', 'etl_mongo_to_clickhouse', 'manual__2024-12-18T10:16:03.984843+00:00', '--job-id', '76', '--raw', '--subdir', 'DAGS_FOLDER/dag.py', '--cfg-path', '/tmp/tmp3e5ktudp']
[2024-12-18T10:16:12.728+0000] {standard_task_runner.py:105} INFO - Job 76: Subtask etl_mongo_to_clickhouse
[2024-12-18T10:16:12.865+0000] {task_command.py:467} INFO - Running <TaskInstance: etl_mongodb.etl_mongo_to_clickhouse manual__2024-12-18T10:16:03.984843+00:00 [running]> on host ef884cc6896f
[2024-12-18T10:16:13.282+0000] {taskinstance.py:3132} INFO - Exporting env vars: AIRFLOW_CTX_DAG_OWNER='Tohid' AIRFLOW_CTX_DAG_ID='etl_mongodb' AIRFLOW_CTX_TASK_ID='etl_mongo_to_clickhouse' AIRFLOW_CTX_EXECUTION_DATE='2024-12-18T10:16:03.984843+00:00' AIRFLOW_CTX_TRY_NUMBER='1' AIRFLOW_CTX_DAG_RUN_ID='manual__2024-12-18T10:16:03.984843+00:00'
[2024-12-18T10:16:13.291+0000] {logging_mixin.py:190} INFO - Task instance is in running state
[2024-12-18T10:16:13.292+0000] {logging_mixin.py:190} INFO -  Previous state of the Task instance: queued
[2024-12-18T10:16:13.293+0000] {logging_mixin.py:190} INFO - Current task name:etl_mongo_to_clickhouse state:running start_date:2024-12-18 10:16:12.638730+00:00
[2024-12-18T10:16:13.293+0000] {logging_mixin.py:190} INFO - Dag name:etl_mongodb and current dag run status:running
[2024-12-18T10:16:13.294+0000] {taskinstance.py:731} INFO - ::endgroup::
[2024-12-18T10:16:13.523+0000] {logging_mixin.py:190} INFO - Number of documents in 'students' collection: 10000
[2024-12-18T10:16:13.758+0000] {logging_mixin.py:190} INFO - Inserted 10 records into ClickHouse.
[2024-12-18T10:16:13.759+0000] {python.py:240} INFO - Done. Returned value was: None
[2024-12-18T10:16:13.837+0000] {taskinstance.py:340} INFO - ::group::Post task execution logs
[2024-12-18T10:16:13.838+0000] {taskinstance.py:352} INFO - Marking task as SUCCESS. dag_id=etl_mongodb, task_id=etl_mongo_to_clickhouse, run_id=manual__2024-12-18T10:16:03.984843+00:00, execution_date=20241218T101603, start_date=20241218T101612, end_date=20241218T101613
[2024-12-18T10:16:13.863+0000] {logging_mixin.py:190} INFO - Task instance in success state
[2024-12-18T10:16:13.866+0000] {logging_mixin.py:190} INFO -  Previous state of the Task instance: running
[2024-12-18T10:16:13.866+0000] {logging_mixin.py:190} INFO - Dag name:etl_mongodb queued_at:2024-12-18 10:16:04.020023+00:00
[2024-12-18T10:16:13.867+0000] {logging_mixin.py:190} INFO - Task hostname:ef884cc6896f operator:PythonOperator
[2024-12-18T10:16:13.900+0000] {local_task_job_runner.py:266} INFO - Task exited with return code 0
[2024-12-18T10:16:13.954+0000] {taskinstance.py:3895} INFO - 0 downstream tasks scheduled from follow-on schedule check
[2024-12-18T10:16:13.959+0000] {local_task_job_runner.py:245} INFO - ::endgroup::
